0 0
0.02 0
0.04 0.000306234925703028
0.06 0.00375236006482597
0.08 0.0169422660115494
0.1 0.048107736567228
0.12 0.105884682438257
0.14 0.198769036559563
0.16 0.332791213663921
0.18 0.51064710370136
0.2 0.733594729809384
0.22 1.00253174136975
0.24 1.3174096491028
0.26 1.6762892115809
0.28 2.07434761498359
0.3 2.50406036840183
0.32 2.9569005038006
0.34 3.42454172754921
0.36 3.89878085241426
0.38 4.37100828048907
0.4 4.83182123576482
0.42 5.2715436228455
0.44 5.68159762704179
0.46 6.0553554733646
0.48 6.38804493799495
0.5 6.67636026398531
0.52 6.91820965074008
0.54 7.11298816707069
0.56 7.26220271636138
0.58 7.36960004008211
0.6 7.44072189393667
0.62 7.48240811385836
0.64 7.50242101358115
0.66 7.50929728584682
0.68 7.5122744072802
0.7 7.52087672297798
0.72 7.54433331925129
0.74 7.59119403104466
0.76 7.66906684663567
0.78 7.78440327940927
0.8 7.94225723672787
0.82 8.14591118775328
0.84 8.39665032382636
0.86 8.69387166642902
0.88 9.03526262883771
0.9 9.41689667600606
0.92 9.83325824455064
0.940000000000001 10.2772618685457
0.960000000000001 10.7405363287681
0.980000000000001 11.2139968377421
1 11.688352389318
1.02 12.1544109962125
1.04 12.6032684893494
1.06 13.026504541463
1.08 13.4165842695669
1.1 13.7673862076982
1.12 14.0745301990615
1.14 14.3354536223234
1.16 14.5493701082288
1.18 14.7172171833834
1.2 14.8417064070072
1.22 14.9273707192718
1.24 14.9803911254372
1.26 15.0082586057621
1.28 15.0194119217081
1.3 15.0228916199249
1.32 15.0280496591631
1.34 15.0442352200919
1.36 15.0803677796848
1.38 15.1445275454349
1.4 15.2436577488948
1.42 15.3833273888841
1.44 15.567537464154
1.46 15.7985333646472
1.48 16.0766311184353
1.5 16.4002017683714
1.52 16.7658261112213
1.54 17.1684854189907
1.56 17.6017435660899
1.58 18.0579228711431
1.6 18.5283294125142
1.62 19.0036413035005
1.64 19.4743959932834
1.66 19.9314070527323
1.68 20.3660798761829
1.7 20.7706636903468
1.72 21.1385069412818
1.74 21.4643880073967
1.76 21.7448244025104
1.78 21.9782200853899
1.8 22.1648701118303
1.82 22.3068847736526
1.84 22.4080871238237
1.86 22.4739237142381
1.88 22.5113055053335
1.9 22.5283094806094
1.92 22.5338138086467
1.94 22.5371261042276
1.96 22.5476226171063
1.98 22.5744134259166
2 22.6259850573674
2.02 22.7098200109706
2.04 22.8320878846847
2.06 22.9974277971791
2.08 23.2087866270272
2.1 23.467306225407
2.12 23.7722409595659
2.14 24.1209432096246
2.16 24.50899338182
2.18 24.9304343353541
2.2 25.3780281504404
2.22 25.8435188266911
2.24 26.317903627648
2.26 26.7917604896141
2.28 27.2556733103016
2.3 27.7006723062951
2.32 28.1185986767184
2.34 28.5023961682586
2.36 28.8463584014682
2.38 29.1463911642042
2.4 29.4003346756786
2.42 29.6083087794699
2.44 29.7730998730376
2.46 29.9007269225475
2.48 30.0013244788077
2.5 30.0904182498223
2.52 30.1904697881802
2.54 30.3321934404519
2.56 30.5548050397982
2.58 30.9041149277185
2.6 31.4274015372259
2.62 32.1647314758005
2.64 33.1378844437385
2.66 34.3398424735869
2.68 35.7290276694039
2.7 37.2318572219633
2.72 38.7542087610209
2.74 40.1982348034762
2.76 41.4779981745596
2.78 42.5279019521377
2.8 43.3021532765152
2.82 43.768708003553
2.84 43.903371821363
2.86 43.6875028186203
2.88 43.1085739632389
2.9 42.161176860984
2.92 40.848510040523
2.94 39.1872349068436
2.96 37.2168418797876
2.98 35.0088234225967
3 32.6675841058578
3.02 30.3196035951258
3.04 28.0965757856415
3.06 26.1223248301672
3.08 24.5078573641267
3.1 23.3508584581863
3.12 22.7345294051873
3.14 22.725386750721
3.16 23.3718212603115
3.18 24.7016146772338
3.2 26.714843724271
3.22 29.3744893430906
3.24 32.6032894520262
3.26 36.2914740312608
3.28 40.309532677765
3.3 44.5168046530985
3.32 48.763984856974
3.34 52.894061587861
3.36 56.7441526604973
3.38 60.1478213756067
3.4 62.9406791984271
3.42 64.9737119892331
3.44 66.1311986286229
3.46 66.3426553967725
3.48 65.5832090137478
3.5 63.867721637172
3.52 61.2458315431233
3.54 57.7990645698091
3.56 53.6396198619018
3.58 48.9125550270977
3.6 43.799043503567
3.62 38.512601640037
3.64 33.2851625765044
3.66 28.3504122407115
3.68 23.9319783344172
3.7 20.2356976771151
3.72 17.44291560873
3.74 15.7052597995495
3.76 15.139810813316
3.78 15.820796203924
3.8 17.7696104167205
3.82 20.9509265125981
3.84 25.2768802713827
3.86 30.6130758033599
3.88 36.7827493882123
3.9 43.571130299681
3.92 50.7306325116365
3.94 57.9865890213951
3.96 65.0475694855314
3.98 71.6227707275952
4 77.4400699127859
4.02 82.2573804497664
4.04 85.8686546498225
4.06 88.109056298301
4.08 88.8601984093803
4.1 88.0566655576979
4.12 85.6955558706513
4.14 81.8442822586338
4.16 76.6392103553911
4.18 70.2761700261949
4.2 62.9995477462715
4.22 55.0922726652409
4.24 46.8662212120303
4.26 38.6539834538673
4.28 30.7997448548588
4.3 23.6444473911082
4.32 17.5070504954661
4.34 12.6688424072307
4.35999999999999 9.36239716284581
4.37999999999999 7.76252911527654
4.39999999999999 7.97933112639343
4.41999999999999 10.0532355245882
4.43999999999999 13.9499306935038
4.45999999999999 19.5573290623193
4.47999999999999 26.6895622990286
4.49999999999999 35.0965463198656
4.51999999999999 44.4739759319575
4.53999999999999 54.4733894266736
4.55999999999999 64.7137798659844
4.57999999999999 74.7942051986075
4.59999999999999 84.3090847175309
4.61999999999999 92.8682171385067
4.63999999999999 100.117048544394
4.65999999999999 105.751356494507
4.67999999999999 109.527263815905
4.69999999999999 111.269578187082
4.71999999999999 110.878752680027
4.73999999999999 108.337586097762
4.75999999999999 103.717812040679
4.77999999999999 97.1814877808391
4.79999999999999 88.9737318253889
4.81999999999999 79.4105603730685
4.83999999999998 68.8656247239816
4.85999999999998 57.7559805353438
4.87999999999998 46.5276976992045
4.89999999999998 35.6410361773508
4.91999999999998 25.5517098789249
4.93999999999998 16.6885459105977
4.95999999999998 9.43285983165036
4.97999999999998 4.10158400693976
4.99999999999998 0.932823465873782
5.01999999999998 0.074495507642166
5.03999999999998 1.57619610544018
5.05999999999998 5.38315711055643
5.07999999999998 11.3350930102008
5.09999999999998 19.1735552927278
5.11999999999998 28.5557798178322
5.13999999999998 39.0718663555003
5.15999999999998 50.2652823544071
5.17999999999998 61.6556321760532
5.19999999999998 72.7618094168377
5.21999999999998 83.1259337723403
5.23999999999998 92.3361652654385
5.25999999999998 100.043072219776
5.27999999999998 105.968490243848
5.29999999999997 109.910411968686
5.31999999999997 111.746024929731
5.33999999999997 111.434342401392
5.35999999999997 109.019336857122
5.37999999999997 104.629715880847
5.39999999999997 98.4709475223859
5.41999999999997 90.8115442009277
5.43999999999997 81.9680120492567
5.45999999999997 72.2908038469669
5.47999999999997 62.1533360085912
5.49999999999997 51.9433908663797
5.51999999999997 42.0517778843363
5.53999999999997 32.8559475899389
5.55999999999997 24.7017395514235
5.57999999999997 17.8862710982
5.59999999999997 12.6443192490713
5.61999999999997 9.1408499656531
5.63999999999997 7.46834597609573
5.65999999999997 7.6453032718066
5.67999999999997 9.6163102059002
5.69999999999997 13.2557180708849
5.71999999999997 18.3746067757966
5.73999999999997 24.730898291316
5.75999999999997 32.0417529259099
5.77999999999996 39.9948538589129
5.79999999999996 48.2580807892374
5.81999999999996 56.4911947740684
5.83999999999996 64.3605071239957
5.85999999999996 71.5541609858389
5.87999999999996 77.7959439576181
5.89999999999996 82.8553483494343
5.91999999999996 86.5533952257943
5.93999999999996 88.7678140436311
5.95999999999996 89.4388808259088
5.97999999999996 88.5716672561012
5.99999999999996 86.2321881105606
6.01999999999996 82.5398337144377
6.03999999999996 77.6595445667687
6.05999999999996 71.7963703081723
6.07999999999996 65.1914734516408
6.09999999999996 58.114016711724
6.11999999999996 50.8468046407321
6.13999999999996 43.6710309021366
6.15999999999996 36.8546086862244
6.17999999999996 30.643208928478
6.19999999999996 25.2520952160182
6.21999999999996 20.8579903236229
6.23999999999995 17.592097257764
6.25999999999995 15.5371259945846
6.27999999999995 14.7278296934775
6.29999999999995 15.1510953810607
6.31999999999995 16.7457083146252
6.33999999999995 19.4053385085065
6.35999999999995 22.9847135489023
6.37999999999995 27.3068027140887
6.39999999999995 32.1707777104115
6.41999999999995 37.3610534375652
6.43999999999995 42.6572776780355
6.45999999999995 47.8442013161295
6.47999999999995 52.7188584373128
6.49999999999995 57.0954333195085
6.51999999999995 60.8120894358401
6.53999999999995 63.7397194096919
6.55999999999995 65.7872286013365
6.57999999999995 66.9017811520657
6.59999999999995 67.0675429872722
6.61999999999995 66.3051274545686
6.63999999999995 64.670855482304
6.65999999999995 62.2536938778467
6.67999999999995 59.1692020614058
6.69999999999995 55.5530944007381
6.71999999999994 51.5559808552314
6.73999999999994 47.3369724568342
6.75999999999994 43.0559743708557
6.77999999999994 38.8678387020648
6.79999999999994 34.9178391378195
6.81999999999994 31.3354475875201
6.83999999999994 28.2277837927169
6.85999999999994 25.6762827187802
6.87999999999994 23.7368015246993
6.89999999999994 22.440498378993
6.91999999999994 21.7932656225534
6.93999999999994 21.774987100903
6.95999999999994 22.3417453430555
6.97999999999994 23.430112714272
6.99999999999994 24.9604344550843
7.01999999999994 26.8403744388101
7.03999999999994 28.9707050521866
7.05999999999994 31.2506531574164
7.07999999999994 33.5810490031227
7.09999999999994 35.8677248512259
7.11999999999994 38.0259144831854
7.13999999999994 39.9832790477238
7.15999999999994 41.6806274390279
7.17999999999993 43.0721468903472
7.19999999999993 44.1270880309065
7.21999999999993 44.8317162211828
7.23999999999993 45.1882925205677
7.25999999999993 45.2116036315029
7.27999999999993 44.9264795128962
7.29999999999993 44.36592631085
7.31999999999993 43.5680643925649
7.33999999999993 42.5739064107697
7.35999999999993 41.4267705091125
7.37999999999993 40.1700383129599
7.39999999999993 38.8428908592348
7.41999999999993 37.4777599102615
7.43999999999993 36.1007480527019
7.45999999999993 34.7327653391203
7.47999999999993 33.3897872729611
7.49999999999993 32.0830514512349
7.51999999999993 30.8204410547571
7.53999999999993 29.6082289025383
7.55999999999993 28.452295473687
7.57999999999993 27.3604882568512
7.59999999999993 26.3460362487831
7.61999999999993 25.4282994255068
7.63999999999993 24.6303853182248
7.65999999999992 23.9768019334262
7.67999999999992 23.4906992467389
7.69999999999992 23.1889308759059
7.71999999999992 23.0777153379931
7.73999999999992 23.1515601044279
7.75999999999992 23.3938102202034
7.77999999999992 23.7775180634917
7.79999999999992 24.2679486696438
7.81999999999992 24.8271922595417
7.83999999999992 25.4189143660525
7.85999999999992 26.0111118925847
7.87999999999992 26.5768652723417
7.89999999999992 27.0936748164213
7.91999999999992 27.5407284222211
7.93999999999992 27.8955206896505
7.95999999999992 28.1339282854429
7.97999999999992 28.2339711719602
7.99999999999992 28.1796284597188
8.01999999999992 27.9639479591622
8.03999999999992 27.5914162351778
8.05999999999992 27.076449182974
8.07999999999992 26.4380645274092
8.09999999999992 25.6959924722542
8.11999999999992 24.8705503918077
8.13999999999992 23.9839757754518
8.15999999999991 23.0615803274631
8.17999999999991 22.1320210501247
8.19999999999991 21.2252219744825
8.21999999999991 20.3680013241312
8.23999999999991 19.580571186965
8.25999999999991 18.8769986153014
8.27999999999991 18.268480163788
8.29999999999991 17.7656154716234
8.31999999999991 17.3782049658829
8.33999999999991 17.11308441265
8.35999999999991 16.9704692251724
8.37999999999991 16.9417709282555
8.39999999999991 17.0122153190792
8.41999999999991 17.1654564139015
8.43999999999991 17.3852407749345
8.45999999999991 17.6545450325398
8.47999999999991 17.9544001168428
8.49999999999991 18.2629391538017
8.51999999999991 18.5567050127944
8.53999999999991 18.8150209475029
8.55999999999991 19.0229267657612
8.57999999999991 19.1693338507681
8.59999999999991 19.243621111771
8.61999999999991 19.2350096123258
8.6399999999999 19.1348668485008
8.6599999999999 18.9395981121295
8.6799999999999 18.6520558976568
8.6999999999999 18.2802786930483
8.7199999999999 17.8341985500121
8.7399999999999 17.3236371697083
8.7599999999999 16.7598796182056
8.7799999999999 16.1576296314993
8.7999999999999 15.5333345252779
8.8199999999999 14.9018905444099
8.8399999999999 14.2755631968986
8.8599999999999 13.6649825568465
8.8799999999999 13.0808453927168
8.8999999999999 12.5350271519623
8.9199999999999 12.0389304084281
8.9399999999999 11.6003613836361
8.9599999999999 11.2231821842427
8.9799999999999 10.9091340076441
8.9999999999999 10.6579531951196
9.0199999999999 10.4662821896006
9.0399999999999 10.3280688785121
9.0599999999999 10.2362926773095
9.0799999999999 10.1845503538411
9.09999999999989 10.1672301599916
9.11999999999989 10.1775321673904
9.13999999999989 10.2054833848411
9.15999999999989 10.2393755436828
9.17999999999989 10.2695803058831
9.19999999999989 10.2898629103602
9.21999999999989 10.2949892775679
9.23999999999989 10.2789189904542
9.25999999999989 10.2360925251917
9.27999999999989 10.1630277931322
9.29999999999989 10.0578581287112
9.31999999999989 9.91894597927062
9.33999999999989 9.74406584656764
9.35999999999989 9.53114186225341
9.37999999999989 9.28046589913573
9.39999999999989 8.99529726718347
9.41999999999989 8.67943665705265
9.43999999999989 8.33585859078822
9.45999999999989 7.96808591521375
9.47999999999989 7.58022128733888
9.49999999999989 7.17496484309504
9.51999999999989 6.75366425024045
9.53999999999989 6.31873062102548
9.55999999999989 5.87513015496332
9.57999999999988 5.42949049868721
9.59999999999988 4.98766495677685
9.61999999999988 4.55319777233754
9.63999999999988 4.12878862934676
9.65999999999988 3.7186166640654
9.67999999999988 3.32790997378454
9.69999999999988 2.96101262859432
9.71999999999988 2.62141498375145
9.73999999999988 2.3129015009346
9.75999999999988 2.0388756080116
9.77999999999988 1.80074560991238
9.79999999999988 1.59829337318718
9.81999999999988 1.43141723558749
9.83999999999988 1.30031986721407
9.85999999999988 1.20398521378899
9.87999999999988 1.13927366440476
9.89999999999988 1.10175993060434
9.91999999999988 1.08708667663449
9.93999999999988 1.09070331477619
9.95999999999988 1.10629753513618
9.97999999999988 1.12627510671879
9.99999999999988 1.14452062478786
10.0199999999999 1.15706570512664
10.0399999999999 1.16021361030368
10.0599999999999 1.15036190207868
10.0799999999999 1.12548365516711
10.0999999999999 1.08506574019303
10.1199999999999 1.02938614486736
10.1399999999999 0.960441978512776
10.1599999999999 0.883884921735014
10.1799999999999 0.81034228306279
10.1999999999999 0.75499263948225
10.2199999999999 0.735736923004107
10.2399999999999 0.772260988513698
10.2599999999999 0.88580201418781
10.2799999999999 1.09644810445157
10.2999999999999 1.41873778977471
10.3199999999999 1.85924548223589
10.3399999999999 2.41516457968509
10.3599999999999 3.07144058709227
10.3799999999999 3.799653179946
10.3999999999999 4.56241295125426
10.4199999999999 5.32049416898383
10.4399999999999 6.03798088726564
10.4599999999999 6.68525050569991
10.4799999999999 7.24149819084634
10.4999999999999 7.69604421480875
10.5199999999999 8.04697834691576
10.5399999999999 8.2977610137365
10.5599999999999 8.45375853288353
10.5799999999999 8.52028967556359
10.5999999999999 8.50220229889355
10.6199999999999 8.40430532368347
10.6399999999999 8.23328569226969
10.6599999999999 8.00071193834552
10.6799999999999 7.7234715818727
10.6999999999999 7.42086105139936
10.7199999999999 7.11306905678265
10.7399999999999 6.82234902336825
10.7599999999999 6.57292136671303
10.7799999999999 6.38942076714488
10.7999999999999 6.29636793627336
10.8199999999999 6.31668512447538
10.8399999999999 6.46728484191243
10.8599999999999 6.7550142874345
10.8799999999999 7.1762898210196
10.8999999999999 7.71971155482888
10.9199999999999 8.36913888300914
10.9399999999999 9.10571647232316
10.9599999999999 9.90946926081769
10.9799999999999 10.7607970915446
10.9999999999999 11.6399417887163
11.0199999999999 12.5246904933565
11.0399999999999 13.3901022829818
11.0599999999999 14.2105624310732
11.0799999999999 14.9606616001973
11.0999999999999 15.6151238261755
11.1199999999999 16.1504904081368
11.1399999999999 16.5475444172166
11.1599999999999 16.7925844828982
11.1799999999999 16.8789309126714
11.1999999999999 16.8092170294885
11.2199999999998 16.5956677332024
11.2399999999998 16.2572551295877
11.2599999999998 15.8166437146087
11.2799999999998 15.2991803199109
11.2999999999998 14.7329628348669
11.3199999999998 14.148723451208
11.3399999999998 13.5794885509564
11.3599999999998 13.0595920419919
11.3799999999998 12.6223856436618
11.3999999999998 12.2977435513129
11.4199999999998 12.111429454164
11.4399999999998 12.0856666176268
11.4599999999998 12.2375478609673
11.4799999999998 12.575150101547
11.4999999999998 13.095710220004
11.5199999999998 13.7872834650207
11.5399999999998 14.6308602641871
11.5599999999998 15.6022941579745
11.5799999999998 16.6747435358523
11.5999999999998 17.8190129860218
11.6199999999998 19.0014781003952
11.6399999999998 20.1842118096221
11.6599999999998 21.3280752142504
11.6799999999998 22.3946843689445
11.6999999999998 23.3468323555777
11.7199999999998 24.1502055437242
11.7399999999998 24.7765003870582
11.7599999999998 25.2058888300897
11.7799999999998 25.4276896973699
11.7999999999998 25.4397878273289
11.8199999999998 25.2481067713178
11.8399999999998 24.8663660584818
11.8599999999998 24.3159204517985
11.8799999999998 23.6260075671708
11.8999999999998 22.8329583182373
11.9199999999998 21.9770346693151
11.9399999999998 21.1001669038857
11.9599999999998 20.2469260904495
11.9799999999998 19.4643403732986
11.9999999999998 18.7975935280651
12.0199999999998 18.2856165337297
12.0399999999998 17.9595917369316
12.0599999999998 17.8429589927661
12.0799999999998 17.9520401169426
12.0999999999998 18.2964925409703
12.1199999999998 18.8775693895489
12.1399999999998 19.6855498340494
12.1599999999998 20.7001879792252
12.1799999999998 21.893297787627
12.1999999999998 23.2294412363726
12.2199999999998 24.6651948405254
12.2399999999998 26.1506329304381
12.2599999999998 27.6332658860425
12.2799999999998 29.0616786047206
12.2999999999998 30.3874378154136
12.3199999999998 31.565878491299
12.3399999999998 32.5569790862585
12.3599999999998 33.3270878439656
12.3799999999998 33.8511502886252
12.3999999999998 34.1144005959443
12.4199999999998 34.113073664213
12.4399999999998 33.8550080756205
12.4599999999998 33.3609421019906
12.4799999999998 32.6647647149684
12.4999999999998 31.8107437983503
12.5199999999998 30.8505485046016
12.5399999999998 29.8436263223414
12.5599999999998 28.8579062023722
12.5799999999998 27.9667585880142
12.5999999999998 27.2443348935914
12.6199999999998 26.7615641188511
12.6399999999998 26.5814119818088
12.6599999999998 26.7538371838299
12.6799999999998 27.3118227550815
12.6999999999998 28.2673447034644
12.7199999999998 29.6078415146422
12.7399999999998 31.2950412162298
12.7599999999998 33.2640812059403
12.7799999999998 35.4219855285111
12.7999999999998 37.6506896203664
12.8199999999998 39.8176376101491
12.8399999999998 41.7891495375922
12.8599999999998 43.4410549363419
12.8799999999998 44.6664020729643
12.8999999999998 45.3824052906381
12.9199999999998 45.5366284811673
12.9399999999998 45.1107617439992
12.9599999999998 44.1216051746164
12.9799999999998 42.6193942540212
12.9999999999998 40.6825915213226
13.0199999999998 38.4098739314194
13.0399999999998 35.9124289443321
13.0599999999998 33.3086643334701
13.0799999999998 30.7218704536304
13.0999999999998 28.2798470019207
13.1199999999998 26.1122242269379
13.1399999999998 24.3427886216972
13.1599999999998 23.0812776453814
13.1799999999998 22.4190203551802
13.1999999999998 22.4257828326928
13.2199999999998 23.1454669233028
13.2399999999998 24.5932760908088
13.2599999999998 26.754853029681
13.2799999999998 29.5844386533519
13.2999999999998 33.0024639405275
13.3199999999998 36.8957585493302
13.3399999999998 41.1208158597554
13.3599999999998 45.5086570087462
13.3799999999998 49.8709661688504
13.3999999999998 54.0082968854237
13.4199999999998 57.722029603699
13.4399999999998 60.8302792092131
13.4599999999998 63.1826936860834
13.4799999999998 64.667776083371
13.4999999999998 65.2130945418852
13.5199999999998 64.7836196846968
13.5399999999998 63.3807977058323
13.5599999999998 61.0424202955444
13.5799999999998 57.8438688354357
13.5999999999998 53.8994247262203
13.6199999999998 49.3595549481175
13.6399999999998 44.4031223413156
13.6599999999998 39.2292004563801
13.6799999999998 34.0523103026561
13.6999999999998 29.0987534743487
13.7199999999998 24.5998443792742
13.7399999999998 20.78094320124
13.7599999999998 17.847233930062
13.7799999999998 15.9686265917927
13.7999999999998 15.2679827255594
13.8199999999998 15.815198751991
13.8399999999998 17.6262655619752
13.8599999999998 20.6653131294038
13.8799999999998 24.8468930957685
13.8999999999998 30.0370427139049
13.9199999999998 36.0566472636538
13.9399999999998 42.6898075816407
13.9599999999998 49.6929197629382
13.9799999999998 56.8010948738002
13.9999999999998 63.7348753559875
14.0199999999998 70.208938676138
14.0399999999998 75.942020104818
14.0599999999998 80.6706152411692
14.0799999999998 84.1677586364983
14.0999999999998 86.2610304161783
14.1199999999998 86.8429455264169
14.1399999999998 85.8727976907732
14.1599999999998 83.3738417219249
14.1799999999998 79.4301800740121
14.1999999999998 74.1843803807414
14.2199999999998 67.8335851885294
14.2399999999998 60.6226233118179
14.2599999999998 52.8347299242997
14.2799999999998 44.7808645455741
14.2999999999998 36.7889546290326
14.3199999999998 29.1944088872943
14.3399999999998 22.3305354556508
14.3599999999998 16.5146450037917
14.3799999999998 12.0285076284647
14.3999999999998 9.09914556066696
14.4199999999998 7.88715256623684
14.4399999999998 8.48215155055521
14.4599999999998 10.900982417196
14.4799999999998 15.087930094709
14.4999999999998 20.917170755613
14.5199999999998 28.1956411347486
14.5399999999998 36.6675200133859
14.5599999999998 46.0229545376888
14.5799999999998 55.9088852031774
14.5999999999998 65.9396137494987
14.6199999999998 75.7101452291487
14.6399999999998 84.814944299393
14.6599999999998 92.8698266497752
14.6799999999998 99.5329565157598
14.6999999999998 104.521289808502
14.7199999999998 107.620667217425
14.7399999999998 108.691341035107
14.7599999999998 107.670991621408
14.7799999999998 104.575400428277
14.7999999999998 99.4983854851175
14.8199999999998 92.6126359686323
14.8399999999998 84.1688295180564
14.8599999999998 74.4900120157769
14.8799999999998 63.961174226234
14.8999999999998 53.0130154672635
14.9199999999998 42.0996616638202
14.9399999999998 31.6758062085104
14.9599999999998 22.1778345045469
14.9799999999998 14.0063050267221
14.9999999999998 7.50780995703857
15.0199999999998 2.95998664293046
15.0399999999998 0.561862527894841
15.0599999999998 0.426824516614871
15.0799999999998 2.57601714109078
15.0999999999998 6.93292152210143
15.1199999999998 13.3214437395432
15.1399999999998 21.4709603696867
15.1599999999998 31.030748873382
15.1799999999998 41.5913814073227
15.1999999999998 52.7067257014785
15.2199999999998 63.9128488268106
15.2399999999998 74.7460581458018
15.2599999999998 84.7628775489266
15.2799999999998 93.560022416989
15.2999999999998 100.790808212322
15.3199999999998 106.177885206617
15.3399999999998 109.524493774964
15.3599999999998 110.724095256563
15.3799999999998 109.764930951405
15.3999999999998 106.727299528735
15.4199999999998 101.775312976791
15.4399999999998 95.1449074317396
15.4599999999998 87.1284475403419
15.4799999999998 78.0588256667371
15.4999999999998 68.2962697864502
15.5199999999998 58.2168318545547
15.5399999999998 48.2016016045654
15.5599999999998 38.6267809558174
15.5799999999998 29.8501944379241
15.5999999999998 22.191632049776
15.6199999999998 15.9148183362257
15.6399999999998 11.21850247879
15.6599999999998 8.2339612707447
15.6799999999998 7.02468928825705
15.6999999999998 7.58842784552206
15.7199999999998 9.86097493377342
15.7399999999998 13.719772516118
15.7599999999998 18.9866838817801
15.7799999999998 25.4309208971157
15.7999999999998 32.7748392284704
15.8199999999998 40.7051273811227
15.8399999999998 48.8882670029251
15.8599999999998 56.9872390892158
15.8799999999998 64.6774999065129
15.8999999999997 71.6608601198296
15.9199999999997 77.6767155372059
15.9399999999997 82.510413640223
15.9599999999997 85.9975271039213
15.9799999999997 88.0253879982005
15.9999999999997 88.5370950913913
16.0199999999997 87.5384921941575
16.0399999999997 85.1007314348055
16.0599999999997 81.3537805312263
16.0799999999997 76.4746287787657
16.0999999999997 70.6747441149917
16.1199999999997 64.1878643935374
16.1399999999997 57.2599536465227
16.1599999999997 50.1436140181278
16.1799999999997 43.0948450855344
16.1999999999997 36.3675563470654
16.2199999999997 30.2041245491698
16.2399999999997 24.8230074268743
16.2599999999997 20.405849413673
16.2799999999997 17.0882065919132
16.2999999999997 14.9559744515567
16.3199999999997 14.0451841900829
16.3399999999997 14.3436281844519
16.3599999999997 15.7951986190114
16.3799999999997 18.3048385579796
16.3999999999997 21.7407848273759
16.4199999999997 25.936638971244
16.4399999999997 30.6986756920407
16.4599999999997 35.8185011704144
16.4799999999997 41.0861738414016
16.4999999999997 46.2995721453075
16.5199999999997 51.2691368854088
16.5399999999997 55.819464812034
16.5599999999997 59.7899126525748
16.5799999999997 63.0373913755776
16.5999999999997 65.4448076938901
16.6199999999997 66.9334850933271
16.6399999999997 67.4715638585311
16.6599999999997 67.0727999531902
16.6799999999997 65.7882307254115
16.6999999999997 63.6965675520851
16.7199999999997 60.8974938029145
16.7399999999997 57.508456008198
16.7599999999997 53.6618479368197
16.7799999999997 49.500572777212
16.7999999999997 45.173573138963
16.8199999999997 40.8311214928117
16.8399999999997 36.6180032180197
16.8599999999997 32.6674006513425
16.8799999999997 29.0983171497439
16.8999999999997 26.0127027133399
16.9199999999997 23.4899817276198
16.9399999999997 21.5838634370047
16.9599999999997 20.3238883176363
16.9799999999997 19.7175377406008
16.9999999999997 19.7500097973759
17.0199999999997 20.3833928709024
17.0399999999997 21.5582629359362
17.0599999999997 23.1993006146038
17.0799999999997 25.223109442262
17.0999999999997 27.5440579380899
17.1199999999997 30.0759611910922
17.1399999999997 32.7305428885274
17.1599999999997 35.4152038875641
17.1799999999997 38.0339760618325
17.1999999999997 40.4945207919051
17.2199999999997 42.7185204629147
17.2399999999997 44.6482279481683
17.2599999999997 46.2447825968347
17.2799999999997 47.481700909455
17.2999999999997 48.3402294198907
17.3199999999997 48.8085823167047
17.3399999999997 48.8826295691547
17.3599999999997 48.566913579859
17.3799999999997 47.8761049952591
17.3999999999997 46.8350837811205
17.4199999999997 45.4766264881959
17.4399999999997 43.8391562511549
17.4599999999997 41.9659311834606
17.4799999999997 39.9033932667915
17.4999999999997 37.6984005749326
17.5199999999997 35.3978930356062
17.5399999999997 33.0512803075664
17.5599999999997 30.7112558291726
17.5799999999997 28.4317554123888
17.5999999999997 26.265864941979
17.6199999999997 24.2650631580734
17.6399999999997 22.4794636827038
17.6599999999997 20.9580646160398
17.6799999999997 19.7465404641518
17.6999999999997 18.8824180497741
17.7199999999997 18.3912395947967
17.7399999999997 18.2849109515029
17.7599999999997 18.5606232973203
17.7799999999997 19.2005603972563
17.7999999999997 20.1718584993891
17.8199999999997 21.4251879164665
17.8399999999997 22.8950663095291
17.8599999999997 24.5053791809641
17.8799999999997 26.1761017610254
17.8999999999997 27.8266460573127
17.9199999999997 29.3783680230891
17.9399999999997 30.7595500053912
17.9599999999997 31.9110548664453
17.9799999999997 32.7894572666518
17.9999999999997 33.3670600591766
18.0199999999997 33.6299776076527
18.0399999999997 33.5750849057115
18.0599999999997 33.2066700868317
18.0799999999997 32.5349102981625
18.0999999999997 31.5768914186212
18.1199999999997 30.3579227431024
18.1399999999997 28.9124305793142
18.1599999999997 27.2857737462801
18.1799999999997 25.5349937679029
18.1999999999997 23.7252695995041
18.2199999999997 21.923859795572
18.2399999999997 20.1954507007107
18.2599999999997 18.5994781861108
18.2799999999997 17.187779160234
18.2999999999997 16.0015502265553
18.3199999999997 15.0688171106086
18.3399999999997 14.4052724798538
18.3599999999997 14.0179218059343
18.3799999999997 13.9067031328814
18.3999999999997 14.0627295165886
18.4199999999997 14.4668064658909
18.4399999999997 15.0894446510981
18.4599999999997 15.8912599250713
18.4799999999997 16.8253008409306
18.4999999999997 17.8416532786112
18.5199999999997 18.8908855020243
18.5399999999997 19.9258520812755
18.5599999999997 20.9042069362268
18.5799999999997 21.7893216304896
18.5999999999997 22.5469864179662
18.6199999999997 23.1429468256746
18.6399999999997 23.5462561186254
18.6599999999997 23.734624008106
18.6799999999997 23.6965762389391
18.6999999999997 23.4312961829672
18.7199999999997 22.9483767501062
18.7399999999997 22.2669247799226
18.7599999999997 21.4130726476981
18.7799999999997 20.4166486717486
18.7999999999997 19.309072419038
18.8199999999997 18.1237227985719
18.8399999999997 16.89712816454
18.8599999999997 15.6684103797354
18.8799999999997 14.4766043425244
18.8999999999997 13.356925220406
18.9199999999997 12.3374927322735
18.9399999999997 11.4385700310354
18.9599999999997 10.6745837776282
18.9799999999997 10.0564955948994
18.9999999999997 9.59291474235651
19.0199999999997 9.29011187832906
19.0399999999997 9.15029670331384
19.0599999999997 9.16802816638943
19.0799999999997 9.3280848576495
19.0999999999997 9.60820532629721
19.1199999999997 9.98437702089907
19.1399999999997 10.4330994549199
19.1599999999997 10.9301885463821
19.1799999999997 11.4506126708459
19.1999999999997 11.9700052812558
19.2199999999997 12.464773302814
19.2399999999997 12.9119324266419
19.2599999999997 13.2913526111199
19.2799999999997 13.5877770205477
19.2999999999997 13.7899809754172
19.3199999999997 13.8893105797386
19.3399999999997 13.8790348630046
19.3599999999997 13.7541541552485
19.3799999999997 13.5129655584818
19.3999999999997 13.1593258741746
19.4199999999997 12.7019052678894
19.4399999999997 12.1515973424173
19.4599999999997 11.5209850227597
19.4799999999997 10.8250262238458
19.4999999999997 10.0805105915292
19.5199999999997 9.30478748280916
19.5399999999997 8.51475961052666
19.5599999999997 7.72620594509952
19.5799999999997 6.9530397883506
19.5999999999997 6.2063014884672
19.6199999999997 5.49487243150058
19.6399999999997 4.82892447918381
19.6599999999997 4.22160957351337
19.6799999999997 3.68572341579974
19.6999999999997 3.22972967709744
19.7199999999997 2.85742857742185
19.7399999999997 2.56960468937674
19.7599999999997 2.36549499671098
19.7799999999997 2.24375252727024
19.7999999999997 2.2020210727149
19.8199999999997 2.23538088946644
19.8399999999997 2.33581381577588
19.8599999999997 2.49326213833554
19.8799999999997 2.69695290509259
19.8999999999997 2.93625407576006
19.9199999999997 3.20055452251895
19.9399999999997 3.47739619592245
19.9599999999997 3.75045640332776
19.9799999999997 4.00106413601237
19.9999999999997 4.21298126776932
