0 0
0.011290649 0
0.022581298 3.66119935948888e-006
0.033871947 5.76318915915998e-005
0.045162596 0.000352048353944837
0.056453245 0.00136720382175361
0.067743894 0.00403789133294375
0.079034543 0.00990073754281502
0.090325192 0.0211881940012394
0.101615841 0.040836150659809
0.11290649 0.07238025008424
0.124197139 0.119728231212598
0.135487788 0.186810847685912
0.146778437 0.277130528464671
0.158069086 0.393243175004672
0.169359735 0.536222447815451
0.180650384 0.705165831904021
0.191941033 0.896806232845109
0.203231682 1.10529085365632
0.214522331 1.3221802358403
0.22581298 1.53670487682539
0.237103629 1.73629569931563
0.248394278 1.90737941470077
0.259684927 2.03640258297417
0.270975576 2.11102137416267
0.282266225 2.12137028301582
0.293556874 2.06130486440062
0.304847523 1.92950315242216
0.316138172 1.73030947661466
0.327428821 1.47421384500869
0.33871947 1.17788001989509
0.350010119 0.863665035976619
0.361300768 0.558610455039513
0.372591417 0.292928542782348
0.383882066 0.0980515580754851
0.395172715 0.00435580050952857
0.406463364 0.0387101607009369
0.417754013 0.222028017565892
0.429044662 0.567018268391778
0.440335311 1.07633367977095
0.45162596 1.74130125565757
0.462916609 2.54138978379991
0.474207258 3.44452529072919
0.485497907 4.40830824243136
0.496788556 5.38212057967806
0.508079205 6.31004063815077
0.519369854 7.13441489133694
0.530660503 7.79987276488514
0.541951152 8.25751986186598
0.553241801 8.46901059688466
0.56453245 8.41018727133378
0.575823099 8.07398150451805
0.587113747999999 7.47230653040152
0.598404396999999 6.63672427206844
0.609695045999999 5.61774660671705
0.620985694999999 4.48272142391219
0.632276343999999 3.31235508885628
0.643566992999999 2.19602678389704
0.654857641999999 1.22614931906442
0.666148290999999 0.491917689740213
0.677438939999999 0.0728537146379852
0.688729588999999 0.0325963601640758
0.700020237999999 0.413398267574647
0.711310886999999 1.23176696242668
0.722601535999999 2.47563395082287
0.733892184999999 4.10334853896372
0.745182833999999 6.04468030038551
0.756473482999999 8.20388139949227
0.767764131999999 10.4647160082279
0.779054780999999 12.6972186432656
0.790345429999999 14.7658068372446
0.801636078999999 16.5382564557928
0.812926727999999 17.8949596242843
0.824217376999999 18.7378334728605
0.835508025999999 18.9982383343168
0.846798674999999 18.6432994653084
0.858089323999999 17.6801065401369
0.869379972999999 16.1573866011105
0.880670621999999 14.1644022351774
0.891961270999999 11.8270080920317
0.903251919999999 9.30099383373885
0.914542568999999 6.76303707202199
0.925833217999999 4.39977203220056
0.937123866999999 2.39563512544043
0.948414515999999 0.920265145594067
0.959705164999999 0.116303474894297
0.970995813999999 0.0884515356693014
0.982286462999999 0.894595444505167
0.993577111999999 2.53970210926995
1.004867761 4.97303169129905
1.01615841 8.08900723249809
1.027449059 11.7318456249148
1.038739708 15.7038000672141
1.050030357 19.7766096335313
1.061321006 23.7055142230076
1.072611655 27.244990125865
1.083902304 30.1652081930184
1.095192953 32.2681257400576
1.106483602 33.4021036231096
1.117774251 33.47399556774
1.1290649 32.4577869267865
1.140355549 30.3990585155084
1.151646198 27.4148069913574
1.162936847 23.6884510049457
1.174227496 19.4601731758887
1.185518145 15.013070684667
1.196808794 10.6558898586165
1.208099443 6.70338109466342
1.219390092 3.45551042361168
1.230680741 1.1768871024379
1.24197139 0.0778016613008706
1.253262039 0.29821031761672
1.264552688 1.89585030696955
1.275843337 4.83943355740789
1.287133986 9.00755644601153
1.298424635 14.1935997270245
1.309715284 20.116498021252
1.321005933 26.436858299599
1.332296582 32.7775285811468
1.343587231 38.7473880003973
1.35487788 43.9668714584447
1.366168529 48.093576100191
1.377459178 50.8462370731296
1.388749827 52.0254138732985
1.400040476 51.5293960357351
1.411331125 49.3641102310679
1.422621774 45.6461748159098
1.433912423 40.5986807666801
1.445203072 34.5397525859133
1.456493721 27.8644284392373
1.46778437 21.0208630239972
1.479075019 14.4822675350197
1.490365668 8.71632929269794
1.501656317 4.15407457482781
1.512946966 1.16023391586696
1.524237615 0.00712951042054275
1.535528264 0.853928130590133
1.546818913 3.73279806590227
1.558109562 8.54309184495783
1.569400211 15.0541727336497
1.58069086 22.9169436121533
1.591981509 31.6835578113657
1.603272158 40.8342311480674
1.614562807 49.8095708339448
1.625853456 58.0464254583691
1.637144105 65.0149709306217
1.648434754 70.2546027832313
1.659725403 73.406219129198
1.671016052 74.2386541035828
1.682306701 72.667351315674
1.69359735 68.7638326694853
1.704887999 62.755092263635
1.716178648 55.0126923622827
1.727469297 46.0320172507373
1.738759946 36.4028066081759
1.750050595 26.7726980529152
1.761341244 17.8060167006951
1.772631893 10.1404215183029
1.783922542 4.34422576348014
1.795213191 0.87723399078371
1.80650384 0.0577748351856654
1.817794489 2.03826336655514
1.829085138 6.79111786138203
1.840375787 14.106213347923
1.851666436 23.6003178557519
1.862957085 34.7381737487512
1.874247734 46.8641068882425
1.885538383 59.2423226311117
1.896829032 71.1034292611764
1.908119681 81.6942599392645
1.91941033 90.3277782695638
1.930700979 96.4297733075955
1.941991628 99.5791872256695
1.953282277 99.5392686503579
1.964572926 96.2772884061874
1.975863575 89.9712602413741
1.987154224 81.0029337915879
1.998444873 69.9372184244352
2.009735522 57.4890970010364
2.021026171 44.4799384483644
2.03231682 31.785859894574
2.043607469 20.2813714674161
2.054898118 10.7819176847144
2.066188767 3.9890791654265
2.077479416 0.442102370909108
2.088770065 0.479084469288152
2.100060714 4.21057268049839
2.111351363 11.5075755144457
2.122642012 22.005073625913
2.133932661 35.1211177879087
2.14522331 50.090575101727
2.156513959 66.0115994181341
2.167804608 81.9020240558319
2.179095257 96.7621644919918
2.190385906 109.640026081327
2.201676555 119.694673913125
2.212967204 126.253559372405
2.224257853 128.859913730853
2.235548502 127.306897685245
2.246839151 121.656004019976
2.2581298 112.238199496694
2.269420449 99.6373997812728
2.280711098 84.657026791261
2.292001747 68.2715258696678
2.303292396 51.565745658614
2.314583045 35.6659368394392
2.325873694 21.666747498966
2.337164343 10.5589374690188
2.348454992 3.16257374008902
2.359745641 0.0701957784602794
2.37103629 1.60386562030318
2.382326939 7.78917540221402
2.39361758800001 18.348225240538
2.40490823700001 32.7123730863763
2.41619888600001 50.0542725303762
2.42748953500001 69.3374379531765
2.43878018400001 89.3803932211233
2.45007083300001 108.931449928821
2.46136148200001 126.749393573498
2.47265213100001 141.684885791303
2.48394278000001 152.757253997784
2.49523342900001 159.221551181073
2.50652407800001 160.621320210949
2.51781472700001 156.823358295012
2.52910537600001 148.031896649229
2.54039602500001 134.780918686551
2.55168667400001 117.904754095827
2.56297732300001 98.4885147644997
2.57426797200001 77.8012878103934
2.58555862100001 57.2161809311298
2.59684927000001 38.1222454421454
2.60813991900001 21.8339174900829
2.61943056800001 9.50387242681932
2.63072121700001 2.04505865550061
2.64201186600001 0.0671677285407524
2.65330251500001 3.83193451636628
2.66459316400001 13.2304960042508
2.67588381300001 27.7846415479265
2.68717446200001 46.6722493579142
2.69846511100001 68.7756224624461
2.70975576000001 92.7499156908094
2.72104640900001 117.10748425651
2.73233705800001 140.312876214961
2.74362770700001 160.882412123833
2.75491835600001 177.4819018526
2.76620900500001 189.016072373515
2.77749965400001 194.703726261844
2.78879030300001 194.133495603648
2.80008095200001 187.296250540904
2.81137160100001 174.591692544711
2.82266225000001 156.808317219206
2.83395289900001 135.077664075333
2.84524354800001 110.805468674103
2.85653419700001 85.583883856752
2.86782484600001 61.0902374957761
2.87911549500001 38.9787553181857
2.89040614400001 20.7722309001655
2.90169679300001 7.76072873830889
2.91298744200001 0.914047131674209
2.92427809100001 0.813862443795922
2.93556874000001 7.61027166446857
2.94685938900002 21.0059194525575
2.95815003800002 40.2691348452275
2.96944068700002 64.2756238494473
2.98073133600002 91.5763887736137
2.99202198500002 120.48779643728
3.00331263400002 149.198211721069
3.01460328300002 175.884452334663
3.02589393200002 198.830585980409
3.03718458100002 216.541336216056
3.04847523000002 227.842611461217
3.05976587900002 231.962413248709
3.07105652800002 228.58657299271
3.08234717700002 217.88533905426
3.09363782600002 200.508689717873
3.10492847500002 177.55026509491
3.11621912400002 150.481861911278
3.12750977300002 121.062385691373
3.13880042200002 91.2268759290954
3.15009107100002 62.9625957248859
3.16138172000002 38.1801134876216
3.17267236900002 18.5877336882583
3.18396301800002 5.57752170364982
3.19525366700002 0.130514940246917
3.20654431600002 2.74755456930737
3.21783496500002 13.4105787765176
3.22912561400002 31.577288282276
3.24041626300002 56.2099501757611
3.25170691200002 85.8368845561366
3.26299756100002 118.643024558064
3.27428821000002 152.583995877794
3.28557885900002 185.516556753554
3.29686950800002 215.337082696124
3.30816015700002 240.119153272954
3.31945080600002 258.241248377217
3.33074145500002 268.496098895988
3.34203210400002 270.174333424176
3.35332275300002 263.116653592743
3.36461340200002 247.730757499498
3.37590405100002 224.971488365246
3.38719470000002 196.285069403501
3.39848534900002 163.520641540862
3.40977599800002 128.814493650868
3.42106664700002 94.4542211118136
3.43235729600002 62.7314432350389
3.44364794500002 35.7925570041112
3.45493859400002 15.4972419285807
3.46622924300002 3.29403614026516
3.47751989200002 0.121295735830801
3.48881054100003 6.34028673706249
3.50010119000003 21.7051377851999
3.51139183900003 45.3720287777315
3.52268248800003 75.9474561846444
3.53397313700003 111.572863388718
3.54526378600003 150.040520715166
3.55655443500003 188.933443601958
3.56784508400003 225.7804890066
3.57913573300003 258.216682292809
3.59042638200003 284.138376712547
3.60171703100003 301.843071555323
3.61300768000003 310.144605753523
3.62429832900003 308.455950211108
3.63558897800003 296.833852556386
3.64687962700003 275.982015363779
3.65817027600003 247.212158797544
3.66946092500003 212.365059261796
3.68075157400003 173.696288715229
3.69204222300003 133.733731699632
3.70333287200003 95.1158722439082
3.71462352100003 60.421190990346
3.72591417000003 31.9997002014931
3.73720481900003 11.8176190152165
3.74849546800003 1.32544772688539
3.75978611700003 1.35827917443794
3.77107676600003 12.0751733319783
3.78236741500003 32.9419433342612
3.79365806400003 62.758914422652
3.80494871300003 99.7323005505413
3.81623936200003 141.584985732017
3.82753001100003 185.699885813392
3.83882066000003 229.286874124572
3.85011130900003 269.562628693557
3.86140195800003 303.931811107527
3.87269260700003 330.157786208842
3.88398325600003 346.511658059193
3.89527390500003 351.889701524209
3.90656455400003 345.891232499754
3.91785520300003 328.851461455994
3.92914585200003 301.826756550668
3.94043650100003 266.53281966624
3.95172715000003 225.239352434855
3.96301779900003 180.62765903549
3.97430844800003 135.620109098953
3.98559909700003 93.1923021397532
3.99688974600003 56.180004152119
4.00818039500003 27.0933807113976
4.01947104400003 7.95069227542291
4.03076169300004 0.142462230321364
4.04205234200004 4.33524455347422
4.05334299100004 20.4216219305895
4.06463364000004 47.5201139539977
4.07592428900004 84.025456978093
4.08721493800004 127.706439776568
4.09850558700004 175.84535555191
4.10979623600004 225.410366194253
4.12108688500004 273.249852500529
4.13237753400004 316.296294119918
4.14366818300004 351.766491231287
4.15495883200004 377.345061189139
4.16624948100004 391.33911723807
4.17754013000004 392.793806903468
4.18883077900004 381.560846368972
4.20012142800004 358.315179757466
4.21141207700004 324.518228279976
4.22270272600004 282.329659190631
4.23399337500004 234.472973609774
4.24528402400004 184.063265093833
4.25657467300004 134.408035626237
4.26786532200004 88.7938028299253
4.27915597100004 50.2722654177027
4.29044662000004 21.4599389732952
4.30173726900004 4.36441415722265
4.31302791800004 0.24876630048519
4.32431856700004 9.54325766211667
4.33560921600004 31.8104706345091
4.34689986500004 65.7665824907118
4.35819051400004 109.357859752238
4.36948116300004 159.887847947472
4.38077181200004 214.18739541721
4.39206246100004 268.81679751903
4.40335311000004 320.287169876862
4.41464375900004 365.286803564367
4.42593440800004 400.897816253427
4.43722505700004 424.788927347413
4.44851570600004 435.371626075402
4.45980635500004 431.909282942011
4.47109700400004 414.571734837023
4.48238765300004 384.431363890895
4.49367830200004 343.40046648556
4.50496895100004 294.113527940701
4.51625960000004 239.761631851705
4.52755024900004 183.889403888682
4.53884089800004 130.167408120972
4.55013154700004 82.1546105619287
4.56142219600004 43.0662828320562
4.57271284500005 15.5624820689713
4.58400349400005 1.57101932653876
4.59529414300005 2.15668993607241
4.60658479200005 17.4456180374294
4.61787544100005 46.610048091334
4.62916609000005 87.9150233687707
4.64045673900005 138.824375893408
4.65174738800005 196.159574657381
4.66303803700005 256.301492652288
4.67432868600005 315.422288238541
4.68561933500005 369.73254371497
4.69690998400005 415.727703222139
4.70820063300005 450.417781900492
4.71949128200005 471.525290556422
4.73078193100005 477.63827917535
4.74207258000005 468.308228000487
4.75336322900005 444.08602882561
4.76465387800005 406.493277775864
4.77594452700005 357.930288467355
4.78723517600005 301.526359922845
4.79852582500005 240.941627994239
4.80981647400005 180.133043001049
4.82110712300005 123.099436589957
4.83239777200005 73.6221044104254
4.84368842100005 35.0177362078028
4.85497907000005 9.91983771007632
4.86626971900005 0.103046465638735
4.87756036800005 6.36205276128055
4.88885101700005 28.4533655949773
4.90014166600005 65.1041330144969
4.91143231500005 114.08789449368
4.92272296400005 172.362790268447
4.93401361300005 236.263661805894
4.94530426200005 301.735916774027
4.95659491100005 364.59623623732
4.96788556000005 420.803358289134
4.97917620900005 466.721407161893
4.99046685800005 499.358606877832
5.00175750700005 516.565707045434
5.01304815600005 517.18096588188
5.02433880500005 501.111924812549
5.03562945400005 469.348255170481
5.04692010300005 423.904401564279
5.05821075200005 367.695301824793
5.06950140100005 304.352834434067
5.08079205000005 237.99454546535
5.09208269900005 172.959381577683
5.10337334800005 113.527392444837
5.11466399700006 63.6415137875462
5.12595464600006 26.6495194793973
5.13724529500006 5.08303223134678
5.14853594400006 0.488177855346382
5.15982659300006 13.3192011639555
5.17111724200006 42.902338781513
5.18240789100006 87.4727225646078
5.19369854000006 144.282358011777
5.20498918900006 209.772591317089
5.21627983800006 279.8002483514
5.22757048700006 349.903076361564
5.23886113600006 415.587479638518
5.25015178500006 472.619990898224
5.26144243400006 517.303567856754
5.27273308300006 546.720679419176
5.28402373200006 558.927198338387
5.29531438100006 553.084220542908
5.30660503000006 529.518889891653
5.31789567900006 489.709868432278
5.32918632800006 436.197963199374
5.34047697700006 372.427286245444
5.35176762600006 302.526868553739
5.36305827500006 231.04657346257
5.37434892400006 162.664202538346
5.38563957300006 101.882653395499
5.39693022200006 52.7367408549913
5.40822087100006 18.5287743885748
5.41951152000006 1.61022265282982
5.43080216900006 3.22389774709476
5.44209281800006 23.4172397794804
5.45338346700006 61.0327215767412
5.46467411600006 113.776416537156
5.47596476500006 178.360700962878
5.48725541400006 250.712224889628
5.49854606300006 326.231998164947
5.50983671200006 400.090982947856
5.52112736100006 467.542188974516
5.53241801000006 524.229095164264
5.54370865900006 566.470353130007
5.55499930800006 591.502163206526
5.56628995700006 597.662365287788
5.57758060600006 584.50398908049
5.58887125500006 552.830526173175
5.60016190400006 504.650230187838
5.61145255300006 443.051996127166
5.62274320200006 372.010476022115
5.63403385100006 296.132722578985
5.64532450000006 220.362512132022
5.65661514900007 149.661328081279
5.66790579800007 88.6865970467594
5.67919644700007 41.4880513925349
5.69048709600007 11.2420186430904
5.70177774500007 0.0410736317277142
5.71306839400007 8.75298025805928
5.72435904300007 36.9584188662425
5.73564969200007 82.9719258810384
5.74694034100007 143.94509073549
5.75823099000007 216.045709452721
5.76952163900007 294.701632014569
5.78081228800007 374.893786121812
5.79210293700007 451.479592941553
5.80339358600007 519.525927915735
5.81468423500007 574.630061386017
5.82597488400007 613.207692687837
5.83726553300007 632.729229937229
5.84855618200007 631.888739893695
5.85984683100007 610.694291192068
5.87113748000007 570.473465370578
5.88242812900007 513.793288806437
5.89371877800007 444.299390953806
5.90500942700007 366.484459811023
5.91630007600007 285.400700968788
5.92759072500007 206.334707944863
5.93888137400007 134.465674155661
5.95017202300007 74.5290516699184
5.96146267200007 30.5075065185618
5.97275332100007 5.36934504505141
5.98404397000007 0.871593125274925
5.99533461900007 17.4407886648702
6.00662526800007 54.1395603594838
6.01791591700007 108.721532454761
6.02920656600007 177.771373192495
6.04049721500007 256.921264607229
6.05178786400007 341.130073937246
6.06307851300007 425.007379014553
6.07436916200007 503.161513377181
6.08565981100007 570.549150285433
6.09695046000007 622.803750880222
6.10824110900007 656.521479058301
6.11953175800007 669.485857416464
6.13082240700007 660.816337091132
6.14211305600007 631.030831369541
6.15340370500007 582.017805867137
6.16469435400007 516.919369617588
6.17598500300007 439.932592874128
6.18727565200007 356.04161306676
6.19856630100008 270.697631941814
6.20985695000008 189.467356358181
6.22114759900008 117.672564213212
6.23243824800008 60.0441420691169
6.24372889700008 20.4130933165535
6.25501954600008 1.4587042817035
6.26631019500008 4.53042495122855
6.27760084400008 29.5553015959447
6.28889149300008 75.0372927527708
6.30018214200008 138.148862242471
6.31147279100008 214.90925702864
6.32276344000008 300.438232209192
6.33405408900008 389.269048082285
6.34534473800008 475.700658239272
6.35663538700008 554.166390428503
6.36792603600008 619.595268186177
6.37921668500008 667.742511230947
6.39050733400008 695.467666699683
6.40179798300008 700.942142751669
6.41308863200008 683.772430487205
6.42437928100008 645.030720755027
6.43566993000008 587.190600626616
6.44696057900008 513.971664005777
6.45825122800008 430.102793429914
6.46954187700008 341.019180355604
6.48083252600008 252.512502265296
6.49212317500008 170.356781017887
6.50341382400008 99.9341020687813
6.51470447300008 45.8844660762412
6.52599512200008 11.8025616774205
6.53728577100008 0.00128174408842828
6.54857642000008 11.3575427399212
6.55986706900008 45.250680212175
6.57115771800008 99.5977226618008
6.58244836700008 170.983576300151
6.59373901600008 254.87799045312
6.60502966500008 345.925517940126
6.61632031400008 438.289905335279
6.62761096300008 526.030757638923
6.63890161200008 603.488157397695
6.65019226100008 665.650324753561
6.66148291000008 708.480425803625
6.67277355900008 729.181210872475
6.68406420800008 726.380129671482
6.69535485700008 700.22267386412
6.70664550600008 652.36761162109
6.71793615500008 585.884122055539
6.72922680400008 505.057199661984
6.74051745300009 415.113667243626
6.75180810200009 321.886321816054
6.76309875100009 231.437802741749
6.77438940000009 149.668447763618
6.78568004900009 81.9335128662251
6.79697069800009 32.6945993287359
6.80826134700009 5.22798567342079
6.81955199600009 1.40893797344562
6.83084264500009 21.5862000345516
6.84213329400009 64.5550578259348
6.85342394300009 127.631004316773
6.86471459200009 206.819513168296
6.87600524100009 297.071184995785
6.88729589000009 392.605964081435
6.89858653900009 487.285599492434
6.90987718800009 575.010338932898
6.92116783700009 650.11420669282
6.93245848600009 707.733239182885
6.94374913500009 744.122735826499
6.95503978400009 756.902824725395
6.96633043300009 745.216235386405
6.97762108200009 709.787820521325
6.98891173100009 652.881711778302
7.00020238000009 578.158620565407
7.01149302900009 490.442275759749
7.02278367800009 395.409904271329
7.03407432700009 299.226623042041
7.04536497600009 208.147297757707
7.05665562500009 128.11159195838
7.06794627400009 64.358435878215
7.07923692300009 21.0849502904554
7.09052757200009 1.17204012858666
7.10181822100009 5.99460466637054
7.11310887000009 35.3288688873233
7.12439951900009 87.3630745240276
7.13569016800009 158.811083570408
7.14698081700009 245.121774521684
7.15827146600009 340.77088500655
7.16956211500009 439.616578756804
7.18085276400009 535.295840665711
7.19214341300009 621.636104529186
7.20343406200009 693.05547238835
7.21472471100009 744.92556377471
7.22601536000009 773.873397424662
7.23730600900009 778.002607605854
7.24859665800009 757.019482574056
7.25988730700009 712.255450383816
7.27117795600009 646.584331323155
7.2824686050001 564.239493698842
7.2937592540001 470.542548691238
7.3050499030001 371.560978369507
7.3163405520001 273.716733704053
7.3276312010001 183.371063109891
7.3389218500001 106.412424699645
7.3502124990001 47.8741903814998
7.3615031480001 11.6069730693607
7.3727937970001 0.0269177929516898
7.3840844460001 13.956416523534
7.3953750950001 52.5677488239616
7.4066657440001 113.433500208472
7.4179563930001 192.680697247428
7.4292470420001 285.238870732551
7.4405376910001 385.166152238798
7.4518283400001 486.032422293396
7.4631189890001 581.33479186953
7.4744096380001 664.918557858359
7.4857002870001 731.376369309284
7.4969909360001 776.399703922963
7.5082815850001 797.059798371833
7.5195722340001 791.999707140389
7.5308628830001 761.524891566452
7.5421535320001 707.586294397072
7.5534441810001 633.656811961362
7.5647348300001 544.508985647023
7.5760254790001 445.908148674324
7.5873161280001 344.240766481502
7.5986067770001 246.101941106718
7.6098974260001 157.868735293689
7.6211880750001 85.2869340361901
7.6324787240001 33.0980347580586
7.6437693730001 4.73069302772585
7.6550600220001 2.07671213004464
7.6663506710001 25.3662178103041
7.6776413200001 73.1502551736726
7.6889319690001 142.392096794681
7.7002226180001 228.661509170681
7.7115132670001 326.419545115079
7.7228039160001 429.375546083668
7.7340945650001 530.893333337433
7.7453852140001 624.420346979742
7.7566758630001 703.911968110484
7.7679665120001 764.223532780211
7.7792571610001 801.44460187632
7.7905478100001 813.153757734298
7.8018384590001 798.577318102078
7.8131291080001 758.641561103786
7.82441975700011 695.91494039349
7.83571040600011 614.443892318895
7.84700105500011 519.492735244251
7.85829170400011 417.204387776964
7.86958235300011 314.203783060388
7.88087300200011 217.169595364463
7.89216365100011 132.401978849219
7.90345430000011 65.4143095502599
7.91474494900011 20.575399345982
7.92603559800011 0.825411467376349
7.93732624700011 7.48395897960331
7.94861689600011 40.1629166409092
7.95990754500011 96.7897069981539
7.97119819400011 173.739671368527
7.98248884300011 266.069068498217
7.99377949200011 367.833716352366
8.00507014100011 472.472729289595
8.01636079000011 573.23256535828
8.02765143900011 663.603962597835
8.03894208800011 737.743481460456
8.0502327370001 790.852340373111
8.0615233860001 819.48797193948
8.0728140350001 821.7880624041
8.0841046840001 797.592487297558
8.0953953330001 748.455156672185
8.1066859820001 677.544907119609
8.1179766310001 589.441763632059
8.1292672800001 489.841676702978
8.1405579290001 385.188778994391
8.1518485780001 282.258915866969
8.1631392270001 187.721378860172
8.1744298760001 107.707203873126
8.1857205250001 47.4119921439386
8.1970111740001 10.7589969202085
8.2083018230001 0.144334162178799
8.21959247200009 16.2808722321143
8.23088312100009 58.1509759533472
8.24217377000009 123.071237316334
8.25346441900009 206.865074402072
8.26475506800009 304.1320914787
8.27604571700009 408.596819715308
8.28733636600009 513.514306495598
8.29862701500009 612.106326377034
8.30991766400009 697.999988601594
8.32120831300009 765.640345162283
8.33249896200009 810.650271853274
8.34378961100009 830.114295368137
8.35508026000009 822.767952925844
8.36637090900009 789.080379508918
8.37766155800009 731.224726387488
8.38895220700008 652.938275935841
8.40024285600008 559.281261518543
8.41153350500008 456.309964531324
8.42282415400008 350.685218050609
8.43411480300008 249.24163751061
8.44540545200008 158.545451333188
8.45669610100008 84.4695525049956
8.46798675000008 31.81328662542
8.47927739900008 3.99160393340326
8.49056804800008 2.81371879512059
8.50185869700008 28.3656301146794
8.51314934600008 79.0041348499792
8.52443999500008 151.462749459951
8.53573064400008 241.062708121601
8.54702129300007 342.015401349119
8.55831194200007 447.796695180268
8.56960259100007 551.568913282084
8.58089324000007 646.623174144905
8.59218388900007 726.813453431255
8.60347453800007 786.954273440187
8.61476518700007 823.15627333175
8.62605583600007 833.077933107154
8.63734648500007 816.077151154252
8.64863713400007 773.252858028203
8.65992778300007 707.373968165421
8.67121843200007 622.70026530881
8.68250908100007 524.706814069941
8.69379973000007 419.729736049122
8.70509037900007 314.556279685483
8.71638102800006 215.98571878118
8.72767167700006 130.389501921136
8.73896232600006 63.2991216304014
8.75025297500006 19.0483751771577
8.76154362400006 0.493164985146141
8.77283427300006 8.8269640922639
8.78412492200006 43.50387647483
8.79541557100006 102.274254804958
8.80670622000006 181.330550712363
8.81799686900006 275.553936949
8.82928751800006 378.845719153775
8.84057816700006 484.522069468569
8.85186881600006 585.746520126799
8.86315946500006 675.972217166609
8.87445011400006 749.365310099298
8.88574076300005 801.182082641001
8.89703141200005 828.075432349307
8.90832206100005 828.31088818787
8.91961271000005 801.878217466346
8.93090335900005 750.491437162099
8.94219400800005 677.477270968166
8.95348465700005 587.55931435188
8.96477530600005 486.551917798635
8.97606595500005 380.983636432116
8.98735660400005 277.674644641501
8.99864725300005 183.29548307251
9.00993790200005 103.935700808383
9.02122855100005 44.7103011904001
9.03251920000005 9.42943878073061
9.04380984900004 0.352707731983996
9.05510049800004 18.0438751341639
9.06639114700004 61.3354028127254
9.07768179600004 127.404989699952
9.08897244500004 211.959115154448
9.10026309400004 309.511641146514
9.11155374300004 413.739386138427
9.12284439200004 517.891613219716
9.13413504100004 615.226900713747
9.14542569000004 699.449109057898
9.15671633900004 765.114235728163
9.16800698800004 807.98185402189
9.17929763700004 825.288437048484
9.19058828600004 815.92494061079
9.20187893500004 780.507228256886
9.21316958400003 721.334865701191
9.22446023300003 642.241039854295
9.23575088200003 548.343401615356
9.24704153100003 445.712035417533
9.25833218000003 340.976108151837
9.26962282900003 240.8947000256
9.28091347800003 151.919615581668
9.29220412700003 79.7784673164854
9.30349477600003 29.1049866944829
9.31478542500003 3.14043613357118
9.32607607400003 3.52537184535007
9.33736672300003 30.1951420749811
9.34865737200003 81.3857792489202
9.35994802100003 153.749794126525
9.37123867000003 242.574268641263
9.38252931900002 342.087032097146
9.39381996800002 445.83102033507
9.40511061700002 547.082526507395
9.41640126600002 639.286238112257
9.42769191500002 716.478898428885
9.43898256400002 773.674197939133
9.45027321300002 807.184041005552
9.46156386200002 814.855478580125
9.47285451100002 796.208078815766
9.48414516000002 752.462967743356
9.49543580900002 686.461792265428
9.50672645800002 602.48098245573
9.51801710700002 505.953458165782
9.52930775600002 403.115898512278
9.54059840500001 300.604486225977
9.55188905400001 205.025343263205
9.56317970300001 122.527477504972
9.57447035200001 58.4058612069973
9.58576100100001 16.7602753822869
9.59705165000001 0.23191147754672
9.60834229900001 9.83466060229319
9.61963294800001 44.8918707555809
9.63092359700001 103.0825135826
9.64221424600001 180.593617858219
9.65350489500001 272.368956078831
9.66479554400001 372.437757709023
9.67608619300001 474.302068991213
9.68737684200001 571.357616830924
9.69866749100001 657.320904592177
9.70995814 726.634906073832
9.721248789 774.827151198131
9.732539438 798.797117885088
9.743830087 797.014454552419
9.755120736 769.615355925579
9.766411385 718.391024159181
9.777702034 646.669138543549
9.788992683 559.096177146611
9.800283332 461.334834819427
9.811573981 359.696250615108
9.82286463 260.730941435876
9.834155279 170.804969015484
9.845445928 95.6887765796822
9.856736577 40.1852638378647
9.868027226 7.82108361436304
9.87931787499999 0.62101079829425
9.89060852399999 18.9798246177978
9.90189917299999 61.6398109614973
9.91318982199999 125.775144233056
9.92448047099999 207.177492146131
9.93577111999999 300.530649696865
9.94706176899999 399.756272675428
9.95835241799999 498.408216214327
9.96964306699999 590.089883226089
9.98093371599999 668.867549011057
9.99222436499999 729.652941691938
10.003515014 768.53039973825
10.014805663 783.007562130891
10.026096312 772.173535300296
10.037386961 736.754498272079
10.04867761 679.063361956491
10.059968259 602.846958257508
10.071258908 513.040855288731
10.082549557 415.447848505886
10.093840206 316.361080114454
10.105130855 222.156275645392
10.116421504 138.879531167053
10.127712153 71.8573148076773
10.139002802 25.3538509312992
10.150293451 2.29793499109692
10.1615841 4.0966872958247
10.172874749 30.5480916117043
10.184165398 79.8577486267234
10.195456047 148.758521717262
10.206746696 232.725100916182
10.218037345 326.269390682297
10.229327994 423.297432829755
10.240618643 517.504641748699
10.251909292 602.783706451835
10.263199941 673.618756192628
10.27449059 725.440338476526
10.285781239 754.918354499175
10.297071888 760.174165410905
10.308362537 740.898356469466
10.319653186 698.366780891554
10.330943835 635.354101951114
10.342234484 555.950682594061
10.353525133 465.294907411951
10.364815782 369.238459769339
10.376106431 273.966367384832
10.38739708 185.596498062404
10.398687729 109.784451645244
10.409978378 51.3593769956953
10.421269027 14.0141753109943
10.432559676 0.0699715057008019
10.443850325 10.3298793662913
10.455140974 44.0312713317406
10.466431623 98.8993688979297
10.477722272 171.298410116567
10.489012921 256.470351319041
10.50030357 348.845427894643
10.511594219 442.404296248586
10.522884868 531.068200873429
10.534175517 609.0918651569
10.545466166 671.433700697111
10.556756815 714.079469541416
10.568047464 734.29861257843
10.579338113 730.816871656301
10.590628762 703.89429339491
10.601919411 655.303852774296
10.61321006 588.212374495831
10.6245007089999 506.971742329504
10.6357913579999 416.834163190891
10.6470820069999 323.610121428474
10.6583726559999 233.29130750748
10.6696633049999 151.663001609167
10.6809539539999 83.930998977336
10.6922446029999 34.3871458075685
10.7035352519999 6.1349829793931
10.7148259009999 0.893041176000537
10.7261165499999 18.8882550315363
10.7374071989999 58.8460978024931
10.7486978479999 118.077763675053
10.7599884969999 192.658449394889
10.7712791459999 277.684916405027
10.7825697949999 367.595427556873
10.7938604439999 456.531175258288
10.8051510929999 538.715704294012
10.8164417419999 608.827747085534
10.8277323909999 662.343397010542
10.8390230399999 695.825608420555
10.8503136889999 707.14249152022
10.8616043379999 695.60053645099
10.8728949869999 661.984447893744
10.8841856359999 608.501337453821
10.8954762849999 538.633211854326
10.9067669339999 456.907609654258
10.9180575829999 368.601496187966
10.9293482319999 279.397787934572
10.9406388809999 195.016871404708
10.9519295299999 120.847018686815
10.9632201789999 61.5975877683346
10.9745108279999 20.9973370731086
10.9858014769999 1.55718669294081
10.9970921259999 4.41252257420297
11.0083827749999 29.2549429505881
11.0196734239999 74.3575282430486
11.0309640729999 136.691655076828
11.0422547219999 212.127464893208
11.0535453709999 295.704719579278
11.0648360199999 381.956276477253
11.0761266689999 465.263080843186
11.0874173179999 540.217616576506
11.0987079669999 601.972297218286
11.1099986159999 646.550342792271
11.1212892649999 671.099199423079
11.1325799139999 674.070349812017
11.1438705629999 655.314183430272
11.1551612119999 616.084129902967
11.1664518609999 558.950146752105
11.1777425099999 487.627511257444
11.1890331589999 406.732316881765
11.2003238079999 321.479766580722
11.2116144569999 237.344987953104
11.2229051059999 159.708437890102
11.2341957549999 93.508870837165
11.2454864039999 42.9262621832612
11.2567770529999 11.115050383482
11.2680677019999 0.00472527080919864
11.2793583509999 10.1803667652051
11.2906489999999 40.8505184044054
