0 0
0.011290649 0
0.022581298 4.07279314119665e-006
0.033871947 6.40497374947786e-005
0.045162596 0.000390726883811833
0.056453245 0.00151477603945465
0.067743894 0.00446413478009416
0.079034543 0.0109178091436737
0.090325192 0.0232947510549868
0.101615841 0.0447412025048462
0.11290649 0.0789903616294697
0.124197139 0.130083461499831
0.135487788 0.201959790816234
0.146778437 0.297942797134739
0.158069086 0.420167910545313
0.169359735 0.569012800554089
0.180650384 0.74260034951653
0.191941033 0.936447071710568
0.203231682 1.14332406634708
0.214522331 1.35338370272527
0.22581298 1.55458379867922
0.237103629 1.7334136196863
0.248394278 1.87589489133241
0.259684927 1.96879904212481
0.270975576 2.00099225405471
0.282266225 1.9647957976431
0.293556874 1.85723348402838
0.304847523 1.68103320946893
0.316138172 1.44525697683994
0.327428821 1.16545388290833
0.33871947 0.863262623621233
0.350010119 0.565432179743754
0.361300768 0.302278507572506
0.372591417 0.105647397713331
0.383882066 0.0065047125036303
0.395172715 0.0323202757944835
0.406463364 0.204446251753335
0.417754013 0.535710988470615
0.429044662 1.02845207265798
0.440335311 1.67319610169274
0.45162596 2.44815731932329
0.462916609 3.31967431497584
0.474207258 4.24363660508102
0.485497907 5.16787570180882
0.496788556 6.03541398683811
0.508079205 6.78838584053456
0.519369854 7.37237576282212
0.530660503 7.74086408138408
0.541951152 7.8594378286336
0.553241801 7.70941665299916
0.56453245 7.2905635751954
0.575823099 6.62259825768257
0.587113747999999 5.74530422050836
0.598404396999999 4.71711687997519
0.609695045999999 3.61219017004038
0.620985694999999 2.51605797354916
0.632276343999999 1.52012370859383
0.643566992999999 0.715317833136532
0.654857641999999 0.185349703993799
0.666148290999999 3.91548529720704e-005
0.677438939999999 0.209238079951764
0.688729588999999 0.837839289250387
0.700020237999999 1.88231776068983
0.711310886999999 3.30915997459463
0.722601535999999 5.05541510072679
0.733892184999999 7.03145502849052
0.745182833999999 9.12586852207251
0.756473482999999 11.2122497518525
0.767764131999999 13.1574855591619
0.779054780999999 14.8310114386146
0.790345429999999 16.114404722806
0.801636078999999 16.9106242228723
0.812926727999999 17.1521952382337
0.824217376999999 16.8076806143031
0.835508025999999 15.8858718014823
0.846798674999999 14.4372741175049
0.858089323999999 12.5526393339328
0.869379972999999 10.3585046875609
0.880670621999999 8.00991628174138
0.891961270999999 5.68073080930923
0.903251919999999 3.55208633601783
0.914542568999999 1.79979499682919
0.925833217999999 0.581524271624034
0.937123866999999 0.0246884490055133
0.948414515999999 0.215961334978607
0.959705164999999 1.19324320319722
0.970995813999999 2.94077234410827
0.982286462999999 5.38787220063661
0.993577111999999 8.41158135390505
1.004867761 11.8431416996171
1.01615841 15.4780389121634
1.027449059 19.0890190296059
1.038739708 22.4412659776859
1.050030357 25.3087358193636
1.061321006 27.4905202246907
1.072611655 28.8260656096554
1.083902304 29.208111844581
1.095192953 28.5923357346236
1.106483602 27.0028838451187
1.117774251 24.5332449799606
1.1290649 21.3422277544407
1.140355549 17.645152070047
1.151646198 13.7007109463868
1.162936847 9.79428601917046
1.174227496 6.21878167187542
1.185518145 3.25425731126645
1.196808794 1.14776696389421
1.208099443 0.0948479924400934
1.219390092 0.224030791290405
1.230680741 1.58557056665436
1.24197139 4.14533984423523
1.253262039 7.78448220540962
1.264552688 12.3050359262549
1.275843337 17.4413172261054
1.287133986 22.8764360246534
1.298424635 28.2629324746265
1.309715284 33.2461986580837
1.321005933 37.4891117382313
1.332296582 40.6961721173253
1.343587231 42.6354253115992
1.35487788 43.1565537370322
1.366168529 42.203750157987
1.377459178 39.8223153395901
1.388749827 36.1583377164404
1.400040476 31.4512852776432
1.411331125 26.0198371796354
1.422621774 20.24177000701
1.433912423 14.5291560807015
1.445203072 9.30049604594224
1.456493721 4.95166716023743
1.46778437 1.82770108866995
1.479075019 0.197397974401176
1.490365668 0.232634103547468
1.501656317 1.99393573319857
1.512946966 5.42348852986631
1.524237615 10.3462563486816
1.535528264 16.4793277561661
1.546818913 23.4490317659027
1.558109562 30.8148061417047
1.569400211 38.098302340951
1.58069086 44.8158074604354
1.591981509 50.5117861785437
1.603272158 54.7912171375808
1.614562807 57.3484308793386
1.625853456 57.9903515597806
1.637144105 56.6523919472618
1.648434754 53.4057293615793
1.659725403 48.4552682177359
1.671016052 42.1282339533828
1.682306701 34.8539994680134
1.69359735 27.136372794901
1.704887999 19.5201286807328
1.716178648 12.5540064957777
1.727469297 6.75268915061373
1.738759946 2.56039894629499
1.750050595 0.318684660826749
1.761341244 0.240730500976428
1.772631893 2.39410552703585
1.783922542 6.69331763741826
1.795213191 12.9028755670598
1.80650384 20.650840150693
1.817794489 29.4521120214822
1.829085138 38.7400083766191
1.840375787 47.9040759853957
1.851666436 56.3316153706397
1.862957085 63.450087566231
1.874247734 68.7674642683598
1.885538383 71.9076756044177
1.896829032 72.6386040111498
1.908119681 70.8905505233391
1.91941033 66.7637306072939
1.930700979 60.524098752892
1.941991628 52.587604095025
1.953282277 43.4937880195378
1.964572926 33.8703924095477
1.975863575 24.3913000033388
1.987154224 15.7306289094736
1.998444873 8.51611428157802
2.009735522 3.28500687612272
2.021026171 0.445590760521205
2.03231682 0.247076455023662
2.043607469 2.76008234465927
2.054898118 7.86921150374597
2.066188767 15.2784102262949
2.077479416 24.5289143702739
2.088770065 35.0287108462268
2.100060714 46.0916256787654
2.111351363 56.9834549263112
2.122642012 66.9720305472445
2.133932661 75.3777989168493
2.14522331 81.6214098033831
2.156513959 85.2649767732546
2.167804608 86.0440678772877
2.179095257 83.8880932040196
2.190385906 78.9275336148371
2.201676555 71.4873504679814
2.212967204 62.0668683031085
2.224257853 51.3073655217407
2.235548502 39.949476162161
2.246839151 28.7832375183306
2.2581298 18.5941610213242
2.269420449 10.1090175390334
2.280711098 3.94508866291844
2.292001747 0.566435679177786
2.303292396 0.250288911348035
2.314583045 3.06599063341957
2.325873694 8.86807914058731
2.337164343 17.3041369317986
2.348454992 27.8370082912237
2.359745641 39.7799911988563
2.37103629 52.3426952791514
2.382326939 64.684495831205
2.39361758800001 75.971958335224
2.40490823700001 85.4362988000704
2.41619888600001 92.4269066840531
2.42748953500001 96.4571940272598
2.43878018400001 97.2395328572483
2.45007083300001 94.706770497648
2.46136148200001 89.0187204984702
2.47265213100001 80.5530539019917
2.48394278000001 69.8810910433279
2.49523342900001 57.730043687184
2.50652407800001 44.9342078501578
2.51781472700001 32.3783922965443
2.52910537600001 20.9374306008773
2.54039602500001 11.4159250284372
2.55168667400001 4.49238545152525
2.56297732300001 0.671652946686953
2.57426797200001 0.248952517469527
2.58555862100001 3.28813849292868
2.59684927000001 9.61573214929964
2.60813991900001 18.8312696762666
2.61943056800001 30.3333540554732
2.63072121700001 43.3597145221126
2.64201186600001 57.0385979174252
2.65330251500001 70.4480160809883
2.66459316400001 82.6788091120472
2.67588381300001 92.897196431107
2.68717446200001 100.402497703875
2.69846511100001 104.676014866923
2.70975576000001 105.417654957774
2.72104640900001 102.567701923604
2.73233705800001 96.3121578955312
2.74362770700001 87.0712013333122
2.75491835600001 75.4714734147056
2.76620900500001 62.3040245478
2.77749965400001 48.4707520324653
2.78879030300001 34.9229678546263
2.80008095200001 22.5962954836494
2.81137160100001 12.3463664465097
2.82266225000001 4.88975127972544
2.83395289900001 0.754216419959578
2.84524354800001 0.241771201288041
2.85653419700001 3.40709972216551
2.86782484600001 10.0529202284234
2.87911549500001 19.7426520315888
2.89040614400001 31.8295769748539
2.90169679300001 45.5005415899239
2.91298744200001 59.8312365348135
2.92427809100001 73.8492819905003
2.93556874000001 86.6007979803543
2.94685938900002 97.215885878616
2.95815003800002 104.968510023147
2.96944068700002 109.326642855984
2.98073133600002 109.989198261475
2.99202198500002 106.907180691707
3.00331263400002 100.287560336096
3.01460328300002 90.5795724811608
3.02589393200002 78.4443503400444
3.03718458100002 64.7099512584115
3.04847523000002 50.3148466087536
3.05976587900002 36.2437457338842
3.07105652800002 23.4601583195109
3.08234717700002 12.8403302438359
3.09363782600002 5.11309891401616
3.10492847500002 0.809811129919296
3.11621912400002 0.227757144412067
3.12750977300002 3.40964621359778
3.13880042200002 10.1405455442458
3.15009107100002 19.9625023138803
3.16138172000002 32.2058504207885
3.17267236900002 46.0350540117864
3.18396301800002 60.5059381258286
3.19525366700002 74.6303722524856
3.20654431600002 87.443959479961
3.21783496500002 98.0720776512639
3.22912561400002 105.789733764167
3.24041626300002 110.071120715209
3.25170691200002 110.625476706736
3.26299756100002 107.416792915848
3.27428821000002 100.66602889982
3.28557885900002 90.8357005969795
3.29686950800002 78.5979193186893
3.30816015700002 64.7880979763433
3.31945080600002 50.3475244345355
3.33074145500002 36.2587635798675
3.34203210400002 23.4783371433314
3.35332275300002 12.8713102632058
3.36461340200002 5.15227430215588
3.37590405100002 0.836766732859194
3.38719470000002 0.206442550878007
3.39848534900002 3.2903583774822
3.40977599800002 9.86361648829181
3.42106664700002 19.463418721357
3.43235729600002 31.4213824430966
3.44364794500002 44.9098551773053
3.45493859400002 58.9990079295951
3.46622924300002 72.7207552634766
3.47751989200002 85.1350926851804
3.48881054100003 95.3942896257472
3.50010119000003 102.800538823863
3.51139183900003 106.853127967707
3.52268248800003 107.281933926414
3.53397313700003 104.064992154777
3.54526378600003 97.4289973780643
3.55655443500003 87.8327697324706
3.56784508400003 75.9348915646482
3.57913573300003 62.5478033014693
3.59042638200003 48.5815678080282
3.60171703100003 34.9812086004197
3.61300768000003 22.6619511409434
3.62429832900003 12.446820203845
3.63558897800003 5.010862817704
3.64687962700003 0.835789694338292
3.65817027600003 0.1780926633276
3.66946092500003 3.05275348306481
3.68075157400003 9.23357655695073
3.69204222300003 18.2700299907506
3.70333287200003 29.5193456358166
3.71462352100003 42.1915874022332
3.72591417000003 55.4045195013758
3.73720481900003 68.2444519716867
3.74849546800003 79.8288536567635
3.75978611700003 89.3664278222549
3.77107676600003 96.2105475536647
3.78236741500003 99.9024311581712
3.79365806400003 100.201166861972
3.80494871300003 97.098619242576
3.81623936200003 90.8183020884891
3.82753001100003 81.7984102805109
3.83882066000003 70.6602900441899
3.85011130900003 58.1646177372696
3.86140195800003 45.1583845793878
3.87269260700003 32.5163925691997
3.88398325600003 21.0813150066597
3.89527390500003 11.6064415316257
3.90656455400003 4.70501002253263
3.91785520300003 0.809543334810396
3.92914585200003 0.143893258730036
3.94043650100003 2.70979849024911
3.95172715000003 8.28875109953617
3.96301779900003 16.4589077483404
3.97430844800003 26.6257511173938
3.98559909700003 38.0642744953274
3.99688974600003 49.9696916739729
4.00818039500003 61.5131168743363
4.01947104400003 71.8983518624656
4.03076169300004 80.4158785738075
4.04205234200004 86.4903855724177
4.05334299100004 89.7186370731321
4.06463364000004 89.8951884719882
4.07592428900004 87.0243122884951
4.08721493800004 81.3174621619632
4.09850558700004 73.176602545026
4.10979623600004 63.1646986668952
4.12108688500004 51.9655288675472
4.13237753400004 40.3356907693438
4.14366818300004 29.0521767491768
4.15495883200004 18.8591603001794
4.16624948100004 10.4176474216265
4.17754013000004 4.26140814327845
4.18883077900004 0.762132036640138
4.20012142800004 0.106083280799534
4.21141207700004 2.28371393705988
4.22270272600004 7.09278665357377
4.23399337500004 14.1546237450951
4.24528402400004 22.9422032402906
4.25657467300004 32.8180254157472
4.26786532200004 43.0790292774302
4.27915597100004 53.0053898921094
4.29044662000004 61.9098028441518
4.30173726900004 69.1838739804154
4.31302791800004 74.33847707386
4.32431856700004 77.0353991195801
4.33560921600004 77.1082282721699
4.34689986500004 74.571206675696
4.35819051400004 69.6156148663726
4.36948116300004 62.5941166987767
4.38077181200004 53.9943141080054
4.39206246100004 44.4034834638378
4.40335311000004 34.4670413638781
4.41464375900004 24.8436798407726
4.42593440800004 16.1602947920681
4.43722505700004 8.96979742060535
4.44851570600004 3.71465225728012
4.45980635500004 0.698547184392508
4.47109700400004 0.0680040182324044
4.48238765300004 1.80502634574657
4.49367830200004 5.73110542009759
4.50496895100004 11.5221196063746
4.51625960000004 18.7329225120308
4.52755024900004 26.8297699233124
4.53884089800004 35.228228957804
4.55013154700004 43.333877103446
4.56142219600004 50.5829543263384
4.57271284500005 56.4801848826435
4.58400349400005 60.631229726156
4.59529414300005 62.7676452291553
4.60658479200005 62.7627776315699
4.61787544100005 60.6376744412442
4.62916609000005 56.5567970945314
4.64045673900005 50.8140240124252
4.65174738800005 43.8100909988237
4.66303803700005 36.0231821309712
4.67432868600005 27.9748214796597
4.68561933500005 20.1934964144924
4.69690998400005 13.178550547317
4.70820063300005 7.36681452018172
4.71949128200005 3.10420419771827
4.73078193100005 0.624128272211262
4.74207258000005 0.0340406660561134
4.75336322900005 1.31088491950121
4.76465387800005 4.30555038110203
4.77594452700005 8.75583772250186
4.78723517600005 14.3068570546612
4.79852582500005 20.5372944658798
4.80981647400005 26.9896140173918
4.82110712300005 33.202035073765
4.83239777200005 38.7400519250992
4.84368842100005 43.2253455891367
4.85497907000005 46.3601672036505
4.86626971900005 47.9456292838712
4.87756036800005 47.8927976530703
4.88885101700005 46.2259990798559
4.90014166600005 43.0783098080258
4.91143231500005 38.6797294146433
4.92272296400005 33.3390356240844
4.93401361300005 27.4207259163449
4.94530426200005 21.3187545073582
4.95659491100005 15.4289501911242
4.96788556000005 10.1220424843055
4.97917620900005 5.71913100707115
4.99046685800005 2.47121593897276
5.00175750700005 0.544084017613597
5.01304815600005 0.00944016159907604
5.02433880500005 0.842719661018486
5.03562945400005 2.92754300511215
5.04692010300005 6.06631819118069
5.05821075200005 9.99608517975441
5.06950140100005 14.4083612909383
5.08079205000005 18.9715060978458
5.09208269900005 23.3539938091178
5.10337334800005 27.2469662203885
5.11466399700006 30.3845377648294
5.12595464600006 32.5605258404703
5.13724529500006 33.6405673318962
5.14853594400006 33.5689334320745
5.15982659300006 32.3697430766258
5.17111724200006 30.1426722841054
5.18240789100006 27.0536344386698
5.19369854000006 23.3212392426476
5.20498918900006 19.200103849147
5.21627983800006 14.9622720829465
5.22757048700006 10.8780865769368
5.23886113600006 7.19785089568044
5.25015178500006 4.13551800239624
5.26144243400006 1.8554578967534
5.27273308300006 0.463106562326933
5.28402373200006 3.90235766708087e-007
5.29531438100006 0.443377540388379
5.30660503000006 1.71020380163972
5.31789567900006 3.66517823677015
5.32918632800006 6.13201375092861
5.34047697700006 8.90708650953144
5.35176762600006 11.7744178926198
5.36305827500006 14.5208999854479
5.37434892400006 16.9507013078932
5.38563957300006 18.8978888190318
5.39693022200006 20.2364653806445
5.40822087100006 20.8872348332273
5.41951152000006 20.8211526183163
5.43080216900006 20.0590797688971
5.44209281800006 18.6681130963368
5.45338346700006 16.7548966263394
5.46467411600006 14.4565132098613
5.47596476500006 11.9296985536808
5.48725541400006 9.33920458804842
5.49854606300006 6.84616155936905
5.50983671200006 4.59724956023904
5.52112736100006 2.71539579462042
5.53241801000006 1.29257291327862
5.54370865900006 0.385098397047607
5.55499930800006 0.0116393238110788
5.56628995700006 0.153925889956781
5.57758060600006 0.759985453817025
5.58887125500006 1.74953997822927
5.60016190400006 3.02107467103937
5.61145255300006 4.45999249000653
5.62274320200006 5.94722269565792
5.63403385100006 7.36765288324016
5.64532450000006 8.61780044565896
5.65661514900007 9.61222555993881
5.66790579800007 10.2883052658814
5.67919644700007 10.6091268371982
5.69048709600007 10.5644072005905
5.70177774500007 10.1694922377969
5.71306839400007 9.46262469940016
5.72435904300007 8.50078291175081
5.73564969200007 7.35447728932549
5.74694034100007 6.10194320391619
5.75823099000007 4.82318507358561
5.76952163900007 3.59430842401517
5.78081228800007 2.48252748779059
5.79210293700007 1.54216114222552
5.80339358600007 0.811836765080106
5.81468423500007 0.313018025120267
5.82597488400007 0.0498671556057515
5.83726553300007 0.0103529733069827
5.84855618200007 0.168429944561992
5.85984683100007 0.487046656294521
5.87113748000007 0.921698008614037
5.88242812900007 1.42421618298323
5.89371877800007 1.94650079205186
5.90500942700007 2.44391651051249
5.91630007600007 2.87813321214489
5.92759072500007 3.21924424277414
5.93888137400007 3.44706721106494
5.95017202300007 3.55160257506558
5.96146267200007 3.53269256428778
5.97275332100007 3.39898150555799
5.98404397000007 3.16632436735666
5.99533461900007 2.8558205694122
6.00662526800007 2.49166354765576
6.01791591700007 2.09899341667799
6.02920656600007 1.70192189194115
6.04049721500007 1.32186812620841
6.05178786400007 0.976304826284329
6.06307851300007 0.677969982410493
6.07436916200007 0.434554909873736
6.08565981100007 0.248837963453431
6.09695046000007 0.119198557878268
6.10824110900007 0.0404205005532286
6.11953175800007 0.00467861087313138
6.13082240700007 0.00259859456998054
6.14211305600007 0.0242865596411521
6.15340370500007 0.0602398885605041
6.16469435400007 0.102073191477731
6.17598500300007 0.143019066710221
6.18727565200007 0.178190517279392
6.19856630100008 0.204617348053304
6.20985695000008 0.221090292670399
6.22114759900008 0.227862163634229
6.23243824800008 0.226263876117595
6.24372889700008 0.218294452488619
6.25501954600008 0.206238539784695
6.26631019500008 0.192353731880819
6.27760084400008 0.178654790798173
6.28889149300008 0.166804757643773
6.30018214200008 0.158106094443751
6.31147279100008 0.153570441418038
6.32276344000008 0.154035008042905
6.33405408900008 0.160288222387164
6.34534473800008 0.173167587801478
6.35663538700008 0.193598598135054
6.36792603600008 0.222554235665705
6.37921668500008 0.260928639343447
6.39050733400008 0.309334182881997
6.40179798300008 0.367846417498995
6.41308863200008 0.435734087888395
6.42437928100008 0.511219924644501
6.43566993000008 0.591320788200829
6.44696057900008 0.671812224389444
6.45825122800008 0.747352532378735
6.46954187700008 0.811785726662732
6.48083252600008 0.858622682278278
6.49212317500008 0.881677259460644
6.50341382400008 0.875811689723371
6.51470447300008 0.837725525461427
6.52599512200008 0.766707483209122
6.53728577100008 0.665261675668399
6.54857642000008 0.539520572959018
6.55986706900008 0.399367321793543
6.57115771800008 0.258209635764381
6.58244836700008 0.13237524852569
6.59373901600008 0.0401328810750561
6.60502966500008 0.00038002501236754
6.61632031400008 0.031076236868366
6.62761096300008 0.147534449664713
6.63890161200008 0.360709462187952
6.65019226100008 0.675639080455819
6.66148291000008 1.09019689214453
6.67277355900008 1.59430488091875
6.68406420800008 2.16972876076342
6.69535485700008 2.79054006501868
6.70664550600008 3.42427899893767
6.71793615500008 4.03379437890854
6.72922680400008 4.57967610548754
6.74051745300009 5.02313663728013
6.75180810200009 5.32914614498675
6.76309875100009 5.4695864871384
6.77438940000009 5.42616622442206
6.78568004900009 5.19283582466652
6.79697069800009 4.77746078430318
6.80826134700009 4.20255066925071
6.81955199600009 3.50490229490369
6.83084264500009 2.73409186264689
6.84213329400009 1.94983868263823
6.85342394300009 1.21835569790121
6.86471459200009 0.607892124214977
6.87600524100009 0.183753609493892
6.88729589000009 0.00314820969082831
6.89858653900009 0.110245938657753
6.90987718800009 0.531850953527496
6.92116783700009 1.27406584751816
6.93245848600009 2.32027662249296
6.94374913500009 3.63070677447015
6.95503978400009 5.14368407601803
6.96633043300009 6.77864084171013
6.97762108200009 8.440736292446
6.98891173100009 10.0268578971031
7.00020238000009 11.43263758885
7.01149302900009 12.560018580141
7.02278367800009 13.324838108222
7.03407432700009 13.6638579658
7.04536497600009 13.5406827505962
7.05665562500009 12.9500570627431
7.06794627400009 11.9201257907217
7.07923692300009 10.5123712588368
7.09052757200009 8.81909938868828
7.10181822100009 6.95852357100965
7.11310887000009 5.06767715257792
7.12439951900009 3.29355977016466
7.13569016800009 1.78307561010516
7.14698081700009 0.672440424040742
7.15827146600009 0.0768081696487796
7.16956211500009 0.0808897456773692
7.18085276400009 0.731301341392932
7.19214341300009 2.0312883933418
7.20343406200009 3.93832727244637
7.21472471100009 6.36491897381294
7.22601536000009 9.18266928255214
7.23730600900009 12.2295130911161
7.24859665800009 15.3197036100402
7.25988730700009 18.2559677318373
7.27117795600009 20.8430437985167
7.2824686050001 22.9016826442366
7.2937592540001 24.2821191213541
7.3050499030001 24.8760173605483
7.3163405520001 24.6259619027526
7.3276312010001 23.5317064400695
7.3389218500001 21.6525947689167
7.3502124990001 19.1058222850992
7.3615031480001 16.0604943058549
7.3727937970001 12.7277399078798
7.3840844460001 9.34743524204853
7.3953750950001 6.17235657334274
7.4066657440001 3.45080007855091
7.4179563930001 1.40885508600239
7.4292470420001 0.233586622133305
7.4405376910001 0.0583639189141386
7.4518283400001 0.951462199231572
7.4631189890001 2.90887038077979
7.4744096380001 5.85196849776582
7.4857002870001 9.6304125898267
7.4969909360001 14.030203234864
7.5082815850001 18.7865417909517
7.5195722340001 23.6007223256201
7.5308628830001 28.1599934043553
7.5421535320001 32.1590764091303
7.5534441810001 35.321865838252
7.5647348300001 37.4217764508667
7.5760254790001 38.2992496734747
7.5873161280001 37.8750873020164
7.5986067770001 36.1585363218817
7.6098974260001 33.2493892727172
7.6211880750001 29.3337680764498
7.6324787240001 24.6736985232001
7.6437693730001 19.5910272077704
7.6550600220001 14.4466509129088
7.6663506710001 9.61638953034364
7.6776413200001 5.46511012921021
7.6889319690001 2.32087957255017
7.7002226180001 0.450971050940341
7.7115132670001 0.0414692848262312
7.7228039160001 1.18201221969144
7.7340945650001 3.85688518851732
7.7453852140001 7.94326666096547
7.7566758630001 13.2169400720437
7.7679665120001 19.3652666054015
7.7792571610001 26.0066953125566
7.7905478100001 32.7156065208649
7.8018384590001 39.050877261011
7.8131291080001 44.5862542088509
7.82441975700011 48.9404444961664
7.83571040600011 51.8048032560536
7.84700105500011 52.9666146189279
7.85829170400011 52.3262252478976
7.86958235300011 49.9066811778905
7.88087300200011 45.8550149286809
7.89216365100011 40.4348978237032
7.90345430000011 34.0109735483069
7.91474494900011 27.0257813890201
7.92603559800011 19.9707191690056
7.93732624700011 13.352947182216
7.94861689600011 7.66046153332202
7.95990754500011 3.32774240138547
7.97119819400011 0.704394143287012
7.98248884300011 0.0290355376395256
7.99377949200011 1.41037750002581
8.00507014100011 4.81696159245619
8.01636079000011 10.0764554408518
8.02765143900011 16.8847492123254
8.03894208800011 24.8244150894148
8.0502327370001 33.3914267247056
8.0615233860001 42.0284351817241
8.0728140350001 50.1624054310188
8.0841046840001 57.2440698317023
8.0953953330001 62.7864794088182
8.1066859820001 66.3999457152567
8.1179766310001 67.8208682673816
8.1292672800001 66.9323242141316
8.1405579290001 63.7748344348783
8.1518485780001 58.546378644965
8.1631392270001 51.5914671677427
8.1744298760001 43.3798384831506
8.1857205250001 34.4760864376932
8.1970111740001 25.5021770283087
8.2083018230001 17.0953445526634
8.21959247200009 9.86422134262976
8.23088312100009 4.34622595658186
8.24217377000009 0.969196462662292
8.25346441900009 0.0200076131597378
8.26475506800009 1.62246733032232
8.27604571700009 5.72617700448017
8.28733636600009 12.1073018637941
8.29862701500009 20.3813818915469
8.30991766400009 30.0274764232319
8.32120831300009 40.4221349858811
8.33249896200009 50.8809797616294
8.34378961100009 60.7051221545935
8.35508026000009 69.2292588132946
8.36637090900009 75.868130166967
8.37766155800009 80.1580914705996
8.38895220700008 81.7908410428713
8.40024285600008 80.636855357007
8.41153350500008 76.7567634624519
8.42282415400008 70.3997085312801
8.43411480300008 61.9886369081756
8.44540545200008 52.0933635305293
8.45669610100008 41.3931237020232
8.46798675000008 30.6310741835384
8.47927739900008 20.5637974478564
8.49056804800008 11.9092484416516
8.50185869700008 5.29673386276115
8.51314934600008 1.22241641869935
8.52443999500008 0.0134946126261289
8.53573064400008 1.803643271257
8.54702129300007 6.52154811834176
8.55831194200007 13.8934795086148
8.56960259100007 23.4598863689751
8.58089324000007 34.6050178242389
8.59218388900007 46.5976646896475
8.60347453800007 58.6403204342752
8.61476518700007 69.9234479220065
8.62605583600007 79.6811488618307
8.63734648500007 87.2443969191093
8.64863713400007 92.0881249391288
8.65992778300007 93.8688453895295
8.67121843200007 92.4501064644651
8.68250908100007 87.9139032184932
8.69379973000007 80.5571186141777
8.70509037900007 70.8730982823307
8.71638102800006 59.5194941823507
8.72767167700006 47.2744744564173
8.73896232600006 34.9842220155868
8.75025297500006 23.5052741322082
8.76154362400006 13.6456440054555
8.77283427300006 6.10878378243963
8.78412492200006 1.44428630210005
8.79541557100006 0.00878880005961488
8.80670622000006 1.93986389738601
8.81799686900006 7.14480653817783
8.82928751800006 15.3052094868142
8.84057816700006 25.8971340664605
8.85186881600006 38.225601939491
8.86315946500006 51.4711330386216
8.87445011400006 64.7452043735427
8.88574076300005 77.1508645319547
8.89703141200005 87.8443552206313
8.90832206100005 96.0934925861946
8.91961271000005 101.328756128037
8.93090335900005 103.183510208022
8.94219400800005 101.520511213198
8.95348465700005 96.4427834280837
8.96477530600005 88.2880153553028
8.97606595500005 77.6067622827259
8.98735660400005 65.1258620334425
8.99864725300005 51.699501183594
9.00993790200005 38.2512365794215
9.02122855100005 25.7109206194073
9.03251920000005 14.9508525998881
9.04380984900004 6.72555506040128
9.05510049800004 1.61934661865586
9.06639114700004 0.00536545457178686
9.07768179600004 2.01892479730254
9.08897244500004 7.54710581221929
9.10026309400004 16.23538086094
9.11155374300004 27.5108876900062
9.12284439200004 40.6208236801063
9.13413504100004 54.6833787459272
9.14542569000004 68.7477490447105
9.15671633900004 81.8591327765005
9.16800698800004 93.1242493864873
9.17929763700004 101.77287043721
9.19058828600004 107.211109131816
9.20187893500004 109.062769149739
9.21316958400003 107.195864788175
9.22446023300003 101.732438069209
9.23575088200003 93.040944937235
9.24704153100003 81.7116829674181
9.25833218000003 68.5169041923167
9.26962282900003 54.3583175672105
9.28091347800003 40.2055624928721
9.29220412700003 27.0298665192083
9.30349477600003 15.7374425317859
9.31478542500003 7.10720900962197
9.32607607400003 1.73712867563185
9.33736672300003 0.00287531763959736
9.34865737200003 2.03169565979448
9.35994802100003 7.69329074726496
9.37123867000003 16.6083711381752
9.38252931900002 28.1743230158634
9.39381996800002 41.6062422641763
9.40511061700002 55.9905322595331
9.41640126600002 70.3473921732938
9.42769191500002 83.6979062560576
9.43898256400002 95.131123763625
9.45027321300002 103.866516324166
9.46156386200002 109.307515074587
9.47285451100002 111.082442196536
9.48414516000002 109.070018378985
9.49543580900002 103.407689395116
9.50672645800002 94.4821980709327
9.51801710700002 82.9030506837107
9.52930775600002 69.4607047495626
9.54059840500001 55.0723568392184
9.55188905400001 40.7190618512807
9.56317970300001 27.3785102143889
9.57447035200001 15.9580857916254
9.58576100100001 7.23280453031868
9.59705165000001 1.79239394096624
9.60834229900001 0.00114005729209508
9.61963294800001 1.97324567083442
9.63092359700001 7.5653726088462
9.64221424600001 16.386855844818
9.65350489500001 27.8268602981166
9.66479554400001 41.0965863908322
9.67608619300001 55.2835981479431
9.68737684200001 69.4145189138365
9.69866749100001 82.5217714677797
9.70995814 93.7097701839344
9.721248789 102.216020856859
9.732539438 107.46294488672
9.743830087 109.096893027605
9.755120736 107.011704366298
9.766411385 101.355236516099
9.777702034 92.5184688044219
9.788992683 81.1079800380209
9.800283332 67.9037433538989
9.811573981 53.8051841362202
9.82286463 39.7692441789388
9.834155279 26.7447318662388
9.845445928 15.6074779967852
9.856736577 7.10074450481364
9.868027226 1.78495488584427
9.87931787499999 0.000157909268268362
9.89060852399999 1.8437466533505
9.90189917299999 7.164895364065
9.91318982199999 15.5760209449699
9.92448047099999 26.4804041914218
9.93577111999999 39.1139991038868
9.94706176899999 52.5984928150364
9.95835241799999 66.0019198096565
9.96964306699999 78.4026335531556
9.98093371599999 88.9522296180589
9.99222436499999 96.9331098362721
10.003515014 101.806768726947
10.014805663 103.249542840357
10.026096312 101.173443758621
10.037386961 95.7307343518942
10.04867761 87.3020329308932
10.059968259 76.4688630549717
10.071258908 63.9726297449677
10.082549557 50.6629228269945
10.093840206 37.4387625454375
10.105130855 25.1868634786587
10.116421504 14.7211700444465
10.127712153 6.727800166915
10.139002802 1.7191330474303
10.150293451 0.00012204341143501
10.1615841 1.64905138047861
10.172874749 6.51394676811885
10.184165398 14.2247655922595
10.195456047 24.2204075679091
10.206746696 35.788576360787
10.218037345 48.1156558244506
10.229327994 60.3430997912162
10.240618643 71.6264160115479
10.251909292 81.1926796894906
10.263199941 88.3926478468767
10.27449059 92.7439507268624
10.285781239 93.9624803776336
10.297071888 91.9799329495667
10.308362537 86.9464307111392
10.319653186 79.2181842906208
10.330943835 69.3311832521515
10.342234484 57.9628530227283
10.353525133 45.8844236342128
10.364815782 33.9073664208054
10.376106431 22.8276285241063
10.38739708 13.3715083770537
10.398687729 6.1468630617335
10.409978378 1.60293376683468
10.421269027 0.00144901809748678
10.432559676 1.40086244785924
10.443850325 5.65465984739169
10.455140974 12.4236939725768
10.466431623 21.2015429658456
10.477722272 31.351005546616
10.489012921 42.1491032862616
10.50030357 52.8374069601113
10.511594219 62.6741761342064
10.522884868 70.984718774872
10.534175517 77.2065435411348
10.545466166 80.9262771175557
10.556756815 81.9059220609876
10.568047464 80.0967930679355
10.579338113 75.6403367458311
10.590628762 68.8559507544823
10.601919411 60.2168091911364
10.61321006 50.3155111167041
10.6245007089999 39.8220433443519
10.6357913579999 29.4370423238875
10.6470820069999 19.8436215194952
10.6583726559999 11.661083552599
10.6696633049999 5.40366006460519
10.6809539539999 1.4470321031552
10.6922446029999 0.00480978495281869
10.7035352519999 1.11643427301715
10.7148259009999 4.64715916073914
10.7261165499999 10.2999291162574
10.7374071989999 17.6381595201161
10.7486978479999 26.1176876406578
10.7599884969999 35.1255630172947
10.7712791459999 44.0229117818225
10.7825697949999 52.1888738978292
10.7938604439999 59.0625869253022
10.8051510929999 64.1803733413768
10.8164417419999 67.2056646594107
10.8277323909999 67.9497354864678
10.8390230399999 66.3819842790741
10.8503136889999 62.6292370191063
10.8616043379999 56.9643129937895
10.8728949869999 49.784825229189
10.8841856359999 41.5838417442403
10.8954762849999 32.914563890285
10.9067669339999 24.3515501596677
10.9180575829999 16.4512050730362
10.9293482319999 9.7142531143968
10.9406388809999 4.55273060705927
10.9519295299999 1.26367027362592
10.9632201789999 0.0111519216963228
10.9745108279999 0.8177855776023
10.9858014769999 3.56602442984749
10.9970921259999 8.00902158050354
11.0083827749999 13.7900943725701
11.0196734239999 20.4692872886866
11.0309640729999 27.5550671914914
11.0422547219999 34.5388723228779
11.0535453709999 40.9300876869411
11.0648360199999 46.2890411701499
11.0761266689999 50.2558019832917
11.0874173179999 52.5728993348678
11.0987079669999 53.1005382413804
11.1099986159999 51.8234366544996
11.1212892649999 48.8490038397581
11.1325799139999 44.3971818585281
11.1438705629999 38.7828382516148
11.1551612119999 32.3920901576999
11.1664518609999 25.6543256820274
11.1777425099999 19.0119430517779
11.1890331589999 12.8899372960746
11.2003238079999 7.66742367028525
11.2116144569999 3.65300312221784
11.2229051059999 1.06556392378412
11.2341957549999 0.0216997991215142
11.2454864039999 0.530439665422926
11.2567770529999 2.49546289067787
11.2680677019999 5.72445383898965
11.2793583509999 9.94476651301807
11.2906489999999 14.8241569245749
