0 0
0.011290649 0
0.022581298 4.9602720143879e-006
0.033871947 7.78457190832217e-005
0.045162596 0.00047351043028384
0.056453245 0.00182881984256015
0.067743894 0.00536467909807408
0.079034543 0.0130476203898671
0.090325192 0.0276588034386996
0.101615841 0.052727102488564
0.11290649 0.0922996496025152
0.124197139 0.15054595234376
0.135487788 0.231217782209693
0.146778437 0.33701311980797
0.158069086 0.468915009097168
0.169359735 0.625591885888354
0.180650384 0.802952093258147
0.191941033 0.993940144998188
0.203231682 1.18864535681908
0.214522331 1.37476562063747
0.22581298 1.53843260037979
0.237103629 1.66536292402027
0.248394278 1.7422573660284
0.259684927 1.75833134526028
0.270975576 1.70683005141301
0.282266225 1.58636433693037
0.293556874 1.4019022872641
0.304847523 1.16526775518462
0.316138172 0.895031008554073
0.327428821 0.615726028715132
0.33871947 0.356390157531539
0.350010119 0.148489456939697
0.361300768 0.0233609688612593
0.372591417 0.00936419527819435
0.383882066 0.128981864980755
0.395172715 0.396138562501704
0.406463364 0.814010694205497
0.417754013 1.37358019531179
0.429044662 2.05313735173002
0.440335311 2.81886765711694
0.45162596 3.62656871947428
0.462916609 4.42444295095053
0.474207258 5.15680875429544
0.485497907 5.76847662165301
0.496788556 6.20945642649828
0.508079205 6.43960674417827
0.519369854 6.43281304025622
0.530660503 6.18029327926871
0.541951152 5.69267815524808
0.553241801 5.00059663969988
0.56453245 4.15361049032427
0.575823099 3.21747538828958
0.587113747999999 2.26985072142247
0.598404396999999 1.39472243333137
0.609695045999999 0.675931056804156
0.620985694999999 0.19029792794805
0.632276343999999 0.00090628163765564
0.643566992999999 0.15111287916414
0.654857641999999 0.65983601719292
0.666148290999999 1.5185873177221
0.677438939999999 2.69059198604563
0.688729588999999 4.11218371515631
0.700020237999999 5.69647809329921
0.711310886999999 7.339136832396
0.722601535999999 8.92585041886514
0.733892184999999 10.3410050371573
0.745182833999999 11.4768756718016
0.756473482999999 12.2426133554301
0.767764131999999 12.5722789950594
0.779054780999999 12.4312228001656
0.790345429999999 11.8202156079009
0.801636078999999 10.7768996739155
0.812926727999999 9.37433024558358
0.824217376999999 7.71660990377071
0.835508025999999 5.93185685961491
0.846798674999999 4.1629763735843
0.858089323999999 2.55690175226424
0.869379972999999 1.25312044336773
0.880670621999999 0.372387552120981
0.891961270999999 0.00654439088394305
0.903251919999999 0.210299910251014
0.914542568999999 0.995700684163204
0.925833217999999 2.32981930580064
0.937123866999999 4.13594593099353
0.948414515999999 6.29829212691695
0.959705164999999 8.66993203836954
0.970995813999999 11.0834363553976
0.982286462999999 13.3634222211846
0.993577111999999 15.3400671072754
1.004867761 16.8625326032204
1.01615841 17.8112251532852
1.027449059 18.1078885217899
1.038739708 17.7226736077236
1.050030357 16.6775546614855
1.061321006 15.0457402900087
1.072611655 12.947041244254
1.083902304 10.5394799984616
1.095192953 8.00773344296473
1.106483602 5.54926440144046
1.117774251 3.35919791588011
1.1290649 1.61511695495462
1.140355549 0.462978409325955
1.151646198 0.00528033829938938
1.162936847 0.292449612058997
1.174227496 1.31817709510393
1.185518145 3.01912377848242
1.196808794 5.27907950243838
1.208099443 7.93730322389305
1.219390092 10.8004384975692
1.230680741 13.6571071902782
1.24197139 16.2940623424834
1.253262039 18.5126461220095
1.264552688 20.1442626886903
1.275843337 21.0636423092705
1.287133986 21.1988377511973
1.298424635 20.5371443821191
1.309715284 19.1264520232718
1.321005933 17.0718944770342
1.332296582 14.5280333110371
1.343587231 11.6871662801167
1.35487788 8.76465926275993
1.366168529 5.98243887054623
1.377459178 3.5519316160048
1.388749827 1.65778251361319
1.400040476 0.443627226309089
1.411331125 0.00103185541677031
1.422621774 0.362465868610242
1.433912423 1.49885627858108
1.445203072 3.32191038008195
1.456493721 5.69101897160398
1.46778437 8.42419202869651
1.479075019 11.3121629779801
1.490365668 14.1345511597766
1.501656317 16.6768142486747
1.512946966 18.7466656183525
1.524237615 20.1886800179938
1.535528264 20.8959601327173
1.546818913 20.8179742090737
1.558109562 19.9639814817711
1.569400211 18.401812758143
1.58069086 16.2521399421671
1.591981509 13.6787211789306
1.603272158 10.8754196514049
1.614562807 8.05103940830702
1.625853456 5.41318200365167
1.637144105 3.15239124302624
1.648434754 1.42781591592897
1.659725403 0.355486153467938
1.671016052 7.98232690214301e-005
1.682306701 0.370769683783254
1.69359735 1.42141350512661
1.704887999 3.05500479639302
1.716178648 5.13196886259382
1.727469297 7.48159402454777
1.738759946 9.91565390515827
1.750050595 12.2431213972213
1.761341244 14.2848093579293
1.772631893 15.8868009009112
1.783922542 16.9316494777741
1.795213191 17.3465247236114
1.80650384 17.1077371361176
1.817794489 16.2413713042711
1.829085138 14.8200690782634
1.840375787 12.9563055403147
1.851666436 10.7927680087523
1.862957085 8.49066096215677
1.874247734 6.21690195675437
1.885538383 4.13123562883261
1.896829032 2.37427173022708
1.908119681 1.05735264022923
1.91941033 0.254986059039123
1.930700979 0.000355090467786111
1.941991628 0.284160090010338
1.953282277 1.05677617633553
1.964572926 2.23344929707638
1.975863575 3.70202292855386
1.987154224 5.33250454624966
1.998444873 6.98765918466181
2.009735522 8.53376458993017
2.021026171 9.85068066718038
2.03231682 10.840471291096
2.043607469 11.4339598769519
2.054898118 11.5947877616038
2.066188767 11.3207596165979
2.077479416 10.6424843335263
2.088770065 9.61953452321923
2.100060714 8.33453584818686
2.111351363 6.88574457873381
2.122642012 5.37876765484549
2.133932661 3.91811840809976
2.14522331 2.59928214953019
2.156513959 1.50189307920301
2.167804608 0.684505737380988
2.179095257 0.18129224313884
2.190385906 0.00082490896584977
2.201676555 0.126927564068567
2.212967204 0.521412864340223
2.224257853 1.12838028850756
2.235548502 1.87964110946602
2.246839151 2.70076970057455
2.2581298 3.51725855173518
2.269420449 4.26027682144251
2.280711098 4.87159488664465
2.292001747 5.3073327171621
2.303292396 5.54030813243039
2.314583045 5.56089079302608
2.325873694 5.37639744636957
2.337164343 5.009182440475
2.348454992 4.4936753741109
2.359745641 3.87268782290818
2.37103629 3.19334905508051
2.382326939 2.50303527275531
2.39361758800001 1.84562993491923
2.40490823700001 1.25839856841689
2.41619888600001 0.769686724411728
2.42748953500001 0.397562385834032
2.43878018400001 0.149432796366374
2.45007083300001 0.0225787884697817
2.46136148200001 0.0054747104527391
2.47265213100001 0.0797048844108668
2.48394278000001 0.222252033786613
2.49523342900001 0.407920904179738
2.50652407800001 0.611670693773076
2.51781472700001 0.810660171865921
2.52910537600001 0.985855078013872
2.54039602500001 1.12310299127064
2.55168667400001 1.21364022734145
2.56297732300001 1.25405243336377
2.57426797200001 1.245760044849
2.58555862100001 1.19413743800428
2.59684927000001 1.10739773903762
2.60813991900001 0.995382795563455
2.61943056800001 0.868390395863219
2.63072121700001 0.736150556023425
2.64201186600001 0.607032878288734
2.65330251500001 0.487531670318987
2.66459316400001 0.382039039972872
2.67588381300001 0.292882679101209
2.68717446200001 0.220578021856282
2.69846511100001 0.164226425284385
2.70975576000001 0.121983284356393
2.72104640900001 0.0915225859924665
2.73233705800001 0.0704361319193575
2.74362770700001 0.0565243009869869
2.75491835600001 0.0479578448483669
2.76620900500001 0.0433135455176082
2.77749965400001 0.0415074046098177
2.78879030300001 0.0416646298193231
2.80008095200001 0.0429740588503803
2.81137160100001 0.0445748425420858
2.82266225000001 0.0455153338201992
2.83395289900001 0.0448094146876022
2.84524354800001 0.0415960813900394
2.85653419700001 0.0353867970395344
2.86782484600001 0.0263650201760277
2.87911549500001 0.0156864578691679
2.89040614400001 0.00571954159717093
2.90169679300001 0.000165153135944072
2.91298744200001 0.0040034580153665
2.92427809100001 0.0232333783697064
2.93556874000001 0.0643951225311485
2.94685938900002 0.133895620199545
2.95815003800002 0.237187260924789
2.96944068700002 0.377878177823029
2.98073133600002 0.556873674116068
2.99202198500002 0.771659960007415
3.00331263400002 1.01584075625172
3.01460328300002 1.27902337020487
3.02589393200002 1.54712385343207
3.03718458100002 1.80312261721393
3.04847523000002 2.02825564232735
3.05976587900002 2.20357656106709
3.07105652800002 2.31177656192904
3.08234717700002 2.3391076759156
3.09363782600002 2.27722564729272
3.10492847500002 2.12475550102866
3.11621912400002 1.88838894953746
3.12750977300002 1.58334902044978
3.13880042200002 1.23310282085934
3.15009107100002 0.868265223063781
3.16138172000002 0.524709621345409
3.17267236900002 0.240980408243246
3.18396301800002 0.0551781080963078
3.19525366700002 0.0015545238635751
3.20654431600002 0.107104557262157
3.21783496500002 0.388467464775522
3.22912561400002 0.849448947883797
3.24041626300002 1.47944472884755
3.25170691200002 2.25298689577368
3.26299756100002 3.13054984303672
3.27428821000002 4.06064921429734
3.28557885900002 4.9831531761681
3.29686950800002 5.83361042892645
3.30816015700002 6.54829409921614
3.31945080600002 7.0695753059192
3.33074145500002 7.35118377233596
3.34203210400002 7.36289228424092
3.35332275300002 7.0941811051276
3.36461340200002 6.55649830887344
3.37590405100002 5.78382940369096
3.38719470000002 4.83141808761716
3.39848534900002 3.772629854635
3.40977599800002 2.69410940717473
3.42106664700002 1.68953792101832
3.43235729600002 0.852433337262897
3.44364794500002 0.268543113172354
3.45493859400002 0.00844343309149483
3.46622924300002 0.120974090878658
3.47751989200002 0.628100396225782
3.48881054100003 1.52170327731692
3.50010119000003 2.76266158254764
3.51139183900003 4.28241606235767
3.52268248800003 5.98700591819617
3.53397313700003 7.76336205057997
3.54526378600003 9.48744348723535
3.55655443500003 11.0336321013379
3.56784508400003 12.2846712384498
3.57913573300003 13.1413588795974
3.59042638200003 13.531193925997
3.60171703100003 13.4152285031016
3.61300768000003 12.7924977427276
3.62429832900003 11.7015736902055
3.63558897800003 10.2190091277779
3.64687962700003 8.4546834007652
3.65817027600003 6.54431613707644
3.66946092500003 4.6396551620983
3.68075157400003 2.89705150070596
3.69204222300003 1.46528890956061
3.70333287200003 0.473623492659034
3.71462352100003 0.0210013515190347
3.72591417000003 0.167355692461025
3.73720481900003 0.927742626822594
3.74849546800003 2.269866705504
3.75978611700003 4.11528841091885
3.77107676600003 6.34431636039405
3.78236741500003 8.80428986017108
3.79365806400003 11.3206768772361
3.80494871300003 13.7101718522632
3.81623936200003 15.7947976790539
3.82753001100003 17.4159127026958
3.83882066000003 18.4470068507303
3.85011130900003 18.804244192789
3.86140195800003 18.4538681827083
3.87269260700003 17.41581930998
3.88398325600003 15.763205290638
3.89527390500003 13.6175886966067
3.90656455400003 11.1403902878725
3.91785520300003 8.52102137031739
3.92914585200003 5.96262941344514
3.94043650100003 3.66654529083698
3.95172715000003 1.81664032814152
3.96301779900003 0.564825957318387
3.97430844800003 0.01885488635983
3.98559909700003 0.233414979355417
3.99688974600003 1.20525786954034
4.00818039500003 2.87279283067569
4.01947104400003 5.12022701818048
4.03076169300004 7.785973604923
4.04205234200004 10.6747084235852
4.05334299100004 13.5721610912007
4.06463364000004 16.2615023286911
4.07592428900004 18.5400538954896
4.08721493800004 20.235012774951
4.09850558700004 21.2169504602866
4.10979623600004 21.4100165084597
4.12108688500004 20.7980300195463
4.13237753400004 19.4259634021684
4.14366818300004 17.3966843032772
4.15495883200004 14.8631951158278
4.16624948100004 12.0169651623317
4.17754013000004 9.07325996766079
4.18883077900004 6.25461013160922
4.20012142800004 3.77371003395115
4.21141207700004 1.81708205064599
4.22270272600004 0.530781455061984
4.23399337500004 0.00925557628606442
4.24528402400004 0.288221074788242
4.25657467300004 1.3421054360728
4.26786532200004 3.08623847873026
4.27915597100004 5.38360569348932
4.29044662000004 8.05561746369971
4.30173726900004 10.8960351520289
4.31302791800004 13.6869514566879
4.32431856700004 16.2155674329652
4.33560921600004 18.2904540195173
4.34689986500004 19.756035544778
4.35819051400004 20.5041818654861
4.36948116300004 20.482031891629
4.38077181200004 19.6954747759754
4.39206246100004 18.208061227516
4.40335311000004 16.1354782666534
4.41464375900004 13.6360673711586
4.42593440800004 10.8981708826273
4.43722505700004 8.12533090159254
4.44851570600004 5.52052036752103
4.45980635500004 3.27064621701959
4.47109700400004 1.53252584864744
4.48238765300004 0.421404992245337
4.49367830200004 0.00286941333739978
4.50496895100004 0.288723075800269
4.51625960000004 1.2370847260574
4.52755024900004 2.75661957200702
4.53884089800004 4.7144997995787
4.55013154700004 6.94740265759849
4.56142219600004 9.27462982553447
4.57271284500005 11.5122836237167
4.58400349400005 13.4873747051184
4.59529414300005 15.0507653367176
4.60658479200005 16.0879680495088
4.61787544100005 16.5270102587509
4.62916609000005 16.3428245478393
4.64045673900005 15.557910446251
4.65174738800005 14.2393129646257
4.66303803700005 12.4922515894296
4.67432868600005 10.4509880473237
4.68561933500005 8.26772236516279
4.69690998400005 6.1004398121147
4.70820063300005 4.10068733910114
4.71949128200005 2.40223471839999
4.73078193100005 1.11147682526669
4.74207258000005 0.300269485886952
4.75336322900005 0.00167714918649632
4.76465387800005 0.208865073513443
4.77594452700005 0.877112506662213
4.78723517600005 1.92867747711678
4.79852582500005 3.26002781619367
4.80981647400005 4.75078335780439
4.82110712300005 6.27360306756994
4.83239777200005 7.70420511107409
4.84368842100005 8.93072896850548
4.85497907000005 9.86173250431437
4.86626971900005 10.4322542735998
4.87756036800005 10.6075490884202
4.88885101700005 10.3843069385381
4.90014166600005 9.78937432088678
4.91143231500005 8.87619553762333
4.92272296400005 7.71936377173111
4.93401361300005 6.40780474118971
4.94530426200005 5.0372002490277
4.95659491100005 3.7022901752581
4.96788556000005 2.4896692218359
4.97917620900005 1.4716233106559
4.99046685800005 0.70143815265974
5.00175750700005 0.210470419515241
5.01304815600005 0.0071134006396853
5.02433880500005 0.0776280270407618
5.03562945400005 0.388660240475407
5.04692010300005 0.89113883941323
5.05821075200005 1.52515355733681
5.06950140100005 2.22535740802292
5.08079205000005 2.92642284112987
5.09208269900005 3.5681069067458
5.10337334800005 4.09954196219853
5.11466399700006 4.48245817301585
5.12595464600006 4.69315281755544
5.13724529500006 4.72313872919087
5.14853594400006 4.5785194788357
5.15982659300006 4.27824228521916
5.17111724200006 3.85146293156245
5.18240789100006 3.33431421600021
5.19369854000006 2.76639738530168
5.20498918900006 2.18731412270147
5.21627983800006 1.6335271984993
5.22757048700006 1.13578539988864
5.23886113600006 0.71727917255195
5.25015178500006 0.39261496881716
5.26144243400006 0.167616393072503
5.27273308300006 0.0398862600689404
5.28402373200006 1.97461577977967e-006
5.29531438100006 0.0331719560266085
5.30660503000006 0.121155987419137
5.31789567900006 0.244248108729631
5.32918632800006 0.383135715051759
5.34047697700006 0.520479825302581
5.35176762600006 0.642104651550292
5.36305827500006 0.737734391946869
5.37434892400006 0.801266091935171
5.38563957300006 0.83061427394119
5.39693022200006 0.827201436858883
5.40822087100006 0.795195286531279
5.41951152000006 0.740606942002149
5.43080216900006 0.670364173128383
5.44209281800006 0.591461228040618
5.45338346700006 0.510264503453198
5.46467411600006 0.432024585583607
5.47596476500006 0.360613898843135
5.48725541400006 0.298479210566296
5.49854606300006 0.246772999195108
5.50983671200006 0.20560985831705
5.52112736100006 0.174385284309743
5.53241801000006 0.152094796297118
5.54370865900006 0.137600593263504
5.55499930800006 0.129809047654784
5.56628995700006 0.127742660220766
5.57758060600006 0.13051160068969
5.58887125500006 0.137209514366402
5.60016190400006 0.146773092848645
5.61145255300006 0.15785286511737
5.62274320200006 0.168742573539929
5.63403385100006 0.177406251457412
5.64532450000006 0.181626713119682
5.65661514900007 0.179278594195351
5.66790579800007 0.168706094905632
5.67919644700007 0.149163365566865
5.69048709600007 0.121257271957194
5.70177774500007 0.0873209677807974
5.71306839400007 0.0516444399552902
5.72435904300007 0.0204961105993121
5.73564969200007 0.00188759313766228
5.74694034100007 0.00506045309906964
5.75823099000007 0.0397067786723769
5.76952163900007 0.114971030372998
5.78081228800007 0.238314917908279
5.79210293700007 0.414355682157364
5.80339358600007 0.643807187520999
5.81468423500007 0.922659480303325
5.82597488400007 1.2417239563953
5.83726553300007 1.58664751153218
5.84855618200007 1.93846117393706
5.85984683100007 2.27467953467475
5.87113748000007 2.57091103979137
5.88242812900007 2.80288123481602
5.89371877800007 2.94871731283435
5.90500942700007 2.99129879880658
5.91630007600007 2.92045130254051
5.92759072500007 2.73475220283818
5.93888137400007 2.44273140186985
5.95017202300007 2.06328736263298
5.96146267200007 1.6251967159421
5.97275332100007 1.16567078187778
5.98404397000007 0.72799841470746
5.99533461900007 0.358404167894266
6.00662526800007 0.102335537574914
6.01791591700007 0.000464518488645644
6.02920656600007 0.0847391341029066
6.04049721500007 0.374843706976995
6.05178786400007 0.875418314888873
6.06307851300007 1.57434672417541
6.07436916200007 2.44234967858511
6.08565981100007 3.43402133176689
6.09695046000007 4.49032817689501
6.10824110900007 5.54246160332385
6.11953175800007 6.5168082144042
6.13082240700007 7.34068781557908
6.14211305600007 7.94841856643562
6.15340370500007 8.28721168523556
6.16469435400007 8.32238131933751
6.17598500300007 8.04138252760759
6.18727565200007 7.45626179533562
6.19856630100008 6.60421622270906
6.20985695000008 5.54610182998118
6.22114759900008 4.36289737916069
6.23243824800008 3.15030435529936
6.24372889700008 2.01183154551609
6.25501954600008 1.05085914085872
6.26631019500008 0.362288783709479
6.27760084400008 0.0244512416179773
6.28889149300008 0.091954675992729
6.30018214200008 0.590110399098547
6.31147279100008 1.51147099350688
6.32276344000008 2.81486400003054
6.33405408900008 4.4271138794947
6.34534473800008 6.24743019388492
6.35663538700008 8.15421814660122
6.36792603600008 10.0138572370823
6.37921668500008 11.690813002087
6.39050733400008 13.0583119591673
6.40179798300008 14.0087339470245
6.41308863200008 14.4628675457761
6.42437928100008 14.377236224434
6.43566993000008 13.7488325296615
6.44696057900008 12.6167864384812
6.45825122800008 11.0607281487994
6.46954187700008 9.19586704838474
6.48083252600008 7.16507652965874
6.49212317500008 5.12852669764994
6.50341382400008 3.25162251435699
6.51470447300008 1.69216467758176
6.52599512200008 0.587739817132186
6.53728577100008 0.0443561453436932
6.54857642000008 0.127267641040451
6.55986706900008 0.854778070913363
6.57115771800008 2.19559616550404
6.58244836700008 4.07004146197702
6.59373901600008 6.35509775100211
6.60502966500008 8.89300177493192
6.61632031400008 11.5027639457667
6.62761096300008 13.9937695208445
6.63890161200008 16.1804240190432
6.65019226100008 17.8967019920428
6.66148291000008 19.009443641644
6.67277355900008 19.429322056271
6.68406420800008 19.1185703311567
6.69535485700008 18.0948005439961
6.70664550600008 16.430547061293
6.71793615500008 14.2485015197921
6.72922680400008 11.7127494730658
6.74051745300009 9.01664150633227
6.75180810200009 6.36820822611044
6.76309875100009 3.97423596035458
6.77438940000009 2.02424063093362
6.78568004900009 0.67560029951636
6.79697069800009 0.0410293603720694
6.80826134700009 0.179404411898442
6.81955199600009 1.09069642974837
6.83084264500009 2.71544574706941
6.84213329400009 4.93886054129784
6.85342394300009 7.59925431639617
6.86471459200009 10.5001925230248
6.87600524100009 13.4254208522422
6.88729589000009 16.155422073338
6.89858653900009 18.4843130998649
6.90987718800009 20.2357605903263
6.92116783700009 21.2766649875768
6.93245848600009 21.5275341814578
6.94374913500009 20.9687255879121
6.95503978400009 19.6420590150324
6.96633043300009 17.6476665001026
6.97762108200009 15.1363203233145
6.98891173100009 12.2978366580112
7.00020238000009 9.34646131150256
7.01149302900009 6.50438104609726
7.02278367800009 3.98465014470134
7.03407432700009 1.97486562195797
7.04536497600009 0.622862459024832
7.05665562500009 0.0255376479078981
7.06794627400009 0.221661933360734
7.07923692300009 1.18922117818065
7.09052757200009 2.84747080962334
7.10181822100009 5.06351561720782
7.11310887000009 7.66287293673852
7.12439951900009 10.443168122931
7.13569016800009 13.1898715449631
7.14698081700009 15.6928347593245
7.15827146600009 17.7623314396796
7.16956211500009 19.243359412525
7.18085276400009 20.0271088118485
7.19214341300009 20.058735159184
7.20343406200009 19.3408756140504
7.21472471100009 17.9326871626261
7.22601536000009 15.9445395180296
7.23730600900009 13.5288346167785
7.24859665800009 10.8677219650582
7.25988730700009 8.15871155163772
7.27117795600009 5.59933595178081
7.2824686050001 3.37206982066967
7.2937592540001 1.63067509111117
7.3050499030001 0.489008523632097
7.3163405520001 0.0131167901995057
7.3276312010001 0.217171215068202
7.3389218500001 1.06348251024543
7.3502124990001 2.46651091544645
7.3615031480001 4.30047527301758
7.3727937970001 6.40989039484072
7.3840844460001 8.6221467627385
7.3953750950001 10.7611061406268
7.4066657440001 12.6606307021284
7.4179563930001 14.1769944133438
7.4292470420001 15.1992391943345
7.4405376910001 15.656723779827
7.4518283400001 15.5233536435403
7.4631189890001 14.8182552164303
7.4744096380001 13.6029440073673
7.4857002870001 11.9753108530275
7.4969909360001 10.0609916552949
7.5082815850001 8.00287516397734
7.5195722340001 5.949626890483
7.5308628830001 4.04415706127663
7.5421535320001 2.41293481703497
7.5534441810001 1.1569540036224
7.5647348300001 0.34499791190584
7.5760254790001 0.0096459051558252
7.5873161280001 0.146232052491675
7.5986067770001 0.714724435454557
7.6098974260001 1.64426354498865
7.6211880750001 2.83989739486888
7.6324787240001 4.19089486956142
7.6437693730001 5.57991843285777
7.6550600220001 6.89229871741471
7.6663506710001 8.02467746627178
7.6776413200001 8.89236740093887
7.6889319690001 9.4349088167164
7.7002226180001 9.61947031923173
7.7115132670001 9.44192987595822
7.7228039160001 8.92566588461153
7.7340945650001 8.11827015611994
7.7453852140001 7.08655108935334
7.7566758630001 5.9103141627701
7.7679665120001 4.67548011150416
7.7792571610001 3.46712489569943
7.7905478100001 2.36300022048845
7.8018384590001 1.42802346566899
7.8131291080001 0.710119487390513
7.82441975700011 0.237664621489492
7.83571040600011 0.0186377569981771
7.84700105500011 0.0414374804761361
7.85829170400011 0.277190318475997
7.86958235300011 0.683263677947704
7.88087300200011 1.20761636427538
7.89216365100011 1.7935746316761
7.90345430000011 2.38461431696814
7.91474494900011 2.92875811077817
7.92603559800011 3.38225678975554
7.93732624700011 3.71230717035913
7.94861689600011 3.89865884969485
7.95990754500011 3.93406684354471
7.97119819400011 3.82364846187541
7.98248884300011 3.58329154733759
7.99377949200011 3.23733055881124
8.00507014100011 2.81575210856306
8.01636079000011 2.35121014766859
8.02765143900011 1.87612328448616
8.03894208800011 1.4200953395855
8.0502327370001 1.00784980619783
8.0615233860001 0.657805460183778
8.0728140350001 0.381350798161869
8.0841046840001 0.182806222136705
8.0953953330001 0.0600013102558907
8.1066859820001 0.00534535181879375
8.1179766310001 0.00723624478062042
8.1292672800001 0.0516376951179733
8.1405579290001 0.123657372343265
8.1518485780001 0.208977457709906
8.1631392270001 0.295020599860371
8.1744298760001 0.371774354579321
8.1857205250001 0.432240882883388
8.1970111740001 0.472521162530429
8.2083018230001 0.491579878130638
8.21959247200009 0.490765062588071
8.23088312100009 0.473173263044481
8.24217377000009 0.442955680296729
8.25346441900009 0.404653955293238
8.26475506800009 0.362637868578742
8.27604571700009 0.320693968589019
8.28733636600009 0.281787445941169
8.29862701500009 0.247993001074015
8.30991766400009 0.22056735116428
8.32120831300009 0.20011911030182
8.33249896200009 0.186822860841896
8.34378961100009 0.180624023094406
8.35508026000009 0.181389187318106
8.36637090900009 0.188971396321296
8.37766155800009 0.203179104666885
8.38895220700008 0.22365828953417
8.40024285600008 0.249716367415658
8.41153350500008 0.280131307797304
8.42282415400008 0.312997330145251
8.43411480300008 0.345658393726764
8.44540545200008 0.37477197597155
8.45669610100008 0.396529155208901
8.46798675000008 0.407034611024617
8.47927739900008 0.402824552581194
8.49056804800008 0.381475080149182
8.50185869700008 0.342231570182639
8.51314934600008 0.286574618015895
8.52443999500008 0.218632510725207
8.53573064400008 0.145355787127085
8.54702129300007 0.0763865840025801
8.55831194200007 0.0235832148567533
8.56960259100007 0.000196487090748284
8.58089324000007 0.0197351791144947
8.59218388900007 0.0945995672987423
8.60347453800007 0.234599191247387
8.61476518700007 0.445499531292367
8.62605583600007 0.727757898445293
8.63734648500007 1.07560863966881
8.64863713400007 1.4766402532752
8.65992778300007 1.9119724437088
8.67121843200007 2.35709160970773
8.68250908100007 2.78334258509924
8.69379973000007 3.16000793108231
8.70509037900007 3.45684002360048
8.71638102800006 3.64685233960278
8.72767167700006 3.70913125478838
8.73896232600006 3.63140396516193
8.75025297500006 3.41209596283142
8.76154362400006 3.06163493576845
8.77283427300006 2.60280676099637
8.78412492200006 2.07004067066693
8.79541557100006 1.5075895613655
8.80670622000006 0.966670628100351
8.81799686900006 0.501732407547592
8.82928751800006 0.166107550447591
8.84057816700006 0.00738696546850386
8.85186881600006 0.062902137062731
8.86315946500006 0.355721998238122
8.87445011400006 0.891554851375996
8.88574076300005 1.65689363164874
8.89703141200005 2.61865674014009
8.90832206100005 3.72546241977971
8.91961271000005 4.91054078123211
8.93090335900005 6.09614494300403
8.94219400800005 7.199183556149
8.95348465700005 8.13767381754805
8.96477530600005 8.83751874891237
8.97606595500005 9.23905497593675
8.98735660400005 9.30280457817303
8.99864725300005 9.0139002706987
9.00993790200005 8.38473660151896
9.02122855100005 7.45552615216468
9.03251920000005 6.29260007121664
9.04380984900004 4.98447442378953
9.05510049800004 3.63589312018051
9.06639114700004 2.36023863731283
9.07768179600004 1.27085748107769
9.08897244500004 0.471963929228367
9.10026309400004 0.0498513889527431
9.11155374300004 0.0651479393811094
9.12284439200004 0.54679826003092
9.13413504100004 1.48834027909113
9.14542569000004 2.8468787808024
9.15671633900004 4.54495188303384
9.16800698800004 6.47525558996261
9.17929763700004 8.50795503335061
9.19058828600004 10.5000881785939
9.20187893500004 12.3063778375718
9.21316958400003 13.790627812711
9.22446023300003 14.8368022605995
9.23575088200003 15.3588823797548
9.24704153100003 15.3086640078697
9.25833218000003 14.680800213773
9.26962282900003 13.5145949995078
9.28091347800003 11.8923028855258
9.29220412700003 9.93396522547848
9.30349477600003 7.78909556442704
9.31478542500003 5.62579015639641
9.32607607400003 3.61806370223024
9.33736672300003 1.93237500893709
9.34865737200003 0.714397593141435
9.35994802100003 0.0770970289993643
9.37123867000003 0.0910975388132626
9.38252931900002 0.778159453318758
9.39381996800002 2.10835806181695
9.40511061700002 4.00127038741838
9.41640126600002 6.33116162322882
9.42769191500002 8.93584238578617
9.43898256400002 11.6285675729998
9.45027321300002 14.2120922716731
9.46156386200002 16.4938114173948
9.47285451100002 18.3008042624103
9.48414516000002 19.4935921301743
9.49543580900002 19.9775009595138
9.50672645800002 19.7106935321937
9.51801710700002 18.7081873520232
9.52930775600002 17.0414837070154
9.54059840500001 14.8337772802647
9.55188905400001 12.2510664591757
9.56317970300001 9.48981400319771
9.57447035200001 6.76208914146923
9.58576100100001 4.279332265521
9.59705165000001 2.23600448356385
9.60834229900001 0.794405779373562
9.61963294800001 0.0718647139572215
9.63092359700001 0.131325128298712
9.64221424600001 0.976094629909186
9.65350489500001 2.54919608845277
9.66479554400001 4.73740246799938
9.67608619300001 7.37966580924473
9.68737684200001 10.2793026315882
9.69866749100001 13.2189985010282
9.70995814 15.9774682278536
9.721248789 18.3464735294954
9.732539438 20.1468681020446
9.743830087 21.2424137213269
9.755120736 21.5502845716482
9.766411385 21.047436748871
9.777702034 19.7723451188117
9.788992683 17.8219744603994
9.800283332 15.3442269315757
9.811573981 12.5264633913343
9.82286463 9.58100363047443
9.834155279 6.72874564872675
9.845445928 4.18218818782494
9.856736577 2.12918257855979
9.868027226 0.718676628931299
9.87931787499999 0.049550278823643
9.89060852399999 0.163393566902113
9.90189917299999 1.04176244578691
9.91318982199999 2.60809266352865
9.92448047099999 4.73408490352783
9.93577111999999 7.25002498775824
9.94706176899999 9.95819891286
9.95835241799999 12.6483276560871
9.96964306699999 15.1137991478629
9.98093371599999 17.1674254743007
9.99222436499999 18.6555051682304
10.003515014 19.46911814093
10.014805663 19.5518115234491
10.026096312 18.9031290296123
10.037386961 17.5777701485873
10.04867761 15.6805113946536
10.059968259 13.3573522336586
10.071258908 10.7836370495345
10.082549557 8.15012921444805
10.093840206 5.64815707236401
10.105130855 3.45500430164149
10.116421504 1.72067604246512
10.127712153 0.55704229993115
10.139002802 0.0301534633106744
10.150293451 0.156257281183665
10.1615841 0.901744666692528
10.172874749 2.18693814781004
10.184165398 3.89333693240046
10.195456047 5.87367010771582
10.206746696 7.96390459995613
10.218037345 9.9962222565615
10.229327994 11.8119296527774
10.240618643 13.2732970456572
10.251909292 14.2734345782453
10.263199941 14.7434933872526
10.27449059 14.6567104859496
10.285781239 14.0290792117167
10.297071888 12.9166996371264
10.308362537 11.4101234500378
10.319653186 9.62623485186897
10.330943835 7.69838571796331
10.342234484 5.76561692424467
10.353525133 3.96184119521846
10.364815782 2.40583483461116
10.376106431 1.19279089077441
10.38739708 0.388034618514816
10.398687729 0.0233077823076996
10.409978378 0.0958086652851872
10.421269027 0.569948349644211
10.432559676 1.38156954622244
10.443850325 2.44418894702879
10.455140974 3.65668172093145
10.466431623 4.91173727517791
10.477722272 6.1043839310115
10.489012921 7.1399068824189
10.50030357 7.94056407303503
10.511594219 8.45062953874488
10.522884868 8.63945108631323
10.534175517 8.50238449741561
10.545466166 8.05964447147027
10.556756815 7.35327840616523
10.568047464 6.44260970077374
10.579338113 5.39860211838949
10.590628762 4.29765891502698
10.601919411 3.21538691973079
10.61321006 2.22082752177298
10.6245007089999 1.37158831902245
10.6357913579999 0.710208894798406
10.6470820069999 0.261972038482852
10.6583726559999 0.0342392637691009
10.6696633049999 0.0172585344814841
10.6809539539999 0.186273738971248
10.6922446029999 0.504669024308332
10.7035352519999 0.92781355020391
10.7148259009999 1.40723758237179
10.7261165499999 1.89477004082595
10.7374071989999 2.34629855352777
10.7486978479999 2.72487097268003
10.7599884969999 3.00293532586851
10.7712791459999 3.16360506961174
10.7825697949999 3.20092951622353
10.7938604439999 3.1192369242845
10.8051510929999 2.93169252318966
10.8164417419999 2.65826988505466
10.8277323909999 2.32336785563482
10.8390230399999 1.95331530984594
10.8503136889999 1.57399320273903
10.8616043379999 1.20877070841475
10.8728949869999 0.876904302137419
10.8841856359999 0.592491184707448
10.8954762849999 0.364007707153841
10.9067669339999 0.194405522985238
10.9180575829999 0.081688446211557
10.9293482319999 0.0198555941180491
10.9406388809999 7.39743726991599e-005
10.9519295299999 0.0119371660156331
10.9632201789999 0.0446753894112097
10.9745108279999 0.0882038106520559
10.9858014769999 0.133926962529053
10.9970921259999 0.17525353161691
11.0083827749999 0.207813051746104
11.0196734239999 0.229400084022206
11.0309640729999 0.239698747704293
11.0422547219999 0.239858501353897
11.0535453709999 0.231999594523472
11.0648360199999 0.218723652234849
11.0761266689999 0.202692679405823
11.0874173179999 0.186320660902
11.0987079669999 0.171598870591545
11.1099986159999 0.160052297390148
11.1212892649999 0.152803470484262
11.1325799139999 0.150704171651819
11.1438705629999 0.154487019682371
11.1551612119999 0.164888646084662
11.1664518609999 0.18270398545727
11.1777425099999 0.208745832443227
11.1890331589999 0.243703108459688
11.2003238079999 0.287912429514638
11.2116144569999 0.341077471068237
11.2229051059999 0.401986280225554
11.2341957549999 0.468285557954
11.2454864039999 0.536371299690345
11.2567770529999 0.601446366095508
11.2680677019999 0.657778054419978
11.2793583509999 0.699164214095253
11.2906489999999 0.719587569250396
