0 0
0.011290649 0
0.022581298 3.8643053713975e-006
0.033871947 6.08004049259035e-005
0.045162596 0.000371157368554432
0.056453245 0.00144017814763205
0.067743894 0.00424891094697004
0.079034543 0.0104049676942394
0.090325192 0.0222343317831209
0.101615841 0.0427793867993443
0.11290649 0.0756775684885858
0.124197139 0.124908724417506
0.135487788 0.194416041866079
0.146778437 0.287623492899871
0.158069086 0.406890112511013
0.169359735 0.552955988276829
0.180650384 0.724444681882598
0.191941033 0.917490382283913
0.203231682 1.12555441952926
0.214522331 1.33948454679458
0.22581298 1.54785208470662
0.237103629 1.73757783620825
0.248394278 1.89482953086314
0.259684927 2.00614390085719
0.270975576 2.05969812906921
0.282266225 2.04663124469897
0.293556874 1.96229880750633
0.304847523 1.80733621349201
0.316138172 1.58840878664322
0.327428821 1.31854122872342
0.33871947 1.01694471109984
0.350010119 0.708295586824898
0.361300768 0.421463049986488
0.372591417 0.187730878486793
0.383882066 0.0386068285769522
0.395172715 0.00335811775629406
0.406463364 0.106448542291336
0.417754013 0.365078287171869
0.429044662 0.7870382701367
0.440335311 1.36908481273885
0.45162596 2.09601671738603
0.462916609 2.94059604298661
0.474207258 3.86439807578916
0.485497907 4.81960864137031
0.496788556 5.7517126490794
0.508079205 6.60294214001191
0.519369854 7.31628115145745
0.530660503 7.83976447010683
0.541951152 8.13076341578189
0.553241801 8.15992882642207
0.56453245 7.91446267801192
0.575823099 7.40041682461916
0.587113747999999 6.6437697919344
0.598404396999999 5.69010798093972
0.609695045999999 4.60283165816332
0.620985694999999 3.45991262238915
0.632276343999999 2.34934199773346
0.643566992999999 1.36351492530113
0.654857641999999 0.592895487246961
0.666148290999999 0.119381885238362
0.677438939999999 0.00984165796488801
0.688729588999999 0.310304169643297
0.700020237999999 1.04127950956965
0.711310886999999 2.19461861590685
0.722601535999999 3.73224089333893
0.733892184999999 5.5869375534476
0.745182833999999 7.66531856948237
0.756473482999999 9.85281776612393
0.767764131999999 12.0205148876032
0.779054780999999 14.033386961051
0.790345429999999 15.7594752565064
0.801636078999999 17.0793590470152
0.812926727999999 17.8952718192754
0.824217376999999 18.1391856966209
0.835508025999999 17.7792286482834
0.846798674999999 16.8238861555784
0.858089323999999 15.3235703889806
0.869379972999999 13.3693081723834
0.880670621999999 11.0884935689962
0.891961270999999 8.63785889615341
0.903251919999999 6.19402486872809
0.914542568999999 3.94218130979175
0.925833217999999 2.06360988236625
0.937123866999999 0.722876608618674
0.948414515999999 0.0555841818328741
0.959705164999999 0.157575346260037
0.970995813999999 1.07641614766677
0.982286462999999 2.80586336538553
0.993577111999999 5.28384020141989
1.004867761 8.39421888372624
1.01615841 11.9724524899269
1.027449059 15.8148280717973
1.038739708 19.6908478023767
1.050030357 23.3580035177103
1.061321006 26.5780108605139
1.072611655 29.133428120465
1.083902304 30.8435141352769
1.095192953 31.5781870433663
1.106483602 31.2690337565923
1.117774251 29.9164855897583
1.1290649 27.5925097474819
1.140355549 24.4384553243043
1.151646198 20.6580177197699
1.162936847 16.5056252654022
1.174227496 12.2708829509204
1.185518145 8.26000676110312
1.196808794 4.77542609814036
1.208099443 2.09490196619817
1.219390092 0.451590487327119
1.230680741 0.0164660896741753
1.24197139 0.88440410043856
1.253262039 3.06501315429154
1.264552688 6.47901528324951
1.275843337 10.9606135085717
1.287133986 16.2658861126625
1.298424635 22.0868301634704
1.309715284 28.0702729013643
1.321005933 33.8405069039995
1.332296582 39.0242101492976
1.343587231 43.2760079041392
1.35487788 46.3029368389745
1.366168529 47.8860929593816
1.377459178 47.8978859839173
1.388749827 46.313577505115
1.400040476 43.2161343500312
1.411331125 38.7938603571521
1.422621774 33.3307516049257
1.433912423 27.1900199730494
1.445203072 20.7917136262626
1.456493721 14.585796567561
1.46778437 9.02240132798051
1.479075019 4.52121245258037
1.490365668 1.44205380303708
1.501656317 0.0587282805389832
1.512946966 0.537992220331132
1.524237615 2.92524605202577
1.535528264 7.13810500631065
1.546818913 12.9685044036444
1.558109562 20.0934261209765
1.569400211 28.0937438557416
1.58069086 36.4801148820694
1.591981509 44.724334924841
1.603272158 52.2941573107006
1.614562807 58.6892887604438
1.625853456 63.4761351612171
1.637144105 66.3188947277319
1.648434754 67.0047855275795
1.659725403 65.4615404436498
1.671016052 61.7657852992196
1.682306701 56.141505204437
1.69359735 48.9484622566292
1.704887999 40.6611109658245
1.716178648 31.839219848739
1.727469297 23.092002583648
1.738759946 15.0380475458391
1.750050595 8.26367461146957
1.761341244 3.28251616983466
1.772631893 0.499099887465131
1.783922542 0.179001025738051
1.795213191 2.42774214308722
1.80650384 7.18007053085279
1.817794489 14.2005727670427
1.829085138 23.0958345675779
1.840375787 33.3375723497738
1.851666436 44.2954034356662
1.862957085 55.2772370440128
1.874247734 65.5747065618936
1.885538383 74.5106660355206
1.896829032 81.4855709667005
1.908119681 86.0195732316314
1.91941033 87.7873859461751
1.930700979 86.6434053500533
1.941991628 82.6351879678559
1.953282277 76.0041343082942
1.964572926 67.1730766118871
1.975863575 56.721351748421
1.987154224 45.3488017546068
1.998444873 33.8309245114232
2.009735522 22.9680409368873
2.021026171 13.5318063180971
2.03231682 6.21263712518156
2.043607469 1.57163013659758
2.054898118 0.000313134649803645
2.066188767 1.69109747582094
2.077479416 6.62063017784664
2.088770065 14.5474088695076
2.100060714 25.0240808780694
2.111351363 37.4238600551158
2.122642012 50.9795280504533
2.133932661 64.8326067770721
2.14522331 78.0895571442593
2.156513959 89.8813281106263
2.167804608 99.4222893002145
2.179095257 106.064553727908
2.190385906 109.343940913242
2.201676555 109.014332840156
2.212967204 105.067906069263
2.224257853 97.7396369985186
2.235548502 87.4955147725424
2.246839151 75.0049892463019
2.2581298 61.099256422791
2.269420449 46.7179676483717
2.280711098 32.8477733302296
2.292001747 20.4567185539995
2.303292396 10.4288521269184
2.314583045 3.50346479000354
2.325873694 0.223128439427321
2.337164343 0.894178104124748
2.348454992 5.56249369417678
2.359745641 14.0064484831524
2.37103629 25.7477599205598
2.382326939 40.0797802410909
2.39361758800001 56.1115796365997
2.40490823700001 72.8250839461906
2.41619888600001 89.1416071670819
2.42748953500001 103.993431478688
2.43878018400001 116.395683849268
2.45007083300001 125.513670057507
2.46136148200001 130.721064569471
2.47265213100001 131.644906678868
2.48394278000001 128.194186689441
2.49523342900001 120.569868206217
2.50652407800001 109.255415084888
2.51781472700001 94.9881937497432
2.52910537600001 78.7134164241825
2.54039602500001 61.5234906435901
2.55168667400001 44.5866628216452
2.56297732300001 29.0696171251985
2.57426797200001 16.0591599011242
2.58555862100001 6.48824870349849
2.59684927000001 1.07140046974015
2.60813991900001 0.253946214739764
2.61943056800001 4.17872370464801
2.63072121700001 12.672670210778
2.64201186600001 25.254467746304
2.65330251500001 41.1629893833814
2.66459316400001 59.4048909977885
2.67588381300001 78.8183829338316
2.68717446200001 98.1490902369567
2.69846511100001 116.133046518226
2.70975576000001 131.581326652549
2.72104640900001 143.460647676354
2.73233705800001 150.964471613334
2.74362770700001 153.569719184616
2.75491835600001 151.075114944016
2.76620900500001 143.618374685743
2.77749965400001 131.670837873449
2.78879030300001 116.009649713839
2.80008095200001 97.6691092614618
2.81137160100001 77.8742197242739
2.82266225000001 57.9607081553823
2.83395289900001 39.2867388617475
2.84524354800001 23.1421605970577
2.85653419700001 10.6613567152096
2.86782484600001 2.74559034093687
2.87911549500001 0.000160876764872444
2.89040614400001 2.69074840854027
2.90169679300001 10.722078323948
2.91298744200001 23.6405704155311
2.92427809100001 40.6610415309213
2.93556874000001 60.7159146555946
2.94685938900002 82.5238588565662
2.95815003800002 104.673447643819
2.96944068700002 125.716369997944
2.98073133600002 144.264032330001
2.99202198500002 159.081101371136
3.00331263400002 169.16968081936
3.01460328300002 173.838383040668
3.02589393200002 172.751517023567
3.03718458100002 165.954904197562
3.04847523000002 153.876370873161
3.05976587900002 137.300648755368
3.07105652800002 117.320131291741
3.08234717700002 95.2645683147438
3.09363782600002 72.6142237536029
3.10492847500002 50.9021723150797
3.11621912400002 31.6121908942384
3.12750977300002 16.0790533072715
3.13880042200002 5.39793524827808
3.15009107100002 0.34908304758807
3.16138172000002 1.34292818249797
3.17267236900002 8.38950135144458
3.18396301800002 21.0944015917845
3.19525366700002 38.6818126409905
3.20654431600002 60.0432477354096
3.21783496500002 83.8089667141109
3.22912561400002 108.437463083997
3.24041626300002 132.317169127963
3.25170691200002 153.87366060109
3.26299756100002 171.675220366354
3.27428821000002 184.529674353671
3.28557885900002 191.565943566019
3.29686950800002 192.294730533286
3.30816015700002 186.644115514021
3.31945080600002 174.96748856349
3.33074145500002 158.023079581932
3.34203210400002 136.926247620091
3.35332275300002 113.077525892819
3.36461340200002 88.0710663542805
3.37590405100002 63.5894752740358
3.38719470000002 41.2919863388922
3.39848534900002 22.7034134479037
3.40977599800002 9.11132505123552
3.42106664700002 1.47838218861655
3.43235729600002 0.375813444881394
3.44364794500002 5.94262374870872
3.45493859400002 17.8734399896585
3.46622924300002 35.435996464822
3.47751989200002 57.517283421943
3.48881054100003 82.6954548597786
3.50010119000003 109.332847015207
3.51139183900003 135.684014918598
3.52268248800003 160.011649882984
3.53397313700003 180.702668426839
3.54526378600003 196.376704254427
3.55655443500003 205.979696621683
3.56784508400003 208.856222854013
3.57913573300003 204.795608838843
3.59042638200003 194.048578514632
3.60171703100003 177.313157797277
3.61300768000003 155.690600179465
3.62429832900003 130.614113280185
3.63558897800003 103.755002677011
3.64687962700003 76.9123871857121
3.65817027600003 51.8937735336609
3.66946092500003 30.3944298399565
3.68075157400003 13.883620167747
3.69204222300003 3.50534560322794
3.70333287200003 0.000305968716951792
3.71462352100003 3.65441019876177
3.72591417000003 14.2774132393819
3.73720481900003 31.2132586143306
3.74849546800003 53.3815913448093
3.75978611700003 79.3478169416857
3.77107676600003 107.417158920616
3.78236741500003 135.746539482077
3.79365806400003 162.466886197125
3.80494871300003 185.807735562212
3.81623936200003 204.215813463924
3.82753001100003 216.459638177656
3.83882066000003 221.713091495152
3.85011130900003 219.612279962051
3.86140195800003 210.281770816511
3.87269260700003 194.328319560744
3.88398325600003 172.802373085767
3.89527390500003 147.129789224898
3.90656455400003 119.018215930273
3.91785520300003 90.3442861323698
3.92914585200003 63.0290918160963
3.94043650100003 38.9102137255866
3.95172715000003 19.618845018007
3.96301779900003 6.47023848756723
3.97430844800003 0.374846231808399
3.98559909700003 1.7761634804892
3.99688974600003 10.6195238903525
4.00818039500003 26.3540386911261
4.01947104400003 47.9676633013996
4.03076169300004 74.0531598550951
4.04205234200004 102.900650855547
4.05334299100004 132.610667244946
4.06463364000004 161.220204477522
4.07592428900004 186.833407072252
4.08721493800004 207.748166958268
4.09850558700004 222.570167864643
4.10979623600004 230.306722250749
4.12108688500004 230.43407596023
4.13237753400004 222.933611413675
4.14366818300004 208.294446372482
4.15495883200004 187.482164611203
4.16624948100004 161.875677757448
4.17754013000004 133.176352647107
4.18883077900004 103.295402521938
4.20012142800004 74.2270077936562
4.21141207700004 47.9156037037991
4.22270272600004 26.126181792492
4.23399337500004 10.3262709221917
4.24528402400004 1.58750246865703
4.25657467300004 0.513372854184853
4.26786532200004 7.19808015603852
4.27915597100004 21.2192453662758
4.29044662000004 41.6650706226256
4.30173726900004 67.1941871315765
4.31302791800004 96.1242583841642
4.32431856700004 126.543476197392
4.33560921600004 156.437547591332
4.34689986500004 183.823723230443
4.35819051400004 206.88293402387
4.36948116300004 224.081214801792
4.38077181200004 234.272296180266
4.39206246100004 236.774491701047
4.40335311000004 231.41671450878
4.41464375900004 218.550512630368
4.42593440800004 199.027277343084
4.43722505700004 174.142103872959
4.44851570600004 145.548012306474
4.45980635500004 115.146219932293
4.47109700400004 84.9597613175898
4.48238765300004 56.9988715093918
4.49367830200004 33.1271055067302
4.50496895100004 14.9371257528201
4.51625960000004 3.64445110080935
4.52755024900004 0.00626772322413613
4.53884089800004 4.27073413727131
4.55013154700004 16.1601801508508
4.56142219600004 34.889338783863
4.57271284500005 59.2174121394354
4.58400349400005 87.5305131002115
4.59529414300005 117.948995705151
4.60658479200005 148.452523887342
4.61787544100005 177.014542254115
4.62916609000005 201.737183199185
4.64045673900005 220.977614056808
4.65174738800005 233.45739838104
4.66303803700005 238.34757868853
4.67432868600005 235.323808402046
4.68561933500005 224.587859939944
4.69690998400005 206.854080237792
4.70820063300005 183.301704398401
4.71949128200005 155.496216244932
4.73078193100005 125.285009034581
4.74207258000005 94.6743125452318
4.75336322900005 65.6955998050312
4.76465387800005 40.2703847376647
4.77594452700005 20.0824245535148
4.78723517600005 6.46584129369177
4.79852582500005 0.316609266344178
4.80981647400005 2.03329092830008
4.82110712300005 11.4909479483315
4.83239777200005 28.0499377472138
4.84368842100005 50.5989770780348
4.85497907000005 77.629568905435
4.86626971900005 107.336799635772
4.87756036800005 137.73976004948
4.88885101700005 166.81354191891
4.90014166600005 192.623999708609
4.91143231500005 213.456293269689
4.92272296400005 227.928653919092
4.93401361300005 235.083813467243
4.94530426200005 234.452036229292
4.95659491100005 226.081596869156
4.96788556000005 210.53472436692
4.97917620900005 188.84933858156
4.99046685800005 162.469186533513
5.00175750700005 133.147088342171
5.01304815600005 102.827787553254
5.02433880500005 73.518248716086
5.03562945400005 47.1540672635645
5.04692010300005 25.4708990773939
5.05821075200005 9.88946452593764
5.06950140100005 1.42175898248529
5.08079205000005 0.604671675593121
5.09208269900005 7.46537378611396
5.10337334800005 21.5207088365246
5.11466399700006 41.8105463745266
5.12595464600006 66.9627958071786
5.13724529500006 95.285672186331
5.14853594400006 124.880999979976
5.15982659300006 153.77095424005
5.17111724200006 180.02976263346
5.18240789100006 201.911583710993
5.19369854000006 217.966055616242
5.20498918900006 227.133854973495
5.21627983800006 228.815959908594
5.22757048700006 222.912082184116
5.23886113600006 209.825801809592
5.25015178500006 190.436164233804
5.26144243400006 166.03773618369
5.27273308300006 138.253212064244
5.28402373200006 108.924479081017
5.29531438100006 79.9894655215322
5.30660503000006 53.3530196782902
5.31789567900006 30.7604367229463
5.32918632800006 13.6820446249549
5.34047697700006 3.21649369393479
5.35176762600006 0.0191206436860865
5.36305827500006 4.2600640591776
5.37434892400006 15.6148084034928
5.38563957300006 33.2876628482555
5.39693022200006 56.0664848021709
5.40822087100006 82.4048827622294
5.41951152000006 110.52631707968
5.43080216900006 138.543080622303
5.44209281800006 164.582178506413
5.45338346700006 186.90969941432
5.46467411600006 204.045406780323
5.47596476500006 214.859964912134
5.48725541400006 218.648404742248
5.49854606300006 215.175044814257
5.50983671200006 204.687005948987
5.52112736100006 187.895563091674
5.53241801000006 165.926723803893
5.54370865900006 140.244466325767
5.55499930800006 112.551875189805
5.56628995700006 84.6768596664983
5.57758060600006 58.4501349704784
5.58887125500006 35.5836239488372
5.60016190400006 17.557368538822
5.61145255300006 5.52243287885416
5.62274320200006 0.226176808690412
5.63403385100006 1.96475572273092
5.64532450000006 10.5658641091027
5.65661514900007 25.4027099453577
5.66790579800007 45.4381219053071
5.67919644700007 69.2956904957343
5.69048709600007 95.3530608429216
5.70177774500007 121.851046703363
5.71306839400007 147.011217162332
5.72435904300007 169.154084944563
5.73564969200007 186.810030364596
5.74694034100007 198.815624339735
5.75823099000007 204.389029228546
5.76952163900007 203.179586960999
5.78081228800007 195.288452083611
5.79210293700007 181.259074422539
5.80339358600007 162.038350961154
5.81468423500007 138.911214391871
5.82597488400007 113.413177091326
5.83726553300007 87.2267883685286
5.84855618200007 62.0689957036213
5.85984683100007 39.5769610104154
5.87113748000007 21.1999363800515
5.88242812900007 8.10435003051856
5.89371877800007 1.09832590224156
5.90500942700007 0.580524511937993
5.91630007600007 6.51654016438208
5.92759072500007 18.4442328146522
5.93888137400007 35.507437041757
5.95017202300007 56.5156054262328
5.96146267200007 80.0252345256315
5.97275332100007 104.437501383729
5.98404397000007 128.105499777155
5.99533461900007 149.443874742944
6.00662526800007 167.033547486948
6.01791591700007 179.714604092106
6.02920656600007 186.661261475493
6.04049721500007 187.434063315163
6.05178786400007 182.006011498153
6.06307851300007 170.761099054539
6.07436916200007 154.46555951095
6.08565981100007 134.21396109513
6.09695046000007 111.353931559192
6.10824110900007 87.3946912463101
6.11953175800007 63.9056076808528
6.13082240700007 42.4115982042737
6.14211305600007 24.292360539139
6.15340370500007 10.6920981873333
6.16469435400007 2.44565299574716
6.17598500300007 0.0258150776271944
6.18727565200007 3.51513001416312
6.19856630100008 12.603864238168
6.20985695000008 26.6140341743679
6.22114759900008 44.5476709990067
6.23243824800008 65.1558962405672
6.24372889700008 87.0240291665384
6.25501954600008 108.666923168488
6.26631019500008 128.628100491739
6.27760084400008 145.576060957292
6.28889149300008 158.391389752549
6.30018214200008 166.238961209564
6.31147279100008 168.620581011979
6.32276344000008 165.404755238024
6.33405408900008 156.831828441476
6.34534473800008 143.494388973704
6.35663538700008 126.294486515437
6.36792603600008 106.380734559897
6.37921668500008 85.0696786211135
6.39050733400008 63.7568141421292
6.40179798300008 43.8232725522932
6.41308863200008 26.5444210351998
6.42437928100008 13.0064302762294
6.43566993000008 4.03627177423984
6.44696057900008 0.14965587460761
6.45825122800008 1.52018060613002
6.46954187700008 7.97151549779455
6.48083252600008 18.9928924166288
6.49212317500008 33.7766217691765
6.50341382400008 51.2749008086681
6.51470447300008 70.2719270251616
6.52599512200008 89.4663551610984
6.53728577100008 107.558503243245
6.54857642000008 123.336459633903
6.55986706900008 135.755382168624
6.57115771800008 144.004798296392
6.58244836700008 147.559572953432
6.59373901600008 146.211347591018
6.60502966500008 140.078590313094
6.61632031400008 129.594841985725
6.62761096300008 115.476198797181
6.63890161200008 98.6704408336019
6.65019226100008 80.2914084689929
6.66148291000008 61.5431663098397
6.67277355900008 43.6391185543944
6.68406420800008 27.7215120767266
6.69535485700008 14.786670431776
6.70664550600008 5.62085400136297
6.71793615500008 0.75087294419747
6.72922680400008 0.412545755541137
6.74051745300009 4.53886940450192
6.75180810200009 12.7684315081507
6.76309875100009 24.4732413275473
6.77438940000009 38.8038750986861
6.78568004900009 54.7487069079205
6.79697069800009 71.2031019691752
6.80826134700009 87.0438414223548
6.81955199600009 101.203763411454
6.83084264500009 112.741658879208
6.84213329400009 120.902844103905
6.85342394300009 125.166515431044
6.86471459200009 125.276925208515
6.87600524100009 121.256535866036
6.88729589000009 113.400534211304
6.89858653900009 102.253337070391
6.90987718800009 88.568908663288
6.92116783700009 73.257761034589
6.93245848600009 57.3243532716358
6.94374913500009 41.7991897364269
6.95503978400009 27.6702068581984
6.96633043300009 15.8180171749591
6.97762108200009 6.95925423046678
6.98891173100009 1.60165884298424
7.00020238000009 0.0137105847702295
7.01149302900009 2.21059742971509
7.02278367800009 7.95720158525217
7.03407432700009 16.7876365685491
7.04536497600009 28.0397763769147
7.05665562500009 40.9022444604819
7.06794627400009 54.470541235968
7.07923692300009 67.8084338829706
7.09052757200009 80.010444501535
7.10181822100009 90.2612673282354
7.11310887000009 97.8882184262513
7.12439951900009 102.403349356714
7.13569016800009 103.532600353483
7.14698081700009 101.230275200354
7.15827146600009 95.6781260729643
7.16956211500009 87.2693731735397
7.18085276400009 76.5789812757564
7.19214341300009 64.3224073295173
7.20343406200009 51.3057622333449
7.21472471100009 38.3708498510718
7.22601536000009 26.3388261975671
7.23730600900009 15.9562469323599
7.24859665800009 7.84704467469027
7.25988730700009 2.47351880300393
7.27117795600009 0.108764150887326
7.2824686050001 0.822158789678901
7.2937592540001 4.4786315234812
7.3050499030001 10.7514986750355
7.3163405520001 19.1477600553837
7.3276312010001 29.0439352772627
7.3389218500001 39.7298561860785
7.3502124990001 50.4573509538093
7.3615031480001 60.4904889245228
7.3727937970001 69.1540163566451
7.3840844460001 75.8768000010671
7.3953750950001 80.227491105887
7.4066657440001 81.9401963868355
7.4179563930001 80.9286528211786
7.4292470420001 77.2881995602274
7.4405376910001 71.2856677744056
7.4518283400001 63.3381118181097
7.4631189890001 53.9820295002608
7.4744096380001 43.8353185636492
7.4857002870001 33.5546531567901
7.4969909360001 23.7912122595296
7.5082815850001 15.1477390233258
7.5195722340001 8.13975690769076
7.5308628830001 3.16342984895728
7.5421535320001 0.472056157348924
7.5534441810001 0.162566180240329
7.5647348300001 2.17269618570695
7.5760254790001 6.28878388301917
7.5873161280001 12.1634238997245
7.5986067770001 19.3415813458507
7.6098974260001 27.2932297426758
7.6211880750001 35.4501892941563
7.6324787240001 43.2446156829485
7.6437693730001 50.1465396427662
7.6550600220001 55.6979827650197
7.6663506710001 59.5414628417664
7.6776413200001 61.4411293741095
7.6889319690001 61.2953046824656
7.7002226180001 59.1398098578042
7.7115132670001 55.1420853749485
7.7228039160001 49.5867305425519
7.7340945650001 42.8536432141199
7.7453852140001 35.3904052995504
7.7566758630001 27.680901728522
7.7679665120001 20.2123606975642
7.7792571610001 13.443051422451
7.7905478100001 7.77277284421103
7.8018384590001 3.51802361117168
7.8131291080001 0.893380187347639
7.82441975700011 0.000153733524665748
7.83571040600011 0.822880629779991
7.84700105500011 3.23366246972414
7.85829170400011 7.00384598222229
7.86958235300011 11.8220566432522
7.88087300200011 17.317202514731
7.89216365100011 23.0847716668313
7.90345430000011 28.7145742745896
7.91474494900011 33.8180373515002
7.92603559800011 38.0532453463093
7.93732624700011 41.1461240663597
7.94861689600011 42.9064713916937
7.95990754500011 43.2379223944184
7.97119819400011 42.141370545326
7.98248884300011 39.7118198761707
7.99377949200011 36.1290840768577
8.00507014100011 31.6431480871124
8.01636079000011 26.5553400326615
8.02765143900011 21.1967059397405
8.03894208800011 15.9051226991029
8.0502327370001 11.0027197261632
8.0615233860001 6.77510771080966
8.0728140350001 3.45374205088448
8.0841046840001 1.20249376027238
8.0953953330001 0.109181832359804
8.1066859820001 0.182461940599705
8.1179766310001 1.35409267017891
8.1292672800001 3.48623805765024
8.1405579290001 6.3831383106179
8.1518485780001 9.80621020172787
8.1631392270001 13.491441231317
8.1744298760001 17.1678281393319
8.1857205250001 20.5755855195203
8.1970111740001 23.4829127135795
8.2083018230001 25.700249481264
8.21959247200009 27.0911605791541
8.23088312100009 27.5792495893527
8.24217377000009 27.1507935009775
8.25346441900009 25.8530906244651
8.26475506800009 23.7888044577042
8.27604571700009 21.106845698499
8.28733636600009 17.9905471010317
8.29862701500009 14.6440385597163
8.30991766400009 11.2778145318587
8.32120831300009 8.09449953950708
8.33249896200009 5.27576190974645
8.34378961100009 2.97120771985868
8.35508026000009 1.28991677931787
8.36637090900009 0.295074247154135
8.37766155800009 0.00192107873991837
8.38895220700008 0.379010741144893
8.40024285600008 1.35253503451365
8.41153350500008 2.81328345406714
8.42282415400008 4.62564091670904
8.43411480300008 6.63791721629679
8.44540545200008 8.69324386223927
8.45669610100008 10.6402716008681
8.46798675000008 12.3429525800441
8.47927739900008 13.6887888464663
8.49056804800008 14.595064677449
8.50185869700008 15.0127428889264
8.51314934600008 14.9278820979973
8.52443999500008 14.3606099002015
8.53573064400008 13.3618535226659
8.54702129300007 12.0081735998879
8.55831194200007 10.3951592766518
8.56960259100007 8.62991752742913
8.58089324000007 6.8232230464212
8.59218388900007 5.08188705744299
8.60347453800007 3.5018566377075
8.61476518700007 2.16247599605987
8.62605583600007 1.12223506614751
8.63734648500007 0.416207717610288
8.64863713400007 0.0552515600927946
8.65992778300007 0.02691343777573
8.67121843200007 0.297868316204763
8.68250908100007 0.817622063226991
8.69379973000007 1.52313652481558
8.70509037900007 2.34399204670656
8.71638102800006 3.2076896320566
8.72767167700006 4.04471139343028
8.73896232600006 4.79300088161134
8.75025297500006 5.40158950279186
8.76154362400006 5.83317548983473
8.77283427300006 6.06555089066179
8.78412492200006 6.09186265315098
8.79541557100006 5.91977930352057
8.80670622000006 5.5697089197938
8.81799686900006 5.07227229238786
8.82928751800006 4.46527404730359
8.84057816700006 3.79043246306292
8.85186881600006 3.09012581820454
8.86315946500006 2.40439103170168
8.87445011400006 1.76837214204595
8.88574076300005 1.21036589956089
8.89703141200005 0.750554175014576
8.90832206100005 0.40045302256313
8.91961271000005 0.163050924817313
8.93090335900005 0.0335583070772497
8.94219400800005 0.00065030621640155
8.95348465700005 0.0480574162501022
8.96477530600005 0.15634520916031
8.97606595500005 0.304724829155931
8.98735660400005 0.472749224858151
8.99864725300005 0.64177398976502
9.00993790200005 0.796093368404491
9.02122855100005 0.923698151202308
9.03251920000005 1.01663938634585
9.04380984900004 1.071016808616
9.05510049800004 1.08664078659971
9.06639114700004 1.06643923872356
9.07768179600004 1.01569498660489
9.08897244500004 0.94120389690712
9.10026309400004 0.850440269571153
9.11155374300004 0.750804397381168
9.12284439200004 0.649009810832839
9.13413504100004 0.550646619116698
9.14542569000004 0.459934943541106
9.15671633900004 0.379661053379424
9.16800698800004 0.311270532745097
9.17929763700004 0.255079258180411
9.19058828600004 0.210555192411105
9.20187893500004 0.17662238271054
9.21316958400003 0.151942807578983
9.22446023300003 0.13514094805705
9.23575088200003 0.124948780728314
9.24704153100003 0.120263576096203
9.25833218000003 0.120125573808426
9.26962282900003 0.123635488635758
9.28091347800003 0.129841321233156
9.29220412700003 0.137628961511346
9.30349477600003 0.145650968581521
9.31478542500003 0.152322675548179
9.32607607400003 0.155904986035721
9.33736672300003 0.154680029899303
9.34865737200003 0.147210782193735
9.35994802100003 0.132660642160693
9.37123867000003 0.111135712943201
9.38252931900002 0.0840028858227099
9.39381996800002 0.054132260933352
9.40511061700002 0.0260138862071185
9.41640126600002 0.00570661176820041
9.42769191500002 0.000590703926155559
9.43898256400002 0.0189147288253792
9.45027321300002 0.069149477605785
9.46156386200002 0.159185260249228
9.47285451100002 0.295431347196123
9.48414516000002 0.481895217422136
9.49543580900002 0.719332279045019
9.50672645800002 1.00456197008089
9.51801710700002 1.33004234673702
9.52930775600002 1.68378193077427
9.54059840500001 2.04964510440088
9.55188905400001 2.40807700501334
9.56317970300001 2.73723782368251
9.57447035200001 3.01449749764001
9.58576100100001 3.21820334821734
9.59705165000001 3.32959881414113
9.60834229900001 3.33474454361484
9.61963294800001 3.22627681248698
9.63092359700001 3.00483490121788
9.64221424600001 2.6800000996216
9.65350489500001 2.27061467360784
9.66479554400001 1.80438842856306
9.67608619300001 1.31675119512499
9.68737684200001 0.848968258472989
9.69866749100001 0.445598136081555
9.70995814 0.151433240217629
9.721248789 0.00811864923710272
9.732539438 0.0506874330411165
9.743830087 0.304278307064372
9.755120736 0.781309401693117
9.766411385 1.47936855293309
9.777702034 2.38004527021098
9.788992683 3.44887368347705
9.800283332 4.63648232445469
9.811573981 5.88096017488142
9.82286463 7.11135497181126
9.834155279 8.25212618914143
9.845445928 9.22828875359006
9.856736577 9.97091163012879
9.868027226 10.4225844664631
9.87931787499999 10.5424408168663
9.89060852399999 10.3103316431935
9.90189917299999 9.72977928208237
9.91318982199999 8.82940900403218
9.92448047099999 7.66264940758452
9.93577111999999 6.30560865083983
9.94706176899999 4.85316341294502
9.95835241799999 3.41343249081419
9.96964306699999 2.10093717360879
9.98093371599999 1.02886592266858
9.99222436499999 0.300951919577208
10.003515014 0.00353056122005712
10.014805663 0.198363824579639
10.026096312 0.91679602300437
10.037386961 2.15574023506522
10.04867761 3.87588918082674
10.059968259 6.0024042518735
10.071258908 8.4281703275223
10.082549557 11.0195228375371
10.093840206 13.6241698175046
10.105130855 16.080858795831
10.116421504 18.2301894397791
10.127712153 19.9258600173135
10.139002802 21.0455688624732
10.150293451 21.5007782134717
10.1615841 21.2445905146166
10.172874749 20.2770860542008
10.184165398 18.647621061751
10.195456047 16.4537785721884
10.206746696 13.8368884523692
10.218037345 10.9742731864378
10.229327994 8.06861574054714
10.240618643 5.33506781774704
10.251909292 2.98690437170441
10.263199941 1.22066846644082
10.27449059 0.201827483850032
10.285781239 0.051969250435939
10.297071888 0.838501496570859
10.308362537 2.56768187541278
10.319653186 5.18160541002893
10.330943835 8.55952342097834
10.342234484 12.5235786283747
10.353525133 16.8487343543197
10.364815782 21.2763726700526
10.376106431 25.5307585603229
10.38739708 29.337335338423
10.398687729 32.4416487533982
10.409978378 34.6276077102957
10.421269027 35.7337874579632
10.432559676 35.6665697987181
10.443850325 34.4090913420081
10.455140974 32.0252257481862
10.466431623 28.6581441094104
10.477722272 24.5233589244077
10.489012921 19.8965376477196
10.50030357 15.0967454789406
10.511594219 10.4661174634429
10.522884868 6.34724213213867
10.534175517 3.05974112242294
10.545466166 0.877634718095373
10.556756815 0.00908149785899582
10.568047464 0.579967954677942
10.579338113 2.62260535464841
10.590628762 6.07047813723175
10.601919411 10.7595996879348
10.61321006 16.4365920712249
10.6245007089999 22.7731453296784
10.6357913579999 29.3860606636999
10.6470820069999 35.8616718959311
10.6583726559999 41.7831008379742
10.6696633049999 46.7585601693965
10.6809539539999 50.4487918662349
10.6922446029999 52.5917321904531
10.7035352519999 53.0226292817656
10.7148259009999 51.6881008982676
10.7261165499999 48.6529932991361
10.7374071989999 44.0993649320584
10.7486978479999 38.3174409347094
10.7599884969999 31.6889319847265
10.7712791459999 24.6636465530378
10.7825697949999 17.7308117785141
10.7938604439999 11.3869200593919
10.8051510929999 6.1022060356941
10.8164417419999 2.28800903202488
10.8277323909999 0.267275257850392
10.8390230399999 0.250298238156465
10.8503136889999 2.31749181163241
10.8616043379999 6.41055475176104
10.8728949869999 12.3328462995014
10.8841856359999 19.7591821896399
10.8954762849999 28.2546213369411
10.9067669339999 37.301187493259
10.9180575829999 46.3309012827719
10.9293482319999 54.7630265815062
10.9406388809999 62.0430959946586
10.9519295299999 67.6810996816842
10.9632201789999 71.2862161581389
10.9745108279999 72.5956374747756
10.9858014769999 71.4953866047728
10.9970921259999 68.031522235673
11.0083827749999 62.4107448381385
11.0196734239999 54.9901182073345
11.0309640729999 46.2563564781447
11.0422547219999 36.7958482670492
11.0535453709999 27.2572473285811
11.0648360199999 18.3090064655246
11.0761266689999 10.5946284964485
11.0874173179999 4.68862440891167
11.0987079669999 1.05618570486099
11.1099986159999 0.0193899496901381
11.1212892649999 1.7323741735028
11.1325799139999 6.16735218564139
11.1438705629999 13.1126535938474
11.1551612119999 22.1831691917118
11.1664518609999 32.8427516310974
11.1777425099999 44.4372981486168
11.1890331589999 56.2364899889891
11.2003238079999 67.4815338232847
11.2116144569999 77.4357893054861
11.2229051059999 85.4349087478156
11.2341957549999 90.9330813267246
11.2454864039999 93.5421719272741
11.2567770529999 93.0609646879814
11.2680677019999 89.4923391578906
11.2793583509999 83.0469843798794
11.2906489999999 74.1331432088696
