0 0
0.011290649 0
0.022581298 2.90279534734473e-006
0.033871947 4.57739208080178e-005
0.045162596 0.00028030474478229
0.056453245 0.0010920711577681
0.067743894 0.00323807102479816
0.079034543 0.00797715180995913
0.090325192 0.017166019443308
0.101615841 0.0332948830949467
0.11290649 0.0594414492823083
0.124197139 0.0991296136527378
0.135487788 0.156089180906941
0.146778437 0.23392438214745
0.158069086 0.33571077523952
0.169359735 0.463551131369626
0.180650384 0.618129959975532
0.191941033 0.798312347387233
0.203231682 1.00083493801009
0.214522331 1.22013462654664
0.22581298 1.44835367543069
0.237103629 1.67554874331934
0.248394278 1.89011633224279
0.259684927 2.07942943125497
0.270975576 2.23066096342089
0.282266225 2.33175056141079
0.293556874 2.3724538417539
0.304847523 2.34539933320199
0.316138172 2.24706899844499
0.327428821 2.0786150434666
0.33871947 1.84642921038666
0.350010119 1.56239128808109
0.361300768 1.24374090172377
0.372591417 0.912539955548629
0.383882066 0.594721074193134
0.395172715 0.318748231788404
0.406463364 0.113947340915624
0.417754013 0.00859455460242739
0.429044662 0.0278760296691948
0.440335311 0.191852658861517
0.45162596 0.51357486283947
0.462916609 0.997494475730292
0.474207258 1.63831220537731
0.485497907 2.42037995861642
0.496788556 3.31774811438174
0.508079205 4.29490998977624
0.519369854 5.30825137331776
0.530660503 6.30816479360183
0.541951152 7.24173929225653
0.553241801 8.05589026442055
0.56453245 8.70075382480041
0.575823099 9.13313933995769
0.587113747999999 9.31981496965751
0.598404396999999 9.24039634193499
0.609695045999999 8.88961905592963
0.620985694999999 8.27880178904453
0.632276343999999 7.43634755508014
0.643566992999999 6.40718424165102
0.654857641999999 5.25110909468155
0.666148290999999 4.04007162725842
0.677438939999999 2.85450119513925
0.688729588999999 1.77885452101711
0.700020237999999 0.896620014786689
0.711310886999999 0.28506532581829
0.722601535999999 0.0100482362218247
0.733892184999999 0.121225675564842
0.745182833999999 0.647989323102807
0.756473482999999 1.5964282654168
0.767764131999999 2.94757019189399
0.779054780999999 4.65708474836054
0.790345429999999 6.65654938205255
0.801636078999999 8.85628392655977
0.812926727999999 11.1496608468423
0.824217376999999 13.418699649412
0.835508025999999 15.5406628474853
0.846798674999999 17.3952932640167
0.858089323999999 18.8722739763204
0.869379972999999 19.8784574940697
0.880670621999999 20.3444031348744
0.891961270999999 20.2297827422033
0.903251919999999 19.5272648312618
0.914542568999999 18.2645640592643
0.925833217999999 16.5044429099833
0.937123866999999 14.3425703372665
0.948414515999999 11.903271147878
0.959705164999999 9.33333245350566
0.970995813999999 6.79416138153503
0.982286462999999 4.45270316593872
0.993577111999999 2.47162299278961
1.004867761 0.999321797565498
1.01615841 0.160390316379218
1.027449059 0.0471036478044602
1.038739708 0.712519093913962
1.050030357 2.16566412733313
1.061321006 4.36919230577668
1.072611655 7.23974835254468
1.083902304 10.6511268934837
1.095192953 14.4401414678191
1.106483602 18.4149514095912
1.117774251 22.3654344527584
1.1290649 26.0750526606651
1.140355549 29.3335478784068
1.151646198 31.9497282453873
1.162936847 33.7635752669828
1.174227496 34.6569149693908
1.185518145 34.5619574561223
1.196808794 33.4671145866498
1.208099443 31.419650520844
1.219390092 28.5248969249341
1.230680741 24.9419639065127
1.24197139 20.8760877489501
1.253262039 16.5679647398458
1.264552688 12.2806140445367
1.275843337 8.2844793756119
1.287133986 4.84160813755691
1.298424635 2.18982875584927
1.309715284 0.527875608793118
1.321005933 0.00238301813672444
1.332296582 0.697585138619025
1.343587231 2.62842079691422
1.35487788 5.73755819348663
1.366168529 9.89663374492997
1.377459178 14.9117545601466
1.388749827 20.5330592772318
1.400040476 26.4678824036456
1.411331125 32.3968381634903
1.422621774 37.9919455953656
1.433912423 42.9357699623665
1.445203072 46.9404665799327
1.456493721 49.7655888482588
1.46778437 51.2335657642065
1.479075019 51.2418646250897
1.490365668 49.7710270879321
1.501656317 46.8879923983
1.512946966 42.7443881988791
1.524237615 37.5697618361672
1.535528264 31.6600265359597
1.546818913 25.3616892941834
1.558109562 19.0526930196394
1.569400211 13.1209277519418
1.58069086 7.94163027000061
1.591981509 3.85498686006869
1.603272158 1.14527308378101
1.614562807 0.0228041636180246
1.625853456 0.609831880833989
1.637144105 2.93131515745871
1.648434754 6.91122268250704
1.659725403 12.3747118086838
1.671016052 19.0561863009461
1.682306701 26.6128862110035
1.69359735 34.6433269159586
1.704887999 42.7096015838371
1.716178648 50.3623108239003
1.727469297 57.1667011125161
1.738759946 62.7284920582856
1.750050595 66.7178594048836
1.761341244 68.8901184524377
1.772631893 69.1018185011072
1.783922542 67.3212048460815
1.795213191 63.6323176981925
1.80650384 58.2323598292532
1.817794489 51.422356108819
1.829085138 43.5915256493798
1.840375787 35.1961674508365
1.851666436 26.7342002708336
1.862957085 18.7167759664272
1.874247734 11.6385850507892
1.885538383 5.94858037529426
1.896829032 2.02285163892952
1.908119681 0.141287641478217
1.91941033 0.469468707359012
1.930700979 3.04694833534512
1.941991628 7.78272616172911
1.953282277 14.4583036911386
1.964572926 22.7382734128662
1.975863575 32.1879465350571
1.987154224 42.2971009848498
1.998444873 52.5085550264878
2.009735522 62.2499659312188
2.021026171 70.9670368703012
2.03231682 78.1562028524457
2.043607469 83.3948663971558
2.054898118 86.3673674970775
2.066188767 86.8850953045846
2.077479416 84.899469360644
2.088770065 80.5069185853225
2.100060714 73.9454441762929
2.111351363 65.5828417742929
2.122642012 55.8971502711536
2.133932661 45.4503603946654
2.14522331 34.8568277811996
2.156513959 24.7481675315128
2.167804608 15.7366394720487
2.179095257 8.37915038630611
2.190385906 3.143992825508
2.201676555 0.382308451068437
2.212967204 0.306013283133927
2.224257853 2.97356593061833
2.235548502 8.28451749120627
2.246839151 15.9832783182637
2.2581298 25.6720011773797
2.269420449 36.8319436542409
2.280711098 48.8521666770747
2.292001747 61.0639809139864
2.303292396 72.7791956059503
2.314583045 83.3299772434424
2.325873694 92.1080042976497
2.337164343 98.6006176338061
2.348454992 102.421815073503
2.359745641 103.336215655141
2.37103629 101.27450963189
2.382326939 96.3393924438397
2.39361758800001 88.801527446374
2.40490823700001 79.0856616066865
2.41619888600001 67.7475969437339
2.42748953500001 55.4432641146356
2.43878018400001 42.8916208666913
2.45007083300001 30.8334783274173
2.46136148200001 19.9886189057498
2.47265213100001 11.0136943356053
2.48394278000001 4.46337236729661
2.49523342900001 0.75703550693455
2.50652407800001 0.153033269776569
2.51781472700001 2.73206704575617
2.52910537600001 8.39076752509317
2.54039602500001 16.8459382795429
2.55168667400001 27.6493193613171
2.56297732300001 40.2121077721127
2.57426797200001 53.8378936493254
2.58555862100001 67.762166332325
2.59684927000001 81.1961434201433
2.60813991900001 93.3724029960348
2.61943056800001 103.589671533391
2.63072121700001 111.25414637195
2.64201186600001 115.914911836354
2.65330251500001 117.291332784705
2.66459316400001 115.290760767909
2.67588381300001 110.01544060013
2.68717446200001 101.758127376582
2.69846511100001 90.986579871477
2.70975576000001 78.3177475889746
2.72104640900001 64.4830772771454
2.73233705800001 50.286894426693
2.74362770700001 36.5602345007656
2.75491835600001 24.112781975497
2.76620900500001 13.6857051072194
2.77749965400001 5.90814196658863
2.78879030300001 1.25989944378341
2.80008095200001 0.0425818720795559
2.81137160100001 2.36088882988099
2.82266225000001 8.11523963600366
2.83395289900001 17.0062284637166
2.84524354800001 28.55072669753
2.85653419700001 42.108768195899
2.86782484600001 56.9197184356572
2.87911549500001 72.1456775640796
2.89040614400001 86.9196329495549
2.90169679300001 100.395585038355
2.91298744200001 111.797739113064
2.92427809100001 120.465893510891
2.93556874000001 125.894360726022
2.94685938900002 127.762120462047
2.95815003800002 125.952402737561
2.96944068700002 120.56050609153
2.98073133600002 111.889335821951
2.99202198500002 100.432860602843
3.00331263400002 86.8483911803397
3.01460328300002 71.9192408371145
3.02589393200002 56.5098953203685
3.03718458100002 41.5162663131585
3.04847523000002 27.8139006268104
3.05976587900002 16.2071490089457
3.07105652800002 7.38225537267439
3.08234717700002 1.86711113912476
3.09363782600002 4.21727803722318e-005
3.10492847500002 1.90947888745961
3.11621912400002 7.50573318689318
3.12750977300002 16.4854052115752
3.13880042200002 28.3482090825
3.15009107100002 42.4252827373039
3.16138172000002 57.917374903336
3.17267236900002 73.9407217008464
3.18396301800002 89.5779705471111
3.19525366700002 103.931206917664
3.20654431600002 116.17400823717
3.21783496500002 125.599496898545
3.22912561400002 131.661588869486
3.24041626300002 134.007022916173
3.25170691200002 132.496285891688
3.26299756100002 127.212191181396
3.27428821000002 118.455583063609
3.28557885900002 106.728387806902
3.29686950800002 92.7049691697119
3.30816015700002 77.1934285391738
3.31945080600002 61.0890782749623
3.33074145500002 45.3227763742599
3.34203210400002 30.8071142768557
3.35332275300002 18.3835794824444
3.36461340200002 8.77376278986773
3.37590405100002 2.53744913862856
3.38719470000002 0.040034453854353
3.39848534900002 1.43117149395707
3.40977599800002 6.63589678217573
3.42106664700002 15.3587661319689
3.43235729600002 27.1007702612344
3.44364794500002 41.1880586200463
3.45493859400002 56.8108122188006
3.46622924300002 73.0700150843939
3.47751989200002 89.0294135429955
3.48881054100003 103.769649760028
3.50010119000003 116.441428590866
3.51139183900003 126.314632296474
3.52268248800003 132.820532859123
3.53397313700003 135.584652797685
3.54526378600003 134.448369133523
3.55655443500003 129.478009770936
3.56784508400003 120.960918831824
3.57913573300003 109.388724988074
3.59042638200003 95.4287903811822
3.60171703100003 79.8855039549225
3.61300768000003 63.6536719726539
3.62429832900003 47.6667158732571
3.63558897800003 32.8426868750401
3.64687962700003 20.0312305591575
3.65817027600003 9.96457600857865
3.66946092500003 3.21538656463572
3.68075157400003 0.163906950373649
3.69204222300003 0.976298063756394
3.70333287200003 5.59539803897351
3.71462352100003 13.7444244189125
3.72591417000003 24.9433797741283
3.73720481900003 38.5371857504293
3.74849546800003 53.7338912743431
3.75978611700003 69.6507189680081
3.77107676600003 85.3652634243257
3.78236741500003 99.9688618390111
3.79365806400003 112.619038323306
3.80494871300003 122.587984571149
3.81623936200003 129.304277416802
3.82753001100003 132.385433889667
3.83882066000003 131.659442917972
3.85011130900003 127.174058098717
3.86140195800003 119.19335004349
3.87269260700003 108.181757925837
3.88398325600003 94.7766047395948
3.89527390500003 79.7507072527962
3.90656455400003 63.967281073816
3.91785520300003 48.3297807900501
3.92914585200003 33.7295996390837
3.94043650100003 20.994666606745
3.95172715000003 10.8419152332614
3.96301779900003 3.83636211777161
3.97430844800003 0.359138571145195
3.98559909700003 0.586289682909741
3.99688974600003 4.47952260696305
4.00818039500003 11.7893873966495
4.01947104400003 22.070650191573
4.03076169300004 34.7089122205884
4.04205234200004 48.9568799931823
4.05334299100004 63.9781396772998
4.06463364000004 78.8958637210907
4.07592428900004 92.8436044010348
4.08721493800004 105.015222343308
4.09850558700004 114.711063541599
4.10979623600004 121.377731288658
4.12108688500004 124.639185314201
4.13237753400004 124.317415994964
4.14366818300004 120.441556048325
4.15495883200004 113.244969309662
4.16624948100004 103.150556243205
4.17754013000004 90.7451978578683
4.18883077900004 76.744884091428
4.20012142800004 61.9526034825441
4.21141207700004 47.2114777408193
4.22270272600004 33.3558847376735
4.23399337500004 21.1634122710817
4.24528402400004 11.3104179867429
4.25657467300004 4.3337430494031
4.26786532200004 0.600752880473257
4.27915597100004 0.289380290326686
4.29044662000004 3.37925447567584
4.30173726900004 9.65434873414308
4.31302791800004 18.7169086614643
4.32431856700004 30.0117702557038
4.33560921600004 42.8595815953561
4.34689986500004 56.4969368448882
4.35819051400004 70.1210459793796
4.36948116300004 82.9363193270364
4.38077181200004 94.2001559289157
4.39206246100004 103.26529283794
4.40335311000004 109.616293592213
4.41464375900004 112.898114086762
4.42593440800004 112.935160833381
4.43722505700004 109.739821410235
4.44851570600004 103.510066135888
4.45980635500004 94.6163571405485
4.47109700400004 83.5787188039172
4.48238765300004 71.035386189407
4.49367830200004 57.7049233658725
4.50496895100004 44.3440644943267
4.51625960000004 31.7037573018723
4.52755024900004 20.4859691164683
4.53884089800004 11.3037466819321
4.55013154700004 4.64680795417353
4.56142219600004 0.854600791499023
4.57271284500005 0.0983111556503386
4.58400349400005 2.37276955013627
4.59529414300005 7.49862084193083
4.60658479200005 15.1345238251183
4.61787544100005 24.7985679116206
4.62916609000005 35.8975686801896
4.64045673900005 47.7624617264091
4.65174738800005 59.6876801988301
4.66303803700005 70.9721938642365
4.67432868600005 80.9598172228697
4.68561933500005 89.0764636715214
4.69690998400005 94.8622263805492
4.70820063300005 97.996491031746
4.71949128200005 98.3147105786464
4.73078193100005 95.8159718230265
4.74207258000005 90.6610278780689
4.75336322900005 83.1610272801034
4.76465387800005 73.7577070429867
4.77594452700005 62.9963023129926
4.78723517600005 51.4928318304588
4.79852582500005 39.8977234291863
4.80981647400005 28.8579308055701
4.82110712300005 18.979752364581
4.83239777200005 10.7944932565907
4.84368842100005 4.72891848858403
4.85497907000005 1.08214109792875
4.86626971900005 0.0101939854889464
4.87756036800005 1.51907137898362
4.88885101700005 5.46652390387564
4.90014166600005 11.5723796702156
4.91143231500005 19.4366725873588
4.92272296400005 28.5644166408709
4.93401361300005 38.3954962141066
4.94530426200005 48.3378681519018
4.95659491100005 57.8021057880711
4.96788556000005 66.235266659549
4.97917620900005 73.1521352214484
4.99046685800005 78.1620737526552
5.00175750700005 80.9899965155592
5.01304815600005 81.4903461567282
5.02433880500005 79.6533748304618
5.03562945400005 75.6034899745328
5.04692010300005 69.5898888544898
5.05821075200005 61.9701497346768
5.06950140100005 53.1878452670078
5.08079205000005 43.7455729446529
5.09208269900005 34.175040144674
5.10337334800005 25.0059846369353
5.11466399700006 16.7357487424069
5.12595464600006 9.80125617586184
5.13724529500006 4.55497083809396
5.14853594400006 1.24615805628816
5.15982659300006 0.00843764755269262
5.17111724200006 0.854235292104235
5.18240789100006 3.67632731776279
5.19369854000006 8.2562586484881
5.20498918900006 14.2790186893743
5.21627983800006 21.3530080156715
5.22757048700006 29.034039679178
5.23886113600006 36.8519084749772
5.25015178500006 44.3379404638807
5.26144243400006 51.0519088171198
5.27273308300006 56.6067703752074
5.28402373200006 60.6898343874229
5.29531438100006 63.0792098215606
5.30660503000006 63.654675146714
5.31789567900006 62.4024559591721
5.32918632800006 59.4137603919808
5.34047697700006 54.877288126727
5.35176762600006 49.0662745738002
5.36305827500006 42.3209375800858
5.37434892400006 35.0274427858423
5.38563957300006 27.5946821106016
5.39693022200006 20.4302588405582
5.40822087100006 13.9170883079527
5.41951152000006 8.3919560810336
5.43080216900006 4.12723164330329
5.44209281800006 1.31672485262812
5.45338346700006 0.0664088611002743
5.46467411600006 0.390433282907081
5.47596476500006 2.21253362509025
5.48725541400006 5.37262639169886
5.49854606300006 9.63808238411883
5.50983671200006 14.7189105145398
5.52112736100006 20.2858753399071
5.53241801000006 25.9904245790089
5.54370865900006 31.4852252404308
5.55499930800006 36.444101552802
5.56628995700006 40.5802332122105
5.57758060600006 43.6616029654215
5.58887125500006 45.5228689405848
5.60016190400006 46.0730670566147
5.61145255300006 45.2988076610443
5.62274320200006 43.2629022951187
5.63403385100006 40.0986248344666
5.64532450000006 36.0000604916249
5.65661514900007 31.209212115731
5.66790579800007 26.0007040457426
5.67919644700007 20.6650406096433
5.69048709600007 15.4914337877985
5.70177774500007 10.7512108132327
5.71306839400007 6.68274947749226
5.72435904300007 3.47877202171232
5.73564969200007 1.27666614081761
5.74694034100007 0.152304700581459
5.75823099000007 0.11761689602487
5.76952163900007 1.12193634416139
5.78081228800007 3.05692969159689
5.79210293700007 5.76470570302644
5.80339358600007 9.04853098794182
5.81468423500007 12.6854439141825
5.82597488400007 16.4399696283309
5.83726553300007 20.0781002905452
5.84855618200007 23.3807163845953
5.85984683100007 26.1556849921966
5.87113748000007 28.2479741227388
5.88242812900007 29.5472610442576
5.89371877800007 29.9926776544131
5.90500942700007 29.5745165777034
5.91630007600007 28.3329066066582
5.92759072500007 26.3536441600089
5.93888137400007 23.761528228547
5.95017202300007 20.7116808180584
5.96146267200007 17.379436055196
5.97275332100007 13.9494440200606
5.98404397000007 10.6046575994702
5.99533461900007 7.51585233887623
6.00662526800007 4.83227296777156
6.01791591700007 2.67391074208015
6.02920656600007 1.125799581393
6.04049721500007 0.23458414404007
6.05178786400007 0.00746828256558349
6.06307851300007 0.413506833179349
6.07436916200007 1.38706620268413
6.08565981100007 2.83315769781581
6.09695046000007 4.63424869552446
6.10824110900007 6.65808564448129
6.11953175800007 8.76602270019982
6.13082240700007 10.8213417028017
6.14211305600007 12.6970723780422
6.15340370500007 14.2828733731505
6.16469435400007 15.4906106868992
6.17598500300007 16.2583645702936
6.18727565200007 16.5527025072594
6.19856630100008 16.369167416273
6.20985695000008 15.7310397151845
6.22114759900008 14.6865327584034
6.23243824800008 13.3046676012009
6.24372889700008 11.670140426242
6.25501954600008 9.87754102306976
6.26631019500008 8.02530171168365
6.27760084400008 6.20975288794958
6.28889149300008 4.519635296465
6.30018214200008 3.03137292346838
6.31147279100008 1.80534789781557
6.32276344000008 0.883344680010961
6.33405408900008 0.287250300739528
6.34534473800008 0.0190158275615512
6.35663538700008 0.0618067448265494
6.36792603600008 0.382201169306046
6.37921668500008 0.933238650953493
6.39050733400008 1.65808159006197
6.40179798300008 2.49402777532095
6.41308863200008 3.37660676214193
6.42437928100008 4.24350415359164
6.43566993000008 5.03808463688017
6.44696057900008 5.7123242811039
6.45825122800008 6.2290118397207
6.46954187700008 6.56313390402828
6.48083252600008 6.70241582475259
6.49212317500008 6.64704554881052
6.50341382400008 6.40865743275126
6.51470447300008 6.00869476517014
6.52599512200008 5.47630094119129
6.53728577100008 4.84590858797369
6.54857642000008 4.15470291650161
6.55986706900008 3.44013050522726
6.57115771800008 2.73760872752648
6.58244836700008 2.07856590826741
6.59373901600008 1.48891033541559
6.60502966500008 0.987990084215326
6.61632031400008 0.588067982398142
6.62761096300008 0.294299630802092
6.63890161200008 0.105169616090906
6.65019226100008 0.0133139233420747
6.66148291000008 0.00663656191721365
6.67277355900008 0.0696164431506817
6.68406420800008 0.184696849440389
6.69535485700008 0.333654058102589
6.70664550600008 0.4988529287462
6.71793615500008 0.664314179055629
6.72922680400008 0.816538985879571
6.74051745300009 0.945059600485064
6.75180810200009 1.04270797058567
6.76309875100009 1.10561614031567
6.77438940000009 1.13298091456385
6.78568004900009 1.12663972973245
6.79697069800009 1.09051408638801
6.80826134700009 1.02998093776032
6.81955199600009 0.951231208743561
6.83084264500009 0.860668674594573
6.84213329400009 0.764392636901816
6.85342394300009 0.667795334327963
6.86471459200009 0.575291105451286
6.87600524100009 0.490180305265538
6.88729589000009 0.414638113776241
6.89858653900009 0.349807735046967
6.90987718800009 0.295969877739889
6.92116783700009 0.252756324774347
6.93245848600009 0.219374983570334
6.94374913500009 0.194816856412935
6.95503978400009 0.178021364214783
6.96633043300009 0.167984619509047
6.97762108200009 0.163804618930041
6.98891173100009 0.164666866972434
7.00020238000009 0.169782617225579
7.01149302900009 0.178298796840802
7.02278367800009 0.18920302904146
7.03407432700009 0.201248511255297
7.04536497600009 0.212921671486448
7.05665562500009 0.222470662958766
7.06794627400009 0.228005327034279
7.07923692300009 0.227669987823386
7.09052757200009 0.219880276250191
7.10181822100009 0.203605177130652
7.11310887000009 0.17866673741094
7.12439951900009 0.146023380516155
7.13569016800009 0.107999383439588
7.14698081700009 0.0684233771204025
7.15827146600009 0.0326429940711567
7.16956211500009 0.00739091824689986
7.18085276400009 0.00048913054243493
7.19214341300009 0.0203922827046889
7.20343406200009 0.0755867733355162
7.21472471100009 0.173877929661126
7.22601536000009 0.321612294634691
7.23730600900009 0.522893962804577
7.24859665800009 0.778861908974061
7.25988730700009 1.08709826331178
7.27117795600009 1.44123480390354
7.2824686050001 1.83081628756498
7.2937592540001 2.24146482240875
7.3050499030001 2.65536999079742
7.3163405520001 3.05210601310788
7.3276312010001 3.40975145701125
7.3389218500001 3.70626070309292
7.3502124990001 3.92101161120378
7.3615031480001 4.03643265671595
7.3727937970001 4.03959715531606
7.3840844460001 3.92366371494996
7.3953750950001 3.6890419581508
7.4066657440001 3.34417151021288
7.4179563930001 2.90582027587518
7.4292470420001 2.39883447951445
7.4405376910001 1.8553065009248
7.4518283400001 1.3131652662595
7.4631189890001 0.814235408421456
7.4744096380001 0.401852789067825
7.4857002870001 0.11816229301454
7.4969909360001 0.0012561096590769
7.5082815850001 0.082334290856107
7.5195722340001 0.383081956107569
7.5308628830001 0.913457476938242
7.5421535320001 1.67007247527148
7.5534441810001 2.63531757130243
7.5647348300001 3.77734851049874
7.5760254790001 5.05099750536585
7.5873161280001 6.39961710397903
7.5986067770001 7.75780209712346
7.6098974260001 9.05487284592958
7.6211880750001 10.2189451472495
7.6324787240001 11.1813615236046
7.6437693730001 11.8812204847679
7.6550600220001 12.2697171239405
7.6663506710001 12.3140028045655
7.6776413200001 12.0002850352794
7.6889319690001 11.3359210956732
7.7002226180001 10.3503094723417
7.7115132670001 9.09444934411346
7.7228039160001 7.63911670675643
7.7340945650001 6.07169175618848
7.7453852140001 4.49176062794598
7.7566758630001 3.00569987085879
7.7679665120001 1.72052839817943
7.7792571610001 0.737373699190747
7.7905478100001 0.144942073311185
7.8018384590001 0.0134028482793359
7.8131291080001 0.389091551099236
7.82441975700011 1.29040592332018
7.83571040600011 2.70521226559976
7.84700105500011 4.59000028431583
7.85829170400011 6.87092640342745
7.86958235300011 9.44677379864117
7.88087300200011 12.1937387118526
7.89216365100011 14.9718341453811
7.90345430000011 17.6325913462458
7.91474494900011 20.0276439229672
7.92603559800011 22.0177056890451
7.93732624700011 23.4814069870963
7.94861689600011 24.3234393943728
7.95990754500011 24.4814775933447
7.97119819400011 23.9314000156735
7.98248884300011 22.6904147042029
7.99377949200011 20.8178096607507
8.00507014100011 18.4131818140438
8.01636079000011 15.6121480938706
8.02765143900011 12.5796971792544
8.03894208800011 9.50149185612039
8.0502327370001 6.5735700104446
8.0615233860001 3.99100801118163
8.0728140350001 1.93619558391188
8.0841046840001 0.567419827704765
8.0953953330001 0.00846343446509727
8.1066859820001 0.3398864892693
8.1179766310001 1.59258312965499
8.1292672800001 3.74408714623988
8.1405579290001 6.7179501797289
8.1518485780001 10.3863406311461
8.1631392270001 14.5758207001928
8.1744298760001 19.0760643157508
8.1857205250001 23.6510919496668
8.1970111740001 28.0524311353313
8.2083018230001 32.0334748402791
8.21959247200009 35.3642130297767
8.23088312100009 37.8454630114816
8.24217377000009 39.321726006429
8.25346441900009 39.69185235635
8.26475506800009 38.9168041458866
8.27604571700009 37.0239568814853
8.28733636600009 34.107573321592
8.29862701500009 30.3253020936405
8.30991766400009 25.8907888337197
8.32120831300009 21.0627244011371
8.33249896200009 16.1308789052185
8.34378961100009 11.3998678503598
8.35508026000009 7.17155490083033
8.36637090900009 3.72710387523772
8.37766155800009 1.30974264188311
8.38895220700008 0.109288954873182
8.40024285600008 0.249411987975813
8.41153350500008 1.7784662727299
8.42282415400008 4.6645435807783
8.43411480300008 8.79515311933825
8.44540545200008 13.9816742778722
8.45669610100008 19.9684443320014
8.46798675000008 26.4460625777684
8.47927739900008 33.0682293018725
8.49056804800008 39.471209102231
8.50185869700008 45.2948280070271
8.51314934600008 50.2037946570581
8.52443999500008 53.908086188685
8.53573064400008 56.1811640652126
8.54702129300007 56.8748842664362
8.55831194200007 55.9301357829541
8.56960259100007 53.3824727562398
8.58089324000007 49.3622864144371
8.59218388900007 44.0893774720257
8.60347453800007 37.862119796393
8.61476518700007 31.0417324558677
8.62605583600007 24.0324801075639
8.63734648500007 17.2588823917263
8.64863713400007 11.1412150276693
8.65992778300007 6.0707152763422
8.67121843200007 2.38595300685458
8.68250908100007 0.351791126309769
8.69379973000007 0.142236015907516
8.70509037900007 1.82827541751573
8.71638102800006 5.37152840523723
8.72767167700006 10.6242045128291
8.73896232600006 17.33550520793
8.75025297500006 25.1642216902522
8.76154362400006 33.696910760478
8.77283427300006 42.4706875984434
8.78412492200006 50.9993817240212
8.79541557100006 58.8015786087666
8.80670622000006 65.4289290202417
8.81799686900006 70.4930611672597
8.82928751800006 73.6894816360928
8.84057816700006 74.816998765716
8.85186881600006 73.791439509136
8.86315946500006 70.6527454907862
8.87445011400006 65.5649085862346
8.88574076300005 58.8086197254061
8.89703141200005 50.7669328743183
8.90832206100005 41.9046640985322
8.91961271000005 32.7426282466834
8.93090335900005 23.8281397813539
8.94219400800005 15.7034493886726
8.95348465700005 8.87393833387808
8.96477530600005 3.77793758847556
8.97606595500005 0.759974115730211
8.98735660400005 0.0490743969276197
8.99864725300005 1.7434837770005
9.00993790200005 5.80280400254224
9.02122855100005 12.0481301786634
9.03251920000005 20.1703062123452
9.04380984900004 29.7459413750515
9.05510049800004 40.2603679011602
9.06639114700004 51.1362981476115
9.07768179600004 61.7665853435409
9.08897244500004 71.549226338119
9.10026309400004 79.9225850440431
9.11155374300004 86.3987724744949
9.12284439200004 90.5931976113181
9.13413504100004 92.2484999296295
9.14542569000004 91.2513792981433
9.15671633900004 87.6412356776171
9.16800698800004 81.6099973873612
9.17929763700004 73.4930261082258
9.19058828600004 63.7515097365857
9.20187893500004 52.9472599962397
9.21316958400003 41.7112902601108
9.22446023300003 30.7079326380982
9.23575088200003 20.5965384321892
9.24704153100003 11.992974452288
9.25833218000003 5.43316800227414
9.26962282900003 1.34086159104238
9.28091347800003 0.00151836127004974
9.29220412700003 1.54398225297217
9.30349477600003 5.93106147081221
9.31478542500003 12.9596943848463
9.32607607400003 22.2708027071941
9.33736672300003 33.368369786869
9.34865737200003 45.6467354107952
9.35994802100003 58.4246050191461
9.37123867000003 70.9838604070717
9.38252931900002 82.6109559175398
9.39381996800002 92.638507875476
9.40511061700002 100.484647342649
9.41640126600002 105.687810908765
9.42769191500002 107.934886546596
9.43898256400002 107.080998748988
9.45027321300002 103.159688937317
9.46156386200002 96.3827968140058
9.47285451100002 87.1299443901804
9.48414516000002 75.9281322674247
9.49543580900002 63.4225417644764
9.50672645800002 50.340162084547
9.51801710700002 37.4482974510362
9.52930775600002 25.5103285249758
9.54059840500001 15.2412855843588
9.55188905400001 7.26582585691289
9.56317970300001 2.0810906347802
9.57447035200001 0.0266548404663395
9.58576100100001 1.26338669091312
9.59705165000001 5.76253005039341
9.60834229900001 13.3057356699912
9.61963294800001 23.4961335112949
9.63092359700001 35.7798935613624
9.64221424600001 49.4771047249658
9.65350489500001 63.8202470143493
9.66479554400001 77.9980743977234
9.67608619300001 91.2023919579234
9.68737684200001 102.675022014506
9.69866749100001 111.752221792368
9.70995814 117.903943164096
9.721248789 120.76560665795
9.732539438 120.160481934828
9.743830087 116.111301680846
9.755120736 108.840354811317
9.766411385 98.7579723478277
9.777702034 86.4399965239525
9.788992683 72.5954709700369
9.800283332 58.0263690834959
9.811573981 43.5816545094272
9.82286463 30.1083134264285
9.834155279 18.4021919528
9.845445928 9.16150115385461
9.856736577 2.94571411248425
9.868027226 0.142281387283111
9.87931787499999 0.943149428100221
9.89060852399999 5.33250617403023
9.90189917299999 13.0865312516276
9.91318982199999 23.7852323037443
9.92448047099999 36.8357444808381
9.93577111999999 51.5057982117134
9.94706176899999 66.9654605437843
9.95835241799999 82.3347630884406
9.96964306699999 96.7344742842269
9.98093371599999 109.337076778387
9.99222436499999 119.414984524332
10.003515014 126.383181050125
10.014805663 129.833772490444
10.026096312 129.560408888675
10.037386961 125.571108725582
10.04867761 118.088691138185
10.059968259 107.538739076481
10.071258908 94.5257428764046
10.082549557 79.7987649687215
10.093840206 64.2085821395591
10.105130855 48.6587656218293
10.116421504 34.0535214531361
10.127712153 21.2453123000223
10.139002802 10.9853051259343
10.150293451 3.87953471572973
10.1615841 0.353349595448538
10.172874749 0.626232662787959
10.184165398 4.69849111385348
10.195456047 12.3506235701796
10.206746696 23.1554365393512
10.218037345 36.5022403313723
10.229327994 51.631749631965
10.240618643 67.6796873774168
10.251909292 83.7265791764421
10.263199941 98.8508594271702
10.27449059 112.182211195217
10.285781239 122.952041842658
10.297071888 130.538156872653
10.308362537 134.501026466981
10.319653186 134.609523680533
10.330943835 130.854622201513
10.342234484 123.450239646597
10.353525133 112.821158925341
10.364815782 99.5787117694968
10.376106431 84.4856212183345
10.38739708 68.4120320339039
10.398687729 52.2852727001171
10.409978378 37.0362596751402
10.421269027 23.5456523580052
10.432559676 12.5928841101895
10.443850325 4.81102951899415
10.455140974 0.650130418269932
10.466431623 0.351112598420314
10.477722272 3.93181019288424
10.489012921 11.1859112527241
10.50030357 21.6948870288954
10.511594219 34.8522127724124
10.522884868 49.8984734567313
10.534175517 65.9653153902609
10.545466166 82.1256910929103
10.556756815 97.4474799816874
10.568047464 111.047372569717
10.579338113 122.141892315434
10.590628762 130.09259765475
10.601919411 134.442847170232
10.61321006 134.944003319185
10.6245007089999 131.569565813881
10.6357913579999 124.516428609927
10.6470820069999 114.193203444883
10.6583726559999 101.1963042626
10.6696633049999 86.2751968554279
10.6809539539999 70.2888453266396
10.6922446029999 54.1558950781674
10.7035352519999 38.8014915354694
10.7148259009999 25.1038240267931
10.7261165499999 13.8434943525565
10.7374071989999 5.65863935934934
10.7486978479999 1.00839654804797
10.7599884969999 0.146811579454247
10.7712791459999 3.10867538315711
10.7825697949999 9.70808231388866
10.7938604439999 19.5497602069247
10.8051510929999 32.0524815214778
10.8164417419999 46.4831652434954
10.8277323909999 61.9996624887476
10.8390230399999 77.6997205032921
10.8503136889999 92.6732686852144
10.8616043379999 106.054986360262
10.8728949869999 117.074105528947
10.8841856359999 125.098572475465
10.8954762849999 129.671029461882
10.9067669339999 130.534561506864
10.9180575829999 127.646754774081
10.9293482319999 121.181296908632
10.9406388809999 111.517075626807
10.9519295299999 99.2154575412115
10.9632201789999 84.9871123271542
10.9745108279999 69.6503482936443
10.9858014769999 54.0834095548548
10.9970921259999 39.1735246066508
11.0083827749999 25.7656720487474
11.0196734239999 14.6140319395709
11.0309640729999 6.33892145723704
11.0422547219999 1.39168185942337
11.0535453709999 0.0295102731254369
11.0648360199999 2.30164286272498
11.0761266689999 8.04763016574644
11.0874173179999 16.9077400159727
11.0987079669999 28.3448197696709
11.1099986159999 41.6762884766817
11.1212892649999 56.1143494536568
11.1325799139999 70.8120477554984
11.1438705629999 84.9124717897655
11.1551612119999 97.5982319072093
11.1664518609999 108.138349990469
11.1777425099999 115.929861785787
11.1890331589999 120.531757205733
11.2003238079999 121.689343281122
11.2116144569999 119.34768225579
11.2229051059999 113.653399750207
11.2341957549999 104.944837083958
11.2454864039999 93.731197962305
11.2567770529999 80.6619734584239
11.2680677019999 66.4884839578816
11.2793583509999 52.0198207301423
11.2906489999999 38.0757779877201
