0 0
0.011290649 0
0.022581298 3.16669790019727e-006
0.033871947 4.99049165944576e-005
0.045162596 0.000305339273698767
0.056453245 0.00118828357393649
0.067743894 0.00351851728250967
0.079034543 0.00865384535468648
0.090325192 0.0185865335027699
0.101615841 0.0359706494677961
0.11290649 0.0640575760718249
0.124197139 0.106526070528679
0.135487788 0.167204935352905
0.146778437 0.249699543726963
0.158069086 0.356946820470387
0.169359735 0.49073541854908
0.180650384 0.65123738441802
0.191941033 0.836603372114565
0.203231682 1.04267452998805
0.214522331 1.26286001494283
0.22581298 1.48821961272482
0.237103629 1.70777657399721
0.248394278 1.90906741085114
0.259684927 2.078914363925
0.270975576 2.20438421400854
0.282266225 2.27387595780693
0.293556874 2.27826154646865
0.304847523 2.2119902525987
0.316138172 2.07405988188125
0.327428821 1.86875816276394
0.33871947 1.60608587813984
0.350010119 1.30178966644873
0.361300768 0.976956266632029
0.372591417 0.657150001937733
0.383882066 0.371109583688132
0.395172715 0.149056475700088
0.406463364 0.020702375823942
0.417754013 0.0130749944402861
0.429044662 0.148306476082472
0.440335311 0.441545060164645
0.45162596 0.899155966070397
0.462916609 1.51737077067213
0.474207258 2.28152531447293
0.485497907 3.16599493915647
0.496788556 4.13489407755306
0.508079205 5.14355722877766
0.519369854 6.14076326636114
0.530660503 7.07160853832873
0.541951152 7.88088036252821
0.553241801 8.51673540242855
0.56453245 8.93445090229093
0.575823099 9.09999421341817
0.587113747999999 8.99315000139738
0.598404396999999 8.60995650234495
0.609695045999999 7.96423250854299
0.620985694999999 7.08802443428403
0.632276343999999 6.03086557174261
0.643566992999999 4.85781402154217
0.654857641999999 3.64631727781047
0.666148290999999 2.48203480700372
0.677438939999999 1.45382949706026
0.688729588999999 0.648208828051171
0.700020237999999 0.143551632531337
0.711310886999999 0.00449171887656301
0.722601535999999 0.276841872797425
0.733892184999999 0.983428686195466
0.745182833999999 2.12116977043722
0.756473482999999 3.65966141929226
0.767764131999999 5.54145966872891
0.779054780999999 7.68413555947029
0.790345429999999 9.98407224074137
0.801636078999999 12.3218544090692
0.812926727999999 14.5689871256463
0.824217376999999 16.5955791012092
0.835508025999999 18.2785424874836
0.846798674999999 19.5098035653686
0.858089323999999 20.2039915751814
0.869379972999999 20.3050795954347
0.880670621999999 19.7914930409724
0.891961270999999 18.6792769363149
0.903251919999999 17.0230192346108
0.914542568999999 14.9143585217406
0.925833217999999 12.4780529867515
0.937123866999999 9.86574458056647
0.948414515999999 7.24770789268338
0.959705164999999 4.80301717814392
0.970995813999999 2.70868721833127
0.982286462999999 1.1284353507622
0.993577111999999 0.201765736531751
1.004867761 0.0340876102387271
1.01615841 0.688544342869848
1.027449059 2.18014998736897
1.038739708 4.47270788289759
1.050030357 7.47882804985512
1.061321006 11.0631752731158
1.072611655 15.0488788091992
1.083902304 19.2268299033093
1.095192953 23.3673978305163
1.106483602 27.2339219515408
1.117774251 30.5971983235786
1.1290649 33.2500849961741
1.140355549 35.0213080260041
1.151646198 35.7875651512112
1.162936847 35.4830971631801
1.174227496 34.1060257853114
1.185518145 31.7209351258152
1.196808794 28.4573919235069
1.208099443 24.5043453576477
1.219390092 20.1006054517199
1.230680741 15.5218540443989
1.24197139 11.0648775625331
1.253262039 7.02991073982175
1.264552688 3.70213103479506
1.275843337 1.33343354247403
1.287133986 0.125637881903203
1.298424635 0.216228191628117
1.309715284 1.66760575956206
1.321005933 4.46064629643759
1.332296582 8.49311014295617
1.343587231 13.5831673744735
1.35487788 19.4779875685613
1.366168529 25.8670248372834
1.377459178 32.3993225406484
1.388749827 38.7038886327032
1.400040476 44.4119701274405
1.411331125 49.1798993210097
1.422621774 52.7111070440637
1.433912423 54.7759066145383
1.445203072 55.2277483876582
1.456493721 54.0148254432945
1.46778437 51.1861671699474
1.479075019 46.8916754336753
1.490365668 41.3759195003938
1.501656317 34.965889485629
1.512946966 28.0532904048959
1.524237615 21.0723158753213
1.535528264 14.4741490753451
1.546818913 8.69967800227145
1.558109562 4.15206544326493
1.569400211 1.1708693976057
1.58069086 0.00936078660892669
1.591981509 0.81653236366985
1.603272158 3.62504252006834
1.614562807 8.34600318052449
1.625853456 14.7711208303957
1.637144105 22.5822571511811
1.648434754 31.3680172637008
1.659725403 40.6465273750146
1.671016052 49.8931578423734
1.682306701 58.5716086467379
1.69359735 66.1665248501568
1.704887999 72.2156676165891
1.716178648 76.3396433656728
1.727469297 78.2672940263553
1.738759946 77.8550719947993
1.750050595 75.0990535341156
1.761341244 70.1386661484696
1.772631893 63.2516949418398
1.783922542 54.8406613581659
1.795213191 45.4112031089343
1.80650384 35.5435934447624
1.817794489 25.858988978218
1.829085138 16.9823586453361
1.840375787 9.50429750076565
1.851666436 3.94404968457139
1.862957085 0.716044576600739
1.874247734 0.102086885085495
1.885538383 2.2310420523034
1.896829032 7.06743835994605
1.908119681 14.4098897740105
1.91941033 23.8996587370629
1.930700979 35.0390604957767
1.941991628 47.2187976413659
1.953282277 59.7527433644566
1.964572926 71.9182006848268
1.975863575 82.9992846997571
1.987154224 92.3308316009631
1.998444873 99.3401498081441
2.009735522 103.584003814769
2.021026171 104.778459049347
2.03231682 102.819604953973
2.043607469 97.7936927126524
2.054898118 89.9758442733799
2.066188767 79.8171743009058
2.077479416 67.9208755291021
2.088770065 55.008507406701
2.100060714 41.878355030489
2.111351363 29.3582502099254
2.122642012 18.2556347028927
2.133932661 9.30787055955708
2.14522331 3.13584702510008
2.156513959 0.203791299269539
2.167804608 0.787866747188772
2.179095257 4.955653319304
2.190385906 12.5579778892635
2.201676555 23.2338329162315
2.212967204 36.4283332298936
2.224257853 51.422860235882
2.235548502 67.375779482126
2.246839151 83.3714389729063
2.2581298 98.4746051848075
2.269420449 111.787107649438
2.280711098 122.50326798428
2.292001747 129.960700855585
2.303292396 133.683295586283
2.314583045 133.413608166857
2.325873694 129.132492003352
2.337164343 121.064538236922
2.348454992 109.668739836449
2.359745641 95.6146878796227
2.37103629 79.7454994760733
2.382326939 63.0295098816723
2.39361758800001 46.5034843549458
2.40490823700001 31.210671935051
2.41619888600001 18.1373961169162
2.42748953500001 8.15203017996375
2.43878018400001 1.95012458606329
2.45007083300001 0.00914139651494644
2.46136148200001 2.55572133955386
2.47265213100001 9.54769183497242
2.48394278000001 20.6721598197549
2.49523342900001 35.3600721936543
2.50652407800001 52.8166264475042
2.51781472700001 72.0659352216255
2.52910537600001 92.0074515043354
2.54039602500001 111.480902211112
2.55168667400001 129.335905702089
2.56297732300001 144.502101434144
2.57426797200001 156.055522249711
2.58555862100001 163.277101701796
2.59684927000001 165.699624463519
2.60813991900001 163.140075780938
2.61943056800001 155.715190037008
2.63072121700001 143.838990157509
2.64201186600001 128.20219037149
2.65330251500001 109.734439952619
2.66459316400001 89.5514477538083
2.67588381300001 68.8899809613861
2.68717446200001 49.0345165599412
2.69846511100001 31.2398899672231
2.70975576000001 16.6545942916135
2.72104640900001 6.249412982436
2.73233705800001 0.755812377283365
2.74362770700001 0.617990291195515
2.75491835600001 5.96170077694419
2.76620900500001 16.5819973990007
2.77749965400001 31.9509146713724
2.78879030300001 51.2449062579487
2.80008095200001 73.3906514114896
2.81137160100001 97.1267016164795
2.82266225000001 121.077438085453
2.83395289900001 143.835010756458
2.84524354800001 164.044382435652
2.85653419700001 180.486344651566
2.86782484600001 192.153424343521
2.87911549500001 198.313963741269
2.89040614400001 198.560311770417
2.90169679300001 192.837977963081
2.91298744200001 181.45371691376
2.92427809100001 165.061767348025
2.93556874000001 144.628790050595
2.94685938900002 121.379353498053
2.95815003800002 96.7250252262557
2.96944068700002 72.1811656776227
2.98073133600002 49.2763238955069
2.99202198500002 29.4596489047431
3.00331263400002 14.0119218082764
3.01460328300002 3.9656656996463
3.02589393200002 0.0393081070489927
3.03718458100002 2.5895789962789
3.04847523000002 11.5852707217853
3.05976587900002 26.6042258184882
3.07105652800002 46.8540284761749
3.08234717700002 71.215439075216
3.09363782600002 98.3062152966025
3.10492847500002 126.561693659935
3.11621912400002 154.327440852002
3.12750977300002 179.958492295564
3.13880042200002 201.919227673342
3.15009107100002 218.877822013213
3.16138172000002 229.789467540134
3.17267236900002 233.963174592871
3.18396301800002 231.107896395089
3.19525366700002 221.354929147872
3.20654431600002 205.254945454038
3.21783496500002 183.749542156881
3.22912561400002 158.118731858754
3.24041626300002 129.907286662946
3.25170691200002 100.834162150905
3.26299756100002 72.690307055558
3.27428821000002 47.230931118549
3.28557885900002 26.0687099641515
3.29686950800002 10.5744226368092
3.30816015700002 1.79113929873182
3.31945080600002 0.367322043317137
3.33074145500002 6.51311256846928
3.34203210400002 19.9827191477061
3.35332275300002 40.0842617851596
3.36461340200002 65.7167810855091
3.37590405100002 95.4324627487511
3.38719470000002 127.520576353122
3.39848534900002 160.108269837825
3.40977599800002 191.272284557232
3.42106664700002 219.154928481733
3.43235729600002 242.077315063848
3.44364794500002 258.642966789355
3.45493859400002 267.825394397164
3.46622924300002 269.034168471863
3.47751989200002 262.155248627291
3.48881054100003 247.562854445774
3.50010119000003 226.101862136973
3.51139183900003 199.041490019434
3.52268248800003 168.00278701927
3.53397313700003 134.864054643714
3.54526378600003 101.649714661031
3.55655443500003 70.4091956004544
3.56784508400003 43.0930834309981
3.57913573300003 21.4340206094877
3.59042638200003 6.83962425435952
3.60171703100003 0.304036980806948
3.61300768000003 2.34365848736961
3.62429832900003 12.9611930612065
3.63558897800003 31.6404702494627
3.64687962700003 57.3726524308895
3.65817027600003 88.7125443548833
3.66946092500003 123.861880753972
3.68075157400003 160.774801211266
3.69204222300003 197.279329517463
3.70333287200003 231.207644979715
3.71462352100003 260.52733154493
3.72591417000003 283.465657756055
3.73720481900003 298.619288933151
3.74849546800003 305.042645880968
3.75978611700003 302.309356794112
3.77107676600003 290.542829866236
3.78236741500003 270.413810582448
3.79365806400003 243.104770569264
3.80494871300003 210.242985085383
3.81623936200003 173.806071914903
3.82753001100003 136.005468376427
3.83882066000003 99.1547100098922
3.85011130900003 65.5303572035386
3.86140195800003 37.2339313198668
3.87269260700003 16.0632343601024
3.88398325600003 3.40093070162184
3.89527390500003 0.127291602328877
3.90656455400003 6.5625981682652
3.91785520300003 22.4429479325246
3.92914585200003 46.9312173957554
3.94043650100003 78.6628167321749
3.95172715000003 115.82376077606
3.96301779900003 156.256600610535
3.97430844800003 197.588033866834
3.98559909700003 237.37064610635
3.99688974600003 273.230316296896
4.00818039500003 303.01040590933
4.01947104400003 324.903972821395
4.03076169300004 337.565905036947
4.04205234200004 340.198019884231
4.05334299100004 332.601756066754
4.06463364000004 315.195006218078
4.07592428900004 288.991782670655
4.08721493800004 255.545650643801
4.09850558700004 216.86006576383
4.10979623600004 175.270782810547
4.12108688500004 133.307235327641
4.13237753400004 93.5411137950612
4.14366818300004 58.4312097199001
4.15495883200004 30.1738895338974
4.16624948100004 10.5682934080841
4.17754013000004 0.90453196545629
4.18883077900004 1.88182402278602
4.20012142800004 13.5617577139896
4.21141207700004 35.3597691635541
4.22270272600004 66.075641460421
4.23399337500004 103.961469463971
4.24528402400004 146.82325540467
4.25657467300004 192.150235178103
4.26786532200004 237.264312476642
4.27915597100004 279.48070442395
4.29044662000004 316.270158663731
4.30173726900004 345.41293684056
4.31302791800004 365.13518727965
4.32431856700004 374.219328742359
4.33560921600004 372.081580920501
4.34689986500004 358.811717726734
4.35819051400004 335.172371833783
4.36948116300004 302.557648975432
4.38077181200004 262.913272194541
4.39206246100004 218.622820522469
4.40335311000004 172.366710601034
4.41464375900004 126.962265413845
4.42593440800004 85.1944161536621
4.43722505700004 49.6472151175683
4.44851570600004 22.5463572394425
4.45980635500004 5.62231012126861
4.47109700400004 0.00246929588540011
4.48238765300004 6.13905473503275
4.49367830200004 23.7773459298243
4.50496895100004 51.9664418349715
4.51625960000004 89.1121727499747
4.52755024900004 133.069237900543
4.53884089800004 181.267249813861
4.55013154700004 230.863280544835
4.56142219600004 278.91185374964
4.57271284500005 322.542213313575
4.58400349400005 359.132194574647
4.59529414300005 386.468162552836
4.60658479200005 402.881258650235
4.61787544100005 407.351569945875
4.62916609000005 399.573724023617
4.64045673900005 379.979706023294
4.65174738800005 349.717256853298
4.66303803700005 310.584888701917
4.67432868600005 264.927184692839
4.68561933500005 215.496474146277
4.69690998400005 165.289045361611
4.70820063300005 117.365646634931
4.71949128200005 74.6670342974749
4.73078193100005 39.8356894410624
4.74207258000005 15.0545169279597
4.75336322900005 1.91237600778501
4.76465387800005 1.30472596576078
4.77594452700005 13.375594049204
4.78723517600005 37.5046092429081
4.79852582500005 72.3401412428763
4.80981647400005 115.876801569653
4.82110712300005 165.572871176178
4.83239777200005 218.500779650135
4.84368842100005 271.521724263061
4.85497907000005 321.474008206132
4.86626971900005 365.363790619406
4.87756036800005 400.54673354474
4.88885101700005 424.889518962307
4.90014166600005 436.901366823786
4.91143231500005 435.827445991402
4.92272296400005 421.698330865165
4.93401361300005 395.332283044288
4.94530426200005 358.289972584451
4.95659491100005 312.784126782864
4.96788556000005 261.549332251582
4.97917620900005 207.67965193598
4.99046685800005 154.443703734014
5.00175750700005 105.088259045014
5.01304815600005 62.6421695844104
5.02433880500005 29.7324704169717
5.03562945400005 8.42383042202612
5.04692010300005 0.0911656852756339
5.05821075200005 5.33327527787971
5.06950140100005 23.9329179289136
5.08079205000005 54.8659675365667
5.09208269900005 96.3593318765845
5.10337334800005 145.994370113232
5.11466399700006 200.849779221012
5.12595464600006 257.675505367099
5.13724529500006 313.087321394515
5.14853594400006 363.770413978824
5.15982659300006 406.679725191146
5.17111724200006 439.224932561176
5.18240789100006 459.428824275809
5.19369854000006 466.04938245569
5.20498918900006 458.658036502712
5.21627983800006 437.66916300031
5.22757048700006 404.318832530198
5.23886113600006 360.593861578323
5.25015178500006 309.115235088773
5.26144243400006 252.982740074059
5.27273308300006 195.590024163395
5.28402373200006 140.421119776865
5.29531438100006 90.8406419124547
5.30660503000006 49.8903019023034
5.31789567900006 20.1040515443395
5.32918632800006 3.35309835312978
5.34047697700006 0.730275093495027
5.35176762600006 12.4809086909426
5.36305827500006 37.9845540311985
5.37434892400006 75.7889033264223
5.38563957300006 123.69403522916
5.39693022200006 178.882119598449
5.40822087100006 238.084928471485
5.41951152000006 297.779189699466
5.43080216900006 354.398098570602
5.44209281800006 404.54628096174
5.45338346700006 445.20524364137
5.46467411600006 473.916871848768
5.47596476500006 488.933812499773
5.48725541400006 489.327538926462
5.49854606300006 475.047414181391
5.50983671200006 446.927004341632
5.52112736100006 406.637065090573
5.53241801000006 356.587843279229
5.54370865900006 299.786405796321
5.55499930800006 239.657444757091
5.56628995700006 179.838244122837
5.57758060600006 123.960091426487
5.58887125500006 75.4292804072861
5.60016190400006 37.2209213349926
5.61145255300006 11.698048563549
5.62274320200006 0.46703057112389
5.63403385100006 4.27813351053205
5.64532450000006 22.9773930128218
5.65661514900007 55.5128717684386
5.66790579800007 99.9951069432042
5.67919644700007 153.808278943049
5.69048709600007 213.765559194008
5.70177774500007 276.299405863127
5.71306839400007 337.675436548738
5.72435904300007 394.217047000865
5.73564969200007 442.527255296328
5.74694034100007 479.694375707612
5.75823099000007 503.469060792543
5.76952163900007 512.401940065538
5.78081228800007 505.933429223473
5.79210293700007 484.430145571996
5.80339358600007 449.165571695655
5.81468423500007 402.245967843382
5.82597488400007 346.485841501182
5.83726553300007 285.240340184946
5.84855618200007 222.204555145656
5.85984683100007 161.191749782792
5.87113748000007 105.903832990306
5.88242812900007 59.7079034369359
5.89371877800007 25.4323630945936
5.90500942700007 5.19495464166595
5.91630007600007 0.273184514149127
5.92759072500007 11.0250636487454
5.93888137400007 36.8650824458487
5.95017202300007 76.2970160293856
5.96146267200007 127.001730258246
5.97275332100007 185.974834797568
5.98404397000007 249.7060079428
5.99533461900007 314.389282099418
6.00662526800007 376.151683262885
6.01791591700007 431.28647862713
6.02920656600007 476.476974275201
6.04049721500007 508.997340672623
6.05178786400007 526.878297109384
6.06307851300007 529.027577556823
6.07436916200007 515.297805082064
6.08565981100007 486.49755809986
6.09695046000007 444.344829787651
6.10824110900007 391.365556126222
6.11953175800007 330.743208577615
6.13082240700007 266.12841349651
6.14211305600007 201.419992079658
6.15340370500007 140.530563962697
6.16469435400007 87.1508173489636
6.17598500300007 44.5266591401778
6.18727565200007 15.2627114472721
6.19856630100008 1.1640593975109
6.20985695000008 3.12587191528315
6.22114759900008 21.0776485236738
6.23243824800008 53.9855632173724
6.24372889700008 99.9128784356102
6.25501954600008 156.134898898231
6.26631019500008 219.301638069924
6.27760084400008 285.6384787478
6.28889149300008 351.172799060008
6.30018214200008 411.972946584898
6.31147279100008 464.385173592608
6.32276344000008 505.254243533013
6.33405408900008 532.114378537598
6.34534473800008 543.338983456216
6.35663538700008 538.240048618296
6.36792603600008 517.111153381211
6.37921668500008 481.211384236273
6.39050733400008 432.691040652809
6.40179798300008 374.463514357658
6.41308863200008 310.030981258965
6.42437928100008 243.274342918701
6.43566993000008 178.220026766621
6.44696057900008 118.797669040861
6.45825122800008 68.6032751936559
6.46954187700008 30.6821435087373
6.48083252600008 7.34466630753263
6.49212317500008 0.0261588404777717
6.50341382400008 9.19922621258823
6.51470447300008 34.3440218739101
6.52599512200008 73.9782671496042
6.53728577100008 125.745299839042
6.54857642000008 186.554918290814
6.55986706900008 252.768597026646
6.57115771800008 320.417963880191
6.58244836700008 385.443409470329
6.59373901600008 443.938470305177
6.60502966500008 492.385262046833
6.61632031400008 527.866762469741
6.62761096300008 548.243123857039
6.63890161200008 552.281349652318
6.65019226100008 539.73047090172
6.66148291000008 511.337636050086
6.67277355900008 468.80408567095
6.68406420800008 414.683607287053
6.69535485700008 352.229535979459
6.70664550600008 285.199474420256
6.71793615500008 217.629463421478
6.72922680400008 153.591186253577
6.74051745300009 96.9468244731306
6.75180810200009 51.1163366942359
6.76309875100009 18.8711946400158
6.77438940000009 2.16702668144822
6.78568004900009 2.02528283465221
6.79697069800009 18.4710872402626
6.80826134700009 50.5310619112939
6.81955199600009 96.2912927708508
6.83084264500009 153.011983524272
6.84213329400009 217.291923449404
6.85342394300009 285.272888175865
6.86471459200009 352.871679624157
6.87600524100009 416.025838401175
6.88729589000009 470.938230431537
6.89858653900009 514.305770049657
6.90987718800009 543.518490985389
6.92116783700009 556.816957804954
6.93245848600009 553.39851634319
6.94374913500009 533.465961616652
6.95503978400009 498.215670070326
6.96633043300009 449.765890703967
6.97762108200009 391.029496668197
6.98891173100009 325.538847716522
7.00020238000009 257.233302364662
7.01149302900009 190.222172381126
7.02278367800009 128.537395206938
7.03407432700009 75.8908224518767
7.04536497600009 35.450747017194
7.05665562500009 9.65113411657679
7.06794627400009 0.0450521803923151
7.07923692300009 7.2111370118886
7.09052757200009 30.7187271463109
7.10181822100009 69.153772836299
7.11310887000009 120.203958674636
7.12439951900009 180.797911457639
7.13569016800009 247.290105709058
7.14698081700009 315.680325884757
7.15827146600009 381.854462697841
7.16956211500009 441.832136732327
7.18085276400009 492.006232925219
7.19214341300009 529.359919183866
7.20343406200009 551.648081700901
7.21472471100009 557.532256304731
7.22601536000009 546.660939817406
7.23730600900009 519.690458599329
7.24859665800009 478.245154522135
7.25988730700009 424.819305373299
7.27117795600009 362.626706619387
7.2824686050001 295.406992929148
7.2937592540001 227.200380966539
7.3050499030001 162.104412942138
7.3163405520001 104.027359091168
7.3276312010001 56.4531319316726
7.3389218500001 22.2318645057026
7.3502124990001 3.40875149314829
7.3615031480001 1.10144020065377
7.3727937970001 15.4333277652673
7.3840844460001 45.5267485238422
7.3953750950001 89.5564249796373
7.4066657440001 144.859924986971
7.4179563930001 208.09843560355
7.4292470420001 275.45813733752
7.4405376910001 342.880023458894
7.4518283400001 406.304304297534
7.4631189890001 461.914668261678
7.4744096380001 506.367691397857
7.4857002870001 536.993593774597
7.4969909360001 551.956278448765
7.5082815850001 550.363051827055
7.5195722340001 532.317463755704
7.5308628830001 498.912137907976
7.5421535320001 452.162080718796
7.5534441810001 394.882541970532
7.5647348300001 330.518836080047
7.5760254790001 262.938419310566
7.5873161280001 196.197780992581
7.5986067770001 134.298210613576
7.6098974260001 80.9451574732876
7.6211880750001 39.3256669401011
7.6324787240001 11.9172721888591
7.6437693730001 0.339810255441362
7.6550600220001 5.25903237527499
7.6663506710001 26.347748352488
7.6776413200001 62.3067724599372
7.6889319690001 110.944333819516
7.7002226180001 169.309094796887
7.7115132670001 233.868698695895
7.7228039160001 300.723036792962
7.7340945650001 365.839348484752
7.7453852140001 425.294971292581
7.7566758630001 475.513116774667
7.7679665120001 513.477489400556
7.7792571610001 536.9128602961
7.7905478100001 544.420777183567
7.8018384590001 535.562309943336
7.8131291080001 510.882933207639
7.82441975700011 471.878139536184
7.83571040600011 420.901948092766
7.84700105500011 361.023908972337
7.85829170400011 295.843295600673
7.86958235300011 229.271741140148
7.88087300200011 165.297455967433
7.89216365100011 107.745249823589
7.90345430000011 60.0468100552192
7.91474494900011 25.0350442299624
7.92603559800011 4.77482161757402
7.93732624700011 0.440233883403825
7.94861689600011 12.245675622459
7.95990754500011 39.4347911104961
7.97119819400011 80.3278417855315
7.98248884300011 132.424530375786
7.99377949200011 192.555984345716
8.00507014100011 257.076653944097
8.01636079000011 322.084495457079
8.02765143900011 383.65613087079
8.03894208800011 438.082800804809
8.0502327370001 482.092909326341
8.0615233860001 513.047796418599
8.0728140350001 529.099014212809
8.0841046840001 529.297726051882
8.0953953330001 513.649750343551
8.1066859820001 483.113057846987
8.1179766310001 439.538002632445
8.1292672800001 385.554013867257
8.1405579290001 324.409690178997
8.1518485780001 259.776027467659
8.1631392270001 195.524707615034
8.1744298760001 135.494848605555
8.1857205250001 83.2622790848628
8.1970111740001 41.925214358746
8.2083018230001 13.9191895340393
8.21959247200009 0.872312497152145
8.23088312100009 3.50944464773004
8.24217377000009 21.6109503027706
8.25346441900009 54.0283565087281
8.26475506800009 98.7558332599916
8.27604571700009 153.053046915593
8.28733636600009 213.611858998708
8.29862701500009 276.756723423394
8.30991766400009 338.666634086903
8.32120831300009 395.605210593792
8.33249896200009 444.145056804272
8.34378961100009 481.37291000092
8.35508026000009 505.063292357314
8.36637090900009 513.810306885728
8.37766155800009 507.109768767899
8.38895220700008 485.386874636505
8.40024285600008 449.967904221299
8.41153350500008 402.997821687572
8.42282415400008 347.308894554334
8.43411480300008 286.248380833076
8.44540545200008 223.475774254279
8.45669610100008 162.741897694693
8.46798675000008 107.66318967671
8.47927739900008 61.5047768254021
8.49056804800008 26.9853539881762
8.50185869700008 6.11554030213964
8.51314934600008 0.079327816043824
8.52443999500008 9.1656151325197
8.53573064400008 32.7537818264952
8.54702129300007 69.3539943614788
8.55831194200007 116.699638275205
8.56960259100007 171.886143168285
8.58089324000007 231.547694373393
8.59218388900007 292.06107392757
8.60347453800007 349.764277462788
8.61476518700007 401.176706780149
8.62605583600007 443.20768862976
8.63734648500007 473.340818800433
8.64863713400007 489.783129175345
8.65992778300007 491.570231049587
8.67121843200007 478.621268583633
8.68250908100007 451.74055846935
8.69379973000007 412.566011189359
8.70509037900007 363.467631126258
8.71638102800006 307.402384447196
8.72767167700006 247.73432574456
8.73896232600006 188.030931581857
8.75025297500006 131.847979509265
8.76154362400006 82.515953539703
8.77283427300006 42.9408156501669
8.78412492200006 15.4310690984325
8.79541557100006 1.56141121628802
8.80670622000006 2.08103167119584
8.81799686900006 16.8718943684076
8.82928751800006 44.9593127377749
8.84057816700006 84.5739727201622
8.85186881600006 133.261465868856
8.86315946500006 188.032552555589
8.87445011400006 245.544952484787
8.88574076300005 302.305600768442
8.89703141200005 354.88112233368
8.90832206100005 400.103834037222
8.91961271000005 435.260906163058
8.93090335900005 458.255380370248
8.94219400800005 467.729482349677
8.95348465700005 463.142976724631
8.96477530600005 444.802047603924
8.97606595500005 413.837184087553
8.98735660400005 372.131624404465
8.99864725300005 322.204879759838
9.00993790200005 267.05854117113
9.02122855100005 209.993809327487
9.03251920000005 154.411846112185
9.04380984900004 103.609029598804
9.05510049800004 60.5794459138562
9.06639114700004 27.836459522668
9.07768179600004 7.26400125313503
9.08897244500004 0.00637638093321283
9.10026309400004 6.40303690799271
9.11155374300004 25.9720271938778
9.12284439200004 57.4428667916558
9.13413504100004 98.8366570300197
9.14542569000004 147.588367990956
9.15671633900004 200.703749742375
9.16800698800004 254.941265768191
9.17929763700004 307.007988418812
9.19058828600004 353.757610811621
9.20187893500004 392.378660933616
9.21316958400003 420.561652335802
9.22446023300003 436.63522914641
9.23575088200003 439.663278121301
9.24704153100003 429.497368823936
9.25833218000003 406.781598591101
9.26962282900003 372.909796533897
9.28091347800003 329.937906365728
9.29220412700003 280.457048877726
9.30349477600003 227.43510094124
9.31478542500003 174.036480159289
9.32607607400003 123.431083739325
9.33736672300003 78.6039241210639
9.34865737200003 42.1769001396019
9.35994802100003 16.253351009455
9.37123867000003 2.2946125257179
9.38252931900002 1.03581999891066
9.39381996800002 12.4458024387268
9.40511061700002 35.7332341917825
9.41640126600002 69.3984163923568
9.42769191500002 111.327320038816
9.43898256400002 158.921999951885
9.45027321300002 209.259334946018
9.46156386200002 259.268391845228
9.47285451100002 305.915646484309
9.48414516000002 346.386884258922
9.49543580900002 378.254867093285
9.50672645800002 399.6227730811
9.51801710700002 409.234930379822
9.52930775600002 406.54838350367
9.54059840500001 391.761223632377
9.55188905400001 365.796238622672
9.56317970300001 330.241133744643
9.57447035200001 287.249178084743
9.58576100100001 239.406487857597
9.59705165000001 189.574126198869
9.60834229900001 140.714663234398
9.61963294800001 95.7137152686496
9.63092359700001 57.2072187458826
9.64221424600001 27.4247828907985
9.65350489500001 8.05843343964954
9.66479554400001 0.16447458485573
9.67608619300001 4.10415607687622
9.68737684200001 19.5264630353826
9.69866749100001 45.3937921322743
9.70995814 80.0486943309257
9.721248789 121.317407002565
9.732539438 166.643714100745
9.743830087 213.244891862655
9.755120736 258.280223816354
9.766411385 299.021876051141
9.777702034 333.017849632992
9.788992683 358.237272080659
9.800283332 373.189417031816
9.811573981 377.009478875129
9.82286463 369.506175193126
9.834155279 351.168578429677
9.845445928 323.132047179331
9.856736577 287.105587318122
9.868027226 245.265275855602
9.87931787499999 200.120388368457
9.89060852399999 154.360465358048
9.90189917299999 110.692640769827
9.91318982199999 71.6790752945397
9.92448047099999 39.5842606890224
9.93577111999999 16.241298032216
9.94706176899999 2.94504668190415
9.95835241799999 0.378368211560795
9.96964306699999 8.57565481469254
9.98093371599999 26.9255596679348
9.99222436499999 54.2124760258097
10.003515014 88.6939857986276
10.014805663 128.209356717564
10.026096312 170.312337461873
10.037386961 212.420090126649
10.04867761 251.969190877866
10.059968259 286.56927349297
10.071258908 314.14510398618
10.082549557 333.05864049388
10.093840206 342.203900728196
10.105130855 341.069149415582
10.116421504 329.762925242498
10.127712153 309.002627666765
10.139002802 280.066644544557
10.150293451 244.713185335183
10.1615841 205.070960838926
10.172874749 163.508501691074
10.184165398 122.49013736978
10.195456047 84.4273946387614
10.206746696 51.5347787207336
10.218037345 25.6985640809277
10.229327994 8.36636912637969
10.240618643 0.463975919229576
10.251909292 2.34416497624291
10.263199941 13.7703712760574
10.27449059 33.9358511889862
10.285781239 61.5169098365666
10.297071888 94.7567033980884
10.308362537 131.574322711955
10.319653186 169.692390090617
10.330943835 206.775346493663
10.342234484 240.570030993641
10.353525133 269.040089335392
10.364815782 290.486192859494
10.376106431 303.644971969505
10.38739708 307.760909958269
10.398687729 302.627118955209
10.409978378 288.592826200107
10.421269027 266.537419001941
10.432559676 237.812908000401
10.443850325 204.158549729775
10.455140974 167.593008912255
10.466431623 130.290741878494
10.477722272 94.4501697844371
10.489012921 62.1616342215632
10.50030357 35.2830671220615
10.511594219 15.330769647619
10.522884868 3.39171775675286
10.534175517 0.0624582604313491
10.545466166 5.41801340838749
10.556756815 19.0123761989852
10.568047464 39.9102649703129
10.579338113 66.7479303346293
10.590628762 97.8190826931949
10.601919411 131.180536798156
10.61321006 164.771037274036
10.6245007089999 196.536000572394
10.6357913579999 224.550624437023
10.6470820069999 247.133988393407
10.6583726559999 262.947383188735
10.6696633049999 271.071122160294
10.6809539539999 271.05543813314
10.6922446029999 262.942671002777
10.7035352519999 247.259704727723
10.7148259009999 224.981410953875
10.7261165499999 197.467591197857
10.7374071989999 166.377476651242
10.7486978479999 133.567151600273
10.7599884969999 100.976237175917
10.7712791459999 70.5107516808896
10.7825697949999 43.9292212428944
10.7938604439999 22.7388449227677
10.8051510929999 8.10784235610323
10.8164417419999 0.799074493898326
10.8277323909999 1.128695305731
10.8390230399999 8.95204777976622
10.8503136889999 23.6773564396633
10.8616043379999 44.306092152241
10.8728949869999 69.4972943149976
10.8841856359999 97.6517254279045
10.8954762849999 127.010586500344
10.9067669339999 155.762704872013
10.9180575829999 182.153664397664
10.9293482319999 204.590304009348
10.9406388809999 221.734362662561
10.9519295299999 232.579770990347
10.9632201789999 236.509134996032
10.9745108279999 233.326258260332
10.9858014769999 223.263025184012
10.9970921259999 206.960527871514
11.0083827749999 185.425868489374
11.0196734239999 159.967514148223
11.0309640729999 132.113336737843
11.0422547219999 103.516462301056
11.0535453709999 75.8547267886316
11.0648360199999 50.7298506598032
11.0761266689999 29.5723889724201
11.0874173179999 13.5580940974239
11.0987079669999 3.54057457900975
11.1099986159999 0.00409531670907672
11.1212892649999 3.0391071158088
11.1325799139999 12.3416960824294
11.1438705629999 27.2366911957954
11.1551612119999 46.7227497892108
11.1664518609999 69.5364406349442
11.1777425099999 94.2312396907971
11.1890331589999 119.266508437183
11.2003238079999 143.10098678523
11.2116144569999 164.285130329046
11.2229051059999 181.546763210372
11.2341957549999 193.864990200486
11.2454864039999 200.52808213533
11.2567770529999 201.172067352526
11.2680677019999 195.797963746672
11.2793583509999 184.766896719226
11.2906489999999 168.773687296088
