0 0
0.011290649 0
0.022581298 2.42722193000306e-006
0.033871947 3.83167014283281e-005
0.045162596 0.000235002093486673
0.056453245 0.000917405852250074
0.067743894 0.00272689900450049
0.079034543 0.00673769831368062
0.090325192 0.0145489180205046
0.101615841 0.0283309645560358
0.11290649 0.0508080059581559
0.124197139 0.0851635844961312
0.135487788 0.134863673143259
0.146778437 0.203400014579273
0.158069086 0.293965689040124
0.169359735 0.409083709216226
0.180650384 0.550217188983475
0.191941033 0.717395479075384
0.203231682 0.908893925769879
0.214522331 1.12100508731563
0.22581298 1.34793606657298
0.237103629 1.58186008085608
0.248394278 1.81314076352368
0.259684927 2.03073552048911
0.270975576 2.22277033581623
0.282266225 2.37726371598636
0.293556874 2.48296309324278
0.304847523 2.53024413579385
0.316138172 2.51201316158319
0.327428821 2.42454622385914
0.33871947 2.26819622518677
0.350010119 2.04790213784159
0.361300768 1.77344224587613
0.372591417 1.45938609503137
0.383882066 1.12471698499418
0.395172715 0.792117453396166
0.406463364 0.486933061957012
0.417754013 0.235853441869198
0.429044662 0.0653723776478291
0.440335311 0.000109051349498505
0.45162596 0.0610888463843815
0.462916609 0.264092919553073
0.474207258 0.618189979560025
0.485497907 1.12456063141362
0.496788556 1.77571398406198
0.508079205 2.55517819563463
0.519369854 3.43772197755962
0.530660503 4.39013401247896
0.541951152 5.37255340806233
0.553241801 6.34030869855461
0.56453245 7.24618773493918
0.575823099 8.0430283825081
0.587113747999999 8.68649252648212
0.598404396999999 9.13786552244221
0.609695045999999 9.36671162063036
0.620985694999999 9.35321426794329
0.632276343999999 9.09003919745208
0.643566992999999 8.58357785494504
0.654857641999999 7.85445831127708
0.666148290999999 6.93724902990822
0.677438939999999 5.87932575364175
0.688729588999999 4.73892088343497
0.700020237999999 3.58242520607891
0.711310886999999 2.48106063048357
0.722601535999999 1.50708662419798
0.733892184999999 0.729739370659132
0.745182833999999 0.211128709320757
0.756473482999999 0.00233161405802218
0.767764131999999 0.139920920961437
0.779054780999999 0.643153630566986
0.790345429999999 1.51201463044708
0.801636078999999 2.72627023127623
0.812926727999999 4.24563343740749
0.824217376999999 6.01108208270547
0.835508025999999 7.94730516405324
0.846798674999999 9.96618563819731
0.858089323999999 11.9711635693002
0.869379972999999 13.862265766368
0.880670621999999 15.5415406186194
0.891961270999999 16.9186029236808
0.903251919999999 17.9159756132941
0.914542568999999 18.4739150494449
0.925833217999999 18.5544246294982
0.937123866999999 18.1441973743896
0.948414515999999 17.2562804765329
0.959705164999999 15.9303209326761
0.970995813999999 14.2313279607789
0.982286462999999 12.2469707556264
0.993577111999999 10.0835146338382
1.004867761 7.86057987674826
1.01615841 5.70498076612966
1.027449059 3.74396292227476
1.038739708 2.09820120345927
1.050030357 0.874945071040534
1.061321006 0.161701481710941
1.072611655 0.0208262541304577
1.083902304 0.485353964692905
1.095192953 1.55633553037769
1.106483602 3.20187471769574
1.117774251 5.35796392123653
1.1290649 7.93112058129132
1.140355549 10.8027240421069
1.151646198 13.8348542555525
1.162936847 16.8773442254307
1.174227496 19.7756827988752
1.185518145 22.3793479760355
1.196808794 24.5501169757732
1.208099443 26.1698902949565
1.219390092 27.1475839812823
1.230680741 27.4246868827972
1.24197139 26.9791458445146
1.253262039 25.8273284029011
1.264552688 24.023914961236
1.275843337 21.659685199588
1.287133986 18.8572803763303
1.298424635 15.765137660305
1.309715284 12.5498981637847
1.321005933 9.38768079505859
1.332296582 6.45468404198169
1.343587231 3.91762303806564
1.35487788 1.92452679532534
1.366168529 0.596408888007077
1.377459178 0.0202843478612364
1.388749827 0.243937940015407
1.400040476 1.27275774682986
1.411331125 3.06883790230406
1.422621774 5.552431331352
1.433912423 8.60570420474304
1.445203072 12.078615703689
1.456493721 15.7966268097558
1.46778437 19.5698370273416
1.479075019 23.2030642651907
1.490365668 26.5063254816007
1.501656317 29.3051476476341
1.512946966 31.4501419835221
1.524237615 32.8253093997966
1.535528264 33.3546099715296
1.546818913 33.0064207350912
1.558109562 31.7956192397465
1.569400211 29.783158967041
1.58069086 27.0731398811593
1.591981509 23.8075153945259
1.603272158 20.1587082216755
1.614562807 16.32052457846
1.625853456 12.4978523404865
1.637144105 8.89569861076285
1.648434754 5.70816161442703
1.659725403 3.10793857325952
1.671016052 1.23694467440478
1.682306701 0.198559760250502
1.69359735 0.0519320510922111
1.704887999 0.808656819031423
1.716178648 2.4320185771792
1.727469297 4.8388451756852
1.738759946 7.90387897511428
1.750050595 11.466431958445
1.761341244 15.3389659480173
1.772631893 19.3171330236197
1.783922542 23.1907307150827
1.795213191 26.7549760669068
1.80650384 29.8214850658622
1.817794489 32.2283601701794
1.829085138 33.8488378730034
1.840375787 34.5980276236091
1.851666436 34.4373785819426
1.862957085 33.3766357246319
1.874247734 31.4731847798478
1.885538383 28.8288286610347
1.896829032 25.5841785362589
1.908119681 21.9109726236055
1.91941033 18.0027480657737
1.930700979 14.0643796420173
1.941991628 10.301058810325
1.953282277 6.90731444456975
1.964572926 4.05667124042955
1.975863575 1.89250357402104
1.987154224 0.520573901116396
1.998444873 0.00364956608294988
2.009735522 0.358475589734353
2.021026171 1.555250209286
2.03231682 3.51961200347927
2.043607469 6.13701005225371
2.054898118 9.25919936723392
2.066188767 12.712489887159
2.077479416 16.3072848527131
2.088770065 19.8483782997471
2.100060714 23.1454451631075
2.111351363 26.0231527929911
2.122642012 28.3303495009993
2.133932661 29.9478422637087
2.14522331 30.7943584669768
2.156513959 30.8303906937765
2.167804608 30.0597430210103
2.179095257 28.5287252858979
2.190385906 26.3230711020678
2.201676555 23.562778854136
2.212967204 20.3951856997226
2.224257853 16.9866767761635
2.235548502 13.5135004834443
2.246839151 10.1522024135161
2.2581298 7.07020329587119
2.269420449 4.41702995215249
2.280711098 2.31666405855189
2.292001747 0.861404401140313
2.303292396 0.107548524476964
2.314583045 0.0730945569961828
2.325873694 0.737549659118145
2.337164343 2.0438145078009
2.348454992 3.90200006949352
2.359745641 6.19492985466651
2.37103629 8.7849934443915
2.382326939 11.5219499042952
2.39361758800001 14.2512361023341
2.40490823700001 16.8223168830226
2.41619888600001 19.0966220059456
2.42748953500001 20.9546477406047
2.43878018400001 22.3018566438997
2.45007083300001 23.0730837257343
2.46136148200001 23.235246330809
2.47265213100001 22.7882533148807
2.48394278000001 21.7641107591793
2.49523342900001 20.2243207715586
2.50652407800001 18.2557613588278
2.51781472700001 15.9653139879624
2.52910537600001 13.4735671939816
2.54039602500001 10.9079664056512
2.55168667400001 8.39580021800917
2.56297732300001 6.05741109470728
2.57426797200001 3.99999466497745
2.58555862100001 2.31230832748582
2.59684927000001 1.06054978849678
2.60813991900001 0.285593311059688
2.61943056800001 0.00169032136767997
2.63072121700001 0.196656439052018
2.64201186600001 0.833483858692175
2.65330251500001 1.85324097344033
2.66459316400001 3.17905437356166
2.67588381300001 4.72091533303354
2.68717446200001 6.38101618214937
2.69846511100001 8.05930310326866
2.70975576000001 9.65893135510633
2.72104640900001 11.0913261330517
2.73233705800001 12.2805856117263
2.74362770700001 13.1670097166592
2.75491835600001 13.7095956548102
2.76620900500001 13.8874055223126
2.77749965400001 13.699778460514
2.78879030300001 13.1654258807154
2.80008095200001 12.3205094642696
2.81137160100001 11.2158546295738
2.82266225000001 9.91349420569765
2.83395289900001 8.48276617132032
2.84524354800001 6.99620434833962
2.85653419700001 5.52546159456456
2.86782484600001 4.13749188817176
2.87911549500001 2.89119209716191
2.89040614400001 1.83466821801797
2.90169679300001 1.00324701843406
2.91298744200001 0.418305255271265
2.92427809100001 0.0869380537491942
2.93556874000001 0.00243869466858927
2.94685938900002 0.145516821203004
2.95815003800002 0.486143430215265
2.96944068700002 0.98588093172747
2.98073133600002 1.60053641409577
2.99202198500002 2.28296674769249
3.00331263400002 2.98586532446248
3.01460328300002 3.66437144272359
3.02589393200002 4.27836340158843
3.03718458100002 4.79432358108247
3.04847523000002 5.18669611069831
3.05976587900002 5.43869291695656
3.07105652800002 5.54253967414815
3.08234717700002 5.49918723271596
3.09363782600002 5.31754445981398
3.10492847500002 5.01331342773076
3.11621912400002 4.60752628661856
3.12750977300002 4.12489420206571
3.13880042200002 3.59208217847032
3.15009107100002 3.03601967829173
3.16138172000002 2.48234639509227
3.17267236900002 1.95407644281724
3.18396301800002 1.47054397919632
3.19525366700002 1.04667047090157
3.20654431600002 0.692570090352756
3.21783496500002 0.413486727765416
3.22912561400002 0.210035280885409
3.24041626300002 0.0787024861063415
3.25170691200002 0.0125495082715662
3.26299756100002 0.00205038846532997
3.27428821000002 0.0359974614822185
3.28557885900002 0.102406831912082
3.29686950800002 0.189363438583341
3.30816015700002 0.285755358012125
3.31945080600002 0.381859803814476
3.33074145500002 0.469757647352079
3.34203210400002 0.543568050933114
3.35332275300002 0.599508850265554
3.36461340200002 0.635800654430338
3.37590405100002 0.652442448275743
3.38719470000002 0.650893224348956
3.39848534900002 0.633697551031335
3.40977599800002 0.604092991499639
3.42106664700002 0.565634181602013
3.43235729600002 0.521862643911451
3.44364794500002 0.476043733886528
3.45493859400002 0.430983277777563
3.46622924300002 0.388927318860131
3.47751989200002 0.351539768670538
3.48881054100003 0.319945407530993
3.50010119000003 0.294820194111265
3.51139183900003 0.276507637963369
3.52268248800003 0.265139254305323
3.53397313700003 0.260738820104385
3.54526378600003 0.263294027114218
3.55655443500003 0.272784728703348
3.56784508400003 0.289163698166808
3.57913573300003 0.312292953423196
3.59042638200003 0.341845516972287
3.60171703100003 0.377188259865018
3.61300768000003 0.417265604794502
3.62429832900003 0.460505863617748
3.63558897800003 0.504771576351626
3.64687962700003 0.547372338103728
3.65817027600003 0.585153412441206
3.66946092500003 0.614666319569105
3.68075157400003 0.632419133846088
3.69204222300003 0.635195155696229
3.70333287200003 0.620419758462398
3.71462352100003 0.586547397870286
3.72591417000003 0.53343481268336
3.73720481900003 0.462663028030474
3.74849546800003 0.377770409311811
3.75978611700003 0.284361988464988
3.77107676600003 0.190066617218368
3.78236741500003 0.104322937411601
3.79365806400003 0.037987168018173
3.80494871300003 0.00276951876049714
3.81623936200003 0.0105206803491255
3.82753001100003 0.0724042080552936
3.83882066000003 0.198003550728304
3.85011130900003 0.394422855155957
3.86140195800003 0.665447488685948
3.87269260700003 1.0108326663931
3.88398325600003 1.42578611229916
3.89527390500003 1.90070312656157
3.90656455400003 2.42119993530121
3.91785520300003 2.96847430298653
3.92914585200003 3.52000198079641
3.94043650100003 4.05055485168665
3.95172715000003 4.53350306095122
3.96301779900003 4.94234059124368
3.97430844800003 5.25235330460017
3.98559909700003 5.44233201909991
3.99688974600003 5.49622212503474
4.00818039500003 5.40459670031137
4.01947104400003 5.16584280437895
4.03076169300004 4.78696091121661
4.04205234200004 4.28389508711286
4.05334299100004 3.68133582277394
4.06463364000004 3.0119671994385
4.07592428900004 2.31516368048273
4.08721493800004 1.63517730247531
4.09850558700004 1.01889118863545
4.10979623600004 0.513247819770795
4.12108688500004 0.162488116996502
4.13237753400004 0.00535805830201541
4.14366818300004 0.0724515501539889
4.15495883200004 0.383860357965702
4.16624948100004 0.947293389985962
4.17754013000004 1.75680849532988
4.18883077900004 2.79227082056278
4.20012142800004 4.01961397705801
4.21141207700004 5.39193572117236
4.22270272600004 6.85141097576785
4.23399337500004 8.33195464482879
4.24528402400004 9.76251783721031
4.25657467300004 11.0708569077373
4.26786532200004 12.1875780815488
4.27915597100004 13.0502339494385
4.29044662000004 13.6072338918484
4.30173726900004 13.8213299260124
4.31302791800004 13.6724532138932
4.32431856700004 13.1597043077999
4.33560921600004 12.3023410661462
4.34689986500004 11.1396601274675
4.35819051400004 9.72972821998361
4.36948116300004 8.14698512487377
4.38077181200004 6.47880708486952
4.39206246100004 4.82118390985672
4.40335311000004 3.27372103687599
4.41464375900004 1.9342256560356
4.42593440800004 0.893170495047119
4.43722505700004 0.228347428280052
4.44851570600004 2.40681483043764e-005
4.45980635500004 0.246899224632783
4.47109700400004 0.983117963669186
4.48238765300004 2.19655541228588
4.49367830200004 3.84851292406509
4.50496895100004 5.87489411363384
4.51625960000004 8.18884570494658
4.52755024900004 10.6847637343756
4.53884089800004 13.2434842737744
4.55013154700004 15.7384043254641
4.56142219600004 18.0422174052755
4.57271284500005 20.0339034905117
4.58400349400005 21.6055875429908
4.59529414300005 22.6688767523532
4.60658479200005 23.1603048168194
4.61787544100005 23.0455515490485
4.62916609000005 22.3221661447489
4.64045673900005 21.020599650616
4.65174738800005 19.2034425157033
4.66303803700005 16.9628617443813
4.67432868600005 14.4163336294109
4.68561933500005 11.700866576511
4.69690998400005 8.96599841809069
4.70820063300005 6.36592850282993
4.71949128200005 4.05120207603957
4.73078193100005 2.16039934240269
4.74207258000005 0.812291644035648
4.75336322900005 0.0989112847264719
4.76465387800005 0.0799400451021405
4.77594452700005 0.778756198254761
4.78723517600005 2.18039408388979
4.79852582500005 4.23156850192292
4.80981647400005 6.84280381698217
4.82110712300005 9.89259090232953
4.83239777200005 13.2333804364784
4.84368842100005 16.6991151318189
4.85497907000005 20.1139123722932
4.86626971900005 23.3014378744486
4.87756036800005 26.0944647062879
4.88885101700005 28.3440933142082
4.90014166600005 29.9281186099889
4.91143231500005 30.758069516399
4.92272296400005 30.7845128744013
4.93401361300005 30.0003039228357
4.94530426200005 28.4415749215604
4.95659491100005 26.1863760058329
4.96788556000005 23.3510113150948
4.97917620900005 20.0842416653408
4.99046685800005 16.5596453160791
5.00175750700005 12.9665338691385
5.01304815600005 9.49990493339651
5.02433880500005 6.34997191545522
5.03562945400005 3.69184057740437
5.04692010300005 1.67589989000973
5.05821075200005 0.419461005518315
5.06950140100005 0.000114460792518265
5.08079205000005 0.4511852866312
5.09208269900005 1.75955336528911
5.10337334800005 3.86597824169854
5.11466399700006 6.66793068984751
5.12595464600006 10.0247952468545
5.13724529500006 13.7651763584884
5.14853594400006 17.6959231233715
5.15982659300006 21.6123905379959
5.17111724200006 25.3093841760059
5.18240789100006 28.5921944938934
5.19369854000006 31.2871188780169
5.20498918900006 33.2508947508847
5.21627983800006 34.3785242900432
5.22757048700006 34.6090575308977
5.23886113600006 33.9290111383702
5.25015178500006 32.3732288754724
5.26144243400006 30.0231296621885
5.27273308300006 27.0024323539788
5.28402373200006 23.470585015413
5.29531438100006 19.6142527998084
5.30660503000006 15.6373255238645
5.31789567900006 11.749987673422
5.32918632800006 8.1574453292562
5.34047697700006 5.04892346564713
5.35176762600006 2.58753218722639
5.36305827500006 0.901552562057765
5.37434892400006 0.0776144576333089
5.38563957300006 0.156134562514589
5.39693022200006 1.12925839798098
5.40822087100006 2.94141252786294
5.41951152000006 5.49243002393134
5.43080216900006 8.64307149635516
5.44209281800006 12.2226334577543
5.45338346700006 16.0382226672492
5.46467411600006 19.885185614009
5.47596476500006 23.5581213227236
5.48725541400006 26.8618764598621
5.49854606300006 29.6219257652243
5.50983671200006 31.6935777406557
5.52112736100006 32.9695130765102
5.53241801000006 33.385257567389
5.54370865900006 32.9223068729624
5.55499930800006 31.6087508702337
5.56628995700006 29.5173831896353
5.57758060600006 26.7614191317299
5.58887125500006 23.4880748951771
5.60016190400006 19.8703757780638
5.61145255300006 16.0976545053748
5.62274320200006 12.365268084584
5.63403385100006 8.86409910666994
5.64532450000006 5.77041339078093
5.65661514900007 3.2366202948092
5.66790579800007 1.3834266215989
5.67919644700007 0.293793229718928
5.69048709600007 0.00900003801447452
5.70177774500007 0.527006078225177
5.71306839400007 1.8031633889849
5.72435904300007 3.75321406111062
5.73564969200007 6.25837584615303
5.74694034100007 9.17221023410686
5.75823099000007 12.3288738184894
5.76952163900007 15.5522840147119
5.78081228800007 18.6656873256925
5.79210293700007 21.5011043481942
5.80339358600007 23.9081409310612
5.81468423500007 25.7616980378263
5.82597488400007 26.9681810922886
5.83726553300007 27.4698986963138
5.84855618200007 27.2474453005354
5.85984683100007 26.3199765899708
5.87113748000007 24.743403496573
5.88242812900007 22.6066442932977
5.89371877800007 20.0261779008679
5.90500942700007 17.1392297568492
5.91630007600007 14.0959897354823
5.92759072500007 11.0513062596438
5.93888137400007 8.15631989266209
5.95017202300007 5.55049279111834
5.96146267200007 3.35445837077415
5.97275332100007 1.66406071240453
5.98404397000007 0.54587917408503
5.99533461900007 0.0344449511110127
6.00662526800007 0.131258231514385
6.01791591700007 0.805612842397401
6.02920656600007 1.99713565569624
6.04049721500007 3.61985605345693
6.05178786400007 5.56754141097834
6.06307851300007 7.71997197635107
6.07436916200007 9.94978579194087
6.08565981100007 12.1295033007717
6.09695046000007 14.1383426120718
6.10824110900007 15.8684593859022
6.11953175800007 17.2302880451883
6.13082240700007 18.1567205702595
6.14211305600007 18.6059316368306
6.15340370500007 18.5627398524698
6.16469435400007 18.03847950059
6.17598500300007 17.0694406164571
6.18727565200007 15.7140127120737
6.19856630100008 14.0487348296433
6.20985695000008 12.1635083371748
6.22114759900008 10.1562663739971
6.23243824800008 8.12741351123548
6.24372889700008 6.17435049090338
6.25501954600008 4.38638239829799
6.26631019500008 2.8402758645564
6.27760084400008 1.59668433335375
6.28889149300008 0.69760321609561
6.30018214200008 0.164952568838406
6.31147279100008 0.000317692917310677
6.32276344000008 0.185811767448401
6.33405408900008 0.685963044885901
6.34534473800008 1.45047564680859
6.35663538700008 2.41767035547254
6.36792603600008 3.51838203804838
6.37921668500008 4.68007466352337
6.39050733400008 5.83093360318872
6.40179798300008 6.90370751121261
6.41308863200008 7.83909723335308
6.42437928100008 8.58852487470028
6.43566993000008 9.1161598174776
6.44696057900008 9.40012719792187
6.45825122800008 9.43287503168909
6.46954187700008 9.22072574173025
6.48083252600008 8.78268341459371
6.49212317500008 8.14860718116712
6.50341382400008 7.35689168024485
6.51470447300008 6.45181621630153
6.52599512200008 5.48073422828735
6.53728577100008 4.49127398558299
6.54857642000008 3.5287106151898
6.55986706900008 2.63364982307566
6.57115771800008 1.8401366727125
6.58244836700008 1.17427055801675
6.59373901600008 0.653372308302834
6.60502966500008 0.2857135104045
6.61632031400008 0.0707838689935223
6.62761096300008 4.17748245009148e-005
6.63890161200008 0.0580679027627627
6.65019226100008 0.224022882974197
6.66148291000008 0.47329866136541
6.67277355900008 0.779249361105331
6.68406420800008 1.11489104601344
6.69535485700008 1.45447007766427
6.70664550600008 1.77481566739332
6.71793615500008 2.05641236645835
6.72922680400008 2.28415103177968
6.74051745300009 2.44774058972622
6.75180810200009 2.54178606893628
6.76309875100009 2.56555939837372
6.77438940000009 2.52250711477634
6.78568004900009 2.41955244538536
6.79697069800009 2.26625763132468
6.80826134700009 2.07391561269145
6.81955199600009 1.85463845604421
6.83084264500009 1.62050365494638
6.84213329400009 1.38280944693336
6.85342394300009 1.15147755382013
6.86471459200009 0.934627388203122
6.87600524100009 0.738330944489166
6.88729589000009 0.566543433446325
6.89858653900009 0.421192229182309
6.90987718800009 0.302396691461115
6.92116783700009 0.208784479288781
6.93245848600009 0.137866387961535
6.94374913500009 0.0864315455566323
6.95503978400009 0.0509277526738059
6.96633043300009 0.0277973618448186
6.97762108200009 0.0137467041543973
6.98891173100009 0.0059358883449665
7.00020238000009 0.00208497338679908
7.01149302900009 0.000501214904611758
7.02278367800009 3.95567010201819e-005
7.03407432700009 1.41698332551826e-005
7.04536497600009 8.22096632792108e-005
7.05665562500009 0.000121859876782185
7.06794627400009 0.000125184734453942
7.07923692300009 0.000122561886372352
7.09052757200009 0.000149959786602638
7.10181822100009 0.000263653469345843
7.11310887000009 0.000599839427195737
7.12439951900009 0.00146975384180494
7.13569016800009 0.00347503277988148
7.14698081700009 0.00762380459011433
7.15827146600009 0.0154258562266373
7.16956211500009 0.0289454610940732
7.18085276400009 0.0507931736038557
7.19214341300009 0.0840429337630643
7.20343406200009 0.132067811527275
7.21472471100009 0.198296087989403
7.22601536000009 0.285898399049609
7.23730600900009 0.397425541400144
7.24859665800009 0.53442441486541
7.25988730700009 0.697065644242287
7.27117795600009 0.883819992691756
7.2824686050001 1.09122122551512
7.2937592540001 1.31375031067535
7.3050499030001 1.54386971409318
7.3163405520001 1.77222730402251
7.3276312010001 1.98803753266291
7.3389218500001 2.17963387399438
7.3502124990001 2.33517192405718
7.3615031480001 2.44344820907157
7.3727937970001 2.49478675213846
7.3840844460001 2.48193494822247
7.3953750950001 2.40090330269698
7.4066657440001 2.25168091617836
7.4179563930001 2.0387607924747
7.4292470420001 1.77141632523494
7.4405376910001 1.46368253842257
7.4518283400001 1.13401229981019
7.4631189890001 0.804597922687987
7.4744096380001 0.500371132393607
7.4857002870001 0.247717867761848
7.4969909360001 0.0729672209615507
7.5082815850001 0.000734344992848654
7.5195722340001 0.0522137863265468
7.5308628830001 0.243531012387402
7.5421535320001 0.584264761011621
7.5534441810001 1.07625047635488
7.5647348300001 1.71276519404349
7.5760254790001 2.47817697088044
7.5873161280001 3.34811800110196
7.5986067770001 4.29021108965471
7.6098974260001 5.2653457656738
7.6211880750001 6.22946496906594
7.6324787240001 7.13578812111342
7.6437693730001 7.93736379324083
7.6550600220001 8.58981737315481
7.6663506710001 9.05413816092814
7.6776413200001 9.29933794137545
7.6889319690001 9.30481054232475
7.7002226180001 9.06222990300504
7.7115132670001 8.57684280540607
7.7228039160001 7.86804105394874
7.7340945650001 6.96913525021886
7.7453852140001 5.9262965114981
7.7566758630001 4.79668111503586
7.7679665120001 3.6458033137843
7.7792571610001 2.54427043135202
7.7905478100001 1.56403872106416
7.8018384590001 0.774385423397597
7.8131291080001 0.237819364956291
7.82441975700011 0.00616720435507955
7.83571040600011 0.117073597617997
7.84700105500011 0.591140453687494
7.85829170400011 1.42990325124128
7.86958235300011 2.61480213148129
7.88087300200011 4.10725404581978
7.89216365100011 5.84987225445036
7.90345430000011 7.76881419474549
7.91474494900011 9.77717186562441
7.92603559800011 11.7792543399864
7.93732624700011 13.6755537619847
7.94861689600011 15.3681379161778
7.95990754500011 16.7661774128983
7.97119819400011 17.7912962831541
7.98248884300011 18.3824330278149
7.99377949200011 18.4999156456988
8.00507014100011 18.1284885393203
8.01636079000011 17.2790800574929
8.02765143900011 15.9891643494046
8.03894208800011 14.3216468342946
8.0502327370001 12.3622848553402
8.0615233860001 10.2157393891641
8.0728140350001 8.00043516707933
8.0841046840001 5.84248039502659
8.0953953330001 3.86895890781024
8.1066859820001 2.20095311499478
8.1179766310001 0.946682378355586
8.1292672800001 0.19514642983766
8.1405579290001 0.0106462078970758
8.1518485780001 0.428515442650629
8.1631392270001 1.45233712048084
8.1744298760001 3.05284248542581
8.1857205250001 5.1686004426851
8.1970111740001 7.70850694454284
8.2083018230001 10.5559825962238
8.21959247200009 13.574688060726
8.23088312100009 16.6154765888792
8.24217377000009 19.524226521088
8.25346441900009 22.150138593997
8.26475506800009 24.3540470715961
8.27604571700009 26.0162826416174
8.28733636600009 27.0436398411845
8.29862701500009 27.3750422032981
8.30991766400009 26.9855625749384
8.32120831300009 25.8885409737225
8.33249896200009 24.1356435035515
8.34378961100009 21.8148178077593
8.35508026000009 19.0462171498193
8.36637090900009 15.9762799483621
8.37766155800009 12.7702579188761
8.38895220700008 9.60357771998674
8.40024285600008 6.65249272635246
8.41153350500008 4.08452886314305
8.42282415400008 2.04924826854334
8.43411480300008 0.669845346132387
8.44540545200008 0.0360516008078864
8.45669610100008 0.198760239117867
8.46798675000008 1.16669214777315
8.47927739900008 2.90531623799716
8.49056804800008 5.33811510901032
8.50185869700008 8.35015822877383
8.51314934600008 11.7938165073797
8.52443999500008 15.4963314652751
8.53573064400008 19.2688460455434
8.54702129300007 22.9164186160073
8.55831194200007 26.2484818839686
8.56960259100007 29.0891779389672
8.58089324000007 31.2870014651231
8.59218388900007 32.7232155949648
8.60347453800007 33.3185674021032
8.61476518700007 33.0379194314113
8.62605583600007 31.892525180369
8.63734648500007 29.9398040260748
8.64863713400007 27.2806077375763
8.65992778300007 24.0541088568094
8.67121843200007 20.4305731674981
8.68250908100007 16.6023967886599
8.69379973000007 12.7738864328843
8.70509037900007 9.15033346324905
8.71638102800006 5.9269743927588
8.72767167700006 3.27843988816243
8.73896232600006 1.34927047381052
8.75025297500006 0.246021152556375
8.76154362400006 0.0313920475905869
8.77283427300006 0.720712545120263
8.78412492200006 2.28097829763985
8.79541557100006 4.63250090249644
8.80670622000006 7.65308683305605
8.81799686900006 11.1845232297357
8.82928751800006 15.0410211943696
8.84057816700006 19.0191593554696
8.85186881600006 22.9087877083137
8.86315946500006 26.5042987090035
8.87445011400006 29.6156522824015
8.88574076300005 32.078554929233
8.89703141200005 33.7632397341093
8.90832206100005 34.5813711804813
8.91961271000005 34.4907019644664
8.93090335900005 33.4972327018191
8.94219400800005 31.654762642466
8.95348465700005 29.0618626025492
8.96477530600005 25.8564423397799
8.97606595500005 22.20821571419
8.98735660400005 18.309480947636
8.99864725300005 14.3647238563373
9.00993790200005 10.5796141450804
9.02122855100005 7.14999538504471
9.03251920000005 4.25146659807388
9.04380984900004 2.03011774973141
9.05510049800004 0.594915059286375
9.06639114700004 0.0121387213182279
9.07768179600004 0.302160736447588
9.08897244500004 1.43872057632556
9.10026309400004 3.35071866915476
9.11155374300004 5.92640987979039
9.12284439200004 9.0197489155179
9.13413504100004 12.458524077939
9.14542569000004 16.0538212874158
9.15671633900004 19.6102918886119
9.16800698800004 22.9366589638145
9.17929763700004 25.8558896080934
9.19058828600004 28.2144849529464
9.20187893500004 29.8903939926962
9.21316958400003 30.7991381449164
9.22446023300003 30.8978361851018
9.23575088200003 30.1869377909242
9.24704153100003 28.7096016457225
9.25833218000003 26.5487836859827
9.26962282900003 23.822225413589
9.28091347800003 20.6756443960866
9.29220412700003 17.2745230779067
9.30349477600003 13.7949628510367
9.31478542500003 10.414114377002
9.32607607400003 7.3007103541999
9.33736672300003 4.60621287017225
9.34865737200003 2.4570453961633
9.35994802100003 0.948312151243575
9.37123867000003 0.139319136920877
9.38252931900002 0.0511068884034243
9.39381996800002 0.666090975153845
9.40511061700002 1.9297890268489
9.41640126600002 3.7544991478538
9.42769191500002 6.02469029764281
9.43898256400002 8.60377618719233
9.45027321300002 11.3418751431795
9.46156386200002 14.0841126865686
9.47285451100002 16.6790033422906
9.48414516000002 18.9864540511896
9.49543580900002 20.8849626232627
9.50672645800002 22.2776386798705
9.51801710700002 23.0967479645509
9.52930775600002 23.3065692200524
9.54059840500001 22.9044507548988
9.55188905400001 21.9200556527636
9.56317970300001 20.4128845169963
9.57447035200001 18.4682571360781
9.58576100100001 16.192014500087
9.59705165000001 13.7042660140926
9.60834229900001 11.1325504056779
9.61963294800001 8.6048007721732
9.63092359700001 6.24250379995749
9.64221424600001 4.15442104045443
9.65350489500001 2.43119809029896
9.66479554400001 1.14112852277501
9.67608619300001 0.327267265726668
9.68737684200001 0.00600727273437397
9.69866749100001 0.167148614578613
9.70995814 0.775405434569493
9.721248789 1.77321826953674
9.732539438 3.08467127560254
9.743830087 4.62025945270877
9.755120736 6.28221268948804
9.766411385 7.97006299503437
9.777702034 9.58613921543331
9.788992683 11.0406893437665
9.800283332 12.2563627028871
9.811573981 13.1718303979883
9.82286463 13.7443793645357
9.834155279 13.9513794228393
9.845445928 13.7905900528932
9.856736577 13.2793401348553
9.868027226 12.4526758629493
9.87931787499999 11.3606260399407
9.89060852399999 10.0647771923904
9.90189917299999 8.63438134496449
9.91318982199999 7.14223561682526
9.92448047099999 5.66057468938748
9.93577111999999 4.25720513986323
9.94706176899999 2.99208593701937
9.95835241799999 1.914524045276
9.96964306699999 1.0611106189733
9.98093371599999 0.454474602875619
9.99222436499999 0.102879785271974
10.003515014 0.00064156535496969
10.014805663 0.129293791751641
10.026096312 0.459396538103376
10.037386961 0.952844639261876
10.04867761 1.5655156513029
10.059968259 2.2500853905573
10.071258908 2.95883944048509
10.082549557 3.64631942312546
10.093840206 4.27166225421028
10.105130855 4.80051738372695
10.116421504 5.20645914328303
10.127712153 5.47184652785317
10.139002802 5.58811870626154
10.150293451 5.55554902906161
10.1615841 5.38251124240333
10.172874749 5.0843373097045
10.184165398 4.68186539902178
10.195456047 4.19978840560377
10.206746696 3.66491754942207
10.218037345 3.10447232359212
10.229327994 2.54449804347333
10.240618643 2.00849652729199
10.251909292 1.51633540394619
10.263199941 1.08347876978149
10.27449059 0.720558067565967
10.285781239 0.433278773249603
10.297071888 0.222637249063909
10.308362537 0.0854042256144953
10.319653186 0.0148177787759758
10.330943835 0.00141998544595282
10.342234484 0.0339679167238129
10.353525133 0.100351128080426
10.364815782 0.188453862250252
10.376106431 0.286910030803842
10.38739708 0.385711703407222
10.398687729 0.476646190177594
10.409978378 0.553551682510393
10.421269027 0.612395688598545
10.432559676 0.651193146758268
10.443850325 0.669791294148113
10.455140974 0.66955552020483
10.466431623 0.652994222888066
10.477722272 0.623361071908125
10.489012921 0.584270296235441
10.50030357 0.539355121498965
10.511594219 0.491991944911709
10.522884868 0.445104039171939
10.534175517 0.401049371210724
10.545466166 0.361588345133846
10.556756815 0.327919691218297
10.568047464 0.300766946062952
10.579338113 0.280494439238431
10.590628762 0.26723063886736
10.601919411 0.260978103085477
10.61321006 0.261692903772559
10.6245007089999 0.269321802013413
10.6357913579999 0.283792071781471
10.6470820069999 0.304955994375282
10.6583726559999 0.332498942436111
10.6696633049999 0.365825921352721
10.6809539539999 0.403945804311899
10.6922446029999 0.445374792752121
10.7035352519999 0.488080549914758
10.7148259009999 0.529485900772388
10.7261165499999 0.566546104275275
10.7374071989999 0.595906842846828
10.7486978479999 0.614141795496086
10.7599884969999 0.618059675944963
10.7712791459999 0.605061736247713
10.7825697949999 0.573522803806876
10.7938604439999 0.523162743330942
10.8051510929999 0.45537151691401
10.8164417419999 0.373450287180869
10.8277323909999 0.282733580518708
10.8390230399999 0.190563451407014
10.8503136889999 0.10609564015522
10.8616043379999 0.0399293975545069
10.8728949869999 0.00356621574066626
10.8841856359999 0.00871720703847868
10.8954762849999 0.066493224208459
10.9067669339999 0.186524865900309
10.9180575829999 0.376070131945335
10.9293482319999 0.639174665780908
10.9406388809999 0.975952420417356
10.9519295299999 1.38205265105894
10.9632201789999 1.84837213658093
10.9745108279999 2.36105958825447
10.9858014769999 2.90184281377123
10.9970921259999 3.44868922116568
11.0083827749999 3.9767878400325
11.0196734239999 4.45981762603282
11.0309640729999 4.87144398190052
11.0422547219999 5.18696481732625
11.0535453709999 5.38501067286543
11.0648360199999 5.44919187526399
11.0761266689999 5.36958052516409
11.0874173179999 5.14391712628756
11.0987079669999 4.77844118863802
11.1099986159999 4.28826202814799
11.1212892649999 3.69720958688883
11.1325799139999 3.03713426852656
11.1438705629999 2.3466579430241
11.1551612119999 1.66941348830523
11.1664518609999 1.05184532655908
11.1777425099999 0.54067608892408
11.1890331589999 0.180172547556289
11.2003238079999 0.00936521456642459
11.2116144569999 0.0593887762999264
11.2229051059999 0.35111351890465
11.2341957549999 0.893230379063692
11.2454864039999 1.68093412960542
11.2567770529999 2.69532106185069
11.2680677019999 3.90358059819449
11.2793583509999 5.26001641833061
11.2906489999999 6.70788429451202
