0 0
0.011290649 0
0.022581298 2.09395887198442e-006
0.033871947 3.30811442290091e-005
0.045162596 0.000203111194665533
0.056453245 0.00079402075981065
0.067743894 0.00236422850877737
0.079034543 0.00585366695062256
0.090325192 0.0126705165729628
0.101615841 0.0247416945880189
0.11290649 0.0445111979772773
0.124197139 0.0748743976488333
0.135487788 0.119041949777612
0.146778437 0.180333705902493
0.158069086 0.26191032141256
0.169359735 0.366457561654203
0.180650384 0.495844935319509
0.191941033 0.650785616932273
0.203231682 0.830528097868872
0.214522331 1.03261119231536
0.22581298 1.25271264463189
0.237103629 1.48461755043497
0.248394278 1.72032623270071
0.259684927 1.95031242951565
0.270975576 2.16393216646821
0.282266225 2.34997218131371
0.293556874 2.49731503900496
0.304847523 2.59568698653168
0.316138172 2.63644502188612
0.327428821 2.61335240692767
0.33871947 2.52328763950578
0.350010119 2.36683124163527
0.361300768 2.14867792313604
0.372591417 1.87782879572269
0.383882066 1.56752912231814
0.395172715 1.23493110210666
0.406463364 0.900477675398242
0.417754013 0.587021333320254
0.429044662 0.318710326709208
0.440335311 0.119692285643983
0.45162596 0.0127008693783343
0.462916609 0.017603514102712
0.474207258 0.149996625219086
0.485497907 0.419937881437072
0.496788556 0.830903169624365
0.508079205 1.37904786803297
0.519369854 2.0528389110594
0.530660503 2.83310583007305
0.541951152 3.69353664279231
0.553241801 4.60161923054155
0.56453245 5.52000211140251
0.575823099 6.40822186251551
0.587113747999999 7.22471951102812
0.598404396999999 7.92904661452251
0.609695045999999 8.48414496993753
0.620985694999999 8.85857317699632
0.632276343999999 9.0285495733159
0.643566992999999 8.9796849022785
0.654857641999999 8.70828958431368
0.666148290999999 8.22215929120583
0.677438939999999 7.54076786968064
0.688729588999999 6.69482729957631
0.700020237999999 5.72520871335617
0.711310886999999 4.68125467579078
0.722601535999999 3.61854887455356
0.733892184999999 2.59624299133016
0.745182833999999 1.67406975807623
0.756473482999999 0.909194189946198
0.767764131999999 0.35307016414238
0.779054780999999 0.0484757268645851
0.790345429999999 0.0268970892784137
0.801636078999999 0.306418088910812
0.812926727999999 0.890249379928436
0.824217376999999 1.76600076371383
0.835508025999999 2.90576238158186
0.846798674999999 4.26701790444967
0.858089323999999 5.79436764701981
0.869379972999999 7.42199419727856
0.880670621999999 9.07676025089372
0.891961270999999 10.6817903670413
0.903251919999999 12.1603575915928
0.914542568999999 13.4398742450865
0.925833217999999 14.455775092707
0.937123866999999 15.1550814808202
0.948414515999999 15.499447088889
0.959705164999999 15.4675092990706
0.970995813999999 15.0564037734871
0.982286462999999 14.2823419964042
0.993577111999999 13.180200113996
1.004867761 11.8021198141158
1.01615841 10.2151753953077
1.027449059 8.49821263430268
1.038739708 6.73801168904076
1.050030357 5.024965407394
1.061321006 3.44849376467437
1.072611655 2.09243295180227
1.083902304 1.03064272572972
1.095192953 0.323067551805655
1.106483602 0.0124660790735363
1.117774251 0.121990580199389
1.1290649 0.653754818418112
1.140355549 1.58847762370984
1.151646198 2.88623298709074
1.162936847 4.48827875399691
1.174227496 6.31987820749267
1.185518145 8.29397514805364
1.196808794 10.3155364665725
1.208099443 12.2863392703255
1.219390092 14.109954441251
1.230680741 15.6966665298724
1.24197139 16.9680718445519
1.253262039 17.8611124483392
1.264552688 18.3313327227368
1.275843337 18.3551856734786
1.287133986 17.9312660705501
1.298424635 17.0804041429307
1.309715284 15.8446138232264
1.321005933 14.2849501889424
1.332296582 12.4783884827073
1.343587231 10.5138887797611
1.35487788 8.48785320733769
1.366168529 6.49921429554597
1.377459178 4.64441185756759
1.388749827 3.01252077211677
1.400040476 1.68078294895161
1.411331125 0.710774146884285
1.422621774 0.145401470467743
1.433912423 0.00688224833215708
1.445203072 0.295802098385822
1.456493721 0.991292229719613
1.46778437 2.05230658241613
1.479075019 3.41992149928927
1.490365668 5.0205273830943
1.501656317 6.76973606219428
1.512946966 8.57679177289513
1.524237615 10.3492496064931
1.535528264 11.997674138571
1.546818913 13.4401132098857
1.558109562 14.6061171750403
1.569400211 15.440101373986
1.58069086 15.9038874575508
1.591981509 15.9783053052616
1.603272158 15.6637889834438
1.614562807 14.9799546056748
1.625853456 13.9642020730799
1.637144105 12.6694335495042
1.648434754 11.1610264539635
1.659725403 9.51323539205249
1.671016052 7.80522396010881
1.682306701 6.1169424947515
1.69359735 4.52507101206449
1.704887999 3.09923786476767
1.716178648 1.8987047782017
1.727469297 0.96967924520675
1.738759946 0.343377619553461
1.750050595 0.0349189015487229
1.761341244 0.0430826771072308
1.772631893 0.350917589968226
1.783922542 0.927141699340893
1.795213191 1.72823552597709
1.80650384 2.70109463015826
1.817794489 3.7860828829571
1.829085138 4.92031136597904
1.840375787 6.04096168036318
1.851666436 7.08847639584452
1.862957085 8.00945288865411
1.874247734 8.75909884346545
1.885538383 9.30313672219227
1.896829032 9.61907867521546
1.908119681 9.69683060044148
1.91941033 9.53862214907267
1.930700979 9.15829626482829
1.941991628 8.58002530468136
1.953282277 7.83654916349108
1.964572926 6.96705270548085
1.975863575 6.01481420934068
1.987154224 5.02476294426313
1.998444873 4.04108237542583
2.009735522 3.10498627894809
2.021026171 2.25277908163996
2.03231682 1.51429024153916
2.043607469 0.911746936342556
2.054898118 0.459121388677206
2.066188767 0.161960560032203
2.077479416 0.0176783836730722
2.088770065 0.0162657400520389
2.100060714 0.141352341662016
2.111351363 0.371538628809396
2.122642012 0.681905378935027
2.133932661 1.04560432251398
2.14522331 1.43543458423161
2.156513959 1.82531681812274
2.167804608 2.19158875269269
2.179095257 2.51406152261694
2.190385906 2.77679446880973
2.201676555 2.96856576649637
2.212967204 3.08303600051212
2.224257853 3.11862042062513
2.235548502 3.07810198734919
2.246839151 2.9680305711806
2.2581298 2.79796315404661
2.269420449 2.57960523670214
2.280711098 2.3259148027322
2.292001747 2.05022732963208
2.303292396 1.76545392212409
2.314583045 1.48339533306623
2.325873694 1.21420324785829
2.337164343 0.966007645792738
2.348454992 0.744716248825662
2.359745641 0.553979918245037
2.37103629 0.395307157719171
2.382326939 0.268302273597699
2.39361758800001 0.170995690050825
2.40490823700001 0.100231667926177
2.41619888600001 0.0520782650857453
2.42748953500001 0.022226626345251
2.43878018400001 0.00635124045838371
2.45007083300001 0.000409136208886054
2.46136148200001 0.000863489692309714
2.47265213100001 0.00482510519178647
2.48394278000001 0.0101130357406362
2.49523342900001 0.0152425994633537
2.50652407800001 0.0193546932985318
2.51781472700001 0.0221042099564283
2.52910537600001 0.0235272907566657
2.54039602500001 0.023907034346746
2.55168667400001 0.0236552413810407
2.56297732300001 0.0232240808175194
2.57426797200001 0.023056622185091
2.58555862100001 0.0235794965447724
2.59684927000001 0.0252350891878138
2.60813991900001 0.0285452001878035
2.61943056800001 0.0341935665432747
2.63072121700001 0.043111470321913
2.64201186600001 0.0565491885547566
2.65330251500001 0.0761164512462078
2.66459316400001 0.103777377013098
2.67588381300001 0.141789396076423
2.68717446200001 0.192581133454766
2.69846511100001 0.258570661207971
2.70975576000001 0.341932385473996
2.72104640900001 0.444327500607198
2.73233705800001 0.566618796819709
2.74362770700001 0.70859506668434
2.75491835600001 0.86873292518163
2.76620900500001 1.04402417461801
2.77749965400001 1.22989471258496
2.78879030300001 1.42023638985149
2.80008095200001 1.60756636541269
2.81137160100001 1.78331976017568
2.82266225000001 1.93827133366972
2.83395289900001 2.06307119291785
2.84524354800001 2.14886897530176
2.85653419700001 2.18799135254002
2.86782484600001 2.17462988454011
2.87911549500001 2.10549093226556
2.89040614400001 1.98035710171606
2.90169679300001 1.80251093220129
2.91298744200001 1.57897643010684
2.92427809100001 1.32054250229377
2.93556874000001 1.04154402085574
2.94685938900002 0.75939056492165
2.95815003800002 0.493849027338026
2.96944068700002 0.266103260758484
2.98073133600002 0.0976306683951354
2.99202198500002 0.00895097121954969
3.00331263400002 0.0183151852851293
3.01460328300002 0.14041210434345
3.02589393200002 0.385174466350048
3.03718458100002 0.756766892775822
3.04847523000002 1.25283232583416
3.05976587900002 1.86406307789502
3.07105652800002 2.57414711871362
3.08234717700002 3.36012056325018
3.09363782600002 4.19313449393
3.10492847500002 5.03961951804602
3.11621912400002 5.86280627000184
3.12750977300002 6.62453596621957
3.13880042200002 7.28727366175158
3.15009107100002 7.81621950507478
3.16138172000002 8.18140131765413
3.17267236900002 8.3596262396355
3.18396301800002 8.33617063614413
3.19525366700002 8.10609620065361
3.20654431600002 7.67509603846389
3.21783496500002 7.0597968394539
3.22912561400002 6.28747101047427
3.24041626300002 5.39514441784168
3.25170691200002 4.42811947387939
3.26299756100002 3.43796776656143
3.27428821000002 2.4800792588683
3.28557885900002 1.61088427612462
3.29686950800002 0.884888198734756
3.30816015700002 0.351675385515624
3.31945080600002 0.0530471322985052
3.33074145500002 0.0204576320894451
3.34203210400002 0.272901665913593
3.35332275300002 0.815388377761004
3.36461340200002 1.63810777539187
3.37590405100002 2.7163618650111
3.38719470000002 4.0112923348235
3.39848534900002 5.47139357147188
3.40977599800002 7.03475588984443
3.42106664700002 8.63194165902235
3.43235729600002 10.1893589649326
3.44364794500002 11.6329658415355
3.45493859400002 12.8921148968058
3.46622924300002 13.9033348971668
3.47751989200002 14.6138435650326
3.48881054100003 14.9845948995159
3.50010119000003 14.9926845239308
3.51139183900003 14.6329670311313
3.52268248800003 13.9187785725267
3.53397313700003 12.8817040217151
3.54526378600003 11.5703785149236
3.55655443500003 10.048365306683
3.56784508400003 8.39120281183241
3.57913573300003 6.68276057863433
3.59042638200003 5.01108407287558
3.60171703100003 3.46393920053383
3.61300768000003 2.12428757761361
3.62429832900003 1.06593137401747
3.63558897800003 0.349561483159695
3.64687962700003 0.0194248804315123
3.65817027600003 0.100797127623095
3.66946092500003 0.598405533722282
3.68075157400003 1.49589957805634
3.69204222300003 2.75641041880727
3.70333287200003 4.32418358494075
3.71462352100003 6.12721141516648
3.72591417000003 8.0807376188322
3.73720481900003 10.0914584917353
3.74849546800003 12.0622065022781
3.75978611700003 13.8968743717643
3.77107676600003 15.5053230055646
3.78236741500003 16.8080155914375
3.79365806400003 17.7401330178645
3.80494871300003 18.2549518645607
3.81623936200003 18.3263042304095
3.82753001100003 17.9499865787863
3.83882066000003 17.144040030386
3.85011130900003 15.9478841397736
3.86140195800003 14.4203469254421
3.87269260700003 12.6366924857783
3.88398325600003 10.6848007396044
3.89527390500003 8.66069878489113
3.90656455400003 6.66367762908794
3.91785520300003 4.79124975282544
3.92914585200003 3.13421095906513
3.94043650100003 1.77206381996444
3.95172715000003 0.769040127676515
3.96301779900003 0.17092720126131
3.97430844800003 0.00285950848053278
3.98559909700003 0.268185225056751
3.99688974600003 0.948459924437552
4.00818039500003 2.00455971060122
4.01947104400003 3.37884703464754
4.03076169300004 4.99826736844077
4.04205234200004 6.77820680015433
4.05334299100004 8.62690201884304
4.06463364000004 10.4501670780632
4.07592428900004 12.1561871330206
4.08721493800004 13.6601286736582
4.09850558700004 14.8883285211315
4.10979623600004 15.781849175721
4.12108688500004 16.2992244777012
4.13237753400004 16.4182648571546
4.14366818300004 16.1368431269202
4.15495883200004 15.4726369210484
4.16624948100004 14.4618594536896
4.17754013000004 13.1570632443632
4.18883077900004 11.6241489867528
4.20012142800004 9.93875133442341
4.21141207700004 8.18220301996352
4.22270272600004 6.43729697798929
4.23399337500004 4.78407222412831
4.24528402400004 3.29584305419687
4.25657467300004 2.03567325247605
4.26786532200004 1.05346865219104
4.27915597100004 0.383824346996789
4.29044662000004 0.0447193266724802
4.30173726900004 0.0371038327682735
4.31302791800004 0.345375994053564
4.32431856700004 0.93869701000048
4.33560921600004 1.77305086304015
4.34689986500004 2.7939175329787
4.35819051400004 3.93939983013224
4.36948116300004 5.1436246260812
4.38077181200004 6.34023024403543
4.39206246100004 7.46575327773551
4.40335311000004 8.46273974674943
4.41464375900004 9.28242631775532
4.42593440800004 9.8868658880541
4.43722505700004 10.2504063076133
4.44851570600004 10.3604692996027
4.45980635500004 10.2176164669112
4.47109700400004 9.83492836748136
4.48238765300004 9.2367588431315
4.49367830200004 8.45695816876951
4.50496895100004 7.53668356445422
4.51625960000004 6.52193301423131
4.52755024900004 5.46094746946799
4.53884089800004 4.40162718528345
4.55013154700004 3.38910044444441
4.56142219600004 2.46356802049194
4.57271284500005 1.65852557641897
4.58400349400005 0.999440259540402
4.59529414300005 0.502928729149208
4.60658479200005 0.17645354465604
4.61787544100005 0.0185250527329053
4.62916609000005 0.0193683412784876
4.64045673900005 0.161990971927908
4.65174738800005 0.423568273661152
4.66303803700005 0.777049845155091
4.67432868600005 1.19288405714812
4.68561933500005 1.64075685604546
4.69690998400005 2.09124674885277
4.70820063300005 2.5173088489841
4.71949128200005 2.89551633795515
4.73078193100005 3.20700647928208
4.74207258000005 3.43809909421509
4.75336322900005 3.58057680428784
4.76465387800005 3.63163702453612
4.77594452700005 3.59354442857553
4.78723517600005 3.473028362469
4.79852582500005 3.28048166025841
4.80981647400005 3.02902499297034
4.82110712300005 2.73350404812234
4.83239777200005 2.40948557144572
4.84368842100005 2.07231296981898
4.85497907000005 1.73627338003179
4.86626971900005 1.41391664879201
4.87756036800005 1.11555347133618
4.88885101700005 0.84894598644443
4.90014166600005 0.619190404332382
4.91143231500005 0.428778657409429
4.92272296400005 0.277815387995558
4.93401361300005 0.164358420209513
4.94530426200005 0.0848455941811655
4.95659491100005 0.0345686321317102
4.96788556000005 0.00815549401109123
4.97917620900005 2.61909252874652e-005
4.99046685800005 0.00479280237277303
5.00175750700005 0.0175818938969464
5.01304815600005 0.0342659712729868
5.02433880500005 0.0515993168840077
5.03562945400005 0.0672618345352898
5.04692010300005 0.0798217531172979
5.05821075200005 0.0886336957628076
5.06950140100005 0.0936923483974563
5.08079205000005 0.0954635713663988
5.09208269900005 0.0947142826716874
5.10337334800005 0.0923599693318614
5.11466399700006 0.0893445792544949
5.12595464600006 0.0865622608574267
5.13724529500006 0.0848244892328299
5.14853594400006 0.0848701246905159
5.15982659300006 0.0874104636378498
5.17111724200006 0.0931968803097587
5.18240789100006 0.103095641610899
5.19369854000006 0.118153195969721
5.20498918900006 0.139635825307414
5.21627983800006 0.16902997501337
5.22757048700006 0.207993643147807
5.23886113600006 0.258254569600988
5.25015178500006 0.321457147805814
5.26144243400006 0.398966428553277
5.27273308300006 0.491643698211037
5.28402373200006 0.599613299464195
5.29531438100006 0.722044084473986
5.30660503000006 0.856970712423572
5.31789567900006 1.0011796306406
5.32918632800006 1.15018188540677
5.34047697700006 1.29828995634203
5.35176762600006 1.43880884768548
5.36305827500006 1.56434312991193
5.37434892400006 1.66721208775687
5.38563957300006 1.73995529257696
5.39693022200006 1.77590154156778
5.40822087100006 1.76976596908842
5.41951152000006 1.71823396541804
5.43080216900006 1.62048696166967
5.44209281800006 1.47862462716344
5.45338346700006 1.29794085022175
5.46467411600006 1.08701707967851
5.47596476500006 0.857605993366395
5.48725541400006 0.624290590212948
5.49854606300006 0.403918009506741
5.50983671200006 0.214822811171333
5.52112736100006 0.0758701128610205
5.53241801000006 0.00536380511424922
5.54370865900006 0.0198779796848117
5.55499930800006 0.133079700279467
5.56628995700006 0.354617449969986
5.57758060600006 0.689151341157155
5.58887125500006 1.13559806780656
5.60016190400006 1.68665551151994
5.61145255300006 2.32865910055137
5.62274320200006 3.04180500518025
5.63403385100006 3.80075487848373
5.64532450000006 4.57561422598443
5.65661514900007 5.3332529217893
5.66790579800007 6.03891332181417
5.67919644700007 6.65803033729578
5.69048709600007 7.15817015365335
5.70177774500007 7.51098129608244
5.71306839400007 7.69404450703358
5.72435904300007 7.69250715624821
5.73564969200007 7.50039402697492
5.74694034100007 7.12149928042154
5.75823099000007 6.5697837399419
5.76952163900007 5.86922649087251
5.78081228800007 5.05310892069901
5.79210293700007 4.16274117370247
5.80339358600007 3.24567378084461
5.81468423500007 2.35346903606088
5.82597488400007 1.53913559283553
5.83726553300007 0.854353916674533
5.84855618200007 0.346638029208607
5.85984683100007 0.0565891151890659
5.87113748000007 0.0153981385376803
5.88242812900007 0.242747206167135
5.89371877800007 0.745243122014543
5.90500942700007 1.51549200852162
5.91630007600007 2.53189216485056
5.92759072500007 3.75918506201148
5.93888137400007 5.14976350218283
5.95017202300007 6.64569372192002
5.96146267200007 8.18136697437495
5.97275332100007 9.68665827525412
5.98404397000007 11.0904378061784
5.99533461900007 12.3242559409087
6.00662526800007 13.3260076129692
6.01791591700007 14.0433769067652
6.02920656600007 14.4368688907875
6.04049721500007 14.482252770041
6.05178786400007 14.1722677396866
6.06307851300007 13.517479196898
6.07436916200007 12.5462163965052
6.08565981100007 11.3035709536196
6.09695046000007 9.84948621111073
6.10824110900007 8.25601762361976
6.11953175800007 6.60389115412984
6.13082240700007 4.97852755424283
6.14211305600007 3.46573290962523
6.15340370500007 2.14727800745498
6.16469435400007 1.09659949793378
6.17598500300007 0.374853686751327
6.18727565200007 0.0275390095322942
6.19856630100008 0.0818764089236916
6.20985695000008 0.545099248961015
6.22114759900008 1.40375796828663
6.23243824800008 2.62409182286165
6.24372889700008 4.15346361973533
6.25501954600008 5.92279635265863
6.26631019500008 7.84989624198101
6.27760084400008 9.84349787243869
6.28889149300008 11.8078266527037
6.30018214200008 13.6474439955533
6.31147279100008 15.2721231756323
6.32276344000008 16.6014998318312
6.33405408900008 17.5692508770395
6.34534473800008 18.1265787339887
6.35663538700008 18.2448131654739
6.36792603600008 17.9169886631478
6.37921668500008 17.1583089721792
6.39050733400008 16.0054689806637
6.40179798300008 14.514864722745
6.41308863200008 12.7597813468283
6.42437928100008 10.8267033653169
6.43566993000008 8.81093835590428
6.44696057900008 6.81178196419844
6.45825122800008 4.92747655575022
6.46954187700008 3.25022684193613
6.48083252600008 1.86153266018102
6.49212317500008 0.828082001682501
6.50341382400008 0.198417291363127
6.51470447300008 0.000546489699049156
6.52599512200008 0.240620078158363
6.53728577100008 0.902738174907473
6.54857642000008 1.94989200805774
6.55986706900008 3.32598401686694
6.57115771800008 4.95881420604617
6.58244836700008 6.76387009588249
6.59373901600008 8.64871637648943
6.60502966500008 10.5177503605314
6.61632031400008 12.2770720775164
6.62761096300008 13.8392141951334
6.63890161200008 15.1274869678381
6.65019226100008 16.0797164280595
6.66148291000008 16.6511886721517
6.67277355900008 16.8166573486891
6.68406420800008 16.5713228212126
6.69535485700008 15.9307470790971
6.70664550600008 14.9297252380007
6.71793615500008 13.6201893085217
6.72922680400008 12.0682698678217
6.74051745300009 10.350683702268
6.75180810200009 8.55064820931368
6.76309875100009 6.7535447307306
6.77438940000009 5.04256206321591
6.78568004900009 3.49454787648567
6.79697069800009 2.1762800821717
6.80826134700009 1.14134342209792
6.81955199600009 0.427760357242755
6.83084264500009 0.0564819028504
6.84213329400009 0.0307958934585253
6.85342394300009 0.336660007700504
6.86471459200009 0.943917523996325
6.87600524100009 1.80830789844251
6.88729589000009 2.8741442870048
6.89858653900009 4.07749812372929
6.90987718800009 5.34970837298989
6.92116783700009 6.62102108749884
6.93245848600009 7.82416380557286
6.94374913500009 8.89766887442278
6.95503978400009 9.78877916547932
6.96633043300009 10.455797499762
6.97762108200009 10.8697756352176
6.98891173100009 11.0154777683488
7.00020238000009 10.891594858237
7.01149302900009 10.5102273223252
7.02278367800009 9.89569248829268
7.03407432700009 9.08274752996595
7.04536497600009 8.11434670261714
7.05665562500009 7.03907217107538
7.06794627400009 5.90838971684172
7.07923692300009 4.77388375447239
7.09052757200009 3.6846205369513
7.10181822100009 2.68477483042818
7.11310887000009 1.81163477445846
7.12439951900009 1.09407355905786
7.13569016800009 0.551546652668456
7.14698081700009 0.193641468650587
7.15827146600009 0.0201744655871656
7.16956211500009 0.0218005690183768
7.18085276400009 0.181073131674623
7.19214341300009 0.473870799333063
7.20343406200009 0.871091662887933
7.21472471100009 1.3405056074296
7.22601536000009 1.84865305632009
7.23730600900009 2.36268218175835
7.24859665800009 2.852026558508
7.25988730700009 3.28984028500889
7.27117795600009 3.65412662987424
7.2824686050001 3.92851794043056
7.2937592540001 4.10268743672544
7.3050499030001 4.17239616936663
7.3163405520001 4.13919948831633
7.3276312010001 4.00985566350273
7.3389218500001 3.79549385983784
7.3502124990001 3.51060882293228
7.3615031480001 3.17195501177726
7.3727937970001 2.79741347406819
7.3840844460001 2.40490075846391
7.3953750950001 2.0113811310831
7.4066657440001 1.63203207378402
7.4179563930001 1.2795994193976
7.4292470420001 0.963963552802611
7.4405376910001 0.691922931625925
7.4518283400001 0.467186766995502
7.4631189890001 0.290555954382422
7.4744096380001 0.160260994193784
7.4857002870001 0.0724182228999147
7.4969909360001 0.0215614882361388
7.5082815850001 0.00120550629010372
7.5195722340001 0.00439936160058545
7.5308628830001 0.024233572552829
7.5421535320001 0.0542712905762189
7.5534441810001 0.0888828562129717
7.5647348300001 0.123472351849502
7.5760254790001 0.154594211403718
7.5873161280001 0.179966656889726
7.5986067770001 0.198396110283407
7.6098974260001 0.209632292590046
7.6211880750001 0.214177153406651
7.6324787240001 0.213071940475894
7.6437693730001 0.207685673481628
7.6550600220001 0.199525258982185
7.6663506710001 0.190082854690378
7.6776413200001 0.180730358426088
7.6889319690001 0.172664630359052
7.7002226180001 0.166900852394537
7.7115132670001 0.164305858017202
7.7228039160001 0.165658832165728
7.7340945650001 0.171723876483608
7.7453852140001 0.183317812416029
7.7566758630001 0.201357344391732
7.7679665120001 0.226872251651425
7.7792571610001 0.260975383156266
7.7905478100001 0.304785516787917
7.8018384590001 0.359305122088643
7.8131291080001 0.425261174131204
7.82441975700011 0.502922818271697
7.83571040600011 0.59191431792917
7.84700105500011 0.691044836823748
7.85829170400011 0.798177832936603
7.86958235300011 0.91016194116681
7.88087300200011 1.02284213421984
7.89216365100011 1.13116479840866
7.90345430000011 1.22938344450649
7.91474494900011 1.31136355846071
7.92603559800011 1.37097618079227
7.93732624700011 1.40256087705173
7.94861689600011 1.40143055735712
7.95990754500011 1.36438384102988
7.97119819400011 1.2901859946398
7.98248884300011 1.17997742902276
7.99377949200011 1.03756968617849
8.00507014100011 0.869592940203336
8.01636079000011 0.685466211626245
8.02765143900011 0.497171453002627
8.03894208800011 0.3188248834442
8.0502327370001 0.166052711652341
8.0615233860001 0.0551928155068223
8.0728140350001 0.002358063667385
8.0841046840001 0.0224097547049569
8.0953953330001 0.127900126279312
8.1066859820001 0.328050165798658
8.1179766310001 0.627832316839241
8.1292672800001 1.02722662926504
8.1405579290001 1.52071322238113
8.1518485780001 2.09705369535893
8.1631392270001 2.73939971224009
8.1744298760001 3.42574909335855
8.1857205250001 4.12974931240695
8.1970111740001 4.8218264984693
8.2083018230001 5.47059619732566
8.21959247200009 6.04449165175966
8.23088312100009 6.5135275983728
8.24217377000009 6.85110382696966
8.25346441900009 7.03574409615158
8.26475506800009 7.05266326517454
8.27604571700009 6.8950591748282
8.28733636600009 6.56503599861919
8.29862701500009 6.07408219831691
8.30991766400009 5.4430481634352
8.32120831300009 4.70159502744484
8.33249896200009 3.88711564665871
8.34378961100009 3.04315966317219
8.35508026000009 2.21742515446232
8.36637090900009 1.45940774807048
8.37766155800009 0.817822455541198
8.38895220700008 0.337932228927458
8.40024285600008 0.0589290123685832
8.41153350500008 0.0115168623400593
8.42282415400008 0.215841992838957
8.43411480300008 0.679901301994923
8.44540545200008 1.39853949720629
8.45669610100008 2.35311629710905
8.46798675000008 3.51189074840263
8.47927739900008 4.83113124099894
8.49056804800008 6.25691941893725
8.50185869700008 7.72757613131579
8.51314934600008 9.176600164807
8.52443999500008 10.5359779833267
8.53573064400008 11.7396970921769
8.54702129300007 12.7272786249211
8.55831194200007 13.4471375555982
8.56960259100007 13.8595822696426
8.58089324000007 13.9392792009827
8.59218388900007 13.6770323693868
8.60347453800007 13.0807608458061
8.61476518700007 12.175597802735
8.62605583600007 11.003080775102
8.63734648500007 9.61945161385768
8.64863713400007 8.09313368652158
8.65992778300007 6.50150042085196
8.67121843200007 4.92709063665289
8.68250908100007 3.45345984075527
8.69379973000007 2.16088072577275
8.70509037900007 1.12211897298968
8.71638102800006 0.398511173679562
8.72767167700006 0.0365599768365752
8.73896232600006 0.065237862944901
8.75025297500006 0.494156331657913
8.76154362400006 1.31271350384113
8.77283427300006 2.49028244408524
8.78412492200006 3.97744759802871
8.79541557100006 5.70824057406431
8.80670622000006 7.60327215713789
8.81799686900006 9.57360793894491
8.82928751800006 11.5251930686815
8.84057816700006 13.3635997663902
8.85186881600006 14.9988512627747
8.86315946500006 16.3500689619233
8.87445011400006 17.3496963792088
8.88574076300005 17.9470735485928
8.89703141200005 18.1111681415435
8.90832206100005 17.8323128194953
8.91961271000005 17.1228500729424
8.93090335900005 16.0166432197991
8.94219400800005 14.5674722487133
8.95348465700005 12.8463925436227
8.96477530600005 10.938189977593
8.97606595500005 8.9371143803011
8.98735660400005 6.94211229764405
8.99864725300005 5.05180712649142
9.00993790200005 3.35948861553665
9.02122855100005 1.94837359318916
9.03251920000005 0.887385604415301
9.04380984900004 0.227673671178832
9.05510049800004 5.11264668079137e-005
9.06639114700004 0.213486547928018
9.07768179600004 0.854722900254477
9.08897244500004 1.88904113166816
9.10026309400004 3.26212391536478
9.11155374300004 4.90291726663423
9.12284439200004 6.72733553246505
9.13413504100004 8.64261154818509
9.14542569000004 10.552060909886
9.15671633900004 12.3600090395192
9.16800698800004 13.9766230397257
9.17929763700004 15.322397513995
9.19058828600004 16.3320640691858
9.20187893500004 16.9577268972505
9.21316958400003 17.1710697711145
9.22446023300003 16.9645305598411
9.23575088200003 16.3513951375886
9.24704153100003 15.3648202508011
9.25833218000003 14.0558513674383
9.26962282900003 12.4905537130336
9.28091347800003 10.7464198244535
9.29220412700003 8.90825266951762
9.30349477600003 7.06374788328719
9.31478542500003 5.29901079571991
9.32607607400003 3.69424320409539
9.33736672300003 2.31982152479
9.34865737200003 1.23296298006834
9.35994802100003 0.475141401161938
9.37123867000003 0.0703711536488248
9.38252931900002 0.0244291141243676
9.39381996800002 0.325033305540038
9.40511061700002 0.942945589011687
9.41640126600002 1.83391750687551
9.42769191500002 2.94135555242079
9.43898256400002 4.19954702559607
9.45027321300002 5.53726196569176
9.46156386200002 6.88153161306824
9.47285451100002 8.16140000638144
9.48414516000002 9.31145259757308
9.49543580900002 10.2749434747184
9.50672645800002 11.0063696688059
9.51801710700002 11.4733753505321
9.52930775600002 11.6579083925022
9.54059840500001 11.5565944339805
9.55188905400001 11.1803367897053
9.56317970300001 10.5531918803787
9.57447035200001 9.71060709433987
9.58576100100001 8.69713917926148
9.59705165000001 7.56379487096196
9.60834229900001 6.36515043142024
9.61963294800001 5.15641255081993
9.63092359700001 3.99057966842781
9.64221424600001 2.91585070582155
9.65350489500001 1.97340848057737
9.66479554400001 1.19567907910778
9.67608619300001 0.605137922759914
9.68737684200001 0.213700069853249
9.69866749100001 0.0226984480505717
9.70995814 0.0234211592233571
9.721248789 0.198149545741866
9.732539438 0.521613905598196
9.743830087 0.962764814266884
9.755120736 1.48674578202207
9.766411385 2.05694784865042
9.777702034 2.63702866148499
9.788992683 3.19278715084433
9.800283332 3.69379929083719
9.811573981 4.11473948674875
9.82286463 4.43633450893836
9.834155279 4.64592110699918
9.845445928 4.73760295610121
9.856736577 4.71202593365377
9.868027226 4.57581156466073
9.87931787499999 4.34070569225086
9.89060852399999 4.02251218669745
9.90189917299999 3.63988927911616
9.91318982199999 3.21308870685617
9.92448047099999 2.76271542917651
9.93577111999999 2.30857866343794
9.94706176899999 1.86869411668883
9.95835241799999 1.45848346389936
9.96964306699999 1.09020140806799
9.98093371599999 0.772604167415227
9.99222436499999 0.510857076446666
10.003515014 0.306664182085725
10.014805663 0.158590137542861
10.026096312 0.062535021803802
10.037386961 0.0123163856584585
10.04867761 0.000310039411363591
10.059968259 0.018101795002891
10.071258908 0.0571062638211848
10.082549557 0.109115395854952
10.093840206 0.166748072584862
10.105130855 0.223781976920236
10.116421504 0.275359354182352
10.127712153 0.318068357547435
10.139002802 0.349910717875532
10.150293451 0.370173888297098
10.1615841 0.379231142196214
10.172874749 0.37829608607265
10.184165398 0.369158617343271
10.195456047 0.353927633869899
10.206746696 0.334802083332576
10.218037345 0.313886667350937
10.229327994 0.293062233102342
10.240618643 0.273914198017297
10.251909292 0.257715873484085
10.263199941 0.245457853320776
10.27449059 0.237910198429078
10.285781239 0.235701343756083
10.297071888 0.239396690229899
10.308362537 0.249560769867051
10.319653186 0.266789566372456
10.330943835 0.291703759608066
10.342234484 0.324898931026423
10.353525133 0.366854610833023
10.364815782 0.4178099021485
10.376106431 0.477618709052113
10.38739708 0.545601788643294
10.398687729 0.620415490371748
10.409978378 0.699957810123404
10.421269027 0.781331096515629
10.432559676 0.860877399251034
10.443850325 0.934297218608939
10.455140974 0.996855645119214
10.466431623 1.04367206088273
10.477722272 1.07008131460557
10.489012921 1.072046257245
10.50030357 1.04659443004132
10.511594219 0.992246193401614
10.522884868 0.909398248142642
10.534175517 0.800625768685311
10.545466166 0.670868503471568
10.556756815 0.527471258753572
10.568047464 0.380057005856482
10.579338113 0.240221057908635
10.590628762 0.121046766499629
10.601919411 0.0364562383215783
10.61321006 0.00042278886290966
10.6245007089999 0.0260842894147485
10.6357913579999 0.124807276288739
10.6470820069999 0.305259792171923
10.6583726559999 0.57255566326272
10.6696633049999 0.927533715537474
10.6809539539999 1.36623197069151
10.6922446029999 1.87960908172073
10.7035352519999 2.45355340563772
10.7148259009999 3.06920469238091
10.7261165499999 3.70359518980846
10.7374071989999 4.33059704955621
10.7486978479999 4.92214246495863
10.7599884969999 5.44966327958997
10.7712791459999 5.88567919398764
10.7825697949999 6.20544942538514
10.7938604439999 6.38859284841955
10.8051510929999 6.42057714372127
10.8164417419999 6.29397889099564
10.8277323909999 6.00942410272687
10.8390230399999 5.57613226624566
10.8503136889999 5.01200602312411
10.8616043379999 4.34323227461591
10.8728949869999 3.60338754064769
10.8841856359999 2.83206933216885
10.8954762849999 2.0731044525172
10.9067669339999 1.37241276450439
10.9180575829999 0.77562930467931
10.9293482319999 0.325607077968498
10.9406388809999 0.0599360367799141
10.9519295299999 0.0086195733611997
10.9632201789999 0.192047666929521
10.9745108279999 0.619395416762187
10.9858014769999 1.28755733192157
10.9970921259999 2.1807021951242
11.0083827749999 3.27050178598045
11.0196734239999 4.51705084975319
11.0309640729999 5.87045735999463
11.0422547219999 7.27304348618244
11.0535453709999 8.66206097085831
11.0648360199999 9.97279203630566
11.0761266689999 11.1418805007533
11.0874173179999 12.110719217105
11.0987079669999 12.828710578014
11.1099986159999 13.2562174912743
11.1212892649999 13.3670331947572
11.1325799139999 13.1502192392535
11.1438705629999 12.6111910247919
11.1551612119999 11.7719679877918
11.1664518609999 10.6705489815511
11.1777425099999 9.35942027143815
11.1890331589999 7.90325132471903
11.2003238079999 6.37587954602811
11.2116144569999 4.8567266639092
11.2229051059999 3.42682417234319
11.2341957549999 2.16465096852799
11.2454864039999 1.14200146074015
11.2567770529999 0.420105869216289
11.2680677019999 0.0462157675776027
11.2793583509999 0.0508473461679786
11.2906489999999 0.445843329469743
