0 0
0.011290649 0
0.022581298 3.46348543410722e-006
0.033871947 5.45445996893084e-005
0.045162596 0.000333404292056885
0.056453245 0.00129587995248196
0.067743894 0.00383118836452189
0.079034543 0.00940548420370711
0.090325192 0.020157324847146
0.101615841 0.0389138011527037
0.11290649 0.0691031991460364
0.124197139 0.114550992741435
0.135487788 0.179159726029153
0.146778437 0.266488564307002
0.158069086 0.379263383190147
0.169359735 0.51886154910421
0.180650384 0.684825425643914
0.191941033 0.874463762024927
0.203231682 1.08259951050906
0.214522331 1.30151580795648
0.22581298 1.52113894592905
0.237103629 1.72947884696571
0.248394278 1.91332513553272
0.259684927 2.05917210325543
0.270975576 2.15432084021871
0.282266225 2.18808384696508
0.293556874 2.15299885792266
0.304847523 2.04594648587324
0.316138172 1.86906231593627
0.327428821 1.63033932641679
0.33871947 1.34383136106285
0.350010119 1.02939238880105
0.361300768 0.711918209279522
0.372591417 0.420095073228802
0.383882066 0.184700712940435
0.395172715 0.0365443761769223
0.406463364 0.00417024060252579
0.417754013 0.111479689852007
0.429044662 0.375449288013589
0.440335311 0.804130393612227
0.45162596 1.39511150882169
0.462916609 2.13460495954184
0.474207258 2.99728575579182
0.485497907 3.94696405111689
0.496788556 4.9381161692954
0.508079205 5.91823632588659
0.519369854 6.83090631253566
0.530660503 7.6194183543364
0.541951152 8.23073202115959
0.553241801 8.61950413255542
0.56453245 8.75190506401227
0.575823099 8.60892877875998
0.587113747999999 8.18891904152423
0.598404396999999 7.50907090692332
0.609695045999999 6.60572341646081
0.620985694999999 5.53333360323941
0.632276343999999 4.36210905358682
0.643566992999999 3.17437085207427
0.654857641999999 2.05981430713315
0.666148290999999 1.10992453403403
0.677438939999999 0.411880905724898
0.688729588999999 0.0423422485586064
0.700020237999999 0.0615381611952631
0.711310886999999 0.508097136299035
0.722601535999999 1.39501725046479
0.733892184999999 2.70713010280979
0.745182833999999 4.40032563575062
0.756473482999999 6.402698788409
0.767764131999999 8.61765485427134
0.779054780999999 10.9288767457141
0.790345429999999 13.2069230010018
0.801636078999999 15.3170997043887
0.812926727999999 17.1281417925001
0.824217376999999 18.5211579585622
0.835508025999999 19.3982455746947
0.846798674999999 19.6901727675814
0.858089323999999 19.3625565937096
0.869379972999999 18.4200390131569
0.880670621999999 16.9080730422188
0.891961270999999 14.9120742814053
0.903251919999999 12.5538596705843
0.914542568999999 9.985475484069
0.925833217999999 7.38069850218818
0.937123866999999 4.92466558212406
0.948414515999999 2.80223527248399
0.959705164999999 1.185799472584
0.970995813999999 0.223334072245821
0.982286462999999 0.0274982324508777
0.993577111999999 0.666558836682905
1.004867761 2.1578295386017
1.01615841 4.46417631599053
1.027449059 7.49396066413251
1.038739708 11.1045779197092
1.050030357 15.1095147610316
1.061321006 19.2886116256773
1.072611655 23.4009885041156
1.083902304 27.1998920831451
1.095192953 30.4485631184495
1.106483602 32.9361175840135
1.117774251 34.4923928059465
1.1290649 35.0007357783312
1.140355549 34.4078061203343
1.151646198 32.7296269817834
1.162936847 30.0533354042862
1.174227496 26.5343468002557
1.185518145 22.3889404478972
1.196808794 17.8825758047749
1.208099443 13.3145432151859
1.219390092 8.99981731756331
1.230680741 5.24919846165808
1.24197139 2.34898055538418
1.253262039 0.541460502799926
1.264552688 0.00759694634463876
1.275843337 0.853031903260899
1.287133986 3.09851128765701
1.298424635 6.67548809841668
1.309715284 11.4273793533219
1.321005933 17.1165932807903
1.332296582 23.4370688655446
1.343587231 30.0316996556091
1.35487788 36.5136723623799
1.366168529 42.4904617076131
1.377459178 47.5890069776386
1.388749827 51.4804694591588
1.400040476 53.902944578416
1.411331125 54.6805830609631
1.422621774 53.7377598543697
1.433912423 51.1072090748182
1.445203072 46.9314024691577
1.456493721 41.4568667165164
1.46778437 35.0215857112242
1.479075019 28.0360892033251
1.490365668 20.9592591026211
1.501656317 14.2702604271396
1.512946966 8.43829905089751
1.524237615 3.8921013439631
1.535528264 0.991085839261743
1.546818913 0.000145824285291233
1.558109562 1.06978390076945
1.569400211 4.22304303174114
1.58069086 9.3502793568737
1.591981509 16.212343238248
1.603272158 24.4522055963133
1.614562807 33.614519729443
1.625853456 43.1720796633812
1.637144105 52.5576596464403
1.648434754 61.1993282058618
1.659725403 68.5570520425663
1.671016052 74.158261169339
1.682306701 77.6300501016771
1.69359735 78.725844339842
1.704887999 77.3446608329577
1.716178648 73.5415199748551
1.727469297 67.5281004864019
1.738759946 59.663335353733
1.750050595 50.4342892970004
1.761341244 40.428295242683
1.772631893 30.2979174679991
1.783922542 20.7208129704691
1.795213191 12.3569452954778
1.80650384 5.80583863874722
1.817794489 1.56662563126072
1.829085138 0.00353135956408884
1.840375787 1.3191516747189
1.851666436 5.5374398429925
1.862957085 12.4977369342003
1.874247734 21.8605022144432
1.885538383 33.1246617366528
1.896829032 45.6557426517059
1.908119681 58.723245763797
1.91941033 71.5450766274066
1.930700979 83.3363488774992
1.941991628 93.359528213561
1.953282277 100.972727619444
1.964572926 105.67300856117
1.975863575 107.131790890283
1.987154224 105.219914668833
1.998444873 100.020506088325
2.009735522 91.8285416022311
2.021026171 81.1368344528397
2.03231682 68.6090343684085
2.043607469 55.0410792443047
2.054898118 41.3133119872903
2.066188767 28.3361248245094
2.077479416 16.9924726448203
2.088770065 8.08087173135862
2.100060714 2.26254839150922
2.111351363 0.0162154752800308
2.122642012 1.60354054781806
2.133932661 7.04774933953814
2.14522331 16.1270175771759
2.156513959 28.3833906802173
2.167804608 43.1469903011409
2.179095257 59.5742809953022
2.190385906 76.6982427473956
2.201676555 93.4874865428384
2.212967204 108.910715128207
2.224257853 122.002513971139
2.235548502 131.926289495513
2.246839151 138.030268810498
2.2581298 139.892836505336
2.269420449 137.354091754953
2.280711098 130.531328873203
2.292001747 119.81712812468
2.303292396 105.859831130031
2.314583045 89.5272987775226
2.325873694 71.8559377407448
2.337164343 53.9879639325958
2.348454992 37.1006823735212
2.359745641 22.3321476279049
2.37103629 10.7078852656717
2.382326939 3.07337727765081
2.39361758800001 0.0367359468784625
2.40490823700001 1.92542348292497
2.41619888600001 8.76004966842541
2.42748953500001 20.2472448938227
2.43878018400001 35.7924236877839
2.45007083300001 54.5319972336529
2.46136148200001 75.3833415719423
2.47265213100001 97.1096615538827
2.48394278000001 118.395885472955
2.49523342900001 137.930949037562
2.50652407800001 154.491333880724
2.51781472700001 167.02055189258
2.52910537600001 174.699429237779
2.54039602500001 177.002538637853
2.55168667400001 173.736929639017
2.56297732300001 165.060368324924
2.57426797200001 151.477556929696
2.58555862100001 133.814182953817
2.59684927000001 113.170060521828
2.60813991900001 90.8539839962569
2.61943056800001 68.304127437561
2.63072121700001 46.9988132163265
2.64201186600001 28.3631717348399
2.65330251500001 13.6775720785554
2.66459316400001 3.99369174301875
2.67588381300001 0.0637067892032707
2.68717446200001 2.2873402127703
2.69846511100001 10.6804474640983
2.70975576000001 24.8675063009824
2.72104640900001 44.0988931044169
2.73233705800001 67.2922614717611
2.74362770700001 93.0957900862369
2.75491835600001 119.96963483146
2.76620900500001 146.280698328249
2.77749965400001 170.404900061142
2.78879030300001 190.830556250476
2.80008095200001 206.256303109196
2.81137160100001 215.677237806126
2.82266225000001 218.453599717625
2.83395289900001 214.357335567301
2.84524354800001 203.593226619591
2.85653419700001 186.792824007045
2.86782484600001 164.98114313997
2.87911549500001 139.517803293653
2.89040614400001 112.015953593915
2.90169679300001 84.2437948031387
2.91298744200001 58.014690889591
2.92427809100001 35.0726852935518
2.93556874000001 16.9806360195394
2.94685938900002 5.0181291558703
2.95815003800002 0.0958186079752467
2.96944068700002 2.69189633671235
2.98073133600002 12.815075783001
2.99202198500002 29.9968499630346
3.00331263400002 53.3139637847267
3.01460328300002 81.440130630698
3.02589393200002 112.724146640562
3.03718458100002 145.289832583363
3.04847523000002 177.151774949677
3.05976587900002 206.339741867896
3.07105652800002 231.023990942948
3.08234717700002 249.633513609042
3.09363782600002 260.959592268373
3.10492847500002 264.237868643238
3.11621912400002 259.203389197171
3.12750977300002 246.114731913575
3.13880042200002 225.745229144808
3.15009107100002 199.341365862955
3.16138172000002 168.550522121059
3.17267236900002 135.322210087775
3.18396301800002 101.788701842274
3.19525366700002 70.1323396058791
3.20654431600002 42.4477713405567
3.21783496500002 20.6077947486608
3.22912561400002 6.14138638667537
3.24041626300002 0.131838915621742
3.25170691200002 3.14176238479434
3.26299756100002 15.1700920149015
3.27428821000002 35.6442817226204
3.28557885900002 63.448669755145
3.29686950800002 96.9877167233573
3.30816015700002 134.280581301921
3.31945080600002 173.081457902805
3.33074145500002 211.018386322546
3.34203210400002 245.741969313717
3.35332275300002 275.074687341221
3.36461340200002 297.15133515
3.37590405100002 310.541540556032
3.38719470000002 314.346342448427
3.39848534900002 308.262345477651
3.40977599800002 292.608942298519
3.42106664700002 268.316380751292
3.43235729600002 236.874911682486
3.44364794500002 200.247729098703
3.45493859400002 160.752750718586
3.46622924300002 120.920333262104
3.47751989200002 83.3356390052156
3.48881054100003 50.4754594847887
3.50010119000003 24.5497825117482
3.51139183900003 7.35822136304912
3.52268248800003 0.170612411395297
3.53397313700003 3.63967284938546
3.54526378600003 17.7516757715365
3.55655443500003 41.8187620242552
3.56784508400003 74.5139104117043
3.57913573300003 113.94689191755
3.59042638200003 157.776909732074
3.60171703100003 203.355242797646
3.61300768000003 247.889220905237
3.62429832900003 288.617395552123
3.63558897800003 322.984932470238
3.64687962700003 348.808100081021
3.65817027600003 364.417281342494
3.66946092500003 368.76916814249
3.68075157400003 361.520637697325
3.69204222300003 343.059149910809
3.70333287200003 314.48720081312
3.71462352100003 277.561253083805
3.72591417000003 234.588459207153
3.73720481900003 188.287212191535
3.74849546800003 141.619928082243
3.75978611700003 97.6083289189064
3.77107676600003 59.1427297634613
3.78236741500003 28.7973528924154
3.79365806400003 8.66345459193128
3.80494871300003 0.211061225731373
3.81623936200003 4.18842518470036
3.82753001100003 20.5660267531889
3.83882066000003 48.5292028317099
3.85011130900003 86.5204467321945
3.86140195800003 132.329284331743
3.87269260700003 183.224588882188
3.88398325600003 236.121444105911
3.89527390500003 287.772381073843
3.90656455400003 334.971149282969
3.91785520300003 374.756249273886
3.92914585200003 404.601320807079
3.94043650100003 422.580164780441
3.95172715000003 427.495644724371
3.96301779900003 418.963880698848
3.97430844800003 397.447885194414
3.98559909700003 364.23792998821
3.99688974600003 321.37928013022
4.00818039500003 271.551276219197
4.01947104400003 217.904876514523
4.03076169300004 163.868485087742
4.04205234200004 112.93401414434
4.05334299100004 68.4365164889472
4.06463364000004 33.3412815400464
4.07592428900004 10.0519706486247
4.08721493800004 0.252185128807941
4.09850558700004 4.79087877450182
4.10979623600004 23.6193625938169
4.12108688500004 55.784464540042
4.13237753400004 99.4788975038012
4.14366818300004 152.146273870481
4.15495883200004 210.634712753283
4.16624948100004 271.389839503442
4.17754013000004 330.675379683788
4.18883077900004 384.807672140002
4.20012142800004 430.389395048421
4.21141207700004 464.527689422533
4.22270272600004 485.022693413366
4.23399337500004 490.514225370082
4.24528402400004 480.5768742593
4.25657467300004 455.756921316126
4.26786532200004 417.54813283241
4.27915597100004 368.307306226498
4.29044662000004 311.114278691522
4.30173726900004 249.584676895438
4.31302791800004 187.646768315254
4.32431856700004 129.296169229549
4.33560921600004 78.3437120856662
4.34689986500004 38.1723688730603
4.35819051400004 11.518719632319
4.36948116300004 0.293061703282115
4.38077181200004 5.44995386830402
4.39206246100004 26.9179166853671
4.40335311000004 63.5933528831766
4.41464375900004 113.399735567298
4.42593440800004 173.408988100724
4.43722505700004 240.018008223714
4.44851570600004 309.169723604838
4.45980635500004 376.605136749483
4.47109700400004 438.130716218109
4.48238765300004 489.884360032848
4.49367830200004 528.583077512996
4.50496895100004 551.736523261089
4.51625960000004 557.812519792851
4.52755024900004 546.343606635666
4.53884089800004 517.96727873202
4.55013154700004 474.396703158385
4.56142219600004 418.3230739916
4.57271284500005 353.255106040327
4.58400349400005 283.305203696896
4.59529414300005 212.935312571017
4.60658479200005 146.678143266232
4.61787544100005 88.8511709159765
4.62916609000005 43.2814427567548
4.64045673900005 13.0587185877379
4.65174738800005 0.332846481191598
4.66303803700005 6.16863048640449
4.67432868600005 30.4679359819045
4.68561933500005 71.9646158379281
4.69690998400005 128.293284078884
4.70820063300005 196.128298170257
4.71949128200005 271.384830944854
4.73078193100005 349.469904158823
4.74207258000005 425.567976243024
4.75336322900005 494.94334174109
4.76465387800005 553.240366156676
4.77594452700005 596.762536126063
4.78723517600005 622.712465079137
4.79852582500005 629.377296775577
4.80981647400005 616.247258274428
4.82110712300005 584.059229904111
4.83239777200005 534.761869525523
4.84368842100005 471.403761239272
4.85497907000005 397.950944699177
4.86626971900005 319.0447104469
4.87756036800005 239.7144289792
4.88885101700005 165.06316469004
4.90014166600005 99.9457130940764
4.91143231500005 48.659361155044
4.92272296400005 14.6670528925582
4.93401361300005 0.370773045021295
4.94530426200005 6.94994729408469
4.95659491100005 34.2756787842117
4.96788556000005 80.9069405253712
4.97917620900005 144.169712790779
4.99046685800005 220.314814769431
5.00175750700005 304.745161306312
5.01304815600005 392.298698339245
5.02433880500005 477.569623012953
5.03562945400005 555.247914870635
5.04692010300005 620.45586594563
5.05821075200005 669.060295910957
5.06950140100005 697.940485791759
5.08079205000005 705.194486875096
5.09208269900005 690.270205684642
5.10337334800005 654.01230416601
5.11466399700006 598.621200859372
5.12595464600006 527.525987065002
5.13724529500006 445.178534357658
5.14853594400006 356.78111990387
5.15982659300006 267.964210559137
5.17111724200006 184.43434608682
5.18240789100006 111.61412828692
5.19369854000006 54.2970147554057
5.20498918900006 16.3388776102656
5.21627983800006 0.406153092947838
5.22757048700006 7.79700044532943
5.23886113600006 38.3474125055059
5.25015178500006 90.4289501104553
5.26144243400006 161.039034351613
5.27273308300006 245.978884137349
5.28402373200006 340.108600471769
5.29531438100006 437.663929132772
5.30660503000006 532.615199824016
5.31789567900006 619.04610565738
5.32918632800006 691.528541585665
5.34047697700006 745.469767427191
5.35176762600006 777.409710098333
5.36305827500006 785.249185297509
5.37434892400006 768.394025473347
5.38563957300006 727.805292736333
5.39693022200006 665.951612199339
5.40822087100006 586.665818037739
5.41951152000006 494.914174279113
5.43080216900006 396.492030174484
5.44209281800006 297.66453783008
5.45338346700006 204.774689003632
5.46467411600006 123.843179501187
5.47596476500006 60.1853295663766
5.48725541400006 18.0694188081179
5.49854606300006 0.438376468287394
5.50983671200006 8.71294239642822
5.52112736100006 42.689411418943
5.53241801000006 100.539200700784
5.54370865900006 178.911100627757
5.55499930800006 273.130584113751
5.56628995700006 377.484366486691
5.57758060600006 485.572921824461
5.58887125500006 590.709224518889
5.60016190400006 686.338886134616
5.61145255300006 766.455304145852
5.62274320200006 825.983541622436
5.63403385100006 861.108422252999
5.64532450000006 869.525654944174
5.65661514900007 850.599498542598
5.66790579800007 805.416253878847
5.67919644700007 736.729370573066
5.69048709600007 648.798774494917
5.70177774500007 547.133729695939
5.71306839400007 438.154720882758
5.72435904300007 328.79508444195
5.73564969200007 226.06708876324
5.74694034100007 136.619606855297
5.75823099000007 66.3152694869271
5.76952163900007 19.8539748399072
5.78081228800007 0.466911153184554
5.79210293700007 9.70098068983042
5.80339358600007 47.3079543875765
5.81468423500007 111.246178245469
5.82597488400007 197.795599046628
5.83726553300007 301.779720237711
5.84855618200007 416.881290459076
5.85984683100007 536.032500582218
5.87113748000007 651.855607302842
5.88242812900007 757.126528555386
5.89371877800007 845.232292960323
5.90500942700007 910.593390479542
5.91630007600007 949.024068017084
5.92759072500007 958.007329627523
5.93888137400007 936.866614446992
5.95017202300007 886.822518207831
5.96146267200007 810.930100996188
5.97275332100007 713.899836939093
5.98404397000007 601.812638280799
5.99533461900007 481.746159388764
6.00662526800007 361.335322830691
6.01791591700007 248.294339280884
6.02920656600007 149.930131335533
6.04049721500007 72.6778388470843
6.05178786400007 21.6879175932147
6.06307851300007 0.491303226592636
6.07436916200007 10.7643767086385
6.08565981100007 52.2093225774478
6.09695046000007 122.558295434968
6.10824110900007 217.702048963095
6.11953175800007 331.93582189437
6.13082240700007 458.307812814399
6.14211305600007 589.048985141281
6.15340370500007 716.057648152033
6.16469435400007 831.408603773673
6.17598500300007 927.854875169719
6.18727565200007 999.290267832726
6.19856630100008 1041.14325678405
6.20985695000008 1050.67681745618
6.22114759900008 1027.17457591073
6.23243824800008 972.000694137714
6.24372889700008 888.528792595969
6.25501954600008 781.943452534692
6.26631019500008 658.925916692052
6.27760084400008 527.24300705548
6.28889149300008 395.264529896769
6.30018214200008 271.43913788207
6.31147279100008 163.761458535307
6.32276344000008 79.264084919149
6.33405408900008 23.5666937008765
6.34534473800008 0.511176786608027
6.35663538700008 11.906444402135
6.36792603600008 57.3997971545028
6.37921668500008 134.483888602841
6.39050733400008 238.639798050015
6.40179798300008 363.608138510776
6.41308863200008 501.771979625872
6.42437928100008 644.628187589728
6.43566993000008 783.318034346639
6.44696057900008 909.183979770244
6.45825122800008 1014.31764542262
6.46954187700008 1092.06431035305
6.48083252600008 1137.45176387653
6.49212317500008 1147.51590438853
6.50341382400008 1121.50180350327
6.51470447300008 1060.92667347529
6.52599512200008 969.499804857169
6.53728577100008 852.903541703173
6.54857642000008 718.448167191899
6.55986706900008 574.62162556205
6.57115771800008 430.561792705328
6.58244836700008 295.484090120154
6.59373901600008 178.100282376621
6.60502966500008 86.0651003989056
6.61632031400008 25.4858257163789
6.62761096300008 0.526233837233935
6.63890161200008 13.1305489827461
6.65019226100008 62.8856569660217
6.66148291000008 147.031214630337
6.67277355900008 260.618018714034
6.68406420800008 396.805635802125
6.69535485700008 547.281439021222
6.70664550600008 702.775409256067
6.71793615500008 853.638838129345
6.72922680400008 990.450820323655
6.74051745300009 1104.61442573686
6.75180810200009 1188.90483870281
6.76309875100009 1237.93453301517
6.77438940000009 1248.50555795395
6.78568004900009 1219.8259404723
6.79697069800009 1153.5756371536
6.80826134700009 1053.81687398884
6.81955199600009 926.753504815068
6.83084264500009 780.353584335384
6.84213329400009 623.858083262019
6.85342394300009 467.206014206649
6.86471459200009 320.411714592532
6.87600524100009 192.933288812761
6.88729589000009 93.0720258561848
6.89858653900009 27.4409132529256
6.90987718800009 0.536254139660855
6.92116783700009 14.4401055948615
6.93245848600009 68.6731762072643
6.94374913500009 160.208447854753
6.95503978400009 283.645704537703
6.96633043300009 431.53699206936
6.97762108200009 594.843437667034
6.98891173100009 763.495437699878
7.00020238000009 927.021514490161
7.01149302900009 1075.20658382718
7.02278367800009 1198.73826552132
7.03407432700009 1289.8003588592
7.04536497600009 1342.57567895864
7.05665562500009 1353.62593114117
7.06794627400009 1322.12385773309
7.07923692300009 1249.9220611058
7.09052757200009 1141.4531194104
7.10181822100009 1003.46622897713
7.11310887000009 844.615961728792
7.12439951900009 674.928161584788
7.13569016800009 505.17591897532
7.14698081700009 346.204447754125
7.15827146600009 208.24715951133
7.16956211500009 100.276052154202
7.18085276400009 29.4276340859216
7.19214341300009 0.541095028163851
7.20343406200009 15.838577955933
7.21472471100009 74.7686220740434
7.22601536000009 174.023676982451
7.23730600900009 307.731666748954
7.24859665800009 467.810594549429
7.25988730700009 644.464817331788
7.27117795600009 826.79254380659
7.2824686050001 1003.46689907839
7.2937592540001 1163.44802225199
7.3050499030001 1296.68144175824
7.3163405520001 1394.73856360659
7.3276312010001 1451.35849031447
7.3389218500001 1462.85636645254
7.3502124990001 1428.37165901317
7.3615031480001 1349.93972227778
7.3727937970001 1232.38105035527
7.3840844460001 1083.01409491298
7.3953750950001 911.208698855576
7.4066657440001 727.807361478763
7.4179563930001 544.450058966822
7.4292470420001 372.844648727061
7.4405376910001 224.028575516668
7.4518283400001 107.668422837071
7.4631189890001 31.441745218643
7.4744096380001 0.540691190728812
7.4857002870001 17.329476970291
7.4969909360001 81.1782524019399
7.5082815850001 188.484902007551
7.5195722340001 332.884530719071
7.5308628830001 505.634535819217
7.5421535320001 696.152011528689
7.5534441810001 892.670478987202
7.5647348300001 1082.97520624233
7.5760254790001 1255.17118025715
7.5873161280001 1398.43545934631
7.5986067770001 1503.70633419776
7.6098974260001 1564.26543252002
7.6211880750001 1576.17540012365
7.6324787240001 1538.54468615073
7.6437693730001 1453.60170477803
7.6550600220001 1326.57257259084
7.6663506710001 1165.3689839356
7.6776413200001 980.104807968219
7.6889319690001 782.470909894605
7.7002226180001 585.006819289981
7.7115132670001 400.314604105241
7.7228039160001 240.264220890764
7.7340945650001 115.240436484904
7.7453852140001 33.4790839108593
7.7566758630001 0.535054414532119
7.7679665120001 18.9163593161258
7.7792571610001 87.9083132928771
7.7905478100001 203.600031137119
7.8018384590001 359.112732490164
7.8131291080001 545.016610254317
7.82441975700011 749.911042239322
7.83571040600011 961.132472483998
7.84700105500011 1165.54602719771
7.85829170400011 1350.37139444696
7.86958235300011 1503.99105160451
7.88087300200011 1616.68974218333
7.89216365100011 1681.27815099335
7.90345430000011 1693.56076650735
7.91474494900011 1652.61752454619
7.92603559800011 1560.88040616346
7.93732624700011 1423.99899525268
7.94861689600011 1250.50228500988
7.95990754500011 1051.27692104427
7.97119819400011 838.893766306869
7.98248884300011 626.824423993846
7.99377949200011 428.596532752654
8.00507014100011 256.940786331724
8.01636079000011 122.983449035963
8.02765143900011 35.5355686702074
8.03894208800011 0.524273296410552
8.0502327370001 20.6028260060878
8.0615233860001 94.9650367297964
8.0728140350001 219.376877723886
8.0841046840001 386.424515333229
8.0953953330001 585.964310543718
8.1066859820001 805.747516719288
8.1179766310001 1032.1812287832
8.1292672800001 1251.17832832538
8.1405579290001 1449.04329277595
8.1518485780001 1613.33818093704
8.1631392270001 1733.67405140982
8.1744298760001 1802.37747445294
8.1857205250001 1814.98940262095
8.1970111740001 1770.56400876509
8.2083018230001 1671.7475438595
8.21959247200009 1524.63103779188
8.23088312100009 1338.38490190351
8.24217377000009 1124.69729680501
8.25346441900009 897.050629272502
8.26475506800009 669.880941867612
8.27604571700009 457.672590594217
8.28733636600009 274.044972768964
8.29862701500009 130.888876075275
8.30991766400009 37.6072002061118
8.32120831300009 0.508512918470614
8.33249896200009 22.3925209219771
8.34378961100009 102.354638180145
8.35508026000009 235.823157207377
8.36637090900009 414.827926337858
8.37766155800009 628.484824261493
8.38895220700008 863.666624386668
8.40024285600008 1105.81892513534
8.41153350500008 1339.87044959881
8.42282415400008 1551.18079410204
8.43411480300008 1726.46603965931
8.44540545200008 1854.64372018532
8.45669610100008 1927.54341840596
8.46798675000008 1940.43745285615
8.47927739900008 1892.35722829146
8.49056804800008 1786.17416171309
8.50185869700008 1628.43883703324
8.51314934600008 1428.9872604246
8.52443999500008 1200.33782779458
8.53573064400008 956.915943024533
8.54702129300007 714.154292252085
8.55831194200007 487.524875397909
8.56960259100007 291.563494934158
8.58089324000007 138.948195089188
8.59218388900007 39.6900623460621
8.60347453800007 0.488014488997139
8.61476518700007 24.2891293239975
8.62605583600007 110.083314188951
8.63734648500007 252.946484064394
8.64863713400007 444.330813034665
8.65992778300007 672.585030496655
8.67121843200007 923.673133794572
8.68250908100007 1182.04720918436
8.69379973000007 1431.62010314249
8.70509037900007 1656.7771078881
8.71638102800006 1843.36305098492
8.72767167700006 1979.58240361302
8.73896232600006 2056.75518880434
8.75025297500006 2069.8802738502
8.76154362400006 2017.96953343017
8.77283427300006 1904.13063667698
8.78412492200006 1735.39195434329
8.79541557100006 1522.27931574405
8.80670622000006 1278.17004751842
8.81799686900006 1018.46390409926
8.82928751800006 759.622250861202
8.84057816700006 518.135431547114
8.85186881600006 309.483084907141
8.86315946500006 147.152947685331
8.87445011400006 41.7803229140813
8.88574076300005 0.463094948835588
8.89703141200005 26.2963763350645
8.90832206100005 118.157239962204
8.91961271000005 270.754368769852
8.93090335900005 474.94082005143
8.94219400800005 718.271496542129
8.95348465700005 985.771389688614
8.96477530600005 1260.86719670618
8.97606595500005 1526.4243719215
8.98735660400005 1765.82473405242
8.99864725300005 1964.01687017378
9.00993790200005 2108.47295609207
9.02122855100005 2189.99118586777
9.03251920000005 2203.29243951741
9.04380984900004 2147.37254135686
9.05510049800004 2025.58668562397
9.06639114700004 1845.45938290583
9.07768179600004 1618.23055980107
9.08897244500004 1358.16513763886
9.10026309400004 1081.66846799548
9.11155374300004 806.262455612284
9.12284439200004 549.486254801879
9.13413504100004 327.790495635868
9.14542569000004 155.494741777464
9.15671633900004 43.8742345712283
9.16800698800004 0.434146543432825
9.17929763700004 28.418025400654
9.19058828600004 126.582566941305
9.20187893500004 289.254214768774
9.21316958400003 506.66538580408
9.22446023300003 765.550474643968
9.23575088200003 1049.96531015031
9.24704153100003 1342.2794694576
9.25833218000003 1624.27970856272
9.26962282900003 1878.31546296829
9.28091347800003 2088.41438584138
9.29220412700003 2241.29743398524
9.30349477600003 2327.22900807321
9.31478542500003 2340.6477462402
9.32607607400003 2280.53714231443
9.33736672300003 2150.51137228909
9.34865737200003 1958.60955510377
9.35994802100003 1716.81002879018
9.37123867000003 1440.2939352261
9.38252931900002 1146.50335586391
9.39381996800002 854.052412463584
9.40511061700002 581.559297048013
9.41640126600002 346.472504429584
9.42769191500002 163.965253734725
9.43898256400002 45.9681356179753
9.45027321300002 0.401636360733146
9.46156386200002 30.6578767247054
9.47285451100002 135.365420369343
9.48414516000002 308.453315460555
9.49543580900002 539.511739223456
9.50672645800002 814.427898811897
9.51801710700002 1116.25838382749
9.52930775600002 1426.28407313649
9.54059840500001 1725.18193430877
9.55188905400001 1994.24037561281
9.56317970300001 2216.54172142883
9.57447035200001 2378.03709845302
9.58576100100001 2468.44545630982
9.59705165000001 2481.9192182181
9.60834229900001 2417.4335059543
9.61963294800001 2278.87311433868
9.63092359700001 2074.81035000509
9.64221424600001 1817.9863107273
9.65350489500001 1524.52694006321
9.66479554400001 1212.94206122531
9.67608619300001 902.969501257419
9.68737684200001 614.336471032789
9.69866749100001 365.515916424357
9.70995814 172.556230494767
9.721248789 48.0584507583434
9.732539438 0.366105835138449
9.743830087 33.0197656820919
9.755120736 144.511896849961
9.766411385 328.358851196275
9.777702034 573.486896518982
9.788992683 864.909381692094
9.800283332 1184.65366725254
9.811573981 1512.88051545368
9.82286463 1829.12623810467
9.834155279 2113.58984386553
9.845445928 2348.38423683396
9.856736577 2518.67241845397
9.868027226 2613.6165381986
9.87931787499999 2627.07911297395
9.89060852399999 2558.03108782127
9.90189917299999 2410.63969056417
9.91318982199999 2194.02910095146
9.92448047099999 1921.72755309405
9.93577111999999 1610.83432200292
9.94706176899999 1280.95785671556
9.95835241799999 952.990981567967
9.96964306699999 647.799655086144
9.98093371599999 384.907568020154
9.99222436499999 181.259491640293
10.003515014 50.1416918256577
10.014805663 0.32817021775342
10.026096312 35.5075612081785
10.037386961 154.028061899579
10.04867761 348.977886290139
10.059968259 608.597657980199
10.071258908 917.000211503421
10.082549557 1255.1537822494
10.093840206 1602.06776431772
10.105130855 1936.10717581809
10.116421504 2236.3535309568
10.127712153 2483.92653020317
10.139002802 2663.18307391035
10.150293451 2762.71747257595
10.1615841 2776.0989270161
10.172874749 2702.29863598039
10.184165398 2545.77824819934
10.195456047 2316.23260324761
10.206746696 2028.00147055759
10.218037345 1699.18592837459
10.229327994 1350.52380085627
10.240618643 1004.09399855173
10.251909292 681.930697826218
10.263199941 404.634330288638
10.27449059 190.066931438573
10.285781239 52.2144584698301
10.297071888 0.288518013148089
10.308362537 38.1251641660017
10.319653186 163.919947493753
10.330943835 370.317366045844
10.342234484 644.850604817256
10.353525133 970.705349037966
10.364815782 1327.76091343049
10.376106431 1693.84424613305
10.38739708 2046.11866959353
10.398687729 2362.52039206622
10.409978378 2623.15243988365
10.421269027 2811.54795903893
10.432559676 2915.72269414012
10.443850325 2928.94940165484
10.455140974 2850.20419778435
10.466431623 2684.25531035905
10.477722272 2441.38712194959
10.489012921 2136.77535276451
10.50030357 1789.55129143972
10.511594219 1421.6127448488
10.522884868 1056.25558879966
10.534175517 716.711422848052
10.545466166 424.683112350857
10.556756815 198.970520843429
10.568047464 54.2734388060626
10.579338113 0.247910382881793
10.590628762 40.8765056916157
10.601919411 174.193549608444
10.61321006 392.384113798994
10.6245007089999 682.252096041295
10.6357913579999 1026.0294247269
10.6470820069999 1402.47680578403
10.6583726559999 1788.20784421225
10.6696633049999 2159.15400734089
10.6809539539999 2492.07867507099
10.6922446029999 2766.04504653632
10.7035352519999 2963.7451858461
10.7148259009999 3072.60585826001
10.7261165499999 3085.6005289729
10.7374071989999 3001.71512678038
10.7486978479999 2826.036783598
10.7599884969999 2569.45839975031
10.7712791459999 2248.01607220705
10.7825697949999 1881.89963589398
10.7938604439999 1494.19733939066
10.8051510929999 1109.45268618937
10.8164417419999 752.1236333944
10.8277323909999 445.040864724043
10.8390230399999 207.962309459301
10.8503136889999 56.3154100249041
10.8616043379999 0.207180516044265
10.8728949869999 43.7655455181444
10.8841856359999 184.854825756967
10.8954762849999 415.184827976282
10.9067669339999 720.808265385789
10.9180575829999 1082.97673577282
10.9293482319999 1479.30276235305
10.9406388809999 1885.15589730306
10.9519295299999 2275.20584235878
10.9632201789999 2625.0159214448
10.9745108279999 2912.58667540836
10.9858014769999 3119.75208778679
10.9970921259999 3233.33984594468
11.0083827749999 3246.02155794748
11.0196734239999 3156.79808975404
11.0309640729999 2971.08796558764
11.0422547219999 2700.41166496004
11.0535453709999 2361.69009215951
11.0648360199999 1976.19988641401
11.0761266689999 1568.25004151221
11.0874173179999 1163.66212773599
11.0987079669999 788.149117007406
11.1099986159999 465.69458263676
11.1212892649999 217.03442746692
11.1325799139999 58.3372389635739
11.1438705629999 0.167232967080852
11.1551612119999 46.7962702791112
11.1664518609999 195.909692523426
11.1777425099999 438.726079172567
11.1890331589999 760.525018269849
11.2003238079999 1141.55124334928
11.2116144569999 1558.23964200665
11.2229051059999 1984.68519823114
11.2341957549999 2394.26619309323
11.2454864039999 2761.31896730702
11.2567770529999 3062.7588987662
11.2680677019999 3279.5452235867
11.2793583509999 3397.89676897313
11.2906489999999 3410.1810007237
