0 0
0.011290649 0
0.022581298 5.19550239978753e-006
0.033871947 8.14927362205731e-005
0.045162596 0.000495311903136657
0.056453245 0.00191111212639843
0.067743894 0.00559916654891859
0.079034543 0.0135978540371368
0.090325192 0.0287754914567623
0.101615841 0.0547468752403489
0.11290649 0.0956183174369956
0.124197139 0.155559928097017
0.135487788 0.238232112779537
0.146778437 0.34612099723265
0.158069086 0.479860855533645
0.169359735 0.637636997881896
0.180650384 0.814767129771052
0.191941033 1.0035512450118
0.203231682 1.19345941548793
0.214522331 1.37169469980265
0.22581298 1.52412761947188
0.237103629 1.63655332037554
0.248394278 1.69617760067397
0.259684927 1.69319876068644
0.270975576 1.62232381374319
0.282266225 1.48404427859866
0.293556874 1.28550149656532
0.304847523 1.0407953573983
0.316138172 0.770632637066168
0.327428821 0.501268942306243
0.33871947 0.262766721188112
0.350010119 0.0866646243802728
0.361300768 0.00322343156115334
0.372591417 0.0384732876798919
0.383882066 0.211329139195232
0.395172715 0.531060310184619
0.406463364 0.995392344710001
0.417754013 1.58948324894314
0.429044662 2.28595351775481
0.440335311 3.04606401642813
0.45162596 3.82203461817712
0.462916609 4.5603881866699
0.474207258 5.20609901905924
0.485497907 5.70723256859471
0.496788556 6.01969385875738
0.508079205 6.11166358991484
0.519369854 5.96729915482883
0.530660503 5.58931509822716
0.541951152 5.00013289653016
0.553241801 4.24139857168428
0.56453245 3.37180047836811
0.575823099 2.4632677154025
0.587113747999999 1.5957792016773
0.598404396999999 0.851150913400128
0.609695045999999 0.306280918869649
0.620985694999999 0.0264071552338252
0.632276343999999 0.0589626659836011
0.643566992999999 0.428592294676983
0.654857641999999 1.13382300548238
0.666148290999999 2.14576107289367
0.677438939999999 3.4090317812837
0.688729588999999 4.84499327722472
0.700020237999999 6.35706099043762
0.711310886999999 7.8377893814598
0.722601535999999 9.17719066448632
0.733892184999999 10.2716412315904
0.745182833999999 11.0326486178013
0.756473482999999 11.3947338031765
0.767764131999999 11.3217292888253
0.779054780999999 10.8109010715123
0.790345429999999 9.89446522453121
0.801636078999999 8.63827506091205
0.812926727999999 7.13768646086187
0.824217376999999 5.51084771898519
0.835508025999999 3.88988582121239
0.846798674999999 2.41065354888805
0.858089323999999 1.20184367650742
0.869379972999999 0.374354124380523
0.880670621999999 0.0117927851403601
0.891961270999999 0.162940465419497
0.903251919999999 0.836848997745352
0.914542568999999 2.00104933836006
0.925833217999999 3.58309711316899
0.937123866999999 5.47541058691974
0.948414515999999 7.54308099387765
0.959705164999999 9.63408087018955
0.970995813999999 11.5910844646368
0.982286462999999 13.263964256273
0.993577111999999 14.5219529619799
1.004867761 15.264468885918
1.01615841 15.429694813072
1.027449059 15.0001705230139
1.038739708 14.004893348853
1.050030357 12.5177013082675
1.061321006 10.6520163150439
1.072611655 8.55232571543971
1.083902304 6.38305362430437
1.095192953 4.31569602132903
1.106483602 2.5152460924041
1.117774251 1.12700535312849
1.1290649 0.264855069951359
1.140355549 0.00195233355916324
1.151646198 0.364624293026464
1.162936847 1.32997784188587
1.174227496 2.82744138082191
1.185518145 4.74413495721366
1.196808794 6.9336516791273
1.208099443 9.22755294591268
1.219390092 11.4486561855952
1.230680741 13.4250452331401
1.24197139 15.0036727486276
1.253262039 16.062456345753
1.264552688 16.5198927753073
1.275843337 16.3414174069139
1.287133986 15.5420024810939
1.298424635 14.1847949833598
1.309715284 12.3759179372385
1.321005933 10.2558705985058
1.332296582 7.98823765966625
1.343587231 5.74663254212114
1.35487788 3.70093765594298
1.366168529 2.00395418016736
1.377459178 0.779531929230313
1.388749827 0.113120377496096
1.400040476 0.0454763496093764
1.411331125 0.569999948694771
1.422621774 1.63387040601042
1.433912423 3.14284290122486
1.445203072 4.9692718649425
1.456493721 6.96267012837946
1.46778437 8.96191724292003
1.479075019 10.8081097835069
1.490365668 12.357010382849
1.501656317 13.4901023404344
1.512946966 14.1233874014923
1.524237615 14.2132635348973
1.535528264 13.7590695518568
1.546818913 12.8021625468695
1.558109562 11.4216787035651
1.569400211 9.72739427173568
1.58069086 7.8503297616936
1.591981509 5.93190868461582
1.603272158 4.11257979602769
1.614562807 2.52083228278585
1.625853456 1.26347680531003
1.637144105 0.417938368467039
1.648434754 0.0271220106800347
1.659725403 0.0971862132255654
1.671016052 0.59831170900143
1.682306701 1.46830623391306
1.69359735 2.61865934973695
1.704887999 3.94247408052389
1.716178648 5.32356822274571
1.727469297 6.64596733217508
1.738759946 7.80300744832569
1.750050595 8.70532668441399
1.761341244 9.28714352433196
1.772631893 9.51038400967197
1.783922542 9.36641447703912
1.795213191 8.87534359929199
1.80650384 8.08305922558261
1.817794489 7.05634505334149
1.829085138 5.87656518535681
1.840375787 4.63250049569298
1.851666436 3.41296328922848
1.862957085 2.29980466909976
1.874247734 1.36186576925725
1.885538383 0.650317289145159
1.896829032 0.195692738435884
1.908119681 0.00676292772265517
1.91941033 0.0712370232556019
1.930700979 0.358123127042292
1.941991628 0.821451522109877
1.953282277 1.40496652359483
1.964572926 2.04733502120749
1.975863575 2.68740420063721
1.987154224 3.26906661468538
1.998444873 3.7453531488694
2.009735522 4.08146587594141
2.021026171 4.25657351799868
2.03231682 4.26431124530805
2.043607469 4.11204272304042
2.054898118 3.81904545175502
2.066188767 3.41386210061773
2.077479416 2.9311147350439
2.088770065 2.40810250543205
2.100060714 1.88149641104466
2.111351363 1.38440994701847
2.122642012 0.944066967340222
2.133932661 0.580214925694153
2.14522331 0.304350782856634
2.156513959 0.119746481963527
2.167804608 0.0221885747212401
2.179095257 0.00128861343627791
2.190385906 0.0421817526541063
2.201676555 0.12741292158968
2.212967204 0.238812979760112
2.224257853 0.359189391483864
2.235548502 0.473693324051447
2.246839151 0.570772601231262
2.2581298 0.642671881114807
2.269420449 0.685492005886787
2.280711098 0.698864503553918
2.292001747 0.685330612034923
2.303292396 0.649534306145387
2.314583045 0.59734464865643
2.325873694 0.535015020920199
2.337164343 0.468467555813052
2.348454992 0.402763682027448
2.359745641 0.341790086683723
2.37103629 0.288157813575749
2.382326939 0.24328454657167
2.39361758800001 0.207609555308602
2.40490823700001 0.18087939918471
2.41619888600001 0.162441110391853
2.42748953500001 0.151487694836332
2.43878018400001 0.147216674484991
2.45007083300001 0.148883359989747
2.46136148200001 0.155753308195808
2.47265213100001 0.1669795413845
2.48394278000001 0.181446420857956
2.49523342900001 0.197631101172742
2.50652407800001 0.213533775174555
2.51781472700001 0.226719190327609
2.52910537600001 0.234495162901981
2.54039602500001 0.234231174779066
2.55168667400001 0.223794642273472
2.56297732300001 0.202057664407177
2.57426797200001 0.169406649019881
2.58555862100001 0.128174466539557
2.59684927000001 0.0829121741051801
2.60813991900001 0.0404262082620411
2.61943056800001 0.00952719659381572
2.63072121700001 0.000466662702395507
2.64201186600001 0.0240750102193704
2.65330251500001 0.0906542893359004
2.66459316400001 0.208717702603139
2.67588381300001 0.383699741222688
2.68717446200001 0.616781777083682
2.69846511100001 0.903984304643473
2.70975576000001 1.23566665387418
2.72104640900001 1.59654743544522
2.73233705800001 1.96631568790593
2.74362770700001 2.32084700149545
2.75491835600001 2.63397575773771
2.76620900500001 2.87971021980958
2.77749965400001 3.03471833262297
2.78879030300001 3.08086548120375
2.80008095200001 3.00755707086796
2.81137160100001 2.81363313524108
2.82266225000001 2.50858172659674
2.83395289900001 2.11288266157914
2.84524354800001 1.6573607707351
2.85653419700001 1.18151313224183
2.86782484600001 0.730870720810273
2.87911549500001 0.353552781011783
2.89040614400001 0.096262569640341
2.90169679300001 4.65477965574006e-005
2.91298744200001 0.096187328936328
2.92427809100001 0.402617315692367
2.93556874000001 0.921221255116456
2.94685938900002 1.63634134951385
2.95815003800002 2.51471092101878
2.96944068700002 3.50692810108436
2.98073133600002 4.55044866512595
2.99202198500002 5.57393821779893
3.00331263400002 6.50269095886772
3.01460328300002 7.2647078527679
3.02589393200002 7.79694276209272
3.03718458100002 8.05118037261389
3.04847523000002 7.99901075213866
3.05976587900002 7.63541446889216
3.07105652800002 6.98056737846994
3.08234717700002 6.07960920072795
3.09363782600002 5.00028466194794
3.10492847500002 3.82854693308975
3.11621912400002 2.66239494319126
3.12750977300002 1.60438272717749
3.13880042200002 0.753374802348396
3.15009107100002 0.196213291246361
3.16138172000002 1.52184852930996e-007
3.17267236900002 0.205675897309739
3.18396301800002 0.823494110216398
3.19525366700002 1.83085376723217
3.20654431600002 3.17276872623762
3.21783496500002 4.76504003415315
3.22912561400002 6.49996940880121
3.24041626300002 8.25423064683347
3.25170691200002 9.89831920626262
3.26299756100002 11.3068466452399
3.27428821000002 12.3688506107121
3.28557885900002 12.9972627306978
3.29686950800002 13.1367205547726
3.30816015700002 12.7690239586878
3.31945080600002 11.9157133786525
3.33074145500002 10.6374734365307
3.34203210400002 9.03032292690452
3.35332275300002 7.21881958604823
3.36461340200002 5.34676300058531
3.37590405100002 3.56609943829014
3.38719470000002 2.02489876079437
3.39848534900002 0.855370582929435
3.40977599800002 0.162904770386017
3.42106664700002 0.017057077368513
3.43235729600002 0.445258041059418
3.44364794500002 1.42981274996784
3.45493859400002 2.90849733407761
3.46622924300002 4.77876617520007
3.47751989200002 6.90528599475488
3.48881054100003 9.1302341113082
3.50010119000003 11.2855619942057
3.51139183900003 13.2062522040854
3.52268248800003 14.7435022583497
3.53397313700003 15.7767617906468
3.54526378600003 16.223631204282
3.55655443500003 16.0467949657256
3.56784508400003 15.2573977866275
3.57913573300003 13.9145582032332
3.59042638200003 12.1210280079262
3.60171703100003 10.0153216295252
3.61300768000003 7.76093057964196
3.62429832900003 5.53348006739327
3.63558897800003 3.5068574035556
3.64687962700003 1.83943017308313
3.65817027600003 0.661468662516564
3.66946092500003 0.0647916793315764
3.68075157400003 0.0954753928800422
3.69204222300003 0.750215933116623
3.70333287200003 1.9766388109469
3.71462352100003 3.67752647924484
3.72591417000003 5.71861625603942
3.73720481900003 7.93933085667691
3.74849546800003 10.1655669267426
3.75978611700003 12.2235027295588
3.77107676600003 13.9533078854779
3.78236741500003 15.2216519086222
3.79365806400003 15.9320126351441
3.80494871300003 16.0319713226291
3.81623936200003 15.5169323149178
3.82753001100003 14.4300004386717
3.83882066000003 12.8580639210212
3.85011130900003 10.9244383675779
3.86140195800003 8.77870279720589
3.87269260700003 6.58457941429115
3.88398325600003 4.50685703796646
3.89527390500003 2.69842247585771
3.90656455400003 1.28844034578549
3.91785520300003 0.372613052462285
3.92914585200003 0.00626902328214475
3.94043650100003 0.200785216575034
3.95172715000003 0.923570308457046
3.96301779900003 2.10154162746448
3.97430844800003 3.62774639118764
3.98559909700003 5.37052933711508
3.99688974600003 7.18445440042787
4.00818039500003 8.92206275124688
4.01947104400003 10.4455022599378
4.03076169300004 11.6370965817747
4.04205234200004 12.4080310237345
4.05334299100004 12.704506390303
4.06463364000004 12.5109350927447
4.07592428900004 11.8500061859048
4.08721493800004 10.7797059157485
4.09850558700004 9.38762596914433
4.10979623600004 7.78310282620598
4.12108688500004 6.08789176294154
4.13237753400004 4.42617623433917
4.14366818300004 2.91474132935501
4.15495883200004 1.65409850250573
4.16624948100004 0.721243505695066
4.17754013000004 0.164571251900969
4.18883077900004 0.00127526753839209
4.20012142800004 0.217343192878263
4.21141207700004 0.770042353821383
4.22270272600004 1.59258910327872
4.23399337500004 2.60052867043669
4.24528402400004 3.69923148905855
4.25657467300004 4.79184581324329
4.26786532200004 5.78703829350334
4.27915597100004 6.60590239394171
4.29044662000004 7.18751262576904
4.30173726900004 7.49274006329869
4.31302791800004 7.50610804068323
4.32431856700004 7.23564117089263
4.33560921600004 6.71083046784883
4.34689986500004 5.97898805108115
4.35819051400004 5.1003846248379
4.36948116300004 4.14264286062658
4.38077181200004 3.17489507367427
4.39206246100004 2.26220342071829
4.40335311000004 1.46068853935546
4.41464375900004 0.813724930031033
4.42593440800004 0.349448057306508
4.43722505700004 0.0796905048996838
4.44851570600004 0.000334617121578993
4.45980635500004 0.092948505049809
4.47109700400004 0.327471217577413
4.48238765300004 0.665639080568079
4.49367830200004 1.06480358297885
4.50496895100004 1.48178342108753
4.51625960000004 1.87641789628183
4.52755024900004 2.21454141921685
4.53884089800004 2.47017271728816
4.55013154700004 2.62679923477649
4.56142219600004 2.67772822731758
4.57271284500005 2.62556244905603
4.58400349400005 2.48093238704783
4.59529414300005 2.26067267591151
4.60658479200005 1.98566375452134
4.61787544100005 1.67856954088238
4.62916609000005 1.36168883689581
4.64045673900005 1.05510542555242
4.65174738800005 0.775274199428659
4.66303803700005 0.534124099196295
4.67432868600005 0.338699541257986
4.68561933500005 0.191306553136946
4.69690998400005 0.0900833565762253
4.70820063300005 0.0298816513845188
4.71949128200005 0.0033267039289781
4.73078193100005 0.0019220759934994
4.74207258000005 0.0170772415561844
4.75336322900005 0.040960726976265
4.76465387800005 0.0671139569056841
4.77594452700005 0.0907972534518681
4.78723517600005 0.10907488915233
4.79852582500005 0.120676631288419
4.80981647400005 0.125695603081551
4.82110712300005 0.12519449017217
4.83239777200005 0.120793474027733
4.84368842100005 0.114304494865868
4.85497907000005 0.107459483385337
4.86626971900005 0.101757941779912
4.87756036800005 0.0984351371154425
4.88885101700005 0.0985297322984343
4.90014166600005 0.103012112061013
4.91143231500005 0.112924408374447
4.92272296400005 0.129481688947991
4.93401361300005 0.154091123866847
4.94530426200005 0.188261131596738
4.95659491100005 0.233393364856615
4.96788556000005 0.290473933455671
4.97917620900005 0.359703021383701
4.99046685800005 0.440120566059315
5.00175750700005 0.529296885658168
5.01304815600005 0.623158860615006
5.02433880500005 0.716013446777541
5.03562945400005 0.800811209567089
5.04692010300005 0.869664880255625
5.05821075200005 0.914604542232571
5.06950140100005 0.928515799425082
5.08079205000005 0.906174536375093
5.09208269900005 0.845266060997228
5.10337334800005 0.747261446804939
5.11466399700006 0.618022693202455
5.12595464600006 0.468022433754419
5.13724529500006 0.312093205332375
5.14853594400006 0.168663837660841
5.15982659300006 0.0584927491614935
5.17111724200006 0.00296486800099276
5.18240789100006 0.0220746314926732
5.19369854000006 0.132265800961412
5.20498918900006 0.344333723737106
5.21627983800006 0.661612216354421
5.22757048700006 1.07866204585978
5.23886113600006 1.58064970433611
5.25015178500006 2.14355478215235
5.26144243400006 2.73527509948735
5.27273308300006 3.31761638860998
5.28402373200006 3.84906502289998
5.29531438100006 4.28815647876943
5.30660503000006 4.59717765144224
5.31789567900006 4.7458860634393
5.32918632800006 4.71490026753554
5.34047697700006 4.49841807264882
5.35176762600006 4.1059545920328
5.36305827500006 3.56285941409539
5.37434892400006 2.90946714777883
5.38563957300006 2.19885098759371
5.39693022200006 1.49327517229225
5.40822087100006 0.859568065629521
5.41951152000006 0.363751239880602
5.43080216900006 0.0653500418159739
5.44209281800006 0.0118678944214504
5.45338346700006 0.233922846062766
5.46467411600006 0.741516820745328
5.47596476500006 1.52183575857955
5.48725541400006 2.53886656422853
5.49854606300006 3.73497259544317
5.50983671200006 5.03440473996682
5.52112736100006 6.34855378447307
5.53241801000006 7.58258686754746
5.54370865900006 8.64297135160687
5.55499930800006 9.44528702026833
5.56628995700006 9.92167293857993
5.57758060600006 10.0272555957861
5.58887125500006 9.7449624519756
5.60016190400006 9.08823708172274
5.61145255300006 8.10133113103673
5.62274320200006 6.85704219051223
5.63403385100006 5.45197980087175
5.64532450000006 3.99965623347467
5.65661514900007 2.62189575521939
5.66790579800007 1.43921799767067
5.67919644700007 0.560962490360926
5.69048709600007 0.0759709917773042
5.70177774500007 0.0446256079076416
5.71306839400007 0.492953234179509
5.72435904300007 1.40935597737076
5.73564969200007 2.74432397050162
5.74694034100007 4.41324730995566
5.75823099000007 6.30218724471915
5.76952163900007 8.27621474614436
5.78081228800007 10.1896988596366
5.79210293700007 11.8977477437362
5.80339358600007 13.2678884985312
5.81468423500007 14.1910292315797
5.82597488400007 14.5907836556746
5.83726553300007 14.430353508533
5.84855618200007 13.7163491582772
5.85984683100007 12.4991696813321
5.87113748000007 10.8698411941155
5.88242812900007 8.95350352920239
5.89371877800007 6.90001612872142
5.90500942700007 4.87240042074435
5.91630007600007 3.03402662142218
5.92759072500007 1.53557094126117
5.93888137400007 0.502803557534535
5.95017202300007 0.0262143738447416
5.96146267200007 0.153345826638723
5.97275332100007 0.88449030722498
5.98404397000007 2.17214101138061
5.99533461900007 3.92428107856472
6.00662526800007 6.0112818059189
6.01791591700007 8.27588267797217
6.02920656600007 10.5454689783473
6.04049721500007 12.645668623129
6.05178786400007 14.4141752232928
6.06307851300007 15.7136793134288
6.07436916200007 16.4428567720432
6.08565981100007 16.5445175702132
6.09695046000007 16.0102466544691
6.10824110900007 14.8811532266427
6.11953175800007 13.2446614227918
6.13082240700007 11.2275981508096
6.14211305600007 8.98613581430813
6.15340370500007 6.69340374275645
6.16469435400007 4.52577112019184
6.17598500300007 2.64891044710647
6.18727565200007 1.20476541911834
6.19856630100008 0.300469564655954
6.20985695000008 9.87871122531482e-005
6.22114759900008 0.319905979866435
6.23243824800008 1.22739894341344
6.24372889700008 2.64430799614091
6.25501954600008 4.45317319225512
6.26631019500008 6.50698916832476
6.27760084400008 8.64110231776544
6.28889149300008 10.6863799762752
6.30018214200008 12.4825784488571
6.31147279100008 13.8908328834212
6.32276344000008 14.8042765512023
6.33405408900008 15.1559620054774
6.34534473800008 14.9234872090864
6.35663538700008 14.1300060871557
6.36792603600008 12.8416015484221
6.37921668500008 11.1612947661419
6.39050733400008 9.22023295754862
6.40179798300008 7.16681724504312
6.41308863200008 5.15468507545901
6.42437928100008 3.33053662052555
6.43566993000008 1.82278681368353
6.44696057900008 0.731936442262606
6.45825122800008 0.123395955963324
6.46954187700008 0.0232791374922812
6.48083252600008 0.41742973062942
6.49212317500008 1.25367449625054
6.50341382400008 2.44703375116252
6.51470447300008 3.88738689392588
6.52599512200008 5.44890445236044
6.53728577100008 7.0004340542234
6.54857642000008 8.41597411425094
6.55986706900008 9.58438846717194
6.57115771800008 10.4176039499236
6.58244836700008 10.8566815903867
6.59373901600008 10.8753463492874
6.60502966500008 10.4807826010154
6.61632031400008 9.7117332113667
6.62761096300008 8.6341595511705
6.63890161200008 7.33491002640669
6.65019226100008 5.91399073581983
6.66148291000008 4.47612297914881
6.67277355900008 3.12230287367306
6.68406420800008 1.94204800237797
6.69535485700008 1.00692973276207
6.70664550600008 0.365857134336233
6.71793615500008 0.0424124241705523
6.72922680400008 0.0343540670643595
6.74051745300009 0.315218445843804
6.75180810200009 0.837780244034216
6.76309875100009 1.53898928354193
6.77438940000009 2.34589841768112
6.78568004900009 3.182040197271
6.79697069800009 3.97370207220229
6.80826134700009 4.65558914477302
6.81955199600009 5.17544419200806
6.83084264500009 5.4973077041465
6.84213329400009 5.60323453192084
6.85342394300009 5.49342562139036
6.86471459200009 5.18487040511302
6.87600524100009 4.70871596572299
6.88729589000009 4.10667343828169
6.89858653900009 3.42683347594427
6.90987718800009 2.71928750421892
6.92116783700009 2.03193994098491
6.93245848600009 1.40685186308863
6.94374913500009 0.877384871752258
6.95503978400009 0.466323365551453
6.96633043300009 0.185053516064757
6.97762108200009 0.0337776848368073
6.98891173100009 0.00265290795838572
7.00020238000009 0.0736690376961201
7.01149302900009 0.223031710307462
7.02278367800009 0.423790554243337
7.03407432700009 0.648454377925022
7.04536497600009 0.871360380956401
7.05665562500009 1.07060945862301
7.06794627400009 1.22943854781681
7.07923692300009 1.33696688878742
7.09052757200009 1.3883190419827
7.10181822100009 1.38418699820912
7.11310887000009 1.32994137343307
7.12439951900009 1.23443370268821
7.13569016800009 1.10864633521494
7.14698081700009 0.964343432323992
7.15827146600009 0.81285794858892
7.16956211500009 0.664118610309419
7.18085276400009 0.525982218022863
7.19214341300009 0.403895025838036
7.20343406200009 0.300867363739952
7.21472471100009 0.217712353006151
7.22601536000009 0.153475772114378
7.23730600900009 0.1059717790945
7.24859665800009 0.0723387292282873
7.25988730700009 0.0495397444268072
7.27117795600009 0.0347517444525174
7.2824686050001 0.0256111742401405
7.2937592540001 0.0203109954135216
7.3050499030001 0.017567965441848
7.3163405520001 0.0164985435795207
7.3276312010001 0.0164534958181216
7.3389218500001 0.016864080050465
7.3502124990001 0.0171464818756394
7.3615031480001 0.0166970816901642
7.3727937970001 0.0149913812785016
7.3840844460001 0.0117770030216118
7.3953750950001 0.00732949227987356
7.4066657440001 0.00272205500366443
7.4179563930001 4.97185423818321e-005
7.4292470420001 0.00254671901358075
7.4405376910001 0.0145440487053992
7.4518283400001 0.0412315977811099
7.4631189890001 0.0882144586412363
7.4744096380001 0.160882862182674
7.4857002870001 0.263646194741716
7.4969909360001 0.399109511803884
7.5082815850001 0.567291910902908
7.5195722340001 0.764996622145541
7.5308628830001 0.985440322761667
7.5421535320001 1.21823296968938
7.5534441810001 1.44976995538415
7.5647348300001 1.66405784465383
7.5760254790001 1.84394704882677
7.5873161280001 1.9726944045236
7.5986067770001 2.03573130249325
7.6098974260001 2.02247442210191
7.6211880750001 1.9279914194918
7.6324787240001 1.75432712350123
7.6437693730001 1.51130930686651
7.6550600220001 1.21668730458805
7.6663506710001 0.895509840942478
7.6776413200001 0.578716449639975
7.6889319690001 0.300994002408559
7.7002226180001 0.0980288851140713
7.7115132670001 0.00335833130130793
7.7228039160001 0.0450834348149255
7.7340945650001 0.242744361956315
7.7453852140001 0.604669838737857
7.7566758630001 1.12609494304961
7.7679665120001 1.78829315892406
7.7792571610001 2.55889306495481
7.7905478100001 3.393452313947
7.8018384590001 4.23824960685066
7.8131291080001 5.03413894353905
7.82441975700011 5.72120035680383
7.83571040600011 6.24382846452249
7.84700105500011 6.55583437495103
7.85829170400011 6.62510562438798
7.86958235300011 6.43737793665877
7.88087300200011 5.99872321406484
7.89216365100011 5.33644804149949
7.90345430000011 4.49822006989367
7.91474494900011 3.5493865005532
7.92603559800011 2.56860739159774
7.93732624700011 1.64208284015791
7.94861689600011 0.856792964607235
7.95990754500011 0.293279540009982
7.97119819400011 0.0185667387449953
7.98248884300011 0.0798375357446121
7.99377949200011 0.499447903964348
8.00507014100011 1.27177355265122
8.01636079000011 2.36224903836427
8.02765143900011 3.70878648689798
8.03894208800011 5.22556455735157
8.0502327370001 6.80897399949079
8.0615233860001 8.34531186412199
8.0728140350001 9.71964957075165
8.0841046840001 10.8251762831108
8.0953953330001 11.5722508170008
8.1066859820001 11.8963905776621
8.1179766310001 11.7644874583208
8.1292672800001 11.1786651764329
8.1405579290001 10.1773715054765
8.1518485780001 8.83351857587519
8.1631392270001 7.24972719630015
8.1744298760001 5.55097678197868
8.1857205250001 3.87518993499878
8.1970111740001 2.36246995623204
8.2083018230001 1.14384329837101
8.21959247200009 0.330424256888445
8.23088312100009 0.00390867961044354
8.24217377000009 0.209216144936939
8.25346441900009 0.949941486219035
8.26475506800009 2.18705854526037
8.27604571700009 3.84105879928286
8.28733636600009 5.79742618490135
8.29862701500009 7.91507043798521
8.30991766400009 10.0370882398033
8.32120831300009 12.0030162966253
8.33249896200009 13.661601385992
8.34378961100009 14.8830522707688
8.35508026000009 15.5697636006693
8.36637090900009 15.6646117271235
8.37766155800009 15.1561087965061
8.38895220700008 14.0799499926074
8.40024285600008 12.516779351632
8.41153350500008 10.5863083390108
8.42282415400008 8.43822269981973
8.43411480300008 6.24058165910523
8.44540545200008 4.16662654294015
8.45669610100008 2.38105497152325
8.46798675000008 1.02686966609961
8.47927739900008 0.213872496987032
8.49056804800008 0.00974721496431644
8.50185869700008 0.434468373397796
8.51314934600008 1.45850596654638
8.52443999500008 3.00498728564774
8.53573064400008 4.95565489688756
8.54702129300007 7.16014926288853
8.55831194200007 9.44787220829847
8.56960259100007 11.6414758855994
8.58089324000007 13.570888786718
8.59218388900007 15.0867467702369
8.60347453800007 16.0721466359373
8.61476518700007 16.4517782799602
8.62605583600007 16.1977072670036
8.63734648500007 15.3313546763061
8.64863713400007 13.9215323254938
8.65992778300007 12.0787130083057
8.67121843200007 9.94602050312362
8.68250908100007 7.68768762451869
8.69379973000007 5.47593092311688
8.70509037900007 3.47731162980085
8.71638102800006 1.83968467263271
8.72767167700006 0.68077914311606
8.73896232600006 0.0793101210939632
8.75025297500006 0.0693060055630805
8.76154362400006 0.638066078239515
8.77283427300006 1.72786287018811
8.78412492200006 3.24119823990482
8.79541557100006 5.04913628957382
8.80670622000006 7.00199374281368
8.81799686900006 8.94148864410214
8.82928751800006 10.713345154032
8.84057816700006 12.179333118949
8.85186881600006 13.2277861589894
8.86315946500006 13.7817843694043
8.87445011400006 13.8043941395347
8.88574076300005 13.3006097093925
8.89703141200005 12.3159170693821
8.90832206100005 10.9316772555413
8.91961271000005 9.25778003048772
8.93090335900005 7.42322977323071
8.94219400800005 5.56547660387334
8.95348465700005 3.81938620115315
8.96477530600005 2.30674650149303
8.97606595500005 1.12714005477088
8.98735660400005 0.350875013206875
8.99864725300005 0.0144786955947268
9.00993790200005 0.119032686151334
9.02122855100005 0.631387339206336
9.03251920000005 1.4880570084944
9.04380984900004 2.60138495712869
9.05510049800004 3.86739574762837
9.06639114700004 5.17463595980709
9.07768179600004 6.413249326394
9.08897244500004 7.48354225796962
9.10026309400004 8.30336711757831
9.11155374300004 8.81377523891823
9.12284439200004 8.98255704892718
9.13413504100004 8.80547721804112
9.14542569000004 8.30521140196689
9.15671633900004 7.5281806975026
9.16800698800004 6.53964469804118
9.17929763700004 5.41754104528478
9.19058828600004 4.24563945535745
9.20187893500004 3.10660660592794
9.21316958400003 2.07555493372688
9.22446023300003 1.21457772529079
9.23575088200003 0.568663219664739
9.24704153100003 0.163243129140107
9.25833218000003 0.00347925819353563
9.26962282900003 0.0752396300610571
9.28091347800003 0.347575958370751
9.29220412700003 0.776398897636132
9.30349477600003 1.30896502673175
9.31478542500003 1.88874535077588
9.32607607400003 2.46024094711574
9.33736672300003 2.97334526811081
9.34865737200003 3.38691928564389
9.35994802100003 3.67133720479698
9.37123867000003 3.80986717722972
9.38252931900002 3.79886278691644
9.39381996800002 3.64684673860586
9.40511061700002 3.37265896904999
9.41640126600002 3.00291006706164
9.42769191500002 2.56902267051814
9.43898256400002 2.10415644481945
9.45027321300002 1.64029719742678
9.46156386200002 1.2057510803902
9.47285451100002 0.823226204549156
9.48414516000002 0.508613300799829
9.49543580900002 0.270501959629983
9.50672645800002 0.110396998972605
9.51801710700002 0.0235373555929517
9.52930775600002 0.000172826724669125
9.54059840500001 0.0271253928993273
9.55188905400001 0.0894530236807669
9.56317970300001 0.172044010735828
9.57447035200001 0.260996320364542
9.58576100100001 0.344675066435506
9.59705165000001 0.41438687978108
9.60834229900001 0.464657241268342
9.61963294800001 0.493140547443922
9.63092359700001 0.500228370453595
9.64221424600001 0.488445852817581
9.65350489500001 0.461737726390267
9.66479554400001 0.424743934032663
9.67608619300001 0.382151637856579
9.68737684200001 0.338188155016135
9.69866749100001 0.296291591350549
9.70995814 0.258966591050044
9.721248789 0.227805570815139
9.732539438 0.203634419278484
9.743830087 0.186728368159301
9.755120736 0.177039859829995
9.766411385 0.174385736529742
9.777702034 0.178554700493908
9.788992683 0.189315424747799
9.800283332 0.206327872086324
9.811573981 0.228981906612805
9.82286463 0.256204862777026
9.834155279 0.286290607000255
9.845445928 0.316804917857803
9.856736577 0.344615005103888
9.868027226 0.366075236941944
9.87931787499999 0.377378431365098
9.89060852399999 0.375055214547669
9.90189917299999 0.356576498287292
9.91318982199999 0.320989917098537
9.92448047099999 0.269503756152492
9.93577111999999 0.205924512122193
9.94706176899999 0.136858723413485
9.95835241799999 0.0716066893492666
9.96964306699999 0.0217042601321201
9.98093371599999 0.000106610715009956
9.99222436499999 0.0200510911577132
10.003515014 0.0936801936110132
10.014805663 0.230545233603558
10.026096312 0.436141436900367
10.037386961 0.710641348132385
10.04867761 1.04799264204923
10.059968259 1.43552698529113
10.071258908 1.85418896814713
10.082549557 2.27944073393191
10.093840206 2.68283311649486
10.105130855 3.03416376222623
10.116421504 3.30407381695928
10.127712153 3.46687463769092
10.139002802 3.50335161928648
10.150293451 3.40326947045328
10.1615841 3.16730620379886
10.172874749 2.80817347011881
10.184165398 2.35073776477006
10.195456047 1.8310368348471
10.206746696 1.29418215869124
10.218037345 0.791243420443506
10.229327994 0.375314847391543
10.240618643 0.0970559870231211
10.251909292 7.12918000891845e-005
10.263199941 0.116535487501947
10.27449059 0.463479158752928
10.285781239 1.04011832777739
10.297071888 1.82654351414121
10.308362537 2.78398191726262
10.319653186 3.85671842276142
10.330943835 4.97561741976177
10.342234484 6.06304028121081
10.353525133 7.03881612759779
10.364815782 7.82680926494575
10.376106431 8.36154710345413
10.38739708 8.59433646269796
10.398687729 8.4983094334209
10.409978378 8.07190365266973
10.421269027 7.34039269284674
10.432559676 6.35523258178254
10.443850325 5.19116867180229
10.455140974 3.94123856170798
10.466431623 2.7099951387469
10.477722272 1.60544224335299
10.489012921 0.730308265619695
10.50030357 0.17336701221611
10.511594219 0.00154111608262021
10.522884868 0.253486576213269
10.534175517 0.935258556112717
10.545466166 2.01850465645854
10.556756815 3.44143392368558
10.568047464 5.11258352224124
10.579338113 6.91716894032832
10.590628762 8.72557791418722
10.601919411 10.4033727555606
10.61321006 11.8220182268215
10.6245007089999 12.8694666526067
10.6357913579999 13.4597177222205
10.6470820069999 13.5405306421429
10.6583726559999 13.0985978110394
10.6696633049999 12.1616826442351
10.6809539539999 10.7974646345262
10.6922446029999 9.10910286348998
10.7035352519999 7.22780281072686
10.7148259009999 5.30292732073675
10.7261165499999 3.49040886576001
10.7374071989999 1.94037761949124
10.7486978479999 0.785003817266086
10.7599884969999 0.1275549005453
10.7712791459999 0.0335863360685639
10.7825697949999 0.525025165148218
10.7938604439999 1.57767942402997
10.8051510929999 3.12243253902902
10.8164417419999 5.05008195453462
10.8277323909999 7.21948042161354
10.8390230399999 9.46836180429812
10.8503136889999 11.6260044641851
10.8616043379999 13.5267240188973
10.8728949869999 15.0231078095087
10.8841856359999 15.9979132718634
10.8954762849999 16.3736516389749
10.9067669339999 16.1190595227026
10.9180575829999 15.2519094862065
10.9293482319999 13.8379064885915
10.9406388809999 11.9857357121682
10.9519295299999 9.83864235105753
10.9632201789999 7.56320918371713
10.9745108279999 5.33622928965988
10.9858014769999 3.33072963489283
10.9970921259999 1.70227305158097
11.0083827749999 0.576645212311726
11.0196734239999 0.0399211485461297
11.0309640729999 0.131711925485901
11.0422547219999 0.842132364103141
11.0535453709999 2.1127268011669
11.0648360199999 3.84126708062012
11.0761266689999 5.89002209160173
11.0874173179999 8.09681729670292
11.0987079669999 10.287978986713
11.1099986159999 12.2921097410607
11.1212892649999 13.9535806582626
11.1325799139999 15.1446568740522
11.1438705629999 15.7752925258947
11.1551612119999 15.7998290801683
11.1664518609999 15.2200897928974
11.1777425099999 14.0846610423678
11.1890331589999 12.4844632976649
11.2003238079999 10.5450145857705
11.2116144569999 8.41605277461903
11.2229051059999 6.25938842303569
11.2341957549999 4.23599108781094
11.2454864039999 2.49335896700322
11.2567770529999 1.1541819080487
11.2680677019999 0.307185730194118
11.2793583509999 0.000852922794224456
11.2906489999999 0.240468249032957
