0 0
0.011290649 0
0.022581298 2.23132598193516e-006
0.033871947 3.52401604829868e-005
0.045162596 0.000216270692062278
0.056453245 0.000844977332384852
0.067743894 0.00251416407169217
0.079034543 0.00621960775751925
0.090325192 0.0134492444700778
0.101615841 0.0262323274076622
0.11290649 0.0471316587186795
0.124197139 0.0791665203769073
0.135487788 0.125660156982392
0.146778437 0.190013107372502
0.158069086 0.275411723606979
0.169359735 0.384489154144143
0.180650384 0.518963174151474
0.191941033 0.679280822413937
0.203231682 0.864303243225032
0.214522331 1.07106496770347
0.22581298 1.29463982367221
0.237103629 1.52814067604744
0.248394278 1.76287244373923
0.259684927 1.98864771954522
0.270975576 2.19426245438395
0.282266225 2.36811635102608
0.293556874 2.4989497654173
0.304847523 2.57665701892676
0.316138172 2.59312605848291
0.327428821 2.54304725978654
0.33871947 2.42463059762631
0.350010119 2.24017093985998
0.361300768 1.99640612769599
0.372591417 1.70462175719284
0.383882066 1.38046983650282
0.395172715 1.04348511676676
0.406463364 0.716301962066743
0.417754013 0.42359498885939
0.429044662 0.190787061453533
0.440335311 0.0425871925049795
0.45162596 0.00143709331778147
0.462916609 0.0859572809592186
0.474207258 0.309490707678614
0.485497907 0.678843041538111
0.496788556 1.19331354998983
0.508079205 1.84409896763217
0.519369854 2.61413512865927
0.530660503 3.47841828919677
0.541951152 4.40482111234452
0.553241801 5.35538872196415
0.56453245 6.28806977735367
0.575823099 7.1588080521943
0.587113747999999 7.92389342152056
0.598404396999999 8.54244928566642
0.609695045999999 8.97891789838647
0.620985694999999 9.20539710744976
0.632276343999999 9.20368253622832
0.643566992999999 8.9668786242119
0.654857641999999 8.50046006178292
0.666148290999999 7.8226913142852
0.677438939999999 6.9643449223868
0.688729588999999 5.96769740923029
0.700020237999999 4.88482285338049
0.711310886999999 3.77524615960411
0.722601535999999 2.70305829534417
0.733892184999999 1.73363178258018
0.745182833999999 0.93010422156899
0.756473482999999 0.349818556016247
0.767764131999999 0.0409195850421666
0.779054780999999 0.0393058485004909
0.790345429999999 0.36612404883012
0.801636078999999 1.02596988804957
0.812926727999999 2.00592553616848
0.824217376999999 3.27552149658631
0.835508025999999 4.78766155642836
0.846798674999999 6.48049642832469
0.858089323999999 8.28017754833948
0.869379972999999 10.104370392041
0.880670621999999 11.8663596841172
0.891961270999999 13.4795398792579
0.903251919999999 14.8620557770269
0.914542568999999 15.9413420590001
0.925833217999999 16.6583081953042
0.937123866999999 16.9709270940153
0.948414515999999 16.8570117853986
0.959705164999999 16.3160032541659
0.970995813999999 15.3696423961701
0.982286462999999 14.0614574385305
0.993577111999999 12.4550619305131
1.004867761 10.6313241081932
1.01615841 8.68453238806107
1.027449059 6.71774029731515
1.038739708 4.83752387142464
1.050030357 3.14842244039903
1.061321006 1.74735739092331
1.072611655 0.71833129756607
1.083902304 0.127700995043406
1.095192953 0.0202928746815473
1.106483602 0.416588026558384
1.117774251 1.31115079841082
1.1290649 2.67240967889832
1.140355549 4.44382755855742
1.151646198 6.54642326161077
1.162936847 8.88253190952844
1.174227496 11.3406223247624
1.185518145 13.8009292451012
1.196808794 16.1416100871503
1.208099443 18.2451032161561
1.219390092 20.0043491771294
1.230680741 21.3285392061443
1.24197139 22.1480766440252
1.253262039 22.4184756607622
1.264552688 22.1229760239889
1.275843337 21.2737196765373
1.287133986 19.9114110564763
1.298424635 18.1034642841574
1.309715284 15.9407221229254
1.321005933 13.5329094901032
1.332296582 11.0030539302035
1.343587231 8.48116296523502
1.35487788 6.09749035589252
1.366168529 3.97574762347864
1.377459178 2.22662225003386
1.388749827 0.941949407512904
1.400040476 0.189850566828624
1.411331125 0.0111016577098917
1.422621774 0.416928303057741
1.433912423 1.38834956023991
1.445203072 2.87710870662595
1.456493721 4.80814443492063
1.46778437 7.08347303812808
1.479075019 9.58727630229515
1.490365668 12.1919250476552
1.501656317 14.7646181153215
1.512946966 17.1742838288541
1.524237615 19.2983773484335
1.535528264 21.0292136010401
1.546818913 22.2795012353985
1.558109562 22.9867868622366
1.569400211 23.1165782527718
1.58069086 22.6639868816913
1.591981509 21.6538102482089
1.603272158 20.1390583788278
1.614562807 18.1980122002523
1.625853456 15.9299795230178
1.637144105 13.4499829620125
1.648434754 10.8826695526345
1.659725403 8.35577116390206
1.671016052 5.99346603351232
1.682306701 3.90999384055971
1.69359735 2.20385973905953
1.704887999 0.952927801856932
1.716178648 0.210653454595937
1.727469297 0.003640655391453
1.738759946 0.330636425501642
1.750050595 1.16299696414751
1.761341244 2.44658033415985
1.772631893 4.10494492981231
1.783922542 6.04366473513838
1.795213191 8.15551538110027
1.80650384 10.3262421769891
1.817794489 12.4405947652159
1.829085138 14.3883040365261
1.840375787 16.0696856648852
1.851666436 17.400580312802
1.862957085 18.3163815257755
1.874247734 18.7749560669838
1.885538383 18.7583247629926
1.896829032 18.273041184302
1.908119681 17.3492767532997
1.91941033 16.0386901994906
1.930700979 14.4112228937253
1.941991628 12.551016107352
1.953282277 10.5516888509166
1.964572926 8.51124356348664
1.975863575 6.52688028529124
1.987154224 4.68999766893
1.998444873 3.08164176523973
2.009735522 1.7686322909211
2.021026171 0.800553118936618
2.03231682 0.207741709235132
2.043607469 0.000354237507108788
2.054898118 0.168522658462464
2.066188767 0.683560289056511
2.077479416 1.5001170079621
2.088770065 2.55913680890097
2.100060714 3.79143170185526
2.111351363 5.12165869968523
2.122642012 6.4724720273689
2.133932661 7.76862116568301
2.14522331 8.94077655618876
2.156513959 9.92888770293825
2.167804608 10.6849113299412
2.179095257 11.174787997488
2.190385906 11.3795915761173
2.201676555 11.295824441204
2.212967204 10.9348793538461
2.224257853 10.3217340235429
2.235548502 9.49298386560201
2.246839151 8.49435043646387
2.2581298 7.37782592785455
2.269420449 6.19862698142222
2.280711098 5.01213362068208
2.292001747 3.8709815711624
2.303292396 2.82245951129441
2.314583045 1.90633822690916
2.325873694 1.15322799553076
2.337164343 0.583525850722702
2.348454992 0.2069778701456
2.359745641 0.0228455063206277
2.37103629 0.0206313302630533
2.382326939 0.181290239699215
2.39361758800001 0.478828709071084
2.40490823700001 0.882178123468028
2.41619888600001 1.35721927182352
2.42748953500001 1.86883382010456
2.43878018400001 2.38286471411585
2.45007083300001 2.8678802135237
2.46136148200001 3.29665450755841
2.47265213100001 3.6473002025112
2.48394278000001 3.9040128155096
2.49523342900001 4.05741309899497
2.50652407800001 4.10449793067837
2.51781472700001 4.04823314374961
2.52910537600001 3.89684077293112
2.54039602500001 3.66284777642505
2.55168667400001 3.3619727243549
2.56297732300001 3.01193094712652
2.57426797200001 2.63123730166519
2.58555862100001 2.23807946834742
2.59684927000001 1.84932425938884
2.60813991900001 1.47970575488606
2.61943056800001 1.14122829687682
2.63072121700001 0.842800650736501
2.64201186600001 0.590101164641589
2.65330251500001 0.385658612006742
2.66459316400001 0.22912052223647
2.67588381300001 0.117670912819679
2.68717446200001 0.0465529006385428
2.69846511100001 0.00964889162337102
2.70975576000001 7.18543304144673e-005
2.72104640900001 0.0107252520126976
2.73233705800001 0.0347960012585002
2.74362770700001 0.0661536396354385
2.75491835600001 0.0996389102858779
2.76620900500001 0.131235357049847
2.77749965400001 0.158127442259997
2.78879030300001 0.178657408344865
2.80008095200001 0.192199998195948
2.81137160100001 0.198978799343548
2.82266225000001 0.199850157226024
2.83395289900001 0.196080298760216
2.84524354800001 0.189138708985488
2.85653419700001 0.180526282418302
2.86782484600001 0.171650844114439
2.87911549500001 0.163755919441203
2.89040614400001 0.15790178804042
2.90169679300001 0.154991538131475
2.91298744200001 0.155829629772346
2.92427809100001 0.161196855393686
2.93556874000001 0.171923877585078
2.94685938900002 0.188945875755462
2.95815003800002 0.213323204578644
2.96944068700002 0.246217133053566
2.98073133600002 0.288815302500293
2.99202198500002 0.342207989977773
3.00331263400002 0.407222975011031
3.01460328300002 0.484233127279137
3.02589393200002 0.572956121720862
3.03718458100002 0.672269376232904
3.04847523000002 0.78006494685898
3.05976587900002 0.893168418877861
3.07105652800002 1.00734270349275
3.08234717700002 1.11739219918813
3.09363782600002 1.21737531995323
3.10492847500002 1.3009244334425
3.11621912400002 1.36166245047891
3.12750977300002 1.39369543272634
3.13880042200002 1.39215146128547
3.15009107100002 1.35372845018657
3.16138172000002 1.27720833711256
3.17267236900002 1.16389274671048
3.18396301800002 1.01791621885572
3.19525366700002 0.846397614276588
3.20654431600002 0.659398285036034
3.21783496500002 0.469666693545963
3.22912561400002 0.292162791337262
3.24041626300002 0.143370811625133
3.25170691200002 0.0404251924586295
3.26299756100002 9.00176392598226e-005
3.27428821000002 0.0376464849657079
3.28557885900002 0.165754366782682
3.29686950800002 0.393361215400844
3.30816015700002 0.724736379735626
3.31945080600002 1.1587051952924
3.33074145500002 1.68815175686681
3.34203210400002 2.29984659783158
3.35332275300002 2.97463885425562
3.36461340200002 3.68803190241469
3.37590405100002 4.41113814678057
3.38719470000002 5.11198397121489
3.39848534900002 5.75711138551797
3.40977599800002 6.31340021354588
3.42106664700002 6.75001536014812
3.43235729600002 7.04036921058821
3.44364794500002 7.16398077116698
3.45493859400002 7.10811164130553
3.46622924300002 6.86906480486219
3.47751989200002 6.45304558280399
3.48881054100003 5.876504469381
3.50010119000003 5.16590808241146
3.51139183900003 4.35691576791366
3.52268248800003 3.49297381772796
3.53397313700003 2.6233748191745
3.54526378600003 1.80086422869766
3.55655443500003 1.07890768095996
3.56784508400003 0.508758742132833
3.57913573300003 0.136485951907081
3.59042638200003 0.000128586398177184
3.60171703100003 0.127151585458792
3.61300768000003 0.532361034359272
3.62429832900003 1.21642257315637
3.63558897800003 2.16509683571073
3.64687962700003 3.34926978866749
3.65817027600003 4.72581347218881
3.66946092500003 6.2392663998677
3.68075157400003 7.82427533275671
3.69204222300003 9.40869405195562
3.70333287200003 10.9171928790742
3.71462352100003 12.2751976456133
3.72591417000003 13.4129508894904
3.73720481900003 14.2694730981987
3.74849546800003 14.7961990781729
3.75978611700003 14.9600745871244
3.77107676600003 14.7459210674023
3.78236741500003 14.1579107667635
3.79365806400003 13.2200391182351
3.80494871300003 11.9755337242947
3.81623936200003 10.4851968790133
3.82753001100003 8.82473811521841
3.83882066000003 7.08121142980537
3.85011130900003 5.34872525462614
3.86140195800003 3.7236387221113
3.87269260700003 2.29949251644769
3.88398325600003 1.16194434069393
3.89527390500003 0.383986195376743
3.90656455400003 0.0217124794737561
3.91785520300003 0.110884474793972
3.92914585200003 0.664499018424151
3.94043650100003 1.67151890195704
3.95172715000003 3.09686230991348
3.96301779900003 4.88268159384494
3.97430844800003 6.95089149580583
3.98559909700003 9.20683746120279
3.99688974600003 11.5439298286542
4.00818039500003 13.8490131788328
4.01947104400003 16.0081952878662
4.03076169300004 17.9128296869066
4.04205234200004 19.4653317364779
4.05334299100004 20.5845114520913
4.06463364000004 21.2101271727886
4.07592428900004 21.3064016688289
4.08721493800004 20.8642946117275
4.09850558700004 19.9023897931981
4.10979623600004 18.4663286744816
4.12108688500004 16.6267998334766
4.13237753400004 14.4761723937505
4.14366818300004 12.1239362235436
4.15495883200004 9.69117840192685
4.16624948100004 7.30438037971503
4.17754013000004 5.08886024708258
4.18883077900004 3.16220719130462
4.20012142800004 1.6280591616525
4.21141207700004 0.570559559637637
4.22270272600004 0.0497951086255199
4.23399337500004 0.0984666273444612
4.24528402400004 0.719979882489565
4.25657467300004 1.8880684759492
4.26786532200004 3.54797889767233
4.27915597100004 5.61916390350719
4.29044662000004 7.99934886094129
4.30173726900004 10.5697611350242
4.31302791800004 13.2012490886009
4.32431856700004 15.760968376045
4.33560921600004 18.1192816530461
4.34689986500004 20.1565053907067
4.35819051400004 21.7691449008168
4.36948116300004 22.8752855846599
4.38077181200004 23.4188533656218
4.39206246100004 23.372517812613
4.40335311000004 22.7390842993217
4.41464375900004 21.5513026862781
4.42593440800004 19.8701050137092
4.43722505700004 17.7813688987909
4.44851570600004 15.3913821366433
4.45980635500004 12.8212531122519
4.47109700400004 10.2005672875718
4.48238765300004 7.6606292344364
4.49367830200004 5.32765035731999
4.50496895100004 3.31624353880716
4.51625960000004 1.72356747818608
4.52755024900004 0.62442659176662
4.53884089800004 0.0675791255260261
4.55013154700004 0.0734396074253219
4.56142219600004 0.633285664097651
4.57271284500005 1.70999777346175
4.58400349400005 3.24027821417859
4.59529414300005 5.13821680981316
4.60658479200005 7.30000031623106
4.61787544100005 9.60950325674881
4.62916609000005 11.9444537808693
4.64045673900005 14.1828409704886
4.65174738800005 16.2092212373321
4.66303803700005 17.9205913134743
4.67432868600005 19.2315230670047
4.68561933500005 20.0782992328507
4.69690998400005 20.4218465206096
4.70820063300005 20.2493301199818
4.71949128200005 19.5743475247877
4.73078193100005 18.4357356964734
4.74207258000005 16.8950796840817
4.75336322900005 15.0330788808311
4.76465387800005 12.9449854959197
4.77594452700005 10.7353755162992
4.78723517600005 8.51254314434978
4.79852582500005 6.38282401153226
4.80981647400005 4.44514990821163
4.82110712300005 2.7861188047349
4.83239777200005 1.4758299399578
4.84368842100005 0.564686901430149
4.85497907000005 0.081314768556435
4.86626971900005 0.0316738866470403
4.87756036800005 0.399386336105497
4.88885101700005 1.14722539548741
4.90014166600005 2.21965688392182
4.91143231500005 3.5462674959835
4.92272296400005 5.04587189507182
4.93401361300005 6.63105954412672
4.94530426200005 8.2129254036624
4.95659491100005 9.70572627905033
4.96788556000005 11.0312164857965
4.97917620900005 12.1224415644328
4.99046685800005 12.9268052440553
5.00175750700005 13.4082703603266
5.01304815600005 13.548606171536
5.02433880500005 13.3476494054204
5.03562945400005 12.8226012424561
5.04692010300005 12.0064342264908
5.05821075200005 10.9455289881856
5.06950140100005 9.69669829000039
5.08079205000005 8.32378341882987
5.09208269900005 6.89402416466882
5.10337334800005 5.47440801647928
5.11466399700006 4.12819695848889
5.12595464600006 2.91181220077717
5.13724529500006 1.87222975694458
5.14853594400006 1.04500490645961
5.15982659300006 0.453003527240151
5.17111724200006 0.105875547012377
5.18240789100006 0.000262893276796
5.19369854000006 0.120693784203228
5.20498918900006 0.441079227614824
5.21627983800006 0.926698058941
5.22757048700006 1.53653517599959
5.23886113600006 2.2258247237728
5.25015178500006 2.94864619798853
5.26144243400006 3.6604265719472
5.27273308300006 4.32021488777032
5.28402373200006 4.89261611761967
5.29531438100006 5.34929695341525
5.30660503000006 5.67000572845322
5.31789567900006 5.84307997612913
5.32918632800006 5.86544623976462
5.34047697700006 5.74214581774253
5.35176762600006 5.48544552675511
5.36305827500006 5.1136129632471
5.37434892400006 4.64945018091083
5.38563957300006 4.11868763605903
5.39693022200006 3.54834156718375
5.40822087100006 2.96513297012286
5.41951152000006 2.39405568353972
5.43080216900006 1.85716580510473
5.44209281800006 1.37264594960066
5.45338346700006 0.954177117358217
5.46467411600006 0.610629598976604
5.47596476500006 0.346063792160974
5.48725541400006 0.160013310698742
5.49854606300006 0.0480073805474313
5.50983671200006 0.0022780359173677
5.52112736100006 0.0125905383955381
5.53241801000006 0.0671329141179268
5.54370865900006 0.153402392803197
5.55499930800006 0.25903240478225
5.56628995700006 0.372512970716023
5.57758060600006 0.483768941273332
5.58887125500006 0.584573632521072
5.60016190400006 0.668788937073701
5.61145255300006 0.732435982676363
5.62274320200006 0.773611970109902
5.63403385100006 0.792278220232482
5.64532450000006 0.78995116704395
5.65661514900007 0.769331751705166
5.66790579800007 0.733909344001422
5.67919644700007 0.687574118468008
5.69048709600007 0.634267126719621
5.70177774500007 0.577690689810728
5.71306839400007 0.521093858985474
5.72435904300007 0.467139296936872
5.73564969200007 0.417849754358913
5.74694034100007 0.374625042243024
5.75823099000007 0.33831460534107
5.76952163900007 0.309326912580224
5.78081228800007 0.287755142235625
5.79210293700007 0.273499104966169
5.80339358600007 0.266365874210952
5.81468423500007 0.266135861126495
5.82597488400007 0.272586612890448
5.83726553300007 0.285472855480613
5.84855618200007 0.304467615282247
5.85984683100007 0.32907500592347
5.87113748000007 0.358529876839592
5.88242812900007 0.391702508597449
5.89371877800007 0.427027570131939
5.90500942700007 0.462475461033144
5.91630007600007 0.495580973820741
5.92759072500007 0.52353914375393
5.93888137400007 0.543371601132327
5.95017202300007 0.552159245577585
5.96146267200007 0.54732927292704
5.97275332100007 0.526977208952764
5.98404397000007 0.490198345673184
5.99533461900007 0.437398482502319
6.00662526800007 0.370551678790137
6.01791591700007 0.293373196975858
6.02920656600007 0.211379127424184
6.04049721500007 0.131810284982394
6.05178786400007 0.0634065716044464
6.06307851300007 0.0160286080672194
6.07436916200007 0.00013535837596023
6.08565981100007 0.0261388622948618
6.09695046000007 0.103669122154016
6.10824110900007 0.24079270124732
6.11953175800007 0.443236768888157
6.13082240700007 0.713675372773199
6.14211305600007 1.05113601441535
6.15340370500007 1.45058176546088
6.16469435400007 1.9027170856725
6.17598500300007 2.39405438067887
6.18727565200007 2.90726366483649
6.19856630100008 3.4218102508388
6.20985695000008 3.91486619629009
6.22114759900008 4.3624615073913
6.23243824800008 4.74082215204269
6.24372889700008 5.02782511658327
6.25501954600008 5.20448733526862
6.26631019500008 5.25639645748436
6.27760084400008 5.1749879830097
6.28889149300008 4.95857586693381
6.30018214200008 4.61305248321318
6.31147279100008 4.15218865049163
6.32276344000008 3.59748467032931
6.33405408900008 2.9775480235649
6.34534473800008 2.32700119023718
6.35663538700008 1.68495240500158
6.36792603600008 1.09309125416322
6.37921668500008 0.593498007528986
6.39050733400008 0.226278643419864
6.40179798300008 0.0271550113359023
6.41308863200008 0.0251500972653913
6.42437928100008 0.24051089515144
6.43566993000008 0.683005378999948
6.44696057900008 1.35071545379339
6.45825122800008 2.22942501117594
6.46954187700008 3.29267232325927
6.48083252600008 4.50250045417567
6.49212317500008 5.810900045394
6.50341382400008 7.16189794021096
6.51470447300008 8.49420504655331
6.52599512200008 9.74430003568561
6.53728577100008 10.8497942798008
6.54857642000008 11.7528999413264
6.55986706900008 12.4038090575357
6.57115771800008 12.7637880332598
6.58244836700008 12.8077997894692
6.59373901600008 12.5264848949556
6.60502966500008 11.9273626413511
6.61632031400008 11.0351518666511
6.62761096300008 9.89115745547131
6.63890161200008 8.55171941581142
6.65019226100008 7.08577445520049
6.66148291000008 5.57163204428735
6.67277355900008 4.09311501277268
6.68406420800008 2.73525585885914
6.69535485700008 1.57977157080363
6.70664550600008 0.700559735378233
6.71793615500008 0.159465534720899
6.72922680400008 0.00256212125838592
6.74051745300009 0.257165806174759
6.75180810200009 0.92977330235958
6.76309875100009 2.00506251009069
6.77438940000009 3.44604331284773
6.78568004900009 5.19538344381082
6.79697069800009 7.17787001234591
6.80826134700009 9.30390332307173
6.81955199600009 11.4738598132984
6.83084264500009 13.5831087608626
6.84213329400009 15.5274260004484
6.85342394300009 17.2085198152593
6.86471459200009 18.5393713214934
6.87600524100009 19.4490950887789
6.88729589000009 19.8870455912653
6.89858653900009 19.8259305837415
6.90987718800009 19.2637419659482
6.92116783700009 18.2243756354748
6.93245848600009 16.7568810411149
6.94374913500009 14.9333549168941
6.95503978400009 12.8455679645113
6.96633043300009 10.6004839251756
6.97762108200009 8.31489354484886
6.98891173100009 6.10943776016288
7.00020238000009 4.10233196356022
7.01149302900009 2.40312415168884
7.02278367800009 1.10682272513943
7.03407432700009 0.288714283406162
7.04536497600009 0.000158563560308082
7.05665562500009 0.265598322905756
7.06794627400009 1.08095900453666
7.07923692300009 2.41353977817172
7.09052757200009 4.20341795380304
7.10181822100009 6.36630715290971
7.11310887000009 8.79773047519072
7.12439951900009 11.3782976048949
7.13569016800009 13.9798134026028
7.14698081700009 16.4718984946826
7.15827146600009 18.7287723999447
7.16956211500009 20.635838588523
7.18085276400009 22.095719284995
7.19214341300009 23.0334154582833
7.20343406200009 23.4003128695406
7.21472471100009 23.1768158669284
7.22601536000009 22.3734635506372
7.23730600900009 21.0304640264858
7.24859665800009 19.215667300772
7.25988730700009 17.0210813018354
7.27117795600009 14.5581139432278
7.2824686050001 11.9517927634747
7.2937592540001 9.33426871878136
7.3050499030001 6.83794914571693
7.3163405520001 4.58862464522357
7.3276312010001 2.6989545953824
7.3389218500001 1.26265619944973
7.3502124990001 0.349703529974105
7.3615031480001 0.00278807903157654
7.3727937970001 0.235223914958014
7.3840844460001 1.03040245826163
7.3953750950001 2.34281842661314
7.4066657440001 4.10060424464866
7.4179563930001 6.20942977700971
7.4292470420001 8.55755199866577
7.4405376910001 11.0217390665255
7.4518283400001 13.473748412654
7.4631189890001 15.7870112898088
7.4744096380001 17.8431680225647
7.4857002870001 19.5381093514251
7.4969909360001 20.7872089346506
7.5082815850001 21.5294785078567
7.5195722340001 21.7304377003628
7.5308628830001 21.3835616241664
7.5421535320001 20.5102470881061
7.5534441810001 19.1583183237377
7.5647348300001 17.3991710378328
7.5760254790001 15.323725192461
7.5873161280001 13.0374183209889
7.5986067770001 10.6545191904697
7.6098974260001 8.29207377371574
7.6211880750001 6.06381026283645
7.6324787240001 4.0743266880624
7.6437693730001 2.41386404961694
7.6550600220001 1.15393113592817
7.6663506710001 0.343996666836545
7.6776413200001 0.00940307197465651
7.6889319690001 0.150587646986413
7.7002226180001 0.743624919209363
7.7115132670001 1.74203281213828
7.7228039160001 3.07971852658255
7.7340945650001 4.67488153103181
7.7453852140001 6.43464372767149
7.7566758630001 8.2601431034944
7.7679665120001 10.0518085541224
7.7792571610001 11.7145307714114
7.7905478100001 13.1624569076978
7.8018384590001 14.3231640958165
7.8131291080001 15.1410069531119
7.82441975700011 15.5794844022423
7.83571040600011 15.6225284663842
7.84700105500011 15.274678781495
7.85829170400011 14.5601679267156
7.86958235300011 13.5210008926992
7.88087300200011 12.2141639391326
7.89216365100011 10.7081410272033
7.90345430000011 9.07894782117958
7.91474494900011 7.40591249316329
7.92603559800011 5.76743854470011
7.93732624700011 4.23697765614662
7.94861689600011 2.87942101116816
7.95990754500011 1.74808711681193
7.97119819400011 0.882444916796771
7.98248884300011 0.306665479182005
7.99377949200011 0.0290465092266564
8.00507014100011 0.0423042827499236
8.01636079000011 0.324680142120768
8.02765143900011 0.841766050783074
8.03894208800011 1.54891810107418
8.0502327370001 2.39410006775137
8.0615233860001 3.32098227968921
8.0728140350001 4.27211480856594
8.0841046840001 5.19199817883858
8.0953953330001 6.02988881588508
8.1066859820001 6.74219905313743
8.1179766310001 7.29438104633033
8.1292672800001 7.66221838848775
8.1405579290001 7.83248637197133
8.1518485780001 7.8029794259894
8.1631392270001 7.58194006274689
8.1744298760001 7.18695568622982
8.1857205250001 6.64341615974395
8.1970111740001 5.98264479798742
8.2083018230001 5.23982761512322
8.21959247200009 4.45186988361523
8.23088312100009 3.65530549375371
8.24217377000009 2.88437386713137
8.25346441900009 2.1693622894066
8.26475506800009 1.5352898329236
8.27604571700009 1.00098410917597
8.28733636600009 0.578575615020223
8.29862701500009 0.273408114232292
8.30991766400009 0.0843389293571722
8.32120831300009 0.00438161668626919
8.33249896200009 0.0216263959859273
8.34378961100009 0.120361711473782
8.35508026000009 0.282313850421802
8.36637090900009 0.487920703271037
8.37766155800009 0.717560215204812
8.38895220700008 0.952663230391318
8.40024285600008 1.17665337578268
8.41153350500008 1.37567228503318
8.42282415400008 1.53906562421576
8.43411480300008 1.6596228202429
8.44540545200008 1.73357993557906
8.45669610100008 1.76040973501221
8.46798675000008 1.74243480245831
8.47927739900008 1.684307980736
8.49056804800008 1.5924090889182
8.50185869700008 1.47420776448869
8.51314934600008 1.33763959487853
8.52443999500008 1.19053689925518
8.53573064400008 1.04014724662053
8.54702129300007 0.892762839350152
8.55831194200007 0.753473116160247
8.56960259100007 0.626042207021788
8.58089324000007 0.512903019932114
8.59218388900007 0.41525145617443
8.60347453800007 0.333218075202984
8.61476518700007 0.266090805541231
8.62605583600007 0.212561153863677
8.63734648500007 0.170967716403852
8.64863713400007 0.139514361841269
8.65992778300007 0.116445780988991
8.67121843200007 0.100169607539744
8.68250908100007 0.0893213518455503
8.69379973000007 0.0827752822032385
8.70509037900007 0.0796104973230716
8.71638102800006 0.0790462094435647
8.72767167700006 0.0803632819052948
8.73896232600006 0.0828300850003992
8.75025297500006 0.0856496811581789
8.76154362400006 0.0879423454618408
8.77283427300006 0.0887727685134654
8.78412492200006 0.0872254267864166
8.79541557100006 0.0825251066826698
8.80670622000006 0.0741930659401432
8.81799686900006 0.0622234575401903
8.82928751800006 0.0472600339168451
8.84057816700006 0.030750306958612
8.85186881600006 0.0150536368125818
8.86315946500006 0.00348135988470316
8.87445011400006 0.000251046507108308
8.88574076300005 0.0103430998823394
8.89703141200005 0.0392557728565354
8.90832206100005 0.0926637195440377
8.91961271000005 0.175994714435488
8.93090335900005 0.293948380478884
8.94219400800005 0.449988865144217
8.95348465700005 0.645849625200009
8.96477530600005 0.881092164701913
8.97606595500005 1.1527612136341
8.98735660400005 1.45517614036175
8.99864725300005 1.77989230335382
9.00993790200005 2.11585676773045
9.02122855100005 2.44977079753117
9.03251920000005 2.76665747875588
9.04380984900004 3.05061762251722
9.05510049800004 3.28574177659704
9.06639114700004 3.45713184763516
9.07768179600004 3.55197361515898
9.08897244500004 3.56059233289301
9.10026309400004 3.47741853494068
9.11155374300004 3.30179073937008
9.12284439200004 3.03852632891733
9.13413504100004 2.69820152148677
9.14542569000004 2.29709570968367
9.15671633900004 1.856773893808
9.16800698800004 1.40330248543522
9.17929763700004 0.966117180867506
9.19058828600004 0.57658546000452
9.20187893500004 0.266329009937428
9.21316958400003 0.0653914433104852
9.22446023300003 0.000352607544792101
9.23575088200003 0.0925012809210536
9.24704153100003 0.356182127397478
9.25833218000003 0.79742979844868
9.26962282900003 1.41299281274697
9.28091347800003 2.18983255357313
9.29220412700003 3.10515910042814
9.30349477600003 4.12703679333792
9.31478542500003 5.21555993798247
9.32607607400003 6.32456472410114
9.33736672300003 7.40380927858722
9.34865737200003 8.40152192220135
9.35994802100003 9.26719021385525
9.37123867000003 9.95444214183628
9.38252931900002 10.4238574488672
9.39381996800002 10.6455427371002
9.40511061700002 10.6013093679493
9.41640126600002 10.2863083647775
9.42769191500002 9.71000106637866
9.43898256400002 8.89637710273473
9.45027321300002 7.88337076565293
9.46156386200002 6.72147095419465
9.47285451100002 5.47156616029419
9.48414516000002 4.20211177299231
9.49543580900002 2.98574959905635
9.50672645800002 1.89554629280333
9.51801710700002 1.0010459795046
9.52930775600002 0.364350767793701
9.54059840500001 0.0364496332255498
9.55188905400001 0.0540105100102097
9.56317970300001 0.436832247638884
9.57447035200001 1.18612300230421
9.58576100100001 2.28373098527792
9.59705165000001 3.69240428605249
9.60834229900001 5.35710129116671
9.61963294800001 7.20731501929544
9.63092359700001 9.16031673995481
9.64221424600001 11.1251698659396
9.65350489500001 13.0073175231498
9.66479554400001 14.7135093159756
9.67608619300001 16.1568070503523
9.68737684200001 17.2613973434765
9.69866749100001 17.9669421781635
9.70995814 18.2322167574781
9.721248789 18.0378168244905
9.732539438 17.3877634302104
9.743830087 16.3098896801319
9.755120736 14.8549583236721
9.766411385 13.0945277210363
9.777702034 11.117652958871
9.788992683 9.0265748098617
9.800283332 6.93160807282921
9.811573981 4.94548914747841
9.82286463 3.17747758092968
9.834155279 1.72752556679049
9.845445928 0.680831620968142
9.856736577 0.103079476287851
9.868027226 0.036631179584934
9.87931787499999 0.497895948303931
9.89060852399999 1.47603594434175
9.90189917299999 2.93309991112247
9.91318982199999 4.80559935222053
9.92448047099999 7.00746375455438
9.93577111999999 9.43423558681708
9.94706176899999 11.9682966657037
9.95835241799999 14.4848588908401
9.96964306699999 16.8584076728873
9.98093371599999 18.9692582475418
9.99222436499999 20.7098752153894
10.003515014 21.9906148064116
10.014805663 22.7445772185819
10.026096312 22.9313015588058
10.037386961 22.5390960815683
10.04867761 21.5858683837178
10.059968259 20.118400100482
10.071258908 18.2100941182274
10.082549557 15.9573048063776
10.093840206 13.4744387340405
10.105130855 10.8880805173624
10.116421504 8.33045210354268
10.127712153 5.9325509314135
10.139002802 3.81733091455748
10.150293451 2.09328899332659
10.1615841 0.848799106572847
10.172874749 0.147495942002333
10.184165398 0.0249548662303513
10.195456047 0.486845055870207
10.206746696 1.50865383830041
10.218037345 3.03699592821115
10.229327994 4.99243622996517
10.240618643 7.27367381840625
10.251909292 9.76286204078172
10.263199941 12.3317793587972
10.27449059 14.8485208417664
10.285781239 17.1843535284386
10.297071888 19.2203715940123
10.308362537 20.8535997115684
10.319653186 22.0022244150541
10.330943835 22.6096818425742
10.342234484 22.6473932154354
10.353525133 22.1160132620743
10.364815782 21.0451374199464
10.376106431 19.4914965893774
10.38739708 17.5357489216453
10.398687729 15.2780522072194
10.409978378 12.8326638981279
10.421269027 10.3218652800223
10.432559676 7.86953923631692
10.443850325 5.5947457889475
10.455140974 3.605635548363
10.466431623 1.99401879406053
10.477722272 0.830868580165866
10.489012921 0.162982379632239
10.50030357 0.0109614823957854
10.511594219 0.368594375238219
10.522884868 1.203653757909
10.534175517 2.46004093681125
10.545466166 4.06114023263766
10.556756815 5.9141835625149
10.568047464 7.91537479477728
10.579338113 9.95548739759626
10.590628762 11.9256290384385
10.601919411 13.7228639384836
10.61321006 15.25539778572
10.6245007089999 16.4470597707857
10.6357913579999 17.2408598839753
10.6470820069999 17.6014543228637
10.6583726559999 17.5164144637483
10.6696633049999 16.9962617290419
10.6809539539999 16.0732980564357
10.6922446029999 14.7993258169328
10.7035352519999 13.2424084725673
10.7148259009999 11.4828709975356
10.7261165499999 9.60877470746131
10.7374071989999 7.71112298366925
10.7486978479999 5.87906158747995
10.7599884969999 4.19532981976355
10.7712791459999 2.73219750143257
10.7825697949999 1.54808919554994
10.7938604439999 0.685053474146889
10.8051510929999 0.167184071792933
10.8164417419999 4.4520844769247e-005
10.8277323909999 0.171091542582825
10.8390230399999 0.651038254090231
10.8503136889999 1.39604910936538
10.8616043379999 2.35061701429341
10.8728949869999 3.45094131354496
10.8841856359999 4.62860479933015
10.8954762849999 5.81433930939586
10.9067669339999 6.94167292936971
10.9180575829999 7.95026666788899
10.9293482319999 8.78877347593172
10.9406388809999 9.41708584014707
10.9519295299999 9.80787768303792
10.9632201789999 9.94738946582636
10.9745108279999 9.83544960802996
10.9858014769999 9.48476804277085
10.9970921259999 8.91957653554224
11.0083827749999 8.17372324190688
11.0196734239999 7.28835423007863
11.0309640729999 6.30933122004404
11.0422547219999 5.28454202081254
11.0535453709999 4.26125807949631
11.0648360199999 3.28368273530336
11.0761266689999 2.39081523633053
11.0874173179999 1.61473077677698
11.0987079669999 0.979347504144654
11.1099986159999 0.499719576866751
11.1212892649999 0.181862933402154
11.1325799139999 0.0230894145737458
11.1438705629999 0.0127970359465641
11.1551612119999 0.133641033679538
11.1664518609999 0.362992946634547
11.1777425099999 0.6745841802254
11.1890331589999 1.04022651720158
11.2003238079999 1.43150475579771
11.2116144569999 1.8213455187749
11.2229051059999 2.18538038728423
11.2341957549999 2.50303969106979
11.2454864039999 2.75833415949591
11.2567770529999 2.94030373907189
11.2680677019999 3.0431347482831
11.2793583509999 3.06596680197149
11.2906489999999 3.01242840761305
