0 0
0.011290649 0
0.022581298 4.93445569375498e-006
0.033871947 7.74452153429582e-005
0.045162596 0.000471114151474824
0.056453245 0.00181976425139212
0.067743894 0.00533883751116229
0.079034543 0.0129868710492224
0.090325192 0.0275352376065302
0.101615841 0.0525029966866407
0.11290649 0.0919301950634449
0.124197139 0.149985465695543
0.135487788 0.23042961986385
0.146778437 0.335982832818974
0.158069086 0.46766549354208
0.169359735 0.624198524535271
0.180650384 0.801555281286475
0.191941033 0.992752276308687
0.203231682 1.1879494250467
0.214522331 1.37490312496692
0.22581298 1.53977944788753
0.237103629 1.66829342871224
0.248394278 1.74709813457569
0.259684927 1.76530862691781
0.270975576 1.71601578969047
0.282266225 1.59762745120211
0.293556874 1.41487240378993
0.304847523 1.17931851225631
0.316138172 0.909289065132956
0.327428821 0.629109990897557
0.33871947 0.367680893074136
0.350010119 0.156429897724403
0.361300768 0.0267798090749664
0.372591417 0.00731426168325281
0.383882066 0.120880790060705
0.395172715 0.381897155244131
0.406463364 0.794133450827369
0.417754013 1.34922299977449
0.429044662 2.0261097205564
0.440335311 2.79157085215093
0.45162596 3.60186646855785
0.462916609 4.40546798207295
0.474207258 5.1467153087884
0.485497907 5.77015589781637
0.496788556 6.22523779339461
0.508079205 6.47097184893814
0.519369854 6.48015199514824
0.530660503 6.24273150514141
0.541951152 5.76799895018278
0.553241801 5.0852781809673
0.56453245 4.24298710043481
0.575823099 3.30602212239362
0.587113747999999 2.35157853110231
0.598404396999999 1.46365938097285
0.609695045999999 0.726654439505213
0.620985694999999 0.21847385387341
0.632276343999999 0.00378823549225106
0.643566992999999 0.127949895713448
0.654857641999999 0.612144704501126
0.666148290999999 1.45025019021434
0.677438939999999 2.60775700322819
0.688729588999999 4.02295576526687
0.700020237999999 5.61041121573964
0.711310886999999 7.26655473952311
0.722601535999999 8.87704067469927
0.733892184999999 10.3253473584255
0.745182833999999 11.5019756375943
0.756473482999999 12.3135180276983
0.767764131999999 12.6908496678845
0.779054780999999 12.5957319509568
0.790345429999999 12.0252203629236
0.801636078999999 11.0134235908346
0.812926727999999 9.63036040751265
0.824217376999999 7.97788915092729
0.835508025999999 6.18292373566945
0.846798674999999 4.38838046791732
0.858089323999999 2.7425019523685
0.869379972999999 1.38736027171947
0.880670621999999 0.447436862850115
0.891961270999999 0.019201198579844
0.903251919999999 0.162560188356269
0.914542568999999 0.894926932712647
0.925833217999999 2.18846904690154
0.937123866999999 3.9708568033868
0.948414515999999 6.12955809530802
0.959705164999999 8.51944222607957
0.970995813999999 10.9731808718876
0.982286462999999 13.3136950016672
0.993577111999999 15.3677115968416
1.004867761 16.9793802189436
1.01615841 18.0228678924347
1.027449059 18.41290596098
1.038739708 18.1124020662006
1.050030357 17.1364447378885
1.061321006 15.5523014783062
1.072611655 13.4753227043072
1.083902304 11.0609889693298
1.095192953 8.49365141990831
1.106483602 5.97278987160634
1.117774251 3.69782627983382
1.1290649 1.8526653642572
1.140355549 0.591176508419122
1.151646198 0.0247768419323644
1.162936847 0.21312744062015
1.174227496 1.15872333242759
1.185518145 2.80586087259545
1.196808794 5.04412604011455
1.208099443 7.71619108650487
1.219390092 10.629363166236
1.230680741 13.5700248773053
1.24197139 16.3198679036914
1.253262039 18.6726670660365
1.264552688 20.4502862939245
1.275843337 21.5166557840703
1.287133986 21.7886080494425
1.298424635 21.2426986936193
1.309715284 19.9174472399347
1.321005933 17.9107899926
1.332296582 15.3729125238474
1.343587231 12.49499407275
1.35487788 9.49472071366436
1.366168529 6.5996824794756
1.377459178 4.02994077970831
1.388749827 1.98112242334783
1.400040476 0.609359402974802
1.411331125 0.019251964313611
1.422621774 0.255797409441402
1.433912423 1.30091711804212
1.445203072 3.07485400841469
1.456493721 5.44233074340518
1.46778437 8.22298580740013
1.479075019 11.2052698247805
1.490365668 14.162714743699
1.501656317 16.8713051167518
1.512946966 19.1265980632053
1.524237615 20.7592628874222
1.535528264 21.6478404607938
1.546818913 21.7277456817409
1.558109562 20.995835458497
1.569400211 19.5102155708025
1.58069086 17.3853343010107
1.591981509 14.7827789962392
1.603272158 11.89852453427
1.614562807 8.94765385589294
1.625853456 6.14775925593592
1.637144105 3.7023247323457
1.648434754 1.78537798700928
1.659725403 0.528587581959185
1.671016052 0.0117762964137624
1.682306701 0.257543123166372
1.69359735 1.23035654946853
1.704887999 2.84012758181185
1.716178648 4.94992082008987
1.727469297 7.38714350960103
1.738759946 9.95729073811643
1.750050595 12.4591397684753
1.761341244 14.7001914597544
1.772631893 16.511157970718
1.783922542 17.7583917943173
1.795213191 18.3533324285077
1.80650384 18.2582977470403
1.817794489 17.488246200855
1.829085138 16.1084586700244
1.840375787 14.2284089739353
1.851666436 11.9923843085568
1.862957085 9.56765853043208
1.874247734 7.13119408618605
1.885538383 4.8559402345881
1.896829032 2.89780053970624
1.908119681 1.38426301741754
1.91941033 0.405530175222251
1.930700979 0.00876784025578143
1.941991628 0.195830127363725
1.953282277 0.924535171724748
1.964572926 2.11328550029692
1.975863575 3.64857054131065
1.987154224 5.39467660268124
1.998444873 7.20477740567406
2.009735522 8.93249637094403
2.021026171 10.4430247595624
2.03231682 11.6229457240854
2.043607469 12.3880457089114
2.054898118 12.6885787670401
2.066188767 12.5116696614871
2.077479416 11.8807791183754
2.088770065 10.8523895465562
2.100060714 9.51028306131319
2.111351363 7.95795927162048
2.122642012 6.30986521174562
2.133932661 4.68217582556704
2.14522331 3.18386747642263
2.156513959 1.90877118353386
2.167804608 0.92918363764893
2.179095257 0.291463560379632
2.190385906 0.0138626876142811
2.201676555 0.0866503438835681
2.212967204 0.474404338547699
2.224257853 1.12017384393011
2.235548502 1.95108485654285
2.246839151 2.8848654150279
2.2581298 3.8367216717931
2.269420449 4.72599869330191
2.280711098 5.48210884093266
2.292001747 6.04929935408725
2.303292396 6.38994987571534
2.314583045 6.48622858848165
2.325873694 6.34007981551581
2.337164343 5.97165394050786
2.348454992 5.41641104739405
2.359745641 4.72122358467624
2.37103629 3.93986421296975
2.382326939 3.12828957628031
2.39361758800001 2.34011913385032
2.40490823700001 1.62266361286981
2.41619888600001 1.0137859852582
2.42748953500001 0.539787043734968
2.43878018400001 0.214406771843194
2.45007083300001 0.0389312206395092
2.46136148200001 0.00330144448884372
2.47265213100001 0.0880438358066688
2.48394278000001 0.266785651142741
2.49523342900001 0.509089041910054
2.50652407800001 0.783332408627798
2.51781472700001 1.05938788216556
2.52910537600001 1.31088455675319
2.54039602500001 1.51690344616865
2.55168667400001 1.66301562429834
2.56297732300001 1.74164285635504
2.57426797200001 1.75178370053023
2.58555862100001 1.69820190000948
2.59684927000001 1.59021358275127
2.60813991900001 1.4402327134541
2.61943056800001 1.26223959953721
2.63072121700001 1.07032602971798
2.64201186600001 0.877445382277264
2.65330251500001 0.694460556912178
2.66459316400001 0.529541388825353
2.67588381300001 0.387921067427774
2.68717446200001 0.271982508912494
2.69846511100001 0.181614406105332
2.70975576000001 0.114755510364781
2.72104640900001 0.0680360019057645
2.73233705800001 0.0374266190348023
2.74362770700001 0.0188182916676769
2.75491835600001 0.00847502757105276
2.76620900500001 0.00332763928055356
2.77749965400001 0.00110211638507731
2.78879030300001 0.000300632034847754
2.80008095200001 7.23595140858711e-005
2.81137160100001 2.3276790331673e-005
2.82266225000001 1.77758272918571e-005
2.83395289900001 2.01100173364649e-005
2.84524354800001 1.15444032939634e-005
2.85653419700001 1.50158179692561e-006
2.86782484600001 0.000130688218833306
2.87911549500001 0.000844155475648554
2.89040614400001 0.00309547064586365
2.90169679300001 0.00853222791941712
2.91298744200001 0.0196098376123862
2.92427809100001 0.0395857590251492
2.93556874000001 0.0723598249122036
2.94685938900002 0.122146676517249
2.95815003800002 0.192991238735738
2.96944068700002 0.288164538745306
2.98073133600002 0.409501549803755
2.99202198500002 0.556761687410406
3.00331263400002 0.727103098177909
3.01460328300002 0.914761784939677
3.02589393200002 1.11101485584232
3.03718458100002 1.30448404270641
3.04847523000002 1.48180275079273
3.05976587900002 1.62863019879416
3.07105652800002 1.73095363264835
3.08234717700002 1.77657875155228
3.09363782600002 1.75667415799419
3.10492847500002 1.66721229692061
3.11621912400002 1.51014060731547
3.12750977300002 1.29412481187646
3.13880042200002 1.03473213124112
3.15009107100002 0.753964628268192
3.16138172000002 0.47910894015384
3.17267236900002 0.240933769279446
3.18396301800002 0.0713348156841124
3.19525366700002 0.000591704206289424
3.20654431600002 0.0544560883995736
3.21783496500002 0.251328216602359
3.22912561400002 0.59979571429315
3.24041626300002 1.09679982178279
3.25170691200002 1.72665968136289
3.26299756100002 2.46112580398879
3.27428821000002 3.26055335845924
3.28557885900002 4.07619048653387
3.29686950800002 4.85347435915557
3.30816015700002 5.53612724677144
3.31945080600002 6.07075597616009
3.33074145500002 6.4115898118892
3.34203210400002 6.5249517127813
3.35332275300002 6.39305161464277
3.36461340200002 6.01672064860785
3.37590405100002 5.41677160480309
3.38719470000002 4.63376975903028
3.39848534900002 3.72612250468772
3.40977599800002 2.76653648666061
3.42106664700002 1.83703556640853
3.43235729600002 1.02286938443067
3.44364794500002 0.405758013809042
3.45493859400002 0.0570018882768032
3.46622924300002 0.0310287679604992
3.47751989200002 0.359945075460261
3.48881054100003 1.04960543890188
3.50010119000003 2.07761386541714
3.51139183900003 3.39352899084421
3.52268248800003 4.92137449406299
3.53397313700003 6.56436731796849
3.54526378600003 8.21158617085484
3.55655443500003 9.74612708281093
3.56784508400003 11.0541472021206
3.57913573300003 12.034096248044
3.59042638200003 12.6053876086427
3.60171703100003 12.7157742823935
3.61300768000003 12.3467700815339
3.62429832900003 11.5165898881368
3.63558897800003 10.2802653387396
3.64687962700003 8.72681066418237
3.65817027600003 6.97355056852991
3.66946092500003 5.15795884519301
3.68075157400003 3.42757311453349
3.69204222300003 1.9287288621057
3.70333287200003 0.794978740118361
3.71462352100003 0.136118834903189
3.72591417000003 0.0287254969412978
3.73720481900003 0.50901353213279
3.74849546800003 1.56866442157354
3.75978611700003 3.15405306075618
3.77107676600003 5.16903972613322
3.78236741500003 7.48121093967044
3.79365806400003 9.93117127976422
3.80494871300003 12.3442311344313
3.81623936200003 14.5436246328521
3.82753001100003 16.364245972254
3.83882066000003 17.6658246406584
3.85011130900003 18.3444780585492
3.86140195800003 18.3416844798823
3.87269260700003 17.6499030830317
3.88398325600003 16.3143188335715
3.89527390500003 14.4304879647665
3.90656455400003 12.1379825610416
3.91785520300003 9.61045405071404
3.92914585200003 7.04282933564411
3.94043650100003 4.63659547727938
3.95172715000003 2.58429877262074
3.96301779900003 1.05446667530049
3.97430844800003 0.178148188080067
3.98559909700003 0.0381595496026492
3.99688974600003 0.661924529997461
4.00818039500003 2.0185270205138
4.01947104400003 4.02026866022471
4.03076169300004 6.52867140583902
4.04205234200004 9.36451223104018
4.05334299100004 12.3211528933843
4.06463364000004 15.1801583179799
4.07592428900004 17.7280048691097
4.08721493800004 19.7725808720342
4.09850558700004 21.1581850897163
4.10979623600004 21.7778351663746
4.12108688500004 21.5818997342658
4.13237753400004 20.5823495997598
4.14366818300004 18.8522632663839
4.15495883200004 16.5205932610424
4.16624948100004 13.762572844238
4.17754013000004 10.786487909644
4.18883077900004 7.81782849270605
4.20012142800004 5.08204492283607
4.21141207700004 2.7872481236658
4.22270272600004 1.10820240108982
4.23399337500004 0.172861220114349
4.24528402400004 0.0524994790138576
4.25657467300004 0.756215136039158
4.26786532200004 2.23023095970447
4.27915597100004 4.36205083932968
4.29044662000004 6.98914445001794
4.30173726900004 9.91147940340553
4.31302791800004 12.9069195224576
4.32431856700004 15.7482853758058
4.33560921600004 18.2207462306129
4.34689986500004 20.1381909821831
4.35819051400004 21.3573107811158
4.36948116300004 21.7883108435714
4.38077181200004 21.4014381939296
4.39206246100004 20.228844055253
4.40335311000004 18.361667567817
4.41464375900004 15.94260204458
4.42593440800004 13.1545562845461
4.43722505700004 10.2063238351954
4.44851570600004 7.31639907195662
4.45980635500004 4.69621322559072
4.47109700400004 2.53409619466373
4.48238765300004 0.981199495226406
4.49367830200004 0.140448654979864
4.50496895100004 0.059344040432073
4.51625960000004 0.727118225820156
4.52755024900004 2.07641097600479
4.53884089800004 3.98926771899879
4.55013154700004 6.30693233129772
4.56142219600004 8.84261647772273
4.57271284500005 11.3962078907867
4.58400349400005 13.7697452838262
4.59529414300005 15.7824474513653
4.60658479200005 17.2841401917408
4.61787544100005 18.1660709326783
4.62916609000005 18.3683241707781
4.64045673900005 17.8833319289349
4.65174738800005 16.7552889705301
4.66303803700005 15.0756067316072
4.67432868600005 12.9748468770679
4.68561933500005 10.6118409807048
4.69690998400005 8.16090679999427
4.70820063300005 5.79819906028402
4.71949128200005 3.68827513888974
4.73078193100005 1.97191212015219
4.74207258000005 0.756086928043439
4.75336322900005 0.106837557779431
4.76465387800005 0.0454780085108444
4.77594452700005 0.5483632965221
4.78723517600005 1.55011678847281
4.79852582500005 2.94996296998998
4.80981647400005 4.62057576972645
4.82110712300005 6.41867331492156
4.83239777200005 8.19647728897025
4.84368842100005 9.81311593552954
4.85497907000005 11.1450850864338
4.86626971900005 12.0949862024502
4.87756036800005 12.5979236673733
4.88885101700005 12.625150401103
4.90014166600005 12.1847831321883
4.91143231500005 11.3196467944236
4.92272296400005 10.1025320651639
4.93401361300005 8.6293433958864
4.94530426200005 7.01076251475642
4.95659491100005 5.36314407613561
4.96788556000005 3.79939061385478
4.97917620900005 2.42052315818699
4.99046685800005 1.30857676765536
5.00175750700005 0.521316209471358
5.01304815600005 0.0890989900395906
5.02433880500005 0.014026067739634
5.03562945400005 0.271330983292602
5.04692010300005 0.812781476580769
5.05821075200005 1.57171783787182
5.06950140100005 2.46924034265344
5.08079205000005 3.42099156862247
5.09208269900005 4.34396149563749
5.10337334800005 5.16277312753737
5.11466399700006 5.81497907284046
5.12595464600006 6.25500683555173
5.13724529500006 6.45652173984074
5.14853594400006 6.41311920507972
5.15982659300006 6.13739989812036
5.17111724200006 5.6586102488373
5.18240789100006 5.01913677262263
5.19369854000006 4.27021795884748
5.20498918900006 3.46727756118267
5.21627983800006 2.66528665646971
5.22757048700006 1.91453074795427
5.23886113600006 1.25709729401742
5.25015178500006 0.724315478599801
5.26144243400006 0.335282498696565
5.27273308300006 0.0965085268297436
5.28402373200006 0.00261504069577303
5.29531438100006 0.0379366405946407
5.30660503000006 0.178811370261844
5.31789567900006 0.396303324636728
5.32918632800006 0.659085936591084
5.34047697700006 0.936224278501767
5.35176762600006 1.19962721115081
5.36305827500006 1.42599059755052
5.37434892400006 1.59811507650834
5.38563957300006 1.70554937532199
5.39693022200006 1.74457613274206
5.40822087100006 1.71761562322034
5.41951152000006 1.63216870498107
5.43080216900006 1.49945040249235
5.44209281800006 1.33287820962733
5.45338346700006 1.1465747182108
5.46467411600006 0.954024472545861
5.47596476500006 0.766993335764528
5.48725541400006 0.594779393818237
5.49854606300006 0.443822240287119
5.50983671200006 0.317657044501649
5.52112736100006 0.217165231826846
5.53241801000006 0.141048084390322
5.54370865900006 0.0864350697750945
5.55499930800006 0.0495358347614164
5.56628995700006 0.0262528301258272
5.57758060600006 0.0126885470844942
5.58887125500006 0.00550453002286505
5.60016190400006 0.00211533232817571
5.61145255300006 0.000725927502933369
5.62274320200006 0.000242587433556697
5.63403385100006 0.000102353760079207
5.64532450000006 7.33428128283918e-005
5.65661514900007 7.67143276368318e-005
5.66790579800007 7.1794966237495e-005
5.67919644700007 3.01971171292978e-005
5.69048709600007 5.23280596046295e-006
5.70177774500007 0.000282406058026013
5.71306839400007 0.00157831453042601
5.72435904300007 0.00524168600234979
5.73564969200007 0.0134036913748962
5.74694034100007 0.0290263947100696
5.75823099000007 0.0558084312640362
5.76952163900007 0.0979248268296961
5.78081228800007 0.159601315614688
5.79210293700007 0.244549762620838
5.80339358600007 0.355316997878985
5.81468423500007 0.492621021054609
5.82597488400007 0.654762899530913
5.83726553300007 0.837207194955056
5.84855618200007 1.03241686080863
5.85984683100007 1.23000996417903
5.87113748000007 1.41727637822028
5.88242812900007 1.580055184214
5.89371877800007 1.70393147986556
5.90500942700007 1.77566900466089
5.91630007600007 1.78475724610136
5.92759072500007 1.72492315464307
5.93888137400007 1.59544231376651
5.95017202300007 1.40208531821089
5.96146267200007 1.15755363930794
5.97275332100007 0.881295073917306
5.98404397000007 0.598639808174693
5.99533461900007 0.339260256318838
6.00662526800007 0.135025772036556
6.01791591700007 0.0173906770795888
6.02920656600007 0.0145139811379552
6.04049721500007 0.14835507916733
6.05178786400007 0.432015913532143
6.06307851300007 0.867602414639549
6.07436916200007 1.44485436215135
6.08565981100007 2.14074339664885
6.09695046000007 2.92016652298088
6.10824110900007 3.73777224293894
6.11953175800007 4.5408556479304
6.13082240700007 5.27315609018691
6.14211305600007 5.87929588223238
6.15340370500007 6.30952019979823
6.16469435400007 6.5243453523381
6.17598500300007 6.49870138641234
6.18727565200007 6.22516961609463
6.19856630100008 5.71596710045109
6.20985695000008 5.00341597692068
6.22114759900008 4.13875030871167
6.23243824800008 3.18924818086648
6.24372889700008 2.23382134161519
6.25501954600008 1.35733644545437
6.26631019500008 0.644068213835234
6.27760084400008 0.170783600130427
6.28889149300008 1.71573119481991e-005
6.30018214200008 0.174113901734058
6.31147279100008 0.710583286236531
6.32276344000008 1.5992267814335
6.33405408900008 2.80137661223246
6.34534473800008 4.25142304516429
6.35663538700008 5.86062436889123
6.36792603600008 7.52300200323189
6.37921668500008 9.12293903836775
6.39050733400008 10.5439400140651
6.40179798300008 11.6778876153387
6.41308863200008 12.4340602225887
6.42437928100008 12.7471611232185
6.43566993000008 12.5836592023133
6.44696057900008 11.945850459055
6.45825122800008 10.8732129125839
6.46954187700008 9.44083272513417
6.48083252600008 7.75491105502833
6.49212317500008 5.94560083965813
6.50341382400008 4.15765066193106
6.51470447300008 2.53952964843159
6.52599512200008 1.23185552771879
6.53728577100008 0.35603359351572
6.54857642000008 0.00402821335370735
6.55986706900008 0.230127250676226
6.57115771800008 1.04542604683043
6.58244836700008 2.41556027446376
6.59373901600008 4.261970408575
6.60502966500008 6.46670364394633
6.61632031400008 8.88047373306886
6.62761096300008 11.3334286288046
6.63890161200008 13.6478425777941
6.65019226100008 15.6517735002185
6.66148291000008 17.1926239446375
6.67277355900008 18.1495248037549
6.68406420800008 18.4435288700531
6.69535485700008 18.0447526810005
6.70664550600008 16.9758295022317
6.71793615500008 15.3113170606075
6.72922680400008 13.1730191404197
6.74051745300009 10.7215054896973
6.75180810200009 8.14442345482647
6.76309875100009 5.64246201811532
6.77438940000009 3.41403204407754
6.78568004900009 1.63984796902795
6.79697069800009 0.468624674612742
6.80826134700009 0.00503502746511064
6.81955199600009 0.300912510629853
6.83084264500009 1.35044108399688
6.84213329400009 3.08976922006094
6.85342394300009 5.40114065560553
6.86471459200009 8.12127796203304
6.87600524100009 11.0534150707982
6.88729589000009 13.982078912584
6.89858653900009 16.6894926160871
6.90987718800009 18.9723322889637
6.92116783700009 20.6575284395448
6.93245848600009 21.6158658520796
6.94374913500009 21.7722981290048
6.95503978400009 21.1121430178474
6.96633043300009 19.6826427531005
6.97762108200009 17.5897350299882
6.98891173100009 14.9902562948456
7.00020238000009 12.0801598294212
7.01149302900009 9.07964772186745
7.02278367800009 6.21636275427964
7.03407432700009 3.70794347487154
7.04536497600009 1.74530036571832
7.05665562500009 0.477918361205687
7.06794627400009 0.00233491427945159
7.07923692300009 0.354695551096423
7.09052757200009 1.50796994261484
7.10181822100009 3.37404626929996
7.11310887000009 5.81053911239053
7.12439951900009 8.63177671405719
7.13569016800009 11.6231065871755
7.14698081700009 14.557400068164
7.15827146600009 17.2124669168821
7.16956211500009 19.3880237407551
7.18085276400009 20.9208999088242
7.19214341300009 21.6973081814216
7.20343406200009 21.6612426858825
7.21472471100009 20.8183749931445
7.22601536000009 19.2351750434396
7.23730600900009 17.033358984676
7.24859665800009 14.380130700814
7.25988730700009 11.4750090371001
7.27117795600009 8.53429295203932
7.2824686050001 5.77439191184707
7.2937592540001 3.39532563246116
7.3050499030001 1.56567058191887
7.3163405520001 0.410103619046416
7.3276312010001 0.000476892509611413
7.3389218500001 0.35107080474847
7.3502124990001 1.41833708916416
7.3615031480001 3.105089007581
7.3727937970001 5.26874879281055
7.3840844460001 7.73295116818496
7.3953750950001 10.3015502905333
7.4066657440001 12.773904882223
7.4179563930001 14.9602351479812
7.4292470420001 16.6958603147655
7.4405376910001 17.8532344925762
7.4518283400001 18.3508907840676
7.4631189890001 18.1586624189921
7.4744096380001 17.2988533581469
7.4857002870001 15.8433543038198
7.4969909360001 13.9070172496378
7.5082815850001 11.6378874901028
7.5195722340001 9.20512429586772
7.5308628830001 6.78560289898189
7.5421535320001 4.55026973241784
7.5534441810001 2.65131558405472
7.5647348300001 1.21114006991285
7.5760254790001 0.31391491067785
7.5873161280001 0.000328003248506021
7.5986067770001 0.265824738483987
7.6098974260001 1.06237969007102
7.6211880750001 2.30355381370555
7.6324787240001 3.87234173840723
7.6437693730001 5.63110988126889
7.6550600220001 7.43278394597955
7.6663506710001 9.13237343603152
7.6776413200001 10.59792464549
7.6889319690001 11.720069543822
7.7002226180001 12.4194776402453
7.7115132670001 12.6517079820679
7.7228039160001 12.4091819245953
7.7340945650001 11.7202350566018
7.7453852140001 10.645438999563
7.7566758630001 9.27159215470409
7.7679665120001 7.70394688407153
7.7792571610001 6.0573569443602
7.7905478100001 4.44708580901415
7.8018384590001 2.98001152952907
7.8131291080001 1.74689987160538
7.82441975700011 0.816302217795635
7.83571040600011 0.230479682608245
7.84700105500011 0.00357438415713573
7.85829170400011 0.122058718894846
7.86958235300011 0.547309785219254
7.88087300200011 1.21999357979181
7.89216365100011 2.0658146294924
7.90345430000011 3.00210036441035
7.91474494900011 3.94465086563981
7.92603559800011 4.81429449999992
7.93732624700011 5.54264513910112
7.94861689600011 6.07665025968236
7.95990754500011 6.38164144401326
7.97119819400011 6.44273791984824
7.98248884300011 6.26459723534913
7.99377949200011 5.86964266801088
8.00507014100011 5.29501354863279
8.01636079000011 4.58857357127049
8.02765143900011 3.80436743453431
8.03894208800011 2.99793511175215
8.0502327370001 2.2218762569095
8.0615233860001 1.52200836305735
8.0728140350001 0.934387524397266
8.0841046840001 0.483368130610086
8.0953953330001 0.180776732380477
8.1066859820001 0.0261750468359207
8.1179766310001 0.00809635460287311
8.1292672800001 0.106065711817021
8.1405579290001 0.29316281758682
8.1518485780001 0.53886004909801
8.1631392270001 0.811867629108765
8.1744298760001 1.08274126856658
8.1857205250001 1.32605100885104
8.1970111740001 1.52196787638041
8.2083018230001 1.65719089475008
8.21959247200009 1.72520421660131
8.23088312100009 1.72591624052278
8.24217377000009 1.66478411693156
8.25346441900009 1.55156398128844
8.26475506800009 1.39884725429339
8.27604571700009 1.22054591530722
8.28733636600009 1.03047604332003
8.29862701500009 0.84116190359614
8.30991766400009 0.662946352388489
8.32120831300009 0.503451920685739
8.33249896200009 0.367395360669269
8.34378961100009 0.256721090192555
8.35508026000009 0.170989462534934
8.36637090900009 0.107936615551072
8.37766155800009 0.0641149955945968
8.38895220700008 0.0355273230748663
8.40024285600008 0.0181803208982319
8.41153350500008 0.00850548678929102
8.42282415400008 0.00361938323360933
8.43411480300008 0.00142187562752779
8.44540545200008 0.000554120382186486
8.45669610100008 0.000256046642184929
8.46798675000008 0.000173567228702947
8.47927739900008 0.000167811328466101
8.49056804800008 0.00017243133624423
8.50185869700008 0.000131714807509482
8.51314934600008 3.39519030334905e-005
8.52443999500008 3.40217009914758e-005
8.53573064400008 0.000639501771155853
8.54702129300007 0.00291870938724074
8.55831194200007 0.00867941489583898
8.56960259100007 0.0205652068321888
8.58089324000007 0.0420233002619116
8.59218388900007 0.0771125082997085
8.60347453800007 0.130141585669617
8.61476518700007 0.205153700012981
8.62605583600007 0.305299212712265
8.63734648500007 0.432162760365457
8.64863713400007 0.585128417163181
8.65992778300007 0.760875591558456
8.67121843200007 0.953096254712789
8.68250908100007 1.15251027368426
8.69379973000007 1.34723053435061
8.70509037900007 1.52349506537117
8.71638102800006 1.66674264072232
8.72767167700006 1.76296544772974
8.73896232600006 1.80023204765844
8.75025297500006 1.7702408192135
8.76154362400006 1.66974274033425
8.77283427300006 1.50166619071936
8.78412492200006 1.27578755228832
8.79541557100006 1.00882017947056
8.80670622000006 0.72383940228864
8.81799686900006 0.449019392711021
8.82928751800006 0.215724140562472
8.84057816700006 0.056063398883144
8.85186881600006 8.85305201157756e-005
8.86315946500006 0.0728559243435829
8.87445011400006 0.291620881160244
8.88574076300005 0.663437706208811
8.89703141200005 1.18342914417157
8.90832206100005 1.83394947648435
8.91961271000005 2.58480227817584
8.93090335900005 3.39459018903317
8.94219400800005 4.21317650712236
8.95348465700005 4.9851351291493
8.96477530600005 5.65396559037768
8.97606595500005 6.16676321574173
8.98735660400005 6.47896959269279
8.99864725300005 6.55879314527139
9.00993790200005 6.3908887020764
9.02122855100005 5.97892091989397
9.03251920000005 5.34670832714764
9.04380984900004 4.53774833869915
9.05510049800004 3.61305150199506
9.06639114700004 2.6473554910706
9.07768179600004 1.72393415635162
9.08897244500004 0.928351584619439
9.10026309400004 0.341623175638619
9.11155374300004 0.0333241085505798
9.12284439200004 0.0552215753011907
9.13413504100004 0.435995424592096
9.14542569000004 1.17755094486281
9.15671633900004 2.25332021537496
9.16800698800004 3.60880175148388
9.17929763700004 5.16441279994094
9.19058828600004 6.82053831624961
9.20187893500004 8.46447099819286
9.21316958400003 9.97876400157186
9.22446023300003 11.2503776083754
9.23575088200003 12.1799065026479
9.24704153100003 12.6901354121902
9.25833218000003 12.7331933099334
9.26962282900003 12.2956607426496
9.28091347800003 11.4011265248742
9.29220412700003 10.1098793211587
9.30349477600003 8.51564246761662
9.31478542500003 6.7394993381814
9.32607607400003 4.92139225109527
9.33736672300003 3.2097905522937
9.34865737200003 1.75029459079141
9.35994802100003 0.674056181192071
9.37123867000003 0.086941482595978
9.38252931900002 0.0603330396919072
9.39381996800002 0.624364097016535
9.40511061700002 1.76420648545334
9.41640126600002 3.41980552262619
9.42769191500002 5.4891886006537
9.43898256400002 7.83518929534755
9.45027321300002 10.2951488216113
9.46156386200002 12.6929045861457
9.47285451100002 14.8521728410635
9.48414516000002 16.6102968748404
9.49543580900002 17.8312765409197
9.50672645800002 18.4170256908345
9.51801710700002 18.3159207631517
9.52930775600002 17.527898829243
9.54059840500001 16.1056226660164
9.55188905400001 14.1515342081247
9.56317970300001 11.8109422758827
9.57447035200001 9.26160986197858
9.58576100100001 6.70059449843842
9.59705165000001 4.32932838672352
9.60834229900001 2.33808319494826
9.61963294800001 0.891033608126179
9.63092359700001 0.113106775968173
9.64221424600001 0.0796823595043689
9.65350489500001 0.809998325420999
9.66479554400001 2.26483656607882
9.67608619300001 4.3487314483737
9.68737684200001 6.91658946997665
9.69866749100001 9.78425755796307
9.70995814 12.7422594157316
9.721248789 15.5716596442848
9.732539438 18.0608356321134
9.743830087 20.0218526901988
9.755120736 21.305156334609
9.766411385 21.8114164825833
9.777702034 21.4995728550034
9.788992683 20.3904226707695
9.800283332 18.56543802648
9.811573981 16.1608738743885
9.82286463 13.3575985692542
9.834155279 10.3674178963747
9.845445928 7.41694308601853
9.856736577 4.73025096861842
9.868027226 2.51168402213151
9.87931787499999 0.930131314477175
9.89060852399999 0.106018468302634
9.90189917299999 0.102024509101692
9.91318982199999 0.918252369481133
9.92448047099999 2.49223098824744
9.93577111999999 4.70374809148352
9.94706176899999 7.38413401993135
9.95835241799999 10.3292685042464
9.96964306699999 13.315291773325
9.98093371599999 16.1157918215335
9.99222436499999 18.5191275448797
10.003515014 20.3445414306557
10.014805663 21.4558156799452
10.026096312 21.7714236868794
10.037386961 21.2704085265533
10.04867761 19.9935588884048
10.059968259 18.039823499391
10.071258908 15.5582778874256
10.082549557 12.7363027258661
10.093840206 9.78492375445622
10.105130855 6.92247674091901
10.116421504 4.35788083996183
10.127712153 2.27482135317889
10.139002802 0.818057878500129
10.150293451 0.0828939583460761
10.1615841 0.108584894175067
10.172874749 0.876142891413515
10.184165398 2.31064903167565
10.195456047 4.28782790087755
10.206746696 6.64431116230235
10.218037345 9.19073678454305
10.229327994 11.7266224969237
10.240618643 14.055830807892
10.251909292 16.0014168588603
10.263199941 17.4187200243327
10.27449059 18.205718364802
10.285781239 18.3098976737471
10.297071888 17.7311740955316
10.308362537 16.5207272664583
10.319653186 14.7759237614866
10.330943835 12.6318125324944
10.342234484 10.2499314042372
10.353525133 7.80535700659671
10.364815782 5.47304577388868
10.376106431 3.41454341281976
10.38739708 1.76608414313523
10.398687729 0.628965575211444
10.409978378 0.0628830631579902
10.421269027 0.0826565695882306
10.432559676 0.658504796762005
10.443850325 1.71973855024307
10.455140974 3.16148074290166
10.466431623 4.85379477792589
10.477722272 6.65243322187137
10.489012921 8.41031665577744
10.50030357 9.9888245081174
10.511594219 11.2680254947925
10.522884868 12.1550889971233
10.534175517 12.5902889564298
10.545466166 12.5502230774615
10.556756815 12.0481039093096
10.568047464 11.131215078965
10.579338113 9.87584637984088
10.590628762 8.38020834511335
10.601919411 6.75596648492542
10.61321006 5.11911803144037
10.6245007089999 3.58095531696221
10.6357913579999 2.23982051019388
10.6470820069999 1.1742620126167
10.6583726559999 0.438063333905389
10.6696633049999 0.0574440004084602
10.6809539539999 0.0305443653642167
10.6922446029999 0.329118165940276
10.7035352519999 0.902183741156241
10.7148259009999 1.68124049999772
10.7261165499999 2.58655205241305
10.7374071989999 3.53393819566039
10.7486978479999 4.44150734493601
10.7599884969999 5.2357974781494
10.7712791459999 5.85687182038365
10.7825697949999 6.26202667018625
10.7938604439999 6.4279019542622
10.8051510929999 6.35092796633256
10.8164417419999 6.04618178328859
10.8277323909999 5.54485243058713
10.8390230399999 4.89061520958342
10.8503136889999 4.135285522614
10.8616043379999 3.33415694838849
10.8728949869999 2.54142642967264
10.8841856359999 1.80607362296653
10.8954762849999 1.16849692053697
10.9067669339999 0.658122784890932
10.9180575829999 0.292106659109965
10.9293482319999 0.0751422247803861
10.9406388809999 0.000300262289060439
10.9519295299999 0.0507368176080664
10.9632201789999 0.202049033170119
10.9745108279999 0.425019880356255
10.9858014769999 0.688481709530497
10.9970921259999 0.962042135048477
11.0083827749999 1.21845120289849
11.0196734239999 1.43544115632272
11.0309640729999 1.59693329816491
11.0422547219999 1.69357374616035
11.0535453709999 1.72262467644445
11.0648360199999 1.68729405086403
11.0761266689999 1.59563015667254
11.0874173179999 1.459134487524
11.0987079669999 1.29125629481551
11.1099986159999 1.10592507617062
11.1212892649999 0.916255515310602
11.1325799139999 0.733526427087179
11.1438705629999 0.566495448327257
11.1551612119999 0.421069276182098
11.1664518609999 0.300309777470922
11.1777425099999 0.204723251896565
11.1890331589999 0.132756514982498
11.2003238079999 0.0814110111773153
11.2116144569999 0.0468852521942225
11.2229051059999 0.0251655585082694
11.2341957549999 0.0125032814267679
11.2454864039999 0.00574047459747038
11.2567770529999 0.00247197641618348
11.2680677019999 0.00105661524469649
11.2793583509999 0.000510665884164239
11.2906489999999 0.000330378378647008
