0 0
0.011290649 0
0.022581298 4.50580100770937e-006
0.033871947 7.07881084364517e-005
0.045162596 0.000431222529754328
0.056453245 0.00166870723862174
0.067743894 0.00490666378833605
0.079034543 0.0119676682428984
0.090325192 0.0254540883178966
0.101615841 0.0487106510062042
0.11290649 0.0856421694912207
0.124197139 0.140378382844471
0.135487788 0.216799927463395
0.146778437 0.317962254354412
0.158069086 0.445474967792159
0.169359735 0.598909790122384
0.180650384 0.775318743797758
0.191941033 0.968943456397147
0.203231682 1.17118592421598
0.214522331 1.3708908635862
0.22581298 1.55496128656688
0.237103629 1.7092945359032
0.248394278 1.81998891965935
0.259684927 1.87473506967981
0.270975576 1.86427517687195
0.282266225 1.78379109349172
0.293556874 1.63407209578389
0.304847523 1.4223170568669
0.316138172 1.16244481770066
0.327428821 0.874820150867386
0.33871947 0.585348884837131
0.350010119 0.323951095197927
0.361300768 0.122481211214575
0.372591417 0.0122230668708328
0.383882066 0.0211406396767118
0.395172715 0.171105941365812
0.406463364 0.475349439299601
0.417754013 0.936381896684764
0.429044662 1.54461765435009
0.440335311 2.27788808742123
0.45162596 3.10197225703548
0.462916609 3.97219363957719
0.474207258 4.83604301628321
0.485497907 5.6366952606906
0.496788556 6.31719978519033
0.508079205 6.82504885635575
0.519369854 7.11677235001951
0.530660503 7.16217801580694
0.541951152 6.94785729471852
0.553241801 6.47961014240868
0.56453245 5.783507428669
0.575823099 4.90540280684456
0.587113747999999 3.9088213410625
0.598404396999999 2.87128126036476
0.609695045999999 1.87923793898079
0.620985694999999 1.02196465641552
0.632276343999999 0.38479194069926
0.643566992999999 0.0422063360016666
0.654857641999999 0.0513520701533265
0.666148290999999 0.446479734994717
0.677438939999999 1.23484233850969
0.688729588999999 2.39445210700593
0.700020237999999 3.87398600971673
0.711310886999999 5.59497236278513
0.722601535999999 7.45621615664244
0.733892184999999 9.34024016661698
0.745182833999999 11.1213467997724
0.756473482999999 12.6747563440826
0.767764131999999 13.8861639793657
0.779054780999999 14.6609914319013
0.790345429999999 14.9325970574762
0.801636078999999 14.6687539170417
0.812926727999999 13.8758080501018
0.824217376999999 12.6000830201141
0.835508025999999 10.926291916728
0.846798674999999 8.97294064000583
0.858089323999999 6.88493998014183
0.869379972999999 4.8238707059785
0.880670621999999 2.95654738140776
0.891961270999999 1.44268601736789
0.903251919999999 0.422583698437538
0.914542568999999 0.00575467543785713
0.925833217999999 0.261431651463135
0.937123866999999 1.21173316319794
0.948414515999999 2.82812381006023
0.959705164999999 5.03156477542434
0.970995813999999 7.69648351213377
0.982286462999999 10.6584031589307
0.993577111999999 13.7247859612154
1.004867761 16.6883830101308
1.01615841 19.3421661481293
1.027449059 21.4947652159053
1.038739708 22.9852588480052
1.050030357 23.6961780646224
1.061321006 23.5636808262809
1.072611655 22.5840376187021
1.083902304 20.815821534278
1.095192953 18.3775038512805
1.106483602 15.4404957246114
1.117774251 12.2180231247172
1.1290649 8.95054918701257
1.140355549 5.88874003213069
1.151646198 3.27518404201155
1.162936847 1.32620231014286
1.174227496 0.215117464292116
1.185518145 0.0582744689406131
1.196808794 0.904933330182625
1.208099443 2.73189058161849
1.219390092 5.44335187285064
1.230680741 8.87619566546334
1.24197139 12.8103659313937
1.253262039 16.9837399701907
1.264552688 21.1104660308791
1.275843337 24.9014819410971
1.287133986 28.0857334256322
1.298424635 30.4305258069192
1.309715284 31.7594740414808
1.321005933 31.9666636038382
1.332296582 31.0258897779552
1.343587231 28.9941883014659
1.35487788 26.0092816776326
1.366168529 22.2810129992251
1.377459178 18.077289694749
1.388749827 13.7054792573126
1.400040476 9.49055553821792
1.411331125 5.75155959419447
1.422621774 2.77809180791798
1.433912423 0.808578666266411
1.445203072 0.0119541102982679
1.456493721 0.474167471708486
1.46778437 2.19059288141763
1.479075019 5.06499235674038
1.490365668 8.91520703248668
1.501656317 13.4852532804556
1.512946966 18.4630198422473
1.524237615 23.5023348806632
1.535528264 28.2478307925286
1.546818913 32.3608064121795
1.558109562 35.5441894011195
1.569400211 37.5647450353641
1.58069086 38.2708596919323
1.591981509 37.6045360771209
1.603272158 35.6066509536077
1.614562807 32.4150150091984
1.625853456 28.2553028053142
1.637144105 23.4254493626029
1.648434754 18.2745993896182
1.659725403 13.1781085070516
1.671016052 8.51040150243791
1.682306701 4.61766690026699
1.69359735 1.79239583121934
1.704887999 0.251653004064523
1.716178648 0.120706323204273
1.727469297 1.42325777610454
1.738759946 4.07903937532777
1.750050595 7.90899921143532
1.761341244 12.6477437976538
1.772631893 17.9623653609358
1.783922542 23.4763067010747
1.795213191 28.7965374705242
1.80650384 33.5420629115991
1.817794489 37.3716786439206
1.829085138 40.0089316725194
1.840375787 41.262445569128
1.851666436 41.0401026481688
1.862957085 39.356023511877
1.874247734 36.3298116818131
1.885538383 32.1780992195459
1.896829032 27.1989961682476
1.908119681 21.7505702133323
1.91941033 16.2249242043163
1.930700979 11.0197652114542
1.941991628 6.50954525976775
1.953282277 3.01828681435607
1.964572926 0.796082938552208
1.975863575 0.000991892301801287
1.987154224 0.687648815956395
1.998444873 2.80342254231752
2.009735522 6.19239023127057
2.021026171 10.6068276559968
2.03231682 15.7253612257366
2.043607469 21.1764400655367
2.054898118 26.5653987153312
2.066188767 31.5031217713089
2.077479416 35.6342099547249
2.088770065 38.6625905233068
2.100060714 40.3727099302993
2.111351363 40.6447782161547
2.122642012 39.4629777124879
2.133932661 36.9160699756516
2.14522331 33.1903954985208
2.156513959 28.5558189784669
2.167804608 23.3456874326563
2.179095257 17.9323013978998
2.190385906 12.6997192521741
2.201676555 8.0158983641883
2.212967204 4.20621159180694
2.224257853 1.53026203260961
2.235548502 0.163662495760879
2.246839151 0.186068927699827
2.2581298 1.57628782972928
2.269420449 4.21475201001466
2.280711098 7.89311618630039
2.292001747 12.3302043126073
2.303292396 17.1930822829892
2.314583045 22.1216661970794
2.325873694 26.7550336300026
2.337164343 30.7575000826039
2.348454992 33.842561359791
2.359745641 35.7929806403627
2.37103629 36.4756017477836
2.382326939 35.8498737846543
2.39361758800001 33.9695457999952
2.40490823700001 30.9774976337025
2.41619888600001 27.0941765489742
2.42748953500001 22.600571511884
2.43878018400001 17.8170443368867
2.45007083300001 13.0796217268728
2.46136148200001 8.71551483402587
2.47265213100001 5.01966305215049
2.48394278000001 2.2339960250449
2.49523342900001 0.530881907350461
2.50652407800001 0.00189935979023275
2.51781472700001 0.652661718050064
2.52910537600001 2.40396579835346
2.54039602500001 5.09906943994585
2.55168667400001 8.5164560425852
2.56297732300001 12.387053685454
2.57426797200001 16.4145688980343
2.58555862100001 20.2973920976084
2.59684927000001 23.7504462544996
2.60813991900001 26.5253866340492
2.61943056800001 28.4277124804772
2.63072121700001 29.3296076296166
2.64201186600001 29.1776652145742
2.65330251500001 27.9950451020895
2.66459316400001 25.8780311185734
2.67588381300001 22.9873669022821
2.68717446200001 19.5351239142668
2.69846511100001 15.7681657339622
2.70975576000001 11.9494976075828
2.72104640900001 8.33891454715916
2.73233705800001 5.17437817966838
2.74362770700001 2.65546329712219
2.75491835600001 0.930028850344004
2.76620900500001 0.0850011922526726
2.77749965400001 0.141831595522153
2.78879030300001 1.05683120055855
2.80008095200001 2.72622218565637
2.81137160100001 4.99540139570583
2.82266225000001 7.67161688077563
2.83395289900001 10.5390295762556
2.84524354800001 13.3749868668437
2.85653419700001 15.9662805537003
2.86782484600001 18.1242002262675
2.87911549500001 19.6973186521763
2.89040614400001 20.5811465661392
2.90169679300001 20.7240528750699
2.91298744200001 20.1291416645109
2.92427809100001 18.8520862177881
2.93556874000001 16.9952189654502
2.94685938900002 14.6984427851276
2.95815003800002 12.1277444170662
2.96944068700002 9.46224047056565
2.98073133600002 6.88076153292903
2.99202198500002 4.5489771729531
3.00331263400002 2.60798707267052
3.01460328300002 1.16515962179975
3.02589393200002 0.287802312607517
3.03718458100002 1.49940197041143e-005
3.04847523000002 0.282826459481751
3.05976587900002 1.07746656037324
3.07105652800002 2.29139876519692
3.08234717700002 3.80654822959072
3.09363782600002 5.48902092516103
3.10492847500002 7.1995287664852
3.11621912400002 8.80371769523912
3.12750977300002 10.1816390940004
3.13880042200002 11.2357038074536
3.15009107100002 11.8966025144864
3.16138172000002 12.1268531917949
3.17267236900002 11.9218309479665
3.18396301800002 11.3083318827999
3.19525366700002 10.3409056768068
3.20654431600002 9.0963478804834
3.21783496500002 7.66686157646984
3.22912561400002 6.15247186859802
3.24041626300002 4.65330199188266
3.25170691200002 3.2622971688529
3.26299756100002 2.05891583117312
3.27428821000002 1.10420489104519
3.28557885900002 0.437546296314475
3.29686950800002 0.0752176460973144
3.30816015700002 0.0107622950497432
3.31945080600002 0.217025858105669
3.33074145500002 0.649596757269175
3.34203210400002 1.25129675995553
3.35332275300002 1.95730902842868
3.36461340200002 2.70050874325514
3.37590405100002 3.41657455178459
3.38719470000002 4.04850474182116
3.39848534900002 4.55023452195421
3.40977599800002 4.8891426200271
3.42106664700002 5.04733796625508
3.43235729600002 5.02172151636112
3.44364794500002 4.82291569791831
3.45493859400002 4.47323702272872
3.46622924300002 4.00395024438673
3.47751989200002 3.45208124557062
3.48881054100003 2.85707905556369
3.50010119000003 2.25760571541641
3.51139183900003 1.68869887332881
3.52268248800003 1.17950045268857
3.53397313700003 0.751681150821333
3.54526378600003 0.418621210745577
3.55655443500003 0.185339237477222
3.56784508400003 0.0490986837857879
3.57913573300003 0.000570904078768057
3.59042638200003 0.0253979118761328
3.60171703100003 0.105979135783427
3.61300768000003 0.223304853524992
3.62429832900003 0.358673318594925
3.63558897800003 0.495156245706863
3.64687962700003 0.618714627385502
3.65817027600003 0.718909530734893
3.66946092500003 0.789196105804067
3.68075157400003 0.826829312367994
3.69204222300003 0.832443264544684
3.70333287200003 0.809389966046978
3.71462352100003 0.762936061419971
3.72591417000003 0.699417768294745
3.73720481900003 0.625445252320427
3.74849546800003 0.547230231764349
3.75978611700003 0.47008717479012
3.77107676600003 0.398132136722474
3.78236741500003 0.33417722656306
3.79365806400003 0.279795795476786
3.80494871300003 0.235516066217204
3.81623936200003 0.201090662372609
3.82753001100003 0.17578703272525
3.83882066000003 0.158648837863621
3.85011130900003 0.148689835361691
3.86140195800003 0.144997811208787
3.87269260700003 0.146744320953185
3.88398325600003 0.153113886295112
3.89527390500003 0.163181403491146
3.90656455400003 0.175776805585419
3.91785520300003 0.189380052362952
3.92914585200003 0.20208666454248
3.94043650100003 0.211674509638513
3.95172715000003 0.215787478462518
3.96301779900003 0.212232895643637
3.97430844800003 0.19936935687104
3.98559909700003 0.176542826737899
3.99688974600003 0.144513883728006
4.00818039500003 0.105810247555493
4.01947104400003 0.0649378377518763
4.03076169300004 0.0283914222844919
4.04205234200004 0.00442227573932085
4.05334299100004 0.0025440186322325
4.06463364000004 0.0327868497994043
4.07592428900004 0.104741842367926
4.08721493800004 0.22646748011869
4.09850558700004 0.403356628577056
4.10979623600004 0.637080330683468
4.12108688500004 0.924732429067579
4.13237753400004 1.2582941863053
4.14366818300004 1.62452009961878
4.15495883200004 2.00531559672915
4.16624948100004 2.37863620456055
4.17754013000004 2.71988928828258
4.18883077900004 3.00376775426263
4.20012142800004 3.20639504345595
4.21141207700004 3.30761738342018
4.22270272600004 3.29324743460312
4.23399337500004 3.15704723765479
4.24528402400004 2.90224063890089
4.25657467300004 2.54236749714889
4.26786532200004 2.10133354096657
4.27915597100004 1.61256848358194
4.29044662000004 1.11727688083185
4.30173726900004 0.661845697944035
4.31302791800004 0.294553000564997
4.32431856700004 0.0617964134107309
4.33560921600004 0.00412086587015187
4.34689986500004 0.15236624699953
4.35819051400004 0.524271833325859
4.36948116300004 1.1218625116665
4.38077181200004 1.92990094571443
4.39206246100004 2.91562147050347
4.40335311000004 4.02986968795904
4.41464375900004 5.20966282096373
4.42593440800004 6.38206808059345
4.43722505700004 7.46917909925806
4.44851570600004 8.39386389030519
4.45980635500004 9.0858715088706
4.47109700400004 9.48782714459777
4.48238765300004 9.56062335536025
4.49367830200004 9.28773251405838
4.50496895100004 8.67802315571263
4.51625960000004 7.76675831849384
4.52755024900004 6.61458141640536
4.53884089800004 5.30444593284784
4.55013154700004 3.93660815824146
4.56142219600004 2.62196460147763
4.57271284500005 1.47416426990258
4.58400349400005 0.601047892150071
4.59529414300005 0.0960500638768281
4.60658479200005 0.0302374982691726
4.61787544100005 0.445641725015005
4.62916609000005 1.35047635250036
4.64045673900005 2.7167103110238
4.65174738800005 4.4803064752379
4.66303803700005 6.5442406908543
4.67432868600005 8.78420356844465
4.68561933500005 11.0566726059962
4.69690998400005 13.2088422772943
4.70820063300005 15.0897312181361
4.71949128200005 16.5616632755188
4.73078193100005 17.5112545952994
4.74207258000005 17.8590396166546
4.75336322900005 17.5669374286584
4.76465387800005 16.6428937495584
4.77594452700005 15.1422248657953
4.78723517600005 13.1654254368232
4.79852582500005 10.852465364531
4.80981647400005 8.37387237286075
4.82110712300005 5.91915562643789
4.83239777200005 3.68335098007116
4.84368842100005 1.85264153931791
4.85497907000005 0.590112817021218
4.86626971900005 0.0227293480642518
4.87756036800005 0.230564380057702
4.88885101700005 1.23917770618581
4.90014166600005 3.01582675151938
4.91143231500005 5.46992653598994
4.92272296400005 8.45786404868539
4.93401361300005 11.7919445459857
4.94530426200005 15.2529260713297
4.95659491100005 18.6053090329643
4.96788556000005 21.6143131812661
4.97917620900005 24.0633144253095
4.99046685800005 25.770443033986
5.00175750700005 26.6030708230053
5.01304815600005 26.4890386181546
5.02433880500005 25.423689786555
5.03562945400005 23.4720669522442
5.04692010300005 20.7659769031908
5.05821075200005 17.4960080379523
5.06950140100005 13.8989673371093
5.08079205000005 10.2415606822415
5.09208269900005 6.801443567832
5.10337334800005 3.84699449340109
5.11466399700006 1.61729162175555
5.12595464600006 0.303792662643455
5.13724529500006 0.0351244615179257
5.14853594400006 0.866187041264663
5.15982659300006 2.77247981701457
5.17111724200006 5.65018587277183
5.18240789100006 9.32213016553679
5.19369854000006 13.5492901253423
5.20498918900006 18.0471150968651
5.21627983800006 22.5055366347129
5.22757048700006 26.611254031024
5.23886113600006 30.070682543696
5.25015178500006 32.6318723221163
5.26144243400006 34.1037521025358
5.27273308300006 34.3712221011486
5.28402373200006 33.404904468106
5.29531438100006 31.2647377018404
5.30660503000006 28.0970466444639
5.31789567900006 24.1251996607929
5.32918632800006 19.6344437891468
5.34047697700006 14.9519510055444
5.35176762600006 10.4234804754296
5.36305827500006 6.38833383158026
5.37434892400006 3.1544312695018
5.38563957300006 0.975352603274993
5.39693022200006 0.0310663421442733
5.40822087100006 0.41381861171765
5.41951152000006 2.12028952709661
5.43080216900006 5.05067331759504
5.44209281800006 9.01483285534007
5.45338346700006 13.7451564716873
5.46467411600006 18.9152439814763
5.47596476500006 24.1631073880561
5.48725541400006 29.1172234525521
5.49854606300006 33.4235471692219
5.50983671200006 36.7715054337866
5.52112736100006 38.9170468525646
5.53241801000006 39.701023837395
5.54370865900006 39.0615131963341
5.55499930800006 37.0391178420666
5.56628995700006 33.7748033150234
5.57758060600006 29.5003710285033
5.58887125500006 24.5222148952384
5.60016190400006 19.1995086599131
5.61145255300006 13.9183902295434
5.62274320200006 9.06401481737517
5.63403385100006 4.99251733683464
5.64532450000006 2.00494283906704
5.65661514900007 0.325069678618099
5.66790579800007 0.0827726987646984
5.67919644700007 1.30417298536957
5.69048709600007 3.9093258882529
5.70177774500007 7.71764645005801
5.71306839400007 12.4607019682976
5.72435904300007 17.8014574104604
5.73564969200007 23.3585813155266
5.74694034100007 28.7340433645524
5.75823099000007 33.5419882208242
5.76952163900007 37.4367721415119
5.78081228800007 40.1381068293864
5.79210293700007 41.4514649843515
5.80339358600007 41.2822486508222
5.81468423500007 39.6426791562137
5.82597488400007 36.6509023174742
5.83726553300007 32.5223750066131
5.84855618200007 27.5541666570722
5.85984683100007 22.1033297747129
5.87113748000007 16.5609284213554
5.88242812900007 11.3236307954411
5.89371877800007 6.76494807248109
5.90500942700007 3.2082237522542
5.91630007600007 0.903344534671788
5.92759072500007 0.00886541709145151
5.93888137400007 0.580839252135677
5.95017202300007 2.56914458731914
5.96146267200007 5.82155228967829
5.97275332100007 10.095202417461
5.98404397000007 15.0746202384061
5.99533461900007 20.3949242804517
6.00662526800007 25.6685047904697
6.01791591700007 30.5132052201591
6.02920656600007 34.5799399017512
6.04049721500007 37.5777344987794
6.05178786400007 39.2943772962407
6.06307851300007 39.6112031283541
6.07436916200007 38.5109721933183
6.08565981100007 36.0783198656994
6.09695046000007 32.4928023476355
6.10824110900007 28.0151057381513
6.11953175800007 22.9674827294363
6.13082240700007 17.7098952786911
6.14211305600007 12.6136432947792
6.15340370500007 8.0344272681914
6.16469435400007 4.28681563784529
6.17598500300007 1.62196518578274
6.18727565200007 0.210185345389389
6.19856630100008 0.129565391001492
6.20985695000008 1.3614257457408
6.22114759900008 3.79284588226941
6.23243824800008 7.22599970363751
6.24372889700008 11.3935336186995
6.25501954600008 15.9787891444961
6.26631019500008 20.6393320978653
6.27760084400008 25.0320282663182
6.28889149300008 28.8378158201885
6.30018214200008 31.7843725449588
6.31147279100008 33.665055849772
6.32276344000008 34.3527903105908
6.33405408900008 33.8079676093332
6.34534473800008 32.0798768999292
6.35663538700008 29.3016653781125
6.36792603600008 25.6793030461527
6.37921668500008 21.475457345164
6.39050733400008 16.9895411820824
6.40179798300008 12.5354566033708
6.41308863200008 8.41869845116383
6.42437928100008 4.91449924429441
6.43566993000008 2.24858918896643
6.44696057900008 0.581923814063018
6.45825122800008 0.000414736581817108
6.46954187700008 0.510311775612802
6.48083252600008 2.03945710530319
6.49212317500008 4.4441968603699
6.50341382400008 7.52132502834082
6.51470447300008 11.0240785496509
6.52599512200008 14.6809265912074
6.53728577100008 18.2157197692037
6.54857642000008 21.3676977162904
6.55986706900008 23.9098984252017
6.57115771800008 25.664664408894
6.58244836700008 26.5151852130465
6.59373901600008 26.4123328787237
6.60502966500008 25.3764112949701
6.61632031400008 23.4938237661103
6.62761096300008 20.9090365508799
6.63890161200008 17.8125520567986
6.65019226100008 14.4258797236484
6.66148291000008 10.984686548741
6.67277355900008 7.72141034630578
6.68406420800008 4.84862212428996
6.69535485700008 2.54433181118249
6.70664550600008 0.940253482824064
6.71793615500008 0.113797932482494
6.72922680400008 0.0842624505196184
6.74051745300009 0.813363746305944
6.75180810200009 2.20993504588465
6.76309875100009 4.13830687412979
6.77438940000009 6.4296347414794
6.78568004900009 8.89524369900477
6.79697069800009 11.3409420001889
6.80826134700009 13.5812203219993
6.81955199600009 15.4522991669241
6.83084264500009 16.823109008329
6.84213329400009 17.6034737359419
6.85342394300009 17.7490018225095
6.86471459200009 17.2624520948417
6.87600524100009 16.1916112656605
6.88729589000009 14.6239778042426
6.89858653900009 12.6787723327758
6.90987718800009 10.4969726668387
6.92116783700009 8.23019021363378
6.93245848600009 6.02925699513972
6.94374913500009 4.0333776621469
6.95503978400009 2.36062230575059
6.96633043300009 1.10040217769279
6.97762108200009 0.308394014448029
6.98891173100009 0.00417472239448343
7.00020238000009 0.171613425790219
7.01149302900009 0.761859158541112
7.02278367800009 1.69857548399131
7.03407432700009 2.88492140651241
7.04536497600009 4.21167116543442
7.05665562500009 5.56581001513177
7.06794627400009 6.83894078711503
7.07923692300009 7.93488457783705
7.09052757200009 8.77595213463817
7.10181822100009 9.30749104769907
7.11310887000009 9.50046600393447
7.12439951900009 9.35199213160711
7.13569016800009 8.88390166593885
7.14698081700009 8.1395694467053
7.15827146600009 7.17934255717722
7.16956211500009 6.07500571228887
7.18085276400009 4.90376184691553
7.19214341300009 3.74221509661277
7.20343406200009 2.66081263586253
7.21472471100009 1.71913725937676
7.22601536000009 0.962351237506304
7.23730600900009 0.41898268631134
7.24859665800009 0.100128258269021
7.25988730700009 3.02781075259757e-005
7.27117795600009 0.0978817078666135
7.2824686050001 0.360626289446734
7.2937592540001 0.746459659161299
7.3050499030001 1.20870358100212
7.3163405520001 1.69972062111745
7.3276312010001 2.17455906212596
7.3389218500001 2.59406393529757
7.3502124990001 2.92725429703108
7.3615031480001 3.15284268247211
7.3727937970001 3.25985287651318
7.3840844460001 3.2473696907571
7.3953750950001 3.12352296076609
7.4066657440001 2.90386232012727
7.4179563930001 2.60931588165862
7.4292470420001 2.26394296734456
7.4405376910001 1.89268851914966
7.4518283400001 1.51932655067498
7.4631189890001 1.164745173045
7.4744096380001 0.845680625666958
7.4857002870001 0.573957256419757
7.4969909360001 0.356239548862774
7.5082815850001 0.194255769201144
7.5195722340001 0.0854145355894879
7.5308628830001 0.0237084612465
7.5421535320001 0.000784587099609821
7.5534441810001 0.00705985869464987
7.5647348300001 0.0327704005931217
7.5760254790001 0.0688636905102143
7.5873161280001 0.107670009512074
7.5986067770001 0.143320343519531
7.6098974260001 0.171908730988015
7.6211880750001 0.191424645677675
7.6324787240001 0.201502701340468
7.6437693730001 0.203050916071903
7.6550600220001 0.197824095431517
7.6663506710001 0.188005712724906
7.6776413200001 0.17585105411242
7.6889319690001 0.163428209506952
7.7002226180001 0.152474123691497
7.7115132670001 0.144363023841043
7.7228039160001 0.140166700953572
7.7340945650001 0.140772583452075
7.7453852140001 0.147017940406577
7.7566758630001 0.159797749017492
7.7679665120001 0.180109746945066
7.7792571610001 0.209012095212623
7.7905478100001 0.247485276973439
7.8018384590001 0.296208161550537
7.8131291080001 0.355276071785281
7.82441975700011 0.423903688098536
7.83571040600011 0.50016546809182
7.84700105500011 0.580829273294732
7.85829170400011 0.661334163210862
7.86958235300011 0.735950837473494
7.88087300200011 0.798143923918025
7.89216365100011 0.841131052012515
7.90345430000011 0.858606965965542
7.91474494900011 0.84557483927826
7.92603559800011 0.799204630600928
7.93732624700011 0.719622762466424
7.94861689600011 0.61053107666124
7.95990754500011 0.479557560828075
7.97119819400011 0.338257328675821
7.98248884300011 0.201709156497958
7.99377949200011 0.087688708081953
8.00507014100011 0.0154414932310726
8.01636079000011 0.00412280103214393
8.02765143900011 0.0710139792544738
8.03894208800011 0.229660002806445
8.0502327370001 0.488098090787388
8.0615233860001 0.847357732661016
8.0728140350001 1.30040653728715
8.0841046840001 1.83169292716723
8.0953953330001 2.4173965892909
8.1066859820001 3.0264431521255
8.1179766310001 3.6222747235742
8.1292672800001 4.16529791621162
8.1405579290001 4.61586189886256
8.1518485780001 4.93755730739598
8.1631392270001 5.10057877123708
8.1744298760001 5.08486481310965
8.1857205250001 4.88272305293274
8.1970111740001 4.50066827533075
8.2083018230001 3.96024615257357
8.21959247200009 3.29768411846624
8.23088312100009 2.56229869969474
8.24217377000009 1.81368918588601
8.25346441900009 1.11785297764006
8.26475506800009 0.542459478637185
8.27604571700009 0.151607963801798
8.28733636600009 0.000461991442266591
8.29862701500009 0.130191493858128
8.30991766400009 0.563658561838183
8.32120831300009 1.30225159504143
8.33249896200009 2.32420532167496
8.34378961100009 3.58464466029075
8.35508026000009 5.0174649006045
8.36637090900009 6.53901816176234
8.37766155800009 8.05342741099109
8.38895220700008 9.4592064646153
8.40024285600008 10.6567394750144
8.41153350500008 11.5560777079141
8.42282415400008 12.0844543763264
8.43411480300008 12.1929066523169
8.44540545200008 11.8614310585279
8.45669610100008 11.1021837453163
8.46798675000008 9.9603662104709
8.47927739900008 8.51260155294619
8.49056804800008 6.86279482473295
8.50185869700008 5.13566942777283
8.51314934600008 3.46836432106027
8.52443999500008 2.00064833326316
8.53573064400008 0.864443413598626
8.54702129300007 0.173435747644158
8.55831194200007 0.0135832198684876
8.56960259100007 0.435294852509262
8.58089324000007 1.44796251225932
8.59218388900007 3.01737225949337
8.60347453800007 5.06632191425755
8.61476518700007 7.47853661888007
8.62605583600007 10.105722522429
8.63734648500007 12.7773493282364
8.64863713400007 15.312525009683
8.65992778300007 17.5331391897993
8.67121843200007 19.2773216574403
8.68250908100007 20.4122015295216
8.69379973000007 20.8449679439024
8.70509037900007 20.5313264204676
8.71638102800006 19.4806116448323
8.72767167700006 17.757046998373
8.73896232600006 15.4769179985451
8.75025297500006 12.8017310370413
8.76154362400006 9.92773774504822
8.77283427300006 7.07249522214951
8.78412492200006 4.4593802249403
8.79541557100006 2.30116077039159
8.80670622000006 0.783835248120313
8.81799686900006 0.0519664571717027
8.82928751800006 0.196661996691811
8.84057816700006 1.2471862599375
8.85186881600006 3.16694307962322
8.86315946500006 5.85425848189986
8.87445011400006 9.14804200097148
8.88574076300005 12.838038340917
8.89703141200005 16.6790264835851
8.90832206100005 20.4080080629407
8.91961271000005 23.7631760571792
8.93090335900005 26.503289364392
8.94219400800005 28.4260133670121
8.95348465700005 29.3838285848796
8.96477530600005 29.2962583435205
8.97606595500005 28.1574132311063
8.98735660400005 26.038178477711
8.99864725300005 23.0827571607645
9.00993790200005 19.4996992525846
9.02122855100005 15.5479629931336
9.03251920000005 11.518939303352
9.04380984900004 7.71569216397985
9.05510049800004 4.4309024022867
9.06639114700004 1.92512964687985
9.07768179600004 0.407015591698214
9.08897244500004 0.0169382304326097
9.10026309400004 0.815397656595768
9.11155374300004 2.77708453297073
9.12284439200004 5.79117546541344
9.13413504100004 9.66794458648321
9.14542569000004 14.1513111232432
9.15671633900004 18.9364937154624
9.16800698800004 23.6915479116933
9.17929763700004 28.0812541587967
9.19058828600004 31.7916243077174
9.20187893500004 34.5532218546644
9.21316958400003 36.1615521885129
9.22446023300003 36.4929713920282
9.23575088200003 35.5148730790057
9.24704153100003 33.2893206531174
9.25833218000003 29.9697679582581
9.26962282900003 25.7910197833673
9.28091347800003 21.053087395106
9.29220412700003 16.1000554007075
9.30349477600003 11.2954597416097
9.31478542500003 6.99595286612643
9.32607607400003 3.525179234207
9.33736672300003 1.14978984187225
9.34865737200003 0.0593864929515003
9.35994802100003 0.351913923186698
9.37123867000003 2.02562962566096
9.38252931900002 4.97830522670804
9.39381996800002 9.0137842494053
9.40511061700002 13.8554780956852
9.41640126600002 19.1658654821241
9.42769191500002 24.5706091388262
9.43898256400002 29.6855515122472
9.45027321300002 34.1446255079174
9.46156386200002 37.6266347108816
9.47285451100002 39.8789271109266
9.48414516000002 40.7362029510991
9.49543580900002 40.1330457031312
9.50672645800002 38.1092201959578
9.51801710700002 34.8073103113048
9.52930775600002 30.4628314787759
9.54059840500001 25.3875087481548
9.55188905400001 19.9469181310548
9.56317970300001 14.5341092801624
9.57447035200001 9.54112981165277
9.58576100100001 5.33053277518597
9.59705165000001 2.20895648430562
9.60834229900001 0.404719101043461
9.61963294800001 0.0510795108665372
9.63092359700001 1.17640238685337
9.64221424600001 3.7019593871384
9.65350489500001 7.44753755955157
9.66479554400001 12.1444517963433
9.67608619300001 17.4550131916819
9.68737684200001 22.9970298674353
9.69866749100001 28.3715465421408
9.70995814 33.1917913062847
9.721248789 37.1112103483534
9.732539438 39.8485401812531
9.743830087 41.2080870191382
9.755120736 41.093737862862
9.766411385 39.5156910663151
9.777702034 36.5894311545816
9.788992683 32.5270435011708
9.800283332 27.6215267689607
9.811573981 22.2252731435916
9.82286463 16.7243105555056
9.834155279 11.5102061763474
9.845445928 6.95169433089317
9.856736577 3.36810301898621
9.868027226 1.00651133611473
9.87931787499999 0.0242864343087866
9.89060852399999 0.478244981357292
9.90189917299999 2.32119087562816
9.91318982199999 5.40603526721478
9.92448047099999 9.49714742788677
9.93577111999999 14.2880570394365
9.94706176899999 19.4241689125317
9.95835241799999 24.528793542264
9.96964306699999 29.2305669766685
9.98093371599999 33.1902472675389
9.99222436499999 36.1249375313367
10.003515014 37.827991500703
10.014805663 38.1831899360404
10.026096312 37.1722096629028
10.037386961 34.8749083051323
10.04867761 31.4624792541227
10.059968259 27.1840534287688
10.071258908 22.347798411411
10.082549557 17.2979570262202
10.093840206 12.3895482934302
10.105130855 7.96260440978442
10.116421504 4.31782833175039
10.127712153 1.69542853703559
10.139002802 0.258631794252219
10.150293451 0.0830118241120389
10.1615841 1.15232984489179
10.172874749 3.36109592176528
10.184165398 6.52356445730894
10.195456047 10.3884098751054
10.206746696 14.6579237460043
10.218037345 19.0102613343521
10.229327994 23.1230656089289
10.240618643 26.6967232170091
10.251909292 29.4755631985178
10.263199941 31.2654890405769
10.27449059 31.9468226637153
10.285781239 31.4815119111678
10.297071888 29.9142819644099
10.308362537 27.3677630533461
10.319653186 24.0320679466961
10.330943835 20.1496904923216
10.342234484 15.9969222504758
10.353525133 11.8632152537603
10.364815782 8.03003986853648
10.376106431 4.75079086353503
10.38739708 2.23318420293764
10.398687729 0.625372383858123
10.409978378 0.00670549602631176
10.421269027 0.383702794424935
10.432559676 1.69140373659926
10.443850325 3.799868319073
10.455140974 6.52522389797047
10.466431623 9.64433658902385
10.477722272 12.9119422698231
10.489012921 16.0789213926599
10.50030357 18.9103522030652
10.511594219 21.2020296920104
10.522884868 22.794286135547
10.534175517 23.5821798248817
10.545466166 23.5214121741622
10.556756815 22.6296662154779
10.568047464 20.9834056346891
10.579338113 18.7105067514489
10.590628762 15.9793916757537
10.601919411 12.9855682549421
10.61321006 9.93664532851225
10.6245007089999 7.03697027381953
10.6357913579999 4.4730265486634
10.6470820069999 2.4006353261281
10.6583726559999 0.934837041493611
10.6696633049999 0.143100738633422
10.6809539539999 0.0422405597364359
10.6922446029999 0.599131077891735
10.7035352519999 1.73502868759022
10.7148259009999 3.33304623358175
10.7261165499999 5.24811120007621
10.7374071989999 7.31857891575192
10.7486978479999 9.37858125713497
10.7599884969999 11.2701726482271
10.7712791459999 12.8543874958942
10.7825697949999 14.0204399421394
10.7938604439999 14.6924666618071
10.8051510929999 14.8334214595443
10.8164417419999 14.4459593411068
10.8277323909999 13.5703793332493
10.8390230399999 12.2799118894984
10.8503136889999 10.6738223855803
10.8616043379999 8.86894412727157
10.8728949869999 6.99034350245724
10.8841856359999 5.16185187638763
10.8954762849999 3.49717362868787
10.9067669339999 2.09220185036518
10.9180575829999 1.0190510291709
10.9293482319999 0.322160989560351
10.9406388809999 0.0166518992259995
10.9519295299999 0.0889306864900148
10.9632201789999 0.49937884093395
10.9745108279999 1.1868030348946
10.9858014769999 2.07421373589482
10.9970921259999 3.07542037891693
11.0083827749999 4.1018986542456
11.0196734239999 5.06939633593505
11.0309640729999 5.90379564293247
11.0422547219999 6.54583614567516
11.0535453709999 6.9544140502922
11.0648360199999 7.10830105610436
11.0761266689999 7.00625794073054
11.0874173179999 6.6656438546558
11.0987079669999 6.11973235670188
11.1099986159999 5.41403165267539
11.1212892649999 4.60196382044658
11.1325799139999 3.74028319815524
11.1438705629999 2.88460752116448
11.1551612119999 2.0853993759125
11.1664518609999 1.38467491286689
11.1777425099999 0.813638078635668
11.1890331589999 0.391349532223248
11.2003238079999 0.124447935439801
11.2116144569999 0.00785517819931844
11.2229051059999 0.0263231002448237
11.2341957549999 0.15662272527575
11.2454864039999 0.370141427839927
11.2567770529999 0.635640287512427
11.2680677019999 0.921932607539361
11.2793583509999 1.20027279512833
11.2906489999999 1.44628860012541
