0 0
0.011290649 0
0.022581298 5.43604684714845e-006
0.033871947 8.52179481338495e-005
0.045162596 0.000517545007601868
0.056453245 0.00199485504674103
0.067743894 0.0058371427678452
0.079034543 0.0141544028756794
0.090325192 0.0299003569358042
0.101615841 0.0567712316360641
0.11290649 0.0989240509652183
0.124197139 0.160516229200534
0.135487788 0.245098685784367
0.146778437 0.354924081643376
0.158069086 0.490255800886019
0.169359735 0.648778090139732
0.180650384 0.82521037501983
0.191941033 1.01121761957713
0.203231682 1.19568374719192
0.214522331 1.36537841018392
0.22581298 1.50600222422865
0.237103629 1.60354674069202
0.248394278 1.64585852461106
0.259684927 1.62425758008314
0.270975576 1.53503442214463
0.282266225 1.38064164221936
0.293556874 1.17040749234446
0.304847523 0.920631377251913
0.316138172 0.653972458658823
0.327428821 0.398108855561727
0.33871947 0.183720216184794
0.350010119 0.0419233460738007
0.361300768 0.00136097202172655
0.372591417 0.0851995661987419
0.383882066 0.308326372573184
0.395172715 0.675043066034791
0.406463364 1.17753097697246
0.417754013 1.79531057166496
0.429044662 2.49583900489026
0.440335311 3.23629010519617
0.45162596 3.96644965515427
0.462916609 4.63254559336844
0.474207258 5.18172891813896
0.485497907 5.56683748651589
0.496788556 5.75102109077945
0.508079205 5.71178929004255
0.519369854 5.44406739523746
0.530660503 4.96191089901687
0.541951152 4.2986306790564
0.553241801 3.50521285389705
0.56453245 2.64706736085745
0.575823099 1.7992949370467
0.587113747999999 1.04080882053701
0.598404396999999 0.447770905625048
0.609695045999999 0.0868895644962106
0.620985694999999 0.00916797309510371
0.632276343999999 0.244681504312898
0.643566992999999 0.798899130158488
0.654857641999999 1.65095028317692
0.666148290999999 2.7540835327469
0.677438939999999 4.03837919845255
0.688729588999999 5.41558030280351
0.700020237999999 6.78571255450973
0.711310886999999 8.04499212663771
0.722601535999999 9.09438626648305
0.733892184999999 9.84810973609181
0.745182833999999 10.2413189590078
0.756473482999999 10.2363095162466
0.767764131999999 9.82662949529396
0.779054780999999 9.03868357402424
0.790345429999999 7.9306077907933
0.801636078999999 6.58842566318999
0.812926727999999 5.11973283959836
0.824217376999999 3.64537891851303
0.835508025999999 2.28980138865649
0.846798674999999 1.17080042318651
0.858089323999999 0.389611389884258
0.869379972999999 0.0221268719129682
0.880670621999999 0.112040552740171
0.891961270999999 0.666536926707349
0.903251919999999 1.65494511574652
0.914542568999999 3.01052907231129
0.925833217999999 4.63532097691858
0.937123866999999 6.40764262096097
0.948414515999999 8.19172398714695
0.959705164999999 9.84864009580113
0.970995813999999 11.2476635796536
0.982286462999999 12.2770830226126
0.993577111999999 12.8535709230151
1.004867761 12.9292982014774
1.01615841 12.4961754644157
1.027449059 11.586839499538
1.038739708 10.2722765062504
1.050030357 8.65625793451878
1.061321006 6.86703594797572
1.072611655 5.04697987945158
1.083902304 3.34101214617721
1.095192953 1.88480639288231
1.106483602 0.793732897360322
1.117774251 0.153474408482463
1.1290649 0.0130948335865831
1.140355549 0.381135677936643
1.151646198 1.22505880941259
1.162936847 2.4740711579969
1.174227496 4.02508182072426
1.185518145 5.7512793080863
1.196808794 7.51259887580721
1.208099443 9.16719556007705
1.219390092 10.5829605745337
1.230680741 11.6481233072133
1.24197139 12.2800672237276
1.253262039 12.4316474071161
1.264552688 12.0945158049367
1.275843337 11.2992180869499
1.287133986 10.1121006917304
1.298424635 8.62933430473728
1.309715284 6.96859771891319
1.321005933 5.25915375079401
1.332296582 3.63117122643259
1.343587231 2.20519454418144
1.35487788 1.08263216843283
1.366168529 0.338031624839043
1.377459178 0.0137415139777588
1.388749827 0.117346419641752
1.400040476 0.622017884915063
1.411331125 1.46967543542422
1.422621774 2.57661761774453
1.433912423 3.84108405043628
1.445203072 5.15206188392404
1.456493721 6.39856526728349
1.46778437 7.47860006740478
1.479075019 8.30707767155598
1.490365668 8.82205477166469
1.501656317 8.98883890163764
1.512946966 8.80169646169986
1.524237615 8.28311277208825
1.535528264 7.48076327961801
1.546818913 6.46254321970183
1.558109562 5.31015413285173
1.569400211 4.11184778685127
1.58069086 2.95497415943667
1.591981509 1.9189683229942
1.603272158 1.06934469711273
1.614562807 0.453154287189301
1.625853456 0.0962131308801558
1.637144105 0.00224276313866568
1.648434754 0.153891812022243
1.659725403 0.515447295376809
1.671016052 1.03690856821354
1.682306701 1.658997070643
1.69359735 2.31861820133287
1.704887999 2.95428070694422
1.716178648 3.51101252832047
1.727469297 3.94438467746283
1.738759946 4.22335772186482
1.750050595 4.33178776495862
1.761341244 4.26855817203449
1.772631893 4.04642744410489
1.783922542 3.68979148886949
1.795213191 3.23164112469735
1.80650384 2.71004690950468
1.817794489 2.16452054879427
1.829085138 1.63258583749338
1.840375787 1.14684610799687
1.851666436 0.732765879029503
1.862957085 0.40730005366304
1.874247734 0.178413758198396
1.885538383 0.0454488822615134
1.896829032 0.000217786158703457
1.908119681 0.0286470111766583
1.91941033 0.112758453088348
1.930700979 0.23276409867559
1.941991628 0.369062287319538
1.953282277 0.503955441416832
1.964572926 0.622956362974039
1.975863575 0.715606359821224
1.987154224 0.775786996679154
1.998444873 0.801561765346934
2.009735522 0.794628952912715
2.021026171 0.759498425495031
2.03231682 0.702520702751413
2.043607469 0.630896268658906
2.054898118 0.551778080049248
2.066188767 0.471553780041445
2.077479416 0.395360384897322
2.088770065 0.326847926412648
2.100060714 0.268174396473943
2.111351363 0.220186460312824
2.122642012 0.182721828218985
2.133932661 0.154961575586685
2.14522331 0.135764236180288
2.156513959 0.123926852725116
2.167804608 0.1183387972691
2.179095257 0.118018642578547
2.190385906 0.12204884300601
2.201676555 0.129443744246982
2.212967204 0.139000358921261
2.224257853 0.149186298169675
2.235548502 0.158114403377465
2.246839151 0.16363954295805
2.2581298 0.163591631851367
2.269420449 0.156133205794888
2.280711098 0.140203574757837
2.292001747 0.115988674673786
2.303292396 0.0853399452037961
2.314583045 0.0520598205544627
2.325873694 0.0219774723323329
2.337164343 0.0027565493391059
2.348454992 0.00340548699951799
2.359745641 0.0334976628270024
2.37103629 0.10214916333629
2.382326939 0.216841300602881
2.39361758800001 0.382208114607123
2.40490823700001 0.598931118333449
2.41619888600001 0.862890644680006
2.42748953500001 1.16471298090537
2.43878018400001 1.48982453629218
2.45007083300001 1.8190801420405
2.46136148200001 2.12997580180979
2.47265213100001 2.39839211183884
2.48394278000001 2.60074972568833
2.49523342900001 2.71639983204879
2.50652407800001 2.73002767549583
2.51781472700001 2.63382177345828
2.52910537600001 2.42916009566542
2.54039602500001 2.12758924549777
2.55168667400001 1.7509231476714
2.56297732300001 1.33036067522805
2.57426797200001 0.904611217913773
2.58555862100001 0.517115434733152
2.59684927000001 0.212545929514944
2.60813991900001 0.0328593642135788
2.61943056800001 0.0132380397591484
2.63072121700001 0.178297125276364
2.64201186600001 0.538937745590566
2.65330251500001 1.09019334804094
2.66459316400001 1.81034797102305
2.67588381300001 2.66150465266068
2.68717446200001 3.59165804321742
2.69846511100001 4.53818789036831
2.70975576000001 5.43255190159931
2.72104640900001 6.20583075448864
2.73233705800001 6.79467742584932
2.74362770700001 7.14715848885636
2.75491835600001 7.2279546265598
2.76620900500001 7.02241556316286
2.77749965400001 6.53904076403637
2.78879030300001 5.81007687604015
2.80008095200001 4.89007693044599
2.81137160100001 3.85244213253763
2.82266225000001 2.78414934830345
2.83395289900001 1.77903965242195
2.84524354800001 0.930189259789313
2.85653419700001 0.321989350347733
2.86782484600001 0.022614446662659
2.87911549500001 0.0775532212575349
2.89040614400001 0.504809168387483
2.90169679300001 1.29225524688625
2.91298744200001 2.39745549519472
2.92427809100001 3.75006150915645
2.93556874000001 5.25666987137594
2.94685938900002 6.8078074994338
2.95815003800002 8.28651515355481
2.96944068700002 9.57784327737251
2.98073133600002 10.578474048119
2.99202198500002 11.2056494815318
3.00331263400002 11.4046224852147
3.01460328300002 11.1539544372664
3.02589393200002 10.4681514663273
3.03718458100002 9.39734868968212
3.04847523000002 8.02399916503028
3.05976587900002 6.45678107047629
3.07105652800002 4.82218023408966
3.08234717700002 3.25441391257004
3.09363782600002 1.88451668470797
3.10492847500002 0.829495935148801
3.11621912400002 0.182473924916863
3.12750977300002 0.00466382527600188
3.13880042200002 0.319883238612154
3.15009107100002 1.11210216830129
3.16138172000002 2.32627032717866
3.17267236900002 3.87239250077549
3.18396301800002 5.63254417159805
3.19525366700002 7.47026679852442
3.20654431600002 9.24157520565965
3.21783496500002 10.8066668029094
3.22912561400002 12.0413566797758
3.24041626300002 12.8472801639987
3.25170691200002 13.1600041482773
3.26299756100002 12.9543621016982
3.27428821000002 12.2465604473099
3.28557885900002 11.0928759426992
3.29686950800002 9.58505142256273
3.30816015700002 7.84277592312537
3.31945080600002 6.00388076161205
3.33074145500002 4.21307444262377
3.34203210400002 2.61015991754215
3.35332275300002 1.31871753449288
3.36461340200002 0.43619285852055
3.37590405100002 0.026204610718456
3.38719470000002 0.113695389842687
3.39848534900002 0.683303628955445
3.40977599800002 1.68106080954322
3.42106664700002 3.0192371803164
3.43235729600002 4.58389633219007
3.44364794500002 6.24449640857503
3.45493859400002 7.86471218839713
3.46622924300002 9.31356113298213
3.47751989200002 10.4759046433613
3.48881054100003 11.2614631487743
3.50010119000003 11.6116232639366
3.51139183900003 11.5035139491762
3.52268248800003 10.9510682812672
3.53397313700003 10.0030467196123
3.54526378600003 8.73825392109701
3.55655443500003 7.25841219191897
3.56784508400003 5.67934115490544
3.57913573300003 4.12122002223583
3.59042638200003 2.69876639076288
3.60171703100003 1.51215037876845
3.61300768000003 0.639378283282182
3.62429832900003 0.130734851037585
3.63558897800003 0.00568188620988731
3.64687962700003 0.252391118719432
3.65817027600003 0.829860900076157
3.66946092500003 1.67234945372123
3.68075157400003 2.69567057133258
3.69204222300003 3.80475611618582
3.70333287200003 4.90180431085849
3.71462352100003 5.89430909572542
3.72591417000003 6.70230376303499
3.73720481900003 7.26424606782592
3.74849546800003 7.54111178336385
3.75978611700003 7.51843520219793
3.77107676600003 7.20622207034799
3.78236741500003 6.63684580566302
3.79365806400003 5.86120532165097
3.80494871300003 4.94355833095028
3.81623936200003 3.95553704545883
3.82753001100003 2.96989739051623
3.83882066000003 2.0545465433062
3.85011130900003 1.26733975533286
3.86140195800003 0.652043156070171
3.87269260700003 0.235735025556663
3.88398325600003 0.0277765616475255
3.89527390500003 0.0203381051943676
3.90656455400003 0.190331428249069
3.91785520300003 0.502484775168101
3.92914585200003 0.913214028360647
3.94043650100003 1.37489648881034
3.95172715000003 1.8401454572059
3.96301779900003 2.26571250138807
3.97430844800003 2.61570505206338
3.98559909700003 2.86389210503995
3.99688974600003 2.9949707970671
4.00818039500003 3.004771098055
4.01947104400003 2.89947466547942
4.03076169300004 2.69400805540199
4.04205234200004 2.40983298172482
4.05334299100004 2.07239271865775
4.06463364000004 1.70848245055134
4.07592428900004 1.34379361929123
4.08721493800004 1.00084187131042
4.09850558700004 0.697430837451343
4.10979623600004 0.445736759837123
4.12108688500004 0.252029476710004
4.13237753400004 0.116980742547923
4.14366818300004 0.0364575068398969
4.15495883200004 0.00266018561936109
4.16624948100004 0.00544671638042072
4.17754013000004 0.0336827215502357
4.18883077900004 0.0764747940939056
4.20012142800004 0.124174389732099
4.21141207700004 0.169079427540245
4.22270272600004 0.205804158792709
4.23399337500004 0.23132982568083
4.24528402400004 0.244784336495982
4.25657467300004 0.247024960325624
4.26786532200004 0.240111671840681
4.27915597100004 0.226759664067663
4.29044662000004 0.20984871188172
4.30173726900004 0.192046929465744
4.31302791800004 0.175580473016007
4.32431856700004 0.162152904123171
4.33560921600004 0.152992286727819
4.34689986500004 0.148984191773465
4.35819051400004 0.15083725072908
4.36948116300004 0.159226109472576
4.38077181200004 0.174864565615322
4.39206246100004 0.198477927162665
4.40335311000004 0.230665631647587
4.41464375900004 0.271669503291836
4.42593440800004 0.321085912514024
4.43722505700004 0.377577873143613
4.44851570600004 0.438652723018042
4.45980635500004 0.500570480941965
4.47109700400004 0.558436597668578
4.48238765300004 0.606511441124671
4.49367830200004 0.638739731674799
4.50496895100004 0.649469734138337
4.51625960000004 0.634298602104876
4.52755024900004 0.590951454853991
4.53884089800004 0.520081895351691
4.55013154700004 0.425874284482572
4.56142219600004 0.316335403870734
4.57271284500005 0.203185737295877
4.58400349400005 0.101297207393253
4.59529414300005 0.0276717362337644
4.60658479200005 8.80281023339023e-006
4.61787544100005 0.0349644657428755
4.62916609000005 0.146252790565507
4.64045673900005 0.342777110374932
4.65174738800005 0.62699777035653
4.66303803700005 0.993741203419173
4.67432868600005 1.42963065268667
4.68561933500005 1.9132722765745
4.69690998400005 2.41626489231368
4.70820063300005 2.90502267366608
4.71949128200005 3.34331501226738
4.73078193100005 3.69534496715841
4.74207258000005 3.92911611875383
4.75336322900005 4.019785522635
4.76465387800005 3.9526746863159
4.77594452700005 3.72561567609228
4.78723517600005 3.35034734179863
4.79852582500005 2.85274574815941
4.80981647400005 2.27176849058555
4.82110712300005 1.65710695627654
4.83239777200005 1.06566372011424
4.84368842100005 0.557092614870414
4.85497907000005 0.188744656546657
4.86626971900005 0.0104427653249479
4.87756036800005 0.0595528287339782
4.88885101700005 0.356821744655217
4.90014166600005 0.903411975233444
4.91143231500005 1.67947827732982
4.92272296400005 2.64451126906929
4.93401361300005 3.73952379633112
4.94530426200005 4.89099222782945
4.95659491100005 6.01630041759863
4.96788556000005 7.0302844447797
4.97917620900005 7.85235599241877
4.99046685800005 8.41360386802828
5.00175750700005 8.66324582798566
5.01304815600005 8.57383130117854
5.02433880500005 8.14467958171808
5.03562945400005 7.40317218907541
5.04692010300005 6.40369215038983
5.05821075200005 5.22420265875012
5.06950140100005 3.9606657451925
5.08079205000005 2.71969973344175
5.09208269900005 1.6100440753074
5.10337334800005 0.733525420055103
5.11466399700006 0.176286716978807
5.12595464600006 0.00104385868288633
5.13724529500006 0.241069586336768
5.14853594400006 0.896475874779806
5.15982659300006 1.93318342350029
5.17111724200006 3.28474495409581
5.18240789100006 4.85694642466448
5.19369854000006 6.53486800104919
5.20498918900006 8.19186612862958
5.21627983800006 9.69975932402903
5.22757048700006 10.9393800601731
5.23886113600006 11.8106051952771
5.25015178500006 12.2410036205825
5.26144243400006 12.1923413425479
5.27273308300006 11.6643535453762
5.28402373200006 10.6954166372519
5.29531438100006 9.36001219639557
5.30660503000006 7.7631470114906
5.31789567900006 6.03215547041922
5.32918632800006 4.30653939274429
5.34047697700006 2.72667566622954
5.35176762600006 1.42232785690409
5.36305827500006 0.501924374206626
5.37434892400006 0.0435097230430271
5.38563957300006 0.0881410081166393
5.39693022200006 0.636300217571628
5.40822087100006 1.64764091948757
5.41951152000006 3.04410737720557
5.43080216900006 4.71617887613179
5.44209281800006 6.53172691051665
5.45338346700006 8.34675079136529
5.46467411600006 10.0170974939153
5.47596476500006 11.4101880450209
5.48725541400006 12.4157726998243
5.49854606300006 12.9548205377758
5.50983671200006 12.9858086132034
5.52112736100006 12.5078974986259
5.53241801000006 11.5607446530072
5.54370865900006 10.2209915587917
5.55499930800006 8.59574039479334
5.56628995700006 6.81358707863722
5.57758060600006 5.01397840454549
5.58887125500006 3.33579481774276
5.60016190400006 1.90611617246024
5.61145255300006 0.830101565307436
5.62274320200006 0.182809145978956
5.63403385100006 0.00360764272146058
5.64532450000006 0.293604047117754
5.65661514900007 1.01625175507963
5.66790579800007 2.10103332297105
5.67919644700007 3.44985528076866
5.69048709600007 4.94557103944501
5.70177774500007 6.46188030507206
5.71306839400007 7.87375303952964
5.72435904300007 9.06750025934818
5.73564969200007 9.94966356849106
5.74694034100007 10.4540144187497
5.75823099000007 10.5461308784273
5.76952163900007 10.2252375761753
5.78081228800007 9.52323366111493
5.79210293700007 8.50107287083684
5.80339358600007 7.24287842049164
5.81468423500007 5.84835504156567
5.82597488400007 4.42418663012881
5.83726553300007 3.07517121858053
5.84855618200007 1.89584175597786
5.85984683100007 0.963253814647372
5.87113748000007 0.33149775613926
5.88242812900007 0.0283257190297953
5.89371877800007 0.0540891093571464
5.90500942700007 0.382978058134983
5.91630007600007 0.966358769371695
5.92759072500007 1.73783462017373
5.93888137400007 2.61952622813847
5.95017202300007 3.52898438437862
5.96146267200007 4.38612290365913
5.97275332100007 5.1195861421122
5.98404397000007 5.67204337038138
5.99533461900007 6.00402029701378
6.00662526800007 6.09602447363467
6.01791591700007 5.94888172369871
6.02920656600007 5.5823601410182
6.04049721500007 5.03230239736811
6.05178786400007 4.34660391917499
6.06307851300007 3.5804548544068
6.07436916200007 2.7913023397887
6.08565981100007 2.03398517644482
6.09695046000007 1.35644842506709
6.10824110900007 0.796366998141295
6.11953175800007 0.378904208544871
6.13082240700007 0.115714377791675
6.14211305600007 0.00517963171309452
6.15340370500007 0.0337610714657103
6.16469435400007 0.17825325864264
6.17598500300007 0.408665708264949
6.18727565200007 0.691420239704001
6.19856630100008 0.992549811723839
6.20985695000008 1.28061096495946
6.22114759900008 1.52907356076684
6.23243824800008 1.71802134995836
6.24372889700008 1.83507689808799
6.25501954600008 1.87554595216573
6.26631019500008 1.84185130596147
6.27760084400008 1.74238768300573
6.28889149300008 1.58997203633073
6.30018214200008 1.40008514510293
6.31147279100008 1.18910005617315
6.32276344000008 0.972672651089417
6.33405408900008 0.764433242577696
6.34534473800008 0.575070863290108
6.35663538700008 0.411849814494139
6.36792603600008 0.278547172439405
6.37921668500008 0.175755785743632
6.39050733400008 0.101464154382683
6.40179798300008 0.0518052047256008
6.41308863200008 0.0218613288287391
6.42437928100008 0.00642232207170004
6.43566993000008 0.000613634943008198
6.44696057900008 0.000341051541138758
6.45825122800008 0.00253020961205595
6.46954187700008 0.00517082312558169
6.48083252600008 0.00720199605915335
6.49212317500008 0.00829344371312753
6.50341382400008 0.00858582312795186
6.51470447300008 0.00845120936234571
6.52599512200008 0.00832298052274576
6.53728577100008 0.00862521548817485
6.54857642000008 0.00980834908462446
6.55986706900008 0.0124739782567156
6.57115771800008 0.0175511026757119
6.58244836700008 0.0264719737567229
6.59373901600008 0.0412904656656417
6.60502966500008 0.0646905848547124
6.61632031400008 0.0998471126875349
6.62761096300008 0.150122746157918
6.63890161200008 0.218613573601081
6.65019226100008 0.307583540288836
6.66148291000008 0.417854566133251
6.67277355900008 0.54823814456811
6.68406420800008 0.695103206407126
6.69535485700008 0.852171531682878
6.70664550600008 1.01061527114678
6.71793615500008 1.15950209487529
6.72922680400008 1.2865946686263
6.74051745300009 1.37946656180085
6.75180810200009 1.42685135429521
6.76309875100009 1.42010118050779
6.77438940000009 1.35460065167156
6.78568004900009 1.2309666828746
6.79697069800009 1.05586749658846
6.80826134700009 0.842316410793305
6.81955199600009 0.609337238009424
6.83084264500009 0.380955306345169
6.84213329400009 0.184536319633534
6.85342394300009 0.0485679381360148
6.86471459200009 4.85196140714753e-005
6.87600524100009 0.0617061077403536
6.88729589000009 0.249311276973589
6.89858653900009 0.56936403353465
6.90987718800009 1.01742394371875
6.92116783700009 1.57731297256676
6.93245848600009 2.2213540503438
6.94374913500009 2.91171993245027
6.95503978400009 3.60286386102052
6.96633043300009 4.24489523876153
6.97762108200009 4.78766049509405
6.98891173100009 5.18520220742471
7.00020238000009 5.40020805073746
7.01149302900009 5.40803303872162
7.02278367800009 5.1998886946742
7.03407432700009 4.78484266648783
7.04536497600009 4.19035947876633
7.05665562500009 3.46123142227282
7.06794627400009 2.6568884806083
7.07923692300009 1.84722555328186
7.09052757200009 1.10723037704806
7.10181822100009 0.510822505693651
7.11310887000009 0.124409556681468
7.12439951900009 0.000721077162071497
7.13569016800009 0.173485677071203
7.14698081700009 0.653470658718935
7.15827146600009 1.42630710919618
7.16956211500009 2.4523839343765
7.18085276400009 3.6689225391758
7.19214341300009 4.99415419339791
7.20343406200009 6.33333120019352
7.21472471100009 7.58612820535275
7.22601536000009 8.6548479218809
7.23730600900009 9.45275036789869
7.24859665800009 9.91178680362898
7.25988730700009 9.98904440061075
7.27117795600009 9.67129523371886
7.2824686050001 8.9771876912
7.2937592540001 7.95680873063513
7.3050499030001 6.68856595675325
7.3163405520001 5.27357045473492
7.3276312010001 3.8279243107276
7.3389218500001 2.47351067048881
7.3502124990001 1.32803099345899
7.3615031480001 0.495119591684484
7.3727937970001 0.055380492290633
7.3840844460001 0.0591331129742896
7.3953750950001 0.521524673853984
7.4066657440001 1.42047848621249
7.4179563930001 2.697713621879
7.4292470420001 4.26281262678253
7.4405376910001 6.00005215165012
7.4518283400001 7.77746953867489
7.4631189890001 9.4574380468637
7.4744096380001 10.907882712729
7.4857002870001 12.0132010174429
7.4969909360001 12.6839645111371
7.5082815850001 12.864569330192
7.5195722340001 12.5381681075711
7.5308628830001 11.7284396126091
7.5421535320001 10.4980167107588
7.5534441810001 8.94367532607362
7.5647348300001 7.18866268415273
7.5760254790001 5.37278826072238
7.5873161280001 3.64109411777292
7.5986067770001 2.13204564946846
7.6098974260001 0.966228102414448
7.6211880750001 0.236494445627173
7.6324787240001 0.000389447330388804
7.6437693730001 0.275483443851766
7.6550600220001 1.03800371510205
7.6663506710001 2.22487280138624
7.6776413200001 3.73897556728139
7.6889319690001 5.45720514937535
7.7002226180001 7.24060549068109
7.7115132670001 8.94575485337734
7.7228039160001 10.4364351765901
7.7340945650001 11.5946145785643
7.7453852140001 12.3298356859936
7.7566758630001 12.5862445768517
7.7679665120001 12.3467010877535
7.7792571610001 11.6336627546549
7.7905478100001 10.5068096235337
7.8018384590001 9.05765166446765
7.8131291080001 7.40161092928161
7.82441975700011 5.66827566542113
7.83571040600011 3.99066630697321
7.84700105500011 2.49442223666554
7.85829170400011 1.28780866220534
7.86958235300011 0.453356999151761
7.88087300200011 0.0417985431093029
7.89216365100011 0.0687444336062904
7.90345430000011 0.514323820294858
7.91474494900011 1.32573823238879
7.92603559800011 2.42244560787599
7.93732624700011 3.70347316316534
7.94861689600011 5.05619208025633
7.95990754500011 6.3657820545026
7.97119819400011 7.52457760698326
7.98248884300011 8.44052203889149
7.99377949200011 9.04405413165486
8.00507014100011 9.29290672207331
8.01636079000011 9.17449012927029
8.02765143900011 8.70574902852963
8.03894208800011 7.93059932033081
8.0502327370001 6.91525278011419
8.0615233860001 5.74190481641034
8.0728140350001 4.50138105813763
8.0841046840001 3.28540290097578
8.0953953330001 2.17913699499
8.1066859820001 1.25464078820568
8.1179766310001 0.565712552860762
8.1292672800001 0.144510977381002
8.1405579290001 0.000140679365782394
8.1518485780001 0.119221858552523
8.1631392270001 0.468290933054022
8.1744298760001 0.997729275669847
8.1857205250001 1.64680139433136
8.1970111740001 2.34931078526643
8.2083018230001 3.03935568546859
8.21959247200009 3.65668804307687
8.23088312100009 4.15124291098101
8.24217377000009 4.4865041569824
8.25346441900009 4.6414950918757
8.26475506800009 4.61131690438041
8.27604571700009 4.40629079510056
8.28733636600009 4.04987935487796
8.29862701500009 3.57565885984064
8.30991766400009 3.02367933200031
8.32120831300009 2.43657932885871
8.33249896200009 1.8558168965713
8.34378961100009 1.31833976528774
8.35508026000009 0.853952443786534
8.36637090900009 0.483553373782652
8.37766155800009 0.218321054454766
8.38895220700008 0.0598337169533466
8.40024285600008 0.00102177338330662
8.41153350500008 0.0277834712892559
8.42282415400008 0.121047405804449
8.43411480300008 0.25904368203123
8.44540545200008 0.419548800509361
8.45669610100008 0.581895438559406
8.46798675000008 0.728582753176482
8.47927739900008 0.84637961690911
8.49056804800008 0.92687546419028
8.50185869700008 0.966494254438903
8.51314934600008 0.966040199469338
8.52443999500008 0.929884393550675
8.53573064400008 0.864926098626954
8.54702129300007 0.779469922324981
8.55831194200007 0.682151213711115
8.56960259100007 0.581019198173316
8.58089324000007 0.482854567242078
8.59218388900007 0.392760175276381
8.60347453800007 0.31402517420668
8.61476518700007 0.248229002603458
8.62605583600007 0.195525931021172
8.63734648500007 0.155035875000873
8.64863713400007 0.125263935058571
8.65992778300007 0.104479067814907
8.67121843200007 0.0909994764855969
8.68250908100007 0.0833556653640784
8.69379973000007 0.0803278881472769
8.70509037900007 0.0808790177964275
8.71638102800006 0.084023100930702
8.72767167700006 0.0886812597439792
8.73896232600006 0.093578552602492
8.75025297500006 0.097227644996919
8.76154362400006 0.0980288110699739
8.77283427300006 0.094493263423739
8.78412492200006 0.0855714155212678
8.79541557100006 0.0710432471144446
8.80670622000006 0.0519083083971863
8.81799686900006 0.0307013995121112
8.82928751800006 0.0116589706284161
8.84057816700006 0.000671858566381317
8.85186881600006 0.00498164693165576
8.86315946500006 0.032608713016439
8.87445011400006 0.0915365518803301
8.88574076300005 0.18871488104286
8.89703141200005 0.32897844160419
8.90832206100005 0.514004491713449
8.91961271000005 0.741445558389842
8.93090335900005 1.00437210231893
8.94219400800005 1.29114103143274
8.95348465700005 1.58577106238115
8.96477530600005 1.86885734136887
8.97606595500005 2.11899987847218
8.98735660400005 2.31465903734177
8.99864725300005 2.43629323794752
9.00993790200005 2.46858602771539
9.02122855100005 2.40253802437454
9.03251920000005 2.23718887842575
9.04380984900004 1.98074833468853
9.05510049800004 1.65095426776581
9.06639114700004 1.27453716652539
9.07768179600004 0.885750301500585
9.08897244500004 0.524015820472048
9.10026309400004 0.230830701930038
9.11155374300004 0.0461633961321721
9.12284439200004 0.00464269513986778
9.13413504100004 0.131886523209787
9.14542569000004 0.441333507709659
9.15671633900004 0.931920683984718
9.16800698800004 1.58689606928167
9.17929763700004 2.37396816234971
9.19058828600004 3.24688211338418
9.20187893500004 4.14838370790782
9.21316958400003 5.01439890749298
9.22446023300003 5.77913110080966
9.23575088200003 6.38067298900085
9.24704153100003 6.76665641368879
9.25833218000003 6.89943023156235
9.26962282900003 6.76026891497925
9.28091347800003 6.352174171893
9.29220412700003 5.70093536872424
9.30349477600003 4.85425442841367
9.31478542500003 3.87890589358165
9.32607607400003 2.8560788417242
9.33736672300003 1.87521850769411
9.34865737200003 1.02683576959212
9.35994802100003 0.394867320979475
9.37123867000003 0.0492363274847114
9.38252931900002 0.0392745328975384
9.39381996800002 0.388618866069543
9.40511061700002 1.0920906543378
9.41640126600002 2.11491093655781
9.42769191500002 3.39441326651645
9.43898256400002 4.84420182730001
9.45027321300002 6.36048615020731
9.46156386200002 7.83012362234947
9.47285451100002 9.13973576053371
9.48414516000002 10.185149803607
9.49543580900002 10.8803652788204
9.50672645800002 11.1652622648587
9.51801710700002 11.0113545035507
9.52930775600002 10.4250404790391
9.54059840500001 9.44800741713108
9.55188905400001 8.15468026393116
9.56317970300001 6.6468599521654
9.57447035200001 5.04594073176733
9.58576100100001 3.48331324747975
9.59705165000001 2.08972871403258
9.60834229900001 0.984504202826017
9.61963294800001 0.265479340079616
9.63092359700001 0.000586664906213915
9.64221424600001 0.221774415609882
9.65350489500001 0.921831225286615
9.66479554400001 2.05442268477212
9.67608619300001 3.53738018477412
9.68737684200001 5.25900599238509
9.69866749100001 7.08689914147436
9.70995814 8.87858717011317
9.721248789 10.4930884956678
9.732539438 11.8024437239793
9.743830087 12.7022495370788
9.755120736 13.1203069748421
9.766411385 13.0226506547331
9.777702034 12.4164437624893
9.788992683 11.3494868807852
9.800283332 9.90637429243024
9.811573981 8.20161467603407
9.82286463 6.37028963480627
9.834155279 4.55703110240266
9.845445928 2.90423945530747
9.856736577 1.54052606834494
9.868027226 0.570341909877755
9.87931787499999 0.0656497508713591
9.89060852399999 0.0603209446226858
9.90189917299999 0.547704089014211
9.91318982199999 1.48154266165739
9.92448047099999 2.78013543139606
9.93577111999999 4.33336158369632
9.94706176899999 6.0119553554751
9.95835241799999 7.67823263822232
9.96964306699999 9.19735959977946
9.98093371599999 10.448219777563
9.99222436499999 11.3329832357088
10.003515014 11.7846041339746
10.014805663 11.7716597926673
10.026096312 11.3001780145175
10.037386961 10.4123591671188
10.04867761 9.18236252297323
10.059968259 7.70956987985103
10.071258908 6.10994291899497
10.082549557 4.50623735575396
10.093840206 3.01791523184845
10.105130855 1.75160141960124
10.116421504 0.792862821563615
10.127712153 0.199956409582556
10.139002802 8.19848845026167e-006
10.150293451 0.187866745612166
10.1615841 0.727641649113815
10.172874749 1.55671039295643
10.184165398 2.5917752816832
10.195456047 3.73639286609863
10.206746696 4.88929372535395
10.218037345 5.95276808770824
10.229327994 6.84041418378482
10.240618643 7.48362739328675
10.251909292 7.83633998189045
10.263199941 7.87769017784259
10.27449059 7.61248932220455
10.285781239 7.06954936994813
10.297071888 6.29811297580898
10.308362537 5.36277948345859
10.319653186 4.33743023577534
10.330943835 3.298717774348
10.342234484 2.3196924484098
10.353525133 1.46409828344105
10.364815782 0.781783733814358
10.376106431 0.305551981249613
10.38739708 0.0496322585992421
10.398687729 0.00980222809582802
10.409978378 0.165045764463651
10.421269027 0.480503415040817
10.432559676 0.911374817146841
10.443850325 1.40737072598781
10.455140974 1.91729059046045
10.466431623 2.39331947267302
10.477722272 2.7946915447229
10.489012921 3.09044932110443
10.50030357 3.26112883853372
10.511594219 3.29931056038194
10.522884868 3.20908306634675
10.534175517 3.00456166309638
10.545466166 2.7076787684342
10.556756815 2.345511596295
10.568047464 1.94743249786723
10.579338113 1.54235847740534
10.590628762 1.15634187492389
10.601919411 0.810689298152879
10.61321006 0.520727559353219
10.6245007089999 0.295261453450582
10.6357913579999 0.136696539566371
10.6470820069999 0.0417377074760287
10.6583726559999 0.00252680949649973
10.6696633049999 0.00805365289366379
10.6809539539999 0.045665609103517
10.6922446029999 0.102511220692239
10.7035352519999 0.166779704233093
10.7148259009999 0.228636825635268
10.7261165499999 0.280802943791921
10.7374071989999 0.318765418733055
10.7486978479999 0.340659713212967
10.7599884969999 0.346886926946409
10.7712791459999 0.339557081140261
10.7825697949999 0.321855730187656
10.7938604439999 0.297426629420611
10.8051510929999 0.269847021272952
10.8164417419999 0.242247680908082
10.8277323909999 0.217101086333659
10.8390230399999 0.196172162360905
10.8503136889999 0.18060098284428
10.8616043379999 0.171068872674038
10.8728949869999 0.167990690474222
10.8841856359999 0.17167750038755
10.8954762849999 0.182424736902996
10.9067669339999 0.200499394754129
10.9180575829999 0.226022758955854
10.9293482319999 0.258769112523268
10.9406388809999 0.297921951833374
10.9519295299999 0.341844083482306
10.9632201789999 0.387923968597501
10.9745108279999 0.432556398964295
10.9858014769999 0.471301015492994
10.9970921259999 0.499238746911291
11.0083827749999 0.511516706294433
11.0196734239999 0.504040199351069
11.0309640729999 0.474240605889236
11.0422547219999 0.421824368710965
11.0535453709999 0.349395017891156
11.0648360199999 0.262839890825236
11.0761266689999 0.171387342747847
11.0874173179999 0.0872684258519635
11.0987079669999 0.0249571105344973
11.1099986159999 1.13488704043815e-005
11.1212892649999 0.027588556474801
11.1325799139999 0.120757546235679
11.1438705629999 0.288768566295219
11.1551612119999 0.535468393019088
11.1664518609999 0.858054130714274
11.1777425099999 1.24634497226981
11.1890331589999 1.68271535721912
11.2003238079999 2.14277776935647
11.2116144569999 2.59683318778104
11.2229051059999 3.01202826372118
11.2341957549999 3.35507838352239
11.2454864039999 3.59534331922349
11.2567770529999 3.70798540906638
11.2680677019999 3.67690633410335
11.2793583509999 3.49715285818797
11.2906489999999 3.17650711066688
