0 0
0.011290649 0
0.022581298 4.28665206656902e-006
0.033871947 6.73794769317653e-005
0.045162596 0.000410752342753176
0.056453245 0.00159097003403252
0.067743894 0.00468344833373186
0.079034543 0.0114388909251439
0.090325192 0.0243684541588104
0.101615841 0.0467192779368826
0.11290649 0.0823138397371558
0.124197139 0.135243504145822
0.135487788 0.209426842606066
0.146778437 0.308064481844669
0.158069086 0.433041841036332
0.169359735 0.584346589913605
0.180650384 0.75957675503443
0.191941033 0.953616434660786
0.203231682 1.15854814859278
0.214522331 1.36385396592214
0.22581298 1.55693271859865
0.237103629 1.72392975672926
0.248394278 1.85084156421423
0.259684927 1.92482342999461
0.270975576 1.93559782891432
0.282266225 1.87683770081744
0.293556874 1.74738549102976
0.304847523 1.55216792972114
0.316138172 1.30267933793218
0.327428821 1.01693277111189
0.33871947 0.718817236100264
0.350010119 0.436847939138517
0.361300768 0.202351297860268
0.372591417 0.0471826728783055
0.383882066 0.001127345489719
0.395172715 0.0891790347236067
0.406463364 0.328920474349758
0.417754013 0.72824340190037
0.429044662 1.28363817809641
0.440335311 1.97925519205094
0.45162596 2.78689204807605
0.462916609 3.66699494703355
0.474207258 4.57068406496459
0.485497907 5.44272693662994
0.496788556 6.2252977409449
0.508079205 6.86228132204334
0.519369854 7.30381601372541
0.530660503 7.51072537182746
0.541951152 7.45847091710103
0.553241801 7.14026924127706
0.56453245 6.56905836405213
0.575823099 5.77806860429872
0.587113747999999 4.81984850107942
0.598404396999999 3.76371023344177
0.609695045999999 2.6916833665134
0.620985694999999 1.69319107124857
0.632276343999999 0.858779068964503
0.643566992999999 0.273324452417181
0.654857641999999 0.00922024599267533
0.666148290999999 0.120064892111878
0.677438939999999 0.635379064403773
0.688729588999999 1.55682357031864
0.700020237999999 2.85630315478942
0.711310886999999 4.47621661013285
0.722601535999999 6.33196168687644
0.733892184999999 8.3166344431455
0.745182833999999 10.3076893103792
0.756473482999999 12.1751617155278
0.767764131999999 13.790912966238
0.779054780999999 15.0382495472323
0.790345429999999 15.821206128586
0.801636078999999 16.0727705491969
0.812926727999999 15.7613731769042
0.824217376999999 14.8950615605763
0.835508025999999 13.5229290940352
0.846798674999999 11.7335543500446
0.858089323999999 9.65042312922689
0.869379972999999 7.42453273213658
0.880670621999999 5.22460053265831
0.891961270999999 3.22549929442611
0.903251919999999 1.59570350524967
0.914542568999999 0.48464027911921
0.925833217999999 0.0108845358254255
0.937123866999999 0.252115084132244
0.948414515999999 1.23765484442938
0.959705164999999 2.94425903354185
0.970995813999999 5.295599196041
0.982286462999999 8.1656326804931
0.993577111999999 11.3857644662706
1.004867761 14.7554216124363
1.01615841 18.0553915398815
1.027449059 21.0630448292969
1.038739708 23.5683900032231
1.050030357 25.3898069616015
1.061321006 26.3882875030668
1.072611655 26.479079942616
1.083902304 25.6397880744393
1.095192953 23.9142040155185
1.106483602 21.4114451788051
1.117774251 18.3002980461749
1.1290649 14.7990220566387
1.140355549 11.1612102001227
1.151646198 7.65861297233961
1.162936847 4.56208505658505
1.174227496 2.12198886954648
1.185518145 0.549470569196644
1.196808794 3.42068565970229e-006
1.208099443 0.560469066977287
1.219390092 2.24082545911938
1.230680741 4.97110460852378
1.24197139 8.60411419386344
1.253262039 12.9238099376458
1.264552688 17.6588896307295
1.275843337 22.5007652379944
1.287133986 27.1247263807077
1.298424635 31.2128433464353
1.309715284 34.4769922173877
1.321005933 36.6803334968914
1.332296582 37.6556454215028
1.343587231 37.3191018570806
1.35487788 35.6783813348254
1.366168529 32.8343791953329
1.377459178 28.9762427768086
1.388749827 24.3699286834295
1.400040476 19.3409569592089
1.411331125 14.2524744925472
1.422621774 9.48010624577206
1.433912423 5.38533951787765
1.445203072 2.289331695977
1.456493721 0.449042577686605
1.46778437 0.0374647104237021
1.479075019 1.12946572948537
1.490365668 3.69438162709986
1.501656317 7.59603429820048
1.512946966 12.6003227699596
1.524237615 18.3899923215118
1.535528264 24.5856586001681
1.546818913 30.7716936247716
1.558109562 36.5252025814244
1.569400211 41.4460638112173
1.58069086 45.1858902612565
1.591981509 47.4738097839084
1.603272158 48.1371538858833
1.614562807 47.1154785277743
1.625853456 44.4667944943904
1.637144105 40.365427720668
1.648434754 35.0915237950396
1.659725403 29.0128133701596
1.671016052 22.5598227836383
1.682306701 16.1962050859897
1.69359735 10.3862440885756
1.704887999 5.56181888460646
1.716178648 2.0911894075607
1.727469297 0.251867304806565
1.738759946 0.209575258519041
1.750050595 2.00488846730527
1.761341244 5.54862189961812
1.772631893 10.6264128740399
1.783922542 16.9122938270434
1.795213191 23.9904016267257
1.80650384 31.3833744625027
1.817794489 38.5854888994826
1.829085138 45.0982253571667
1.840375787 50.4657480056388
1.851666436 54.3077614023541
1.862957085 56.3473649026281
1.874247734 56.4318575812594
1.885538383 54.5449290825058
1.896829032 50.8092722815454
1.908119681 45.4793298244949
1.91941033 38.9245905312148
1.930700979 31.6045328166849
1.941991628 24.0369213779285
1.953282277 16.7616558032605
1.964572926 10.302708901195
1.975863575 5.13085256948755
1.987154224 1.62983679223972
1.998444873 0.0684635000937967
2.009735522 0.580596035682952
2.021026171 3.1545942257428
2.03231682 7.63300299715597
2.043607469 13.7225958487646
2.054898118 21.0141350826757
2.066188767 29.0105115934079
2.077479416 37.1613187713705
2.088770065 44.9014420598718
2.100060714 51.6909428231771
2.111351363 57.0534053116979
2.122642012 60.6100077573108
2.133932661 62.1068675960636
2.14522331 61.4336768911166
2.156513959 58.6322547405826
2.167804608 53.894355733747
2.179095257 47.5488367564215
2.190385906 40.0390441105388
2.201676555 31.8919844681387
2.212967204 23.6814360210553
2.224257853 15.9875973120669
2.235548502 9.35612837469706
2.246839151 4.25949280904125
2.2581298 1.06335566115639
2.269420449 0.00044075992906244
2.280711098 1.15372703620369
2.292001747 4.4502033503956
2.303292396 9.66565240692461
2.314583045 16.4401498756013
2.325873694 24.3032009945185
2.337164343 32.7067484647019
2.348454992 41.0637218288605
2.359745641 48.7894003427515
2.37103629 55.3426573691088
2.382326939 60.2641594155102
2.39361758800001 63.2088069684114
2.40490823700001 63.9701121132579
2.41619888600001 62.4947805164868
2.42748953500001 58.8864617775214
2.43878018400001 53.3984026308804
2.45007083300001 46.415526861777
2.46136148200001 38.427217609468
2.47265213100001 29.992738197843
2.48394278000001 21.7017495572429
2.49523342900001 14.1327284606613
2.50652407800001 7.81223660732979
2.51781472700001 3.17792586034503
2.52910537600001 0.547894608256277
2.54039602500001 0.0985539369824745
2.55168667400001 1.8525530317521
2.56297732300001 5.6775948485981
2.57426797200001 11.2961972005492
2.58555862100001 18.3056765969483
2.59684927000001 26.2069080526855
2.60813991900001 34.439795243575
2.61943056800001 42.4229157215849
2.63072121700001 49.594518485041
2.64201186600001 55.4519659175968
2.65330251500001 59.586834301978
2.66459316400001 61.7132072294193
2.67588381300001 61.6871905689173
2.68717446200001 59.5163101546873
2.69846511100001 55.3581781804475
2.70975576000001 49.5085792385406
2.72104640900001 42.3798771736807
2.73233705800001 34.4713259313253
2.74362770700001 26.3334330356486
2.75491835600001 18.5289335130902
2.76620900500001 11.5931566866066
2.77749965400001 5.99659339316196
2.78879030300001 2.1122962918949
2.80008095200001 0.190384830609487
2.81137160100001 0.341406167140813
2.82266225000001 2.52966215868129
2.83395289900001 6.57689708592975
2.84524354800001 12.176002700161
2.85653419700001 18.9136893359588
2.86782484600001 26.3004445152991
2.87911549500001 33.8055978106624
2.89040614400001 40.8949675810914
2.90169679300001 47.0684046776315
2.91298744200001 51.8945801881749
2.92427809100001 55.0405847397313
2.93556874000001 56.2942983207502
2.94685938900002 55.5780224652155
2.95815003800002 52.9525015425875
2.96944068700002 48.6111504875416
2.98073133600002 42.8650027164774
2.99202198500002 36.1195444386693
3.00331263400002 28.8451639679566
3.01460328300002 21.5433778053594
3.02589393200002 14.7112697042214
3.03718458100002 8.80667685403478
3.04847523000002 4.21657377860146
3.05976587900002 1.23084764708769
3.07105652800002 0.0232488746248854
3.08234717700002 0.640769284588892
3.09363782600002 3.00208620331323
3.10492847500002 6.90505954858497
3.11621912400002 12.0426272532614
3.12750977300002 18.0258579347534
3.13880042200002 24.412429713097
3.15009107100002 30.7384441630884
3.16138172000002 36.5512784412248
3.17267236900002 41.4411391668569
3.18396301800002 45.0691090568927
3.19525366700002 47.1897600418895
3.20654431600002 47.6668220899861
3.21783496500002 46.4809135118562
3.22912561400002 43.7289176290175
3.24041626300002 39.6151899823728
3.25170691200002 34.4353565804293
3.26299756100002 28.5539762189348
3.27428821000002 22.3777530689655
3.28557885900002 16.3262716715019
3.29686950800002 10.8023669353949
3.30816015700002 6.16422920964135
3.31945080600002 2.70118260097041
3.33074145500002 0.614777707133666
3.34203210400002 0.00643155553229092
3.35332275300002 0.872359065801075
3.36461340200002 3.10600826027619
3.37590405100002 6.50767464601685
3.38719470000002 10.8004672025602
3.39848534900002 15.651364573396
3.40977599800002 20.6957650544999
3.42106664700002 25.5637197811501
3.43235729600002 29.905957982305
3.44364794500002 33.4178692684923
3.45493859400002 35.859793719101
3.46622924300002 37.0722699226562
3.47751989200002 36.9852801497773
3.48881054100003 35.6209806173282
3.50010119000003 33.0898798004772
3.51139183900003 29.5808942920002
3.52268248800003 25.34613651338
3.53397313700003 20.6816421403953
3.54526378600003 15.9055037314078
3.55655443500003 11.3350244608436
3.56784508400003 7.26453419939555
3.57913573300003 3.9454203688855
3.59042638200003 1.56972746605175
3.60171703100003 0.25838894768621
3.61300768000003 0.0547965460957473
3.62429832900003 0.924012637595968
3.63558897800003 2.75752085372356
3.64687962700003 5.3830185523981
3.65817027600003 8.57840974190952
3.66946092500003 12.0888821440406
3.68075157400003 15.6457651391095
3.69204222300003 18.9857773301858
3.70333287200003 21.8692868881498
3.71462352100003 24.0963206544513
3.72591417000003 25.5192581192341
3.73720481900003 26.0514167743801
3.74849546800003 25.6710542807319
3.75978611700003 24.4206558222216
3.77107676600003 22.4017163836975
3.78236741500003 19.76554282159
3.79365806400003 16.7008675149209
3.80494871300003 13.4192663150784
3.81623936200003 10.1394960647446
3.82753001100003 7.07190486054144
3.83882066000003 4.40402161018198
3.85011130900003 2.28830657753985
3.86140195800003 0.832853322950426
3.87269260700003 0.0955909958628951
3.88398325600003 0.0822636997299659
3.89527390500003 0.748181579949461
3.90656455400003 2.00346731716911
3.91785520300003 3.72128120406548
3.92914585200003 5.7483143617157
3.94043650100003 7.91670527311676
3.95172715000003 10.0564672106005
3.96301779900003 12.0075156351204
3.97430844800003 13.630452382394
3.98559909700003 14.8153897739015
3.99688974600003 15.4882710168904
4.00818039500003 15.6143486961712
4.01947104400003 15.1987043262661
4.03076169300004 14.2839118479212
4.04205234200004 12.9451504385957
4.05334299100004 11.2832428613502
4.06463364000004 9.41622356328599
4.07592428900004 7.47011830239179
4.08721493800004 5.56964078015448
4.09850558700004 3.82948232411567
4.10979623600004 2.34679279004388
4.12108688500004 1.19533265454678
4.13237753400004 0.421628523960641
4.14366818300004 0.043299496937383
4.15495883200004 0.0495531847826878
4.16624948100004 0.403690571657907
4.17754013000004 1.04731983411292
4.18883077900004 1.90587015234782
4.20012142800004 2.89492409687972
4.21141207700004 3.92685489228209
4.22270272600004 4.9172630178254
4.23399337500004 5.79075235981991
4.24528402400004 6.4856638966356
4.25657467300004 6.95748691817315
4.26786532200004 7.18078484366858
4.27915597100004 7.14959492950401
4.29044662000004 6.87637882234443
4.30173726900004 6.38970518537672
4.31302791800004 5.73092923038328
4.32431856700004 4.95019169250565
4.33560921600004 4.10208870179784
4.34689986500004 3.24136369815982
4.35819051400004 2.41894491316536
4.36948116300004 1.67860097472981
4.38077181200004 1.05441847428244
4.39206246100004 0.569225545411297
4.40335311000004 0.234001785577509
4.41464375900004 0.048234218248674
4.42593440800004 0.00110774668686746
4.43722505700004 0.0733618152643401
4.44851570600004 0.239606356794018
4.45980635500004 0.47087141160637
4.47109700400004 0.737166114494752
4.48238765300004 1.00984243563238
4.49367830200004 1.26359406838655
4.50496895100004 1.47796703066911
4.51625960000004 1.63831107524746
4.52755024900004 1.73615487284867
4.53884089800004 1.76903837054535
4.55013154700004 1.73987861586147
4.56142219600004 1.65597752384933
4.57271284500005 1.52779958756877
4.58400349400005 1.36765371612778
4.59529414300005 1.18840681668094
4.60658479200005 1.0023391329118
4.61787544100005 0.820225323435458
4.62916609000005 0.650694014036812
4.64045673900005 0.499885546190338
4.65174738800005 0.371396237610648
4.66303803700005 0.266470625453961
4.67432868600005 0.18438316391426
4.68561933500005 0.122939124135702
4.69690998400005 0.0790214773857428
4.70820063300005 0.0491158735716537
4.71949128200005 0.0297581568516328
4.73078193100005 0.0178662274455653
4.74207258000005 0.0109380807035085
4.75336322900005 0.00711799846375778
4.76465387800005 0.00515072984045216
4.77594452700005 0.00425705910308416
4.78723517600005 0.00397198915938797
4.79852582500005 0.00398817326904479
4.80981647400005 0.00404229732551667
4.82110712300005 0.00387170468121555
4.83239777200005 0.00325417220917531
4.84368842100005 0.00212737116957916
4.85497907000005 0.000768404935418849
4.86626971900005 1.21450173272298e-007
4.87756036800005 0.00138159753831729
4.88885101700005 0.00733673447966735
4.90014166600005 0.0211780651286779
4.91143231500005 0.0469926466892627
4.92272296400005 0.0893724890114301
4.93401361300005 0.15299179220033
4.94530426200005 0.24205518797013
4.95659491100005 0.359662661773594
4.96788556000005 0.50715522271048
4.97917620900005 0.683518198084332
4.99046685800005 0.884924220536963
5.00175750700005 1.10449420545702
5.01304815600005 1.33234142528173
5.02433880500005 1.55594170343595
5.03562945400005 1.76084329823627
5.04692010300005 1.931695654074
5.05821075200005 2.05354000612534
5.06950140100005 2.11327042138078
5.08079205000005 2.1011449404418
5.09208269900005 2.01220649898281
5.10337334800005 1.84746509424868
5.11466399700006 1.61469813035135
5.12595464600006 1.32874575641881
5.13724529500006 1.01121170114039
5.14853594400006 0.689525635131991
5.15982659300006 0.395377211397934
5.17111724200006 0.16259033659835
5.18240789100006 0.0245638729006096
5.19369854000006 0.0114565073962412
5.20498918900006 0.14733375349186
5.21627983800006 0.447519405495668
5.22757048700006 0.916398787744928
5.23886113600006 1.54590483609643
5.25015178500006 2.31488018935979
5.26144243400006 3.18945070696023
5.27273308300006 4.12447168671219
5.28402373200006 5.06602272719478
5.29531438100006 5.95483718339122
5.30660503000006 6.73046486560752
5.31789567900006 7.33588965290786
5.32918632800006 7.72226427582294
5.34047697700006 7.85338888867477
5.35176762600006 7.70955280605587
5.36305827500006 7.2903824285839
5.37434892400006 6.61639300504075
5.38563957300006 5.72902496714653
5.39693022200006 4.68905210868903
5.40822087100006 3.57337160189216
5.41951152000006 2.47031572865646
5.43080216900006 1.47375211838925
5.44209281800006 0.67635275605637
5.45338346700006 0.162502086762965
5.46467411600006 0.00137257634180621
5.47596476500006 0.2407155910415
5.48725541400006 0.901892691446833
5.49854606300006 1.97660685599057
5.50983671200006 3.42568762401226
5.52112736100006 5.18014488806581
5.53241801000006 7.14454229038632
5.54370865900006 9.20256452580186
5.55499930800006 11.2244765615331
5.56628995700006 13.0760107141556
5.57758060600006 14.6280830855596
5.58887125500006 15.7666459279279
5.60016190400006 16.4019364129119
5.61145255300006 16.4763909575337
5.62274320200006 15.9705596310974
5.63403385100006 14.9064748165286
5.64532450000006 13.3480954721036
5.65661514900007 11.3986522887014
5.66790579800007 9.19494569559064
5.67919644700007 6.89888160434475
5.69048709600007 4.68675138555026
5.70177774500007 2.73695537636066
5.71306839400007 1.21701724869801
5.72435904300007 0.270826653704404
5.73564969200007 0.0070704459151908
5.74694034100007 0.489764015441354
5.75823099000007 1.73167466527252
5.76952163900007 3.69124485658922
5.78081228800007 6.27338596447314
5.79210293700007 9.33423887008143
5.80339358600007 12.6897056086769
5.81468423500007 16.1272677986062
5.82597488400007 19.4203445923724
5.83726553300007 22.3442261579868
5.84855618200007 24.6924661810937
5.85984683100007 26.2925423038916
5.87113748000007 27.0196050934203
5.88242812900007 26.8072361384225
5.89371877800007 25.6543197014859
5.90500942700007 23.6273890342313
5.91630007600007 20.8581211976808
5.92759072500007 17.5360014712277
5.93888137400007 13.8965353686949
5.95017202300007 10.2057265996987
5.96146267200007 6.741837149684
5.97275332100007 3.77567753198271
5.98404397000007 1.55082195171892
5.99533461900007 0.265191174489202
6.00662526800007 0.0553888440604981
6.01791591700007 0.985016026258171
6.02920656600007 3.03793282944084
6.04049721500007 6.11710134188426
6.05178786400007 10.0492534081729
6.06307851300007 14.5952072961307
6.07436916200007 19.465239303885
6.08565981100007 24.3385307306898
6.09695046000007 28.8853866940145
6.10824110900007 32.7906865075961
6.11953175800007 35.7768954178203
6.13082240700007 37.6249566897102
6.14211305600007 38.1914950932431
6.15340370500007 37.4209925316881
6.16469435400007 35.3519298307533
6.17598500300007 32.1163035498568
6.18727565200007 27.9323945377983
6.19856630100008 23.0911527265762
6.20985695000008 17.9370350183029
6.22114759900008 12.8445550999696
6.23243824800008 8.19214358925182
6.24372889700008 4.33514741070365
6.25501954600008 1.57989951405476
6.26631019500008 0.160753784108902
6.27760084400008 0.221805020304658
6.28889149300008 1.80471012238427
6.30018214200008 4.84361368945163
6.31147279100008 9.1676870963175
6.32276344000008 14.5112492212879
6.33405408900008 20.5308879148445
6.34534473800008 26.8284838972623
6.35663538700008 32.9785913556918
6.36792603600008 38.5582859601782
6.37921668500008 43.1773782330813
6.39050733400008 46.5068260085551
6.40179798300008 48.3032713874316
6.41308863200008 48.4278711529967
6.42437928100008 46.8579699379599
6.43566993000008 43.6906571679792
6.44696057900008 39.1378180601463
6.45825122800008 33.5128956388556
6.46954187700008 27.2101813993768
6.48083252600008 20.6780032175462
6.49212317500008 14.3876396404873
6.50341382400008 8.80012503718341
6.51470447300008 4.33329407399145
6.52599512200008 1.33143107306291
6.53728577100008 0.0397363882736175
6.54857642000008 0.585506713163929
6.55986706900008 2.96746981304845
6.57115771800008 7.05414767620264
6.58244836700008 12.5914850376819
6.59373901600008 19.2193178073615
6.60502966500008 26.4956157104023
6.61632031400008 33.9268619854388
6.62761096300008 41.0024724277012
6.63890161200008 47.2308410197149
6.65019226100008 52.174454329528
6.66148291000008 55.4815542089618
6.67277355900008 56.9120474520029
6.68406420800008 56.3557481655957
6.69535485700008 53.8415675423326
6.70664550600008 49.5368998459709
6.71793615500008 43.7371480766554
6.72922680400008 36.8460384949928
6.74051745300009 29.3480391881476
6.75180810200009 21.7747757758564
6.76309875100009 14.6677847127216
6.77438940000009 8.54022802518524
6.78568004900009 3.84029085664159
6.79697069800009 0.918886246266767
6.80826134700009 0.00400547261916709
6.81955199600009 1.18359608888598
6.83084264500009 4.39825493194117
6.84213329400009 9.44433162204757
6.85342394300009 15.9872984128263
6.86471459200009 23.5845075455603
6.87600524100009 31.7157803704769
6.88729589000009 39.8197024783741
6.89858653900009 47.3330776191513
6.90987718800009 53.7307515108173
6.92116783700009 58.5629732420194
6.93245848600009 61.4876211461772
6.94374913500009 62.2949715101092
6.95503978400009 60.9232080993806
6.96633043300009 57.4635218230806
6.97762108200009 52.1543868369431
6.98891173100009 45.3653695175997
7.00020238000009 37.5715749198409
7.01149302900009 29.3205077722063
7.02278367800009 21.1936732118873
7.03407432700009 13.7656264900617
7.04536497600009 7.56337262703501
7.05665562500009 3.02900202300176
7.06794627400009 0.488226710846061
7.07923692300009 0.127069485843023
7.09052757200009 1.97838356357932
7.10181822100009 5.91918443757081
7.11310887000009 11.6790077982286
7.12439951900009 18.858722581364
7.13569016800009 26.9584826233655
7.14698081700009 35.4128474917137
7.15827146600009 43.6305897501723
7.16956211500009 51.0363691704965
7.18085276400009 57.1113185492575
7.19214341300009 61.4296607639024
7.20343406200009 63.6887573131452
7.21472471100009 63.7304548736829
7.22601536000009 61.5522150705809
7.23730600900009 57.3072394583374
7.24859665800009 51.2935846354783
7.25988730700009 43.933045438257
7.27117795600009 35.7413112609816
7.2824686050001 27.2915197563076
7.2937592540001 19.1737992821512
7.3050499030001 11.9536732383978
7.3163405520001 6.13227596373324
7.3276312010001 2.1111959755273
7.3389218500001 0.164427965811084
7.3502124990001 0.419404403950087
7.3615031480001 2.84842771581948
7.3727937970001 7.27108159113089
7.3840844460001 13.3674183166735
7.3953750950001 20.7009541176534
7.4066657440001 28.7498109274101
7.4179563930001 36.9437701322858
7.4292470420001 44.704592177676
7.4405376910001 51.4867343040256
7.4518283400001 56.8155822137788
7.4631189890001 60.3205004994535
7.4744096380001 61.7603868106366
7.4857002870001 61.0399579944925
7.4969909360001 58.2156632416724
7.5082815850001 53.4908613759746
7.5195722340001 47.2006634539068
7.5308628830001 39.7875731073095
7.5421535320001 31.7697035268806
7.5534441810001 23.7038659707469
7.5647348300001 16.1461741249687
7.5760254790001 9.61296762261108
7.5873161280001 4.54481641599098
7.5986067770001 1.27612979580774
7.6098974260001 0.0124779933261589
7.6211880750001 0.817171438202673
7.6324787240001 3.60797413356617
7.6437693730001 8.1641017810191
7.6550600220001 14.1429245021881
7.6663506710001 21.1051104703666
7.6776413200001 28.5463588948145
7.6889319690001 35.9334197526126
7.7002226180001 42.7418144545736
7.7115132670001 48.4925749906579
7.7228039160001 52.7854142278303
7.7340945650001 55.3260183498265
7.7453852140001 55.9455923154295
7.7566758630001 54.6113576866329
7.7679665120001 51.4273573711284
7.7792571610001 46.6256160740516
7.7905478100001 40.5483885916173
7.8018384590001 33.6228518389746
7.8131291080001 26.3301168089768
7.82441975700011 19.1708175204537
7.83571040600011 12.6297498370115
7.84700105500011 7.1420703376152
7.85829170400011 3.06342366115754
7.86958235300011 0.646058226066968
7.88087300200011 0.0225390384936802
7.89216365100011 1.1981064686216
7.90345430000011 4.05210277044255
7.91474494900011 8.34823941142365
7.92603559800011 13.7528545813889
7.93732624700011 19.859755767407
7.94861689600011 26.2197956555961
7.95990754500011 32.3730212285125
7.97119819400011 37.8810858084747
7.98248884300011 42.3576303591136
7.99377949200011 45.4945199326588
8.00507014100011 47.0821484372378
8.01636079000011 47.022474232777
8.02765143900011 45.3339864221033
8.03894208800011 42.1483872781691
8.0502327370001 37.6993674039435
8.0615233860001 32.3044046098033
8.0728140350001 26.3409960979107
8.0841046840001 20.2191034357371
8.0953953330001 14.3518264134599
8.1066859820001 9.12641063425884
8.1179766310001 4.87763087500098
8.1292672800001 1.86538511964519
8.1405579290001 0.258000186462257
8.1518485780001 0.122315312870913
8.1631392270001 1.42110793699822
8.1744298760001 4.01789346513303
8.1857205250001 7.68860674856204
8.1970111740001 12.1391946671506
8.2083018230001 17.0277499609258
8.21959247200009 21.9895232422395
8.23088312100009 26.6629817613675
8.24217377000009 30.7150494190139
8.25346441900009 33.8637622905248
8.26475506800009 35.8967974925873
8.27604571700009 36.6846618299651
8.28733636600009 36.1877343966876
8.29862701500009 34.4568131342385
8.30991766400009 31.6272854598841
8.32120831300009 27.9074934014435
8.33249896200009 23.5622623526447
8.34378961100009 18.8928822074847
8.35508026000009 14.2150492057509
8.36637090900009 9.83638301621937
8.37766155800009 6.03512160021212
8.38895220700008 3.0414700915229
8.40024285600008 1.02285131814994
8.41153350500008 0.0739937854877739
8.42282415400008 0.212422572761883
8.43411480300008 1.37951789211323
8.44540545200008 3.44690470026736
8.45669610100008 6.22756366695913
8.46798675000008 9.49073509055498
8.47927739900008 12.9794444507046
8.49056804800008 16.4293265480516
8.50185869700008 19.587372904426
8.51314934600008 22.2292751305254
8.52443999500008 24.1741788510434
8.53573064400008 25.2958854206122
8.54702129300007 25.5298234980104
8.55831194200007 24.8754370377652
8.56960259100007 23.3939756766163
8.58089324000007 21.2020027846614
8.59218388900007 18.4612320877911
8.60347453800007 15.3655454207478
8.61476518700007 12.1262161029545
8.62605583600007 8.95645450937961
8.63734648500007 6.05640067225324
8.64863713400007 3.59961549334226
8.65992778300007 1.72197555488916
8.67121843200007 0.513669863629435
8.68250908100007 0.0147473601989794
8.69379973000007 0.21439142576646
8.70509037900007 1.0538226595836
8.71638102800006 2.43247404908877
8.72767167700006 4.21686142341507
8.73896232600006 6.25140156967194
8.75025297500006 8.37032110276473
8.76154362400006 10.4097567004818
8.77283427300006 12.2191720830054
8.78412492200006 13.6713045777588
8.79541557100006 14.6699952541051
8.80670622000006 15.1554388087779
8.81799686900006 15.1065974703938
8.82928751800006 14.5407407093741
8.84057816700006 13.5102830129886
8.85186881600006 12.0972801605261
8.86315946500006 10.4060973743212
8.87445011400006 8.55487068618825
8.88574076300005 6.66643989736731
8.89703141200005 4.85943575675267
8.90832206100005 3.24015761765958
8.91961271000005 1.89578674440956
8.93090335900005 0.889353609543501
8.94219400800005 0.256726208864077
8.95348465700005 0.00572319855574165
8.96477530600005 0.117293396040631
8.97606595500005 0.548554051960644
8.98735660400005 1.23735486144723
8.99864725300005 2.10794116855782
9.00993790200005 3.07723360014821
9.02122855100005 4.06122468237671
9.03251920000005 4.9810149294079
9.04380984900004 5.76806760945999
9.05510049800004 6.36834656856404
9.06639114700004 6.74510694751226
9.07768179600004 6.88022505803009
9.08897244500004 6.77407144963056
9.10026309400004 6.44404109845481
9.11155374300004 5.92194862619256
9.12284439200004 5.25056817287622
9.13413504100004 4.47964279330055
9.14542569000004 3.66170516187274
9.15671633900004 2.84804045917211
9.16800698800004 2.08508627109585
9.17929763700004 1.41150770262089
9.19058828600004 0.856114611046158
9.20187893500004 0.436708627986471
9.21316958400003 0.159867408706506
9.22446023300003 0.0215988950412663
9.23575088200003 0.00873498691139772
9.24704153100003 0.100886261578111
9.25833218000003 0.27275003999899
9.26962282900003 0.496554228041672
9.28091347800003 0.744428299189848
9.29220412700003 0.990518330460859
9.30349477600003 1.21270169000302
9.31478542500003 1.39380445693425
9.32607607400003 1.52227613656725
9.33736672300003 1.59232692137221
9.34865737200003 1.6035782648969
9.35994802100003 1.56031428882817
9.37123867000003 1.47044699049678
9.38252931900002 1.3443210294991
9.39381996800002 1.19348397158519
9.40511061700002 1.02953635823618
9.41640126600002 0.863154953974758
9.42769191500002 0.70335484118844
9.43898256400002 0.557024946882903
9.45027321300002 0.428740443312236
9.46156386200002 0.320827365405204
9.47285451100002 0.233632299529012
9.48414516000002 0.165934932732813
9.49543580900002 0.115434529926376
9.50672645800002 0.079243015518479
9.51801710700002 0.0543263821840192
9.52930775600002 0.0378509976055858
9.54059840500001 0.0274098628448178
9.55188905400001 0.0211235492931716
9.56317970300001 0.017628959243618
9.57447035200001 0.0159840373028912
9.58576100100001 0.0155264213646167
9.59705165000001 0.0157277464673614
9.60834229900001 0.0160826524467648
9.61963294800001 0.0160630263929223
9.63092359700001 0.0151548718549366
9.64221424600001 0.0129792383057917
9.65350489500001 0.00948201993252331
9.66479554400001 0.00516240234606197
9.67608619300001 0.00129840594228916
9.68737684200001 0.000122052652396058
9.69866749100001 0.00489727054526001
9.70995814 0.0198611006706059
9.721248789 0.0500026200401024
9.732539438 0.100672986948852
9.743830087 0.177042206458965
9.755120736 0.283441159759999
9.766411385 0.422648440636204
9.777702034 0.595197922510943
9.788992683 0.798792388390773
9.800283332 1.02790923531411
9.811573981 1.27367527514609
9.82286463 1.52406902570116
9.834155279 1.76448168190324
9.845445928 1.97863422723869
9.856736577 2.14981078859596
9.868027226 2.26233086032128
9.87931787499999 2.30314923331052
9.89060852399999 2.26344611119609
9.90189917299999 2.14005429509266
9.91318982199999 1.93656800153367
9.92448047099999 1.66399028945429
9.93577111999999 1.3408033548452
9.94706176899999 0.992386844427038
9.95835241799999 0.649761197257961
9.96964306699999 0.347691969025372
9.98093371599999 0.122252295477661
9.99222436499999 0.00799870116800841
10.003515014 0.0349648302353171
10.014805663 0.225713215330954
10.026096312 0.592702622438731
10.037386961 1.13622483384918
10.04867761 1.84313863795245
10.059968259 2.68658084479459
10.071258908 3.62676685682126
10.082549557 4.61291106931054
10.093840206 5.58620612289113
10.105130855 6.48370692523424
10.116421504 7.24287817669613
10.127712153 7.80649065517562
10.139002802 8.12749885820833
10.150293451 8.17350658025653
10.1615841 7.930431562101
10.172874749 7.40501711519906
10.184165398 6.62590664177405
10.195456047 5.64309263649405
10.206746696 4.52566896504428
10.218037345 3.35794573549062
10.229327994 2.23412010999332
10.240618643 1.25182330212645
10.251909292 0.504973106660491
10.263199941 0.0764428054210302
10.27449059 0.0311030727537722
10.285781239 0.409797897742701
10.297071888 1.22477590346153
10.308362537 2.45701552205524
10.319653186 4.05576052170538
10.330943835 5.94042894839077
10.342234484 8.00488409442851
10.353525133 10.1238732739916
10.364815782 12.1612628906513
10.376106431 13.9795406754062
10.38739708 15.4499313313038
10.398687729 16.4623914529227
10.409978378 16.9347218608024
10.421269027 16.8200650343737
10.432559676 16.112142514818
10.443850325 14.847727883183
10.455140974 13.1060367606199
10.466431623 11.0049339255588
10.477722272 8.69409373196347
10.489012921 6.3454861845596
10.50030357 4.14177919556284
10.511594219 2.26343027339946
10.522884868 0.875372757905963
10.534175517 0.114270588569751
10.545466166 0.0773136927031193
10.556756815 0.813450742388695
10.568047464 2.31781009440641
10.579338113 4.52985153082924
10.590628762 7.33553434767611
10.601919411 10.5734989930036
10.61321006 14.0449604461823
10.6245007089999 17.526724015155
10.6357913579999 20.7864802773037
10.6470820069999 23.5993357992307
10.6583726559999 25.7644069639056
10.6696633049999 27.1202578617811
10.6809539539999 27.5580060684778
10.6922446029999 27.0310520235572
10.7035352519999 25.5606017242835
10.7148259009999 23.2364352423381
10.7261165499999 20.2127062593642
10.7374071989999 16.6989171644731
10.7486978479999 12.9465743144587
10.7599884969999 9.23236203387093
10.7712791459999 5.83895618269217
10.7825697949999 3.03480610588656
10.7938604439999 1.05432985020409
10.8051510929999 0.0799803863358339
10.8164417419999 0.227546278345454
10.8277323909999 1.53585273644446
10.8390230399999 3.9617400020932
10.8503136889999 7.380834396553
10.8616043379999 11.5942178692748
10.8728949869999 16.3406734760831
10.8841856359999 21.313768025302
10.8954762849999 26.1826601771239
10.9067669339999 30.6152211788396
10.9180575829999 34.3018501768748
10.9293482319999 36.9782741799805
10.9406388809999 38.4456538169669
10.9519295299999 38.5864707457387
10.9632201789999 37.3749425253421
10.9745108279999 34.8810788571539
10.9858014769999 31.2679346023391
10.9970921259999 26.7820991855863
11.0083827749999 21.7379543620506
11.0196734239999 16.4966969536853
11.0309640729999 11.4415254096993
11.0422547219999 6.95069811361247
11.0535453709999 3.37036264195247
11.0648360199999 0.9891122103347
11.0761266689999 0.0161413712795077
11.0874173179999 0.564650923148814
11.0987079669999 2.64180539911609
11.1099986159999 6.14609826485514
11.1212892649999 10.8724607872589
11.1325799139999 16.5248969457011
11.1438705629999 22.735878447442
11.1551612119999 29.0912309314958
11.1664518609999 35.158822265267
11.1777425099999 40.519058538702
11.1890331589999 44.7950271966985
11.2003238079999 47.6801142369222
11.2116144569999 48.961067083567
11.2229051059999 48.5347687640994
11.2341957549999 46.4174134804512
11.2454864039999 42.7452998762867
11.2567770529999 37.7670496827233
11.2680677019999 31.8276740796506
11.2793583509999 25.3455038008925
11.2906489999999 18.7835283568951
