0 0
0.011290649 0
0.022581298 2.39103092496881e-006
0.033871947 3.7748533389515e-005
0.045162596 0.000231544642363019
0.056453245 0.000904046146534693
0.067743894 0.00268769292552802
0.079034543 0.00664231593827632
0.090325192 0.0143467149180338
0.101615841 0.0279456388961694
0.11290649 0.0501341495678811
0.124197139 0.0840665281126533
0.135487788 0.133183926929086
0.146778437 0.200963298935281
0.158069086 0.290599045067713
0.169359735 0.404637503882435
0.180650384 0.544592040788567
0.191941033 0.710572298521059
0.203231682 0.900964477264515
0.214522331 1.11219982739797
0.22581298 1.33864558699732
0.237103629 1.57264636213662
0.248394278 1.80473468279374
0.259684927 2.02401768713956
0.270975576 2.21873334619592
0.282266225 2.37695528493139
0.293556874 2.48741115921551
0.304847523 2.54036683825201
0.316138172 2.52851841672826
0.327428821 2.44782732261578
0.33871947 2.29823128260313
0.350010119 2.08416617946874
0.361300768 1.81484108699188
0.372591417 1.50422084842536
0.383882066 1.17068696240856
0.395172715 0.83636739812344
0.406463364 0.526148118257508
0.417754013 0.266402144275824
0.429044662 0.083494401086054
0.440335311 0.00214072251299336
0.45162596 0.0437157369487665
0.462916609 0.224615503270958
0.474207258 0.554785621431656
0.485497907 1.03652335324135
0.496788556 1.66365274281336
0.508079205 2.42115498601032
0.519369854 3.28531301841124
0.530660503 4.22440059916293
0.541951152 5.19991361317344
0.553241801 6.16830678693639
0.56453245 7.08316463758166
0.575823099 7.89770347953379
0.587113747999999 8.56747389202733
0.598404396999999 9.05311221724146
0.609695045999999 9.32297710724843
0.620985694999999 9.35550411868621
0.632276343999999 9.14111857233276
0.643566992999999 8.68356444028436
0.654857641999999 8.000534336662
0.666148290999999 7.12352156612542
0.677438939999999 6.09685783015571
0.688729588999999 4.97594729843741
0.700020237999999 3.82475663149676
0.711310886999999 2.71266826855869
0.722601535999999 1.71084788970037
0.733892184999999 0.888313566328905
0.745182833999999 0.307921178203759
0.756473482999999 0.0224961253370032
0.767764131999999 0.0713437501040108
0.779054780999999 0.477359497707901
0.790345429999999 1.24493478070727
0.801636078999999 2.35881670922907
0.812926727999999 3.78403104503887
0.824217376999999 5.46692040928172
0.835508025999999 7.33728700300162
0.846798674999999 9.31156441173668
0.858089323999999 11.2968802305459
0.869379972999999 13.1958140591462
0.880670621999999 14.9116074712677
0.891961270999999 16.3535470253145
0.903251919999999 17.4422207928009
0.914542568999999 18.1143449727453
0.925833217999999 18.3268707389085
0.937123866999999 18.0601123287646
0.948414515999999 17.3196842974554
0.959705164999999 16.1370966107223
0.970995813999999 14.5689277391504
0.982286462999999 12.6945743183557
0.993577111999999 10.6126569127945
1.004867761 8.43624034395148
1.01615841 6.28709928314287
1.027449059 4.28932099115036
1.038739708 2.56258336115042
1.050030357 1.21547470111204
1.061321006 0.339229854219576
1.072611655 0.00224429065072485
1.083902304 0.245693900066232
1.095192953 1.08053477746017
1.106483602 2.48608689574428
1.117774251 4.41032180837669
1.1290649 6.77188189164137
1.140355549 9.46376220100237
1.151646198 12.3584911951067
1.162936847 15.314558817212
1.174227496 18.1837648722373
1.185518145 20.8191018618091
1.196808794 23.0827481360482
1.208099443 24.8537319883467
1.219390092 26.0348364885494
1.230680741 26.5583483824485
1.24197139 26.3903108511313
1.253262039 25.5330165578745
1.264552688 24.0255702490945
1.275843337 21.9424542635258
1.287133986 19.3901399598735
1.298424635 16.5018972064415
1.309715284 13.4310565267787
1.321005933 10.3430683857325
1.332296582 7.40677617576198
1.343587231 4.785369400832
1.35487788 2.62750822329831
1.366168529 1.05910819290936
1.377459178 0.176244375844743
1.388749827 0.0395785424731102
1.400040476 0.670634335095525
1.411331125 2.05014754393986
1.422621774 4.11860701790763
1.433912423 6.77898241175458
1.445203072 9.90151451183864
1.456493721 13.3303290107471
1.46778437 16.8915317938369
1.479075019 20.4023589197067
1.490365668 23.6808924308298
1.501656317 26.555817589741
1.512946966 28.8756903126114
1.524237615 30.5172060836244
1.535528264 31.3920124564167
1.546818913 31.4516837630105
1.558109562 30.6905747769196
1.569400211 29.1463844976197
1.58069086 26.8983856740925
1.591981509 24.0634033030158
1.603272158 20.7897490447812
1.614562807 17.2494314032928
1.625853456 13.6290572911534
1.637144105 10.1199138589798
1.648434754 6.90776605297412
1.659725403 4.16292260170314
1.671016052 2.03110997622046
1.682306701 0.625650967396007
1.69359735 0.0213741935668161
1.704887999 0.250586939682562
1.716178648 1.30133140780074
1.727469297 3.11801993361599
1.738759946 5.60441488624926
1.750050595 8.62879100968748
1.761341244 12.0309989705239
1.772631893 15.6310454321355
1.783922542 19.2387227925509
1.795213191 22.6637653228182
1.80650384 25.7259809016455
1.817794489 28.2648103232758
1.829085138 30.1477990288023
1.840375787 31.2775271701744
1.851666436 31.596629690211
1.862957085 31.0906437552632
1.874247734 29.7885404850045
1.885538383 27.760924808949
1.896829032 25.1160143896219
1.908119681 21.9936288581286
1.91941033 18.5575274959602
1.930700979 14.9865211390935
1.941991628 11.4648477560579
1.953282277 8.17233750530424
1.964572926 5.27490029826624
1.975863575 2.91584680792465
1.987154224 1.2085039270193
1.998444873 0.230510893233356
2.009735522 0.0200870174441463
2.021026171 0.574451635314569
2.03231682 1.85045779898178
2.043607469 3.76738001060474
2.054898118 6.21167969987575
2.066188767 9.04346656261287
2.077479416 12.1042850232135
2.088770065 15.2257876790638
2.100060714 18.238815098005
2.111351363 20.9823858073086
2.122642012 23.3121122420459
2.133932661 25.1075967814092
2.14522331 26.2784243012256
2.156513959 26.7684501154076
2.167804608 26.5581799029411
2.179095257 25.6651455721308
2.190385906 24.142291898568
2.201676555 22.0744969824039
2.212967204 19.5734491465007
2.224257853 16.7711884615681
2.235548502 13.8126881327052
2.246839151 10.8478961220427
2.2581298 8.02367850868377
2.269420449 5.47610247682458
2.280711098 3.32346915223455
2.292001747 1.66045678872862
2.303292396 0.55366625027548
2.314583045 0.0387775452134879
2.325873694 0.119433287815144
2.337164343 0.76786777293678
2.348454992 1.92720436429057
2.359745641 3.51525444220136
2.37103629 5.42957307418757
2.382326939 7.55346395387059
2.39361758800001 9.76258212785518
2.40490823700001 11.9317596020362
2.41619888600001 13.9416768837188
2.42748953500001 15.6850224418413
2.43878018400001 17.0718203483224
2.45007083300001 18.0336613387014
2.46136148200001 18.5266406629104
2.47265213100001 18.5328831976008
2.48394278000001 18.0606177740037
2.49523342900001 17.1428438301385
2.50652407800001 15.8347097631366
2.51781472700001 14.2097895834297
2.52910537600001 12.3554991388908
2.54039602500001 10.3679325842815
2.55168667400001 8.34642217144966
2.56297732300001 6.38812910543485
2.57426797200001 4.58296046437304
2.58555862100001 3.00907831802197
2.59684927000001 1.72922438467234
2.60813991900001 0.788029752071413
2.61943056800001 0.210417804995182
2.63072121700001 0.00114332034937801
2.64201186600001 0.145445570419291
2.65330251500001 0.610731938625643
2.66459316400001 1.34915437188508
2.67588381300001 2.30089680557785
2.68717446200001 3.39795965371491
2.69846511100001 4.56820892451378
2.70975576000001 5.73945302782255
2.72104640900001 6.84331957346993
2.73233705800001 7.81872631563999
2.74362770700001 8.61477307834226
2.75491835600001 9.19292263785692
2.76620900500001 9.52838537467056
2.77749965400001 9.61067205307871
2.78879030300001 9.4433283196218
2.80008095200001 9.04291055745209
2.81137160100001 8.43730303192177
2.82266225000001 7.66350870747079
2.83395289900001 6.76506916471995
2.84524354800001 5.78928178988578
2.85653419700001 4.78438459777482
2.86782484600001 3.79687108417917
2.87911549500001 2.86908037837167
2.89040614400001 2.03718318476001
2.90169679300001 1.32965346108373
2.91298744200001 0.766281633998504
2.92427809100001 0.357749670261072
2.93556874000001 0.105753739297442
2.94685938900002 0.00362858672500534
2.95815003800002 0.0374008629605506
2.96944068700002 0.187177901984353
2.98073133600002 0.428764750717247
2.99202198500002 0.735396043435762
3.00331263400002 1.07947053518014
3.01460328300002 1.43418422188473
3.02589393200002 1.77497204112129
3.03718458100002 2.08068689521476
3.04847523000002 2.3344666679545
3.05976587900002 2.52426339744036
3.07105652800002 2.64303219397348
3.08234717700002 2.68859932726414
3.09363782600002 2.66324782228704
3.10492847500002 2.57307384371392
3.11621912400002 2.42717739212891
3.12750977300002 2.23675602073415
3.13880042200002 2.01417041587531
3.15009107100002 1.77204612228689
3.16138172000002 1.52246709182222
3.17267236900002 1.27630499104907
3.18396301800002 1.0427143816823
3.19525366700002 0.828809131999267
3.20654431600002 0.639520864969144
3.21783496500002 0.477626950068408
3.22912561400002 0.343924391523041
3.24041626300002 0.237517630496384
3.25170691200002 0.156183181931736
3.26299756100002 0.0967723144522775
3.27428821000002 0.0556145295370104
3.28557885900002 0.0288890322443789
3.29686950800002 0.0129381313901077
3.30816015700002 0.00450483177434312
3.31945080600002 0.000885966916656181
3.33074145500002 1.23156700238995e-006
3.34203210400002 0.000386622569834241
3.35332275300002 0.00112740989328275
3.36461340200002 0.00175032552956633
3.37590405100002 0.00209686561953381
3.38719470000002 0.00219936009089354
3.39848534900002 0.00217890616782357
3.40977599800002 0.00217972522947553
3.42106664700002 0.00234849786927987
3.43235729600002 0.0028603975211302
3.44364794500002 0.00398658663604082
3.45493859400002 0.00619157709524291
3.46622924300002 0.0102437497653381
3.47751989200002 0.0173190256289867
3.48881054100003 0.02907656993118
3.50010119000003 0.0476866808991373
3.51139183900003 0.0757946380210469
3.52268248800003 0.11641001423371
3.53397313700003 0.172718340747154
3.54526378600003 0.247820431308668
3.55655443500003 0.344413380736012
3.56784508400003 0.464435443620025
3.57913573300003 0.608703869254628
3.59042638200003 0.776579585033222
3.60171703100003 0.965694785062006
3.61300768000003 1.17177858714663
3.62429832900003 1.38861179712883
3.63558897800003 1.60813455206033
3.64687962700003 1.82072055629625
3.65817027600003 2.01561938256726
3.66946092500003 2.18155470621792
3.68075157400003 2.30745236254212
3.69204222300003 2.38325884885227
3.70333287200003 2.40079943746828
3.71462352100003 2.35461646116476
3.72591417000003 2.24272346926054
3.73720481900003 2.06721049791842
3.74849546800003 1.83464003405922
3.75978611700003 1.55618242976624
3.77107676600003 1.24745324103204
3.78236741500003 0.928032567407267
3.79365806400003 0.620666979304794
3.80494871300003 0.350176786434315
3.81623936200003 0.142113774153278
3.82753001100003 0.0212355570135315
3.83882066000003 0.0098808091383071
3.85011130900003 0.126343373013719
3.86140195800003 0.383351377590917
3.87269260700003 0.786759078628102
3.88398325600003 1.33455362489483
3.89527390500003 2.01626625791047
3.90656455400003 2.81285795416351
3.91785520300003 3.69712407971713
3.92914585200003 4.63463255592055
3.94043650100003 5.58517702120499
3.95172715000003 6.50469249589101
3.96301779900003 7.34754826526561
3.97430844800003 8.06910328112883
3.98559909700003 8.62838543179537
3.99688974600003 8.99073939021986
4.00818039500003 9.13027988988815
4.01947104400003 9.03198918111569
4.03076169300004 8.6933094954119
4.04205234200004 8.12510337487418
4.05334299100004 7.35188584810522
4.06463364000004 6.4112711790677
4.07592428900004 5.35262125629011
4.08721493800004 4.23493015678321
4.09850558700004 3.12402723238214
4.10979623600004 2.0892262982488
4.12108688500004 1.19958825505708
4.13237753400004 0.519996059898591
4.14366818300004 0.107262074853593
4.15495883200004 0.00649671016392797
4.16624948100004 0.247962859992944
4.17754013000004 0.844622590260466
4.18883077900004 1.79055138468221
4.20012142800004 3.06035230902623
4.21141207700004 4.60964980397401
4.22270272600004 6.37668322104226
4.23399337500004 8.28495695535541
4.24528402400004 10.2468407290691
4.25657467300004 12.1679540016262
4.26786532200004 13.952116303096
4.27915597100004 15.5066038688998
4.29044662000004 16.7474251386185
4.30173726900004 17.6043155968783
4.31302791800004 18.0251573465003
4.32431856700004 17.9795510134778
4.33560921600004 17.4613063760982
4.34689986500004 16.4896717701148
4.35819051400004 15.1091882006769
4.36948116300004 13.3881287404612
4.38077181200004 11.4155631422566
4.39206246100004 9.29716717559682
4.40335311000004 7.14997139844975
4.41464375900004 5.0963104071714
4.42593440800004 3.25728697249565
4.43722505700004 1.7461024102949
4.44851570600004 0.661622459481251
4.45980635500004 0.0825452886071995
4.47109700400004 0.0625146243867249
4.48238765300004 0.626477192704178
4.49367830200004 1.76852167769487
4.50496895100004 3.45135933017238
4.51625960000004 5.6075182326984
4.52755024900004 8.1422288279701
4.53884089800004 10.9378828855125
4.55013154700004 13.8598570429946
4.56142219600004 16.7634107048554
4.57271284500005 19.5013012630539
4.58400349400005 21.9317114423786
4.59529414300005 23.9260572017506
4.60658479200005 25.3762419949504
4.61787544100005 26.2009449410485
4.62916609000005 26.3505758273223
4.64045673900005 25.810596752902
4.65174738800005 24.6029952405858
4.66303803700005 22.785792323169
4.67432868600005 20.4505761185102
4.68561933500005 17.7181608482037
4.69690998400005 14.7325769950937
4.70820063300005 11.6536943124938
4.71949128200005 8.64886012695268
4.73078193100005 5.88399603272706
4.74207258000005 3.51463294203078
4.75336322900005 1.67737510669347
4.76465387800005 0.482267190020684
4.77594452700005 0.00649529315104857
4.78723517600005 0.289785092137601
4.79852582500005 1.33177139931048
4.80981647400005 3.09150823849046
4.82110712300005 5.48917261255895
4.83239777200005 8.40989490668075
4.84368842100005 11.7095309888676
4.85497907000005 15.2220821585765
4.86626971900005 18.7683753341148
4.87756036800005 22.1655426500734
4.88885101700005 25.2367912423031
4.90014166600005 27.8209333590441
4.91143231500005 29.7811554477941
4.92272296400005 31.0125422978886
4.93401361300005 31.4479368128282
4.94530426200005 31.0618041557966
4.95659491100005 29.87187611618
4.96788556000005 27.9384717501986
4.97917620900005 25.3615170498444
4.99046685800005 22.2754125826815
5.00175750700005 18.8420167020477
5.01304815600005 15.2421164193515
5.02433880500005 11.6658424850983
5.03562945400005 8.30254486564826
5.04692010300005 5.33067621983993
5.05821075200005 2.90823233030417
5.06950140100005 1.16426955983848
5.08079205000005 0.191961803740179
5.09208269900005 0.0435762223500661
5.10337334800005 0.727642827413805
5.11466399700006 2.20847350584176
5.12595464600006 4.40805789994539
5.13724529500006 7.21023381924755
5.14853594400006 10.4669057223731
5.15982659300006 14.0059731534449
5.17111724200006 17.640538023158
5.18240789100006 21.1788904232892
5.19369854000006 24.4347310561684
5.20498918900006 27.2370766055352
5.21627983800006 29.4393130623541
5.22757048700006 30.9269100409806
5.23886113600006 31.623383738311
5.25015178500006 31.4941931881517
5.26144243400006 30.5483683991464
5.27273308300006 28.8377934679125
5.28402373200006 26.4541958977939
5.29531438100006 23.5240180244781
5.30660503000006 20.201460776944
5.31789567900006 16.6600877222005
5.32918632800006 13.0834531514882
5.34047697700006 9.65526781267087
5.35176762600006 6.54963719875616
5.36305827500006 3.92189909323034
5.37434892400006 1.90055002722263
5.38563957300006 0.580686700321233
5.39693022200006 0.0193019960498736
5.40822087100006 0.232670964115459
5.41951152000006 1.1959459741529
5.43080216900006 2.84495870854363
5.44209281800006 5.08010653043525
5.45338346700006 7.77208866708233
5.46467411600006 10.7691597014179
5.47596476500006 13.9054893254111
5.48725541400006 17.010162295816
5.49854606300006 19.9163238056449
5.50983671200006 22.4699743035802
5.52112736100006 24.5379438670567
5.53241801000006 26.0146277546512
5.54370865900006 26.82713852533
5.55499930800006 26.9386217138883
5.56628995700006 26.3495861569868
5.57758060600006 25.097210714851
5.58887125500006 23.2527000949212
5.60016190400006 20.9168675984155
5.61145255300006 18.2142161450651
5.62274320200006 15.2858658913789
5.63403385100006 12.2817331594604
5.64532450000006 9.35239847050156
5.65661514900007 6.64110981722384
5.66790579800007 4.27635091100831
5.67919644700007 2.36536438653321
5.69048709600007 0.988959507010175
5.70177774500007 0.197856563187751
5.71306839400007 0.0107305506290522
5.72435904300007 0.41402008879947
5.73564969200007 1.36346944501014
5.74694034100007 2.78727744631207
5.75823099000007 4.59064215926298
5.76952163900007 6.66141901822295
5.78081228800007 8.87655624191486
5.79210293700007 11.1089374885106
5.80339358600007 13.2342491693267
5.81468423500007 15.1374988395985
5.82597488400007 16.7188405612527
5.83726553300007 17.8984109053862
5.84855618200007 18.6199421696563
5.85984683100007 18.8529934908888
5.87113748000007 18.593721367423
5.88242812900007 17.8641939380104
5.89371877800007 16.7103334786342
5.90500942700007 15.1986445442678
5.91630007600007 13.4119470996972
5.92759072500007 11.4443816931379
5.93888137400007 9.3959849715476
5.95017202300007 7.3671473666851
5.96146267200007 5.45326039525727
5.97275332100007 3.73983954483275
5.98404397000007 2.29837194185183
5.99533461900007 1.1830885219344
6.00662526800007 0.428801493530269
6.01791591700007 0.0498831879688251
6.02920656600007 0.0403958150532134
6.04049721500007 0.375317061983554
6.05178786400007 1.01274750405735
6.06307851300007 1.89693560577905
6.07436916200007 2.96191722628231
6.08565981100007 4.13554079913766
6.09695046000007 5.34363770037225
6.10824110900007 6.51409985978625
6.11953175800007 7.58064268667054
6.13082240700007 8.48605938921548
6.14211305600007 9.18481064037496
6.15340370500007 9.64483866059028
6.16469435400007 9.84854420851869
6.17598500300007 9.7929156210566
6.18727565200007 9.48884790562099
6.19856630100008 8.9597341770752
6.20985695000008 8.23944905661456
6.22114759900008 7.36987213755824
6.23243824800008 6.39811801143846
6.24372889700008 5.37364703682693
6.25501954600008 4.34542809291825
6.26631019500008 3.35931169710625
6.27760084400008 2.45575035423315
6.28889149300008 1.66797458215108
6.30018214200008 1.02069979752156
6.31147279100008 0.529403414874528
6.32276344000008 0.200175423108419
6.33405408900008 0.0301115684128936
6.34534473800008 0.00818806897154686
6.35663538700008 0.116532146481436
6.36792603600008 0.331984782175484
6.37921668500008 0.627841703526747
6.39050733400008 0.975655886869369
6.40179798300008 1.34698952939704
6.41308863200008 1.71501475721168
6.42437928100008 2.05587916785334
6.43566993000008 2.34977323941812
6.44696057900008 2.58166007386312
6.45825122800008 2.74165220962311
6.46954187700008 2.82504371184261
6.48083252600008 2.83202694932985
6.49212317500008 2.76714115627737
6.50341382400008 2.63851312293443
6.51470447300008 2.45695858638216
6.52599512200008 2.23501589842
6.53728577100008 1.98598149830018
6.54857642000008 1.72301011620224
6.55986706900008 1.45833226496436
6.57115771800008 1.2026284420593
6.58244836700008 0.964584692007903
6.59373901600008 0.750638946586117
6.60502966500008 0.564912999557171
6.61632031400008 0.40931209620112
6.62761096300008 0.283763749271267
6.63890161200008 0.186560117150127
6.65019226100008 0.114764412471954
6.66148291000008 0.0646413868894075
6.67277355900008 0.0320747290509272
6.68406420800008 0.0129397507851597
6.69535485700008 0.00340736459473353
6.70664550600008 0.000164288620453557
6.71793615500008 0.000543806858988416
6.72922680400008 0.00257042504316301
6.74051745300009 0.00492963443825665
6.75180810200009 0.00688009973184099
6.76309875100009 0.00812947720379088
6.77438940000009 0.00869651142539276
6.78568004900009 0.0087810438643987
6.79697069800009 0.0086603056760897
6.80826134700009 0.00862476698791257
6.81955199600009 0.00896044141183826
6.83084264500009 0.00997756940501828
6.84213329400009 0.0120787468790322
6.85342394300009 0.0158535300126407
6.86471459200009 0.0221819604582092
6.87600524100009 0.0323268119403992
6.88729589000009 0.0479939782497989
6.89858653900009 0.0713424162817237
6.90987718800009 0.104929319261352
6.92116783700009 0.151582403536645
6.93245848600009 0.214198834718744
6.94374913500009 0.295478730494051
6.95503978400009 0.397609593214457
6.96633043300009 0.521925642647904
6.97762108200009 0.668572064356753
6.98891173100009 0.836207984017875
7.00020238000009 1.02178300121318
7.01149302900009 1.2204200536113
7.02278367800009 1.42543216287716
7.03407432700009 1.62849242686815
7.04536497600009 1.81996591742929
7.05665562500009 1.98939960465995
7.06794627400009 2.12615293690892
7.07923692300009 2.22013827700457
7.09052757200009 2.262628109552
7.10181822100009 2.24707585584248
7.11310887000009 2.16989022781053
7.12439951900009 2.03110010864284
7.13569016800009 1.83484850581696
7.14698081700009 1.58966042114862
7.15827146600009 1.30844042322282
7.16956211500009 1.00817084231212
7.18085276400009 0.709300051669648
7.19214341300009 0.434831167814582
7.20343406200009 0.209143373705746
7.21472471100009 0.0565994627693525
7.22601536000009 1.25776426571495e-005
7.23730600900009 0.059060978212089
7.24859665800009 0.248750673329358
7.25988730700009 0.578030797050832
7.27117795600009 1.0486649537139
7.2824686050001 1.65445305998802
7.2937592540001 2.38088259788229
7.3050499030001 3.20526625679186
7.3163405520001 4.09739574067476
7.3276312010001 5.0207105165758
7.3389218500001 5.93394728693134
7.3502124990001 6.79320301736752
7.3615031480001 7.55431359096136
7.3727937970001 8.17542371009956
7.3840844460001 8.61960348268916
7.3953750950001 8.85735486297801
7.4066657440001 8.86884799688594
7.4179563930001 8.6457342518964
7.4292470420001 8.19239940254922
7.4405376910001 7.52654657602961
7.4518283400001 6.67903299543791
7.4631189890001 5.69292556831162
7.4744096380001 4.6217857356702
7.4857002870001 3.52724112512873
7.4969909360001 2.47594761271467
7.5082815850001 1.53608750132479
7.5195722340001 0.773584894235278
7.5308628830001 0.248245498336459
7.5421535320001 0.0100430125747442
7.5534441810001 0.0957765254548239
7.5647348300001 0.526312260438335
7.5760254790001 1.30459865616578
7.5873161280001 2.41460704876419
7.5986067770001 3.82130282368703
7.6098974260001 5.47169622697632
7.6211880750001 7.29696106752906
7.6324787240001 9.21554673359879
7.6437693730001 11.1371479598895
7.6550600220001 12.9673413144953
7.6663506710001 14.6126509298961
7.6776413200001 15.9857716674572
7.6889319690001 17.0106581546661
7.7002226180001 17.6271846598903
7.7115132670001 17.7950943520841
7.7228039160001 17.4969869279666
7.7340945650001 16.7401396675041
7.7453852140001 15.5570165268799
7.7566758630001 14.0043898597361
7.7679665120001 12.1610760261475
7.7792571610001 10.1243652505016
7.7905478100001 8.00530309937311
7.8018384590001 5.92305133275346
7.8131291080001 3.99861535716657
7.82441975700011 2.34827031333797
7.83571040600011 1.07704495115008
7.84700105500011 0.272629815234633
7.85829170400011 6.29138260136575e-005
7.86958235300011 0.297512177687893
7.88087300200011 1.1734210368557
7.89216365100011 2.6052138953608
7.90345430000011 4.53967573469694
7.91474494900011 6.89502893040018
7.92603559800011 9.56463562876701
7.93732624700011 12.4221610322666
7.94861689600011 15.3279470340161
7.95990754500011 18.1362718869105
7.97119819400011 20.7031144670866
7.98248884300011 22.8940048110047
7.99377949200011 24.591528501864
8.00507014100011 25.7020624325871
8.01636079000011 26.161353406346
8.02765143900011 25.9386075059777
8.03894208800011 25.0388344102344
8.0502327370001 23.5032829171023
8.0615233860001 21.4079069374311
8.0728140350001 18.8599095216559
8.0841046840001 15.9925200556829
8.0953953330001 12.9582605263539
8.1066859820001 9.92104491692066
8.1179766310001 7.04752617672621
8.1292672800001 4.49815357337045
8.1405579290001 2.41842652129791
8.1518485780001 0.93082750540987
8.1631392270001 0.127886290792394
8.1744298760001 0.0667715611898644
8.1857205250001 0.765727257206262
8.1970111740001 2.20257331408254
8.2083018230001 4.31537945962767
8.21959247200009 7.00530228027422
8.23088312100009 10.1414564410024
8.24217377000009 13.5675774195526
8.25346441900009 17.1101317992605
8.26475506800009 20.5874478498644
8.27604571700009 23.8193786487045
8.28733636600009 26.6369759547556
8.29862701500009 28.8916475906892
8.30991766400009 30.4632947721702
8.32120831300009 31.2669775752069
8.33249896200009 31.2577338935734
8.34378961100009 30.4332757047835
8.35508026000009 28.8344009057484
8.36637090900009 26.5430831367044
8.37766155800009 23.678329038092
8.38895220700008 20.3900152313818
8.40024285600008 16.8510291272265
8.41153350500008 13.248132170238
8.42282415400008 9.77203599450472
8.43411480300008 6.60722709588534
8.44540545200008 3.922091412605
8.45669610100008 1.85987566231145
8.46798675000008 0.530978121034503
8.47927739900008 0.00699011403154006
8.49056804800008 0.316814715367569
8.50185869700008 1.44507623019685
8.51314934600008 3.33290919163928
8.52443999500008 5.88108574743625
8.53573064400008 8.95531263159775
8.54702129300007 12.393410487425
8.55831194200007 16.0139856906551
8.56960259100007 19.6261236923094
8.58089324000007 23.0395777361543
8.59218388900007 26.0749006298729
8.60347453800007 28.5729714665715
8.61476518700007 30.4034035122462
8.62605583600007 31.4713819265128
8.63734648500007 31.7225670367475
8.64863713400007 31.1458056475282
8.65992778300007 29.7735133634916
8.67121843200007 27.6797184163791
8.68250908100007 24.975884934062
8.69379973000007 21.8047539232695
8.70509037900007 18.3325468407997
8.71638102800006 14.7399636811418
8.72767167700006 11.2124703135744
8.73896232600006 7.93040503896781
8.75025297500006 5.05944024195106
8.76154362400006 2.74191146931478
8.77283427300006 1.08947479298092
8.78412492200006 0.177476982013452
8.79541557100006 0.0413262399529516
8.80670622000006 0.67503958977084
8.81799686900006 2.03202271993657
8.82928751800006 4.02801597410483
8.84057816700006 6.54602294652531
8.85186881600006 9.44293226791106
8.86315946500006 12.5574543666256
8.87445011400006 15.7189279892706
8.88574076300005 18.7565095173783
8.89703141200005 21.5082436297892
8.90832206100005 23.829527096366
8.91961271000005 25.6005173590711
8.93090335900005 26.7321015002031
8.94219400800005 27.1701253441245
8.95348465700005 26.8976818422047
8.96477530600005 25.9353668220248
8.97606595500005 24.339522462351
8.98735660400005 22.1985982100128
8.99864725300005 19.6278592674344
9.00993790200005 16.7627588273167
9.02122855100005 13.7513573811146
9.03251920000005 10.7462172790626
9.04380984900004 7.89622117527229
9.05510049800004 5.3387583572663
9.06639114700004 3.192693957947
9.07768179600004 1.55248475414622
9.08897244500004 0.483734955139384
9.10026309400004 0.020400365668951
9.11155374300004 0.163754602107714
9.12284439200004 0.883132121890735
9.13413504100004 2.11836529475986
9.14542569000004 3.78374200461568
9.15671633900004 5.77323123082766
9.16800698800004 7.9666608606993
9.17929763700004 10.2364877894831
9.19058828600004 12.4547771878581
9.20187893500004 14.5000064445049
9.21316958400003 16.2633292601193
9.22446023300003 17.6539750220226
9.23575088200003 18.6035151971466
9.24704153100003 19.0687984269259
9.25833218000003 19.033435009468
9.26962282900003 18.507794829815
9.28091347800003 17.52756574192
9.29220412700003 16.1509972643774
9.30349477600003 14.4550229910603
9.31478542500003 12.5305107513051
9.32607607400003 10.4769295327063
9.33736672300003 8.39674472540928
9.34865737200003 6.38985762927879
9.35994802100003 4.5483917130727
9.37123867000003 2.95209816577569
9.38252931900002 1.66460907526096
9.39381996800002 0.730711095107706
9.40511061700002 0.17474925381892
9.41640126600002 0.00020348727540643
9.42769191500002 0.190413494043183
9.43898256400002 0.710364443535163
9.45027321300002 1.50939037093168
9.46156386200002 2.5246066844625
9.47285451100002 3.68485030483514
9.48414516000002 4.91488696252998
9.49543580900002 6.13964064538802
9.50672645800002 7.28820980305025
9.51801710700002 8.29745754977696
9.52930775600002 9.11499691891232
9.54059840500001 9.70143478448588
9.55188905400001 10.0317865349061
9.56317970300001 10.0960248846862
9.57447035200001 9.89877722619106
9.58576100100001 9.45823368473108
9.59705165000001 8.80436989546014
9.60834229900001 7.97662228248132
9.61963294800001 7.02117767927748
9.63092359700001 5.98805252540304
9.64221424600001 4.92813932880785
9.65350489500001 3.89038998718741
9.66479554400001 2.91928792344682
9.67608619300001 2.05273534687556
9.68737684200001 1.32045025207525
9.69866749100001 0.742932235417888
9.70995814 0.331019192335993
9.721248789 0.0860207810751892
9.732539438 0.000381354440519489
9.743830087 0.0587967309052484
9.755120736 0.239687163902957
9.766411385 0.516914167324081
9.777702034 0.861621950808735
9.788992683 1.24408507963681
9.800283332 1.63545208207464
9.811573981 2.00928913243751
9.82286463 2.34284734312372
9.834155279 2.61800005871456
9.845445928 2.82182118081912
9.856736577 2.94680026644749
9.868027226 2.99071333202805
9.87931787499999 2.95618855098754
9.89060852399999 2.8500222239021
9.90189917299999 2.6823117336095
9.91318982199999 2.46547825361611
9.92448047099999 2.21325271843357
9.93577111999999 1.93969431443457
9.94706176899999 1.65830215621674
9.95835241799999 1.38126878249826
9.96964306699999 1.11890972570401
9.98093371599999 0.879287865185117
9.99222436499999 0.668035757184298
10.003515014 0.488364758868383
10.014805663 0.341237488782652
10.026096312 0.225670736565641
10.037386961 0.139129837176882
10.04867761 0.0779729652780291
10.059968259 0.0379047086495908
10.071258908 0.0144023094219139
10.082549557 0.0030845598980544
10.093840206 1.77880621241351e-006
10.105130855 0.00183474293380202
10.116421504 0.00600004332320003
10.127712153 0.0106682457931107
10.139002802 0.0147087348181355
10.150293451 0.0175806360648052
10.1615841 0.0191923713848634
10.172874749 0.0197530471400534
10.184165398 0.0196370856812663
10.195456047 0.0192795683794641
10.206746696 0.0191141393674915
10.218037345 0.0195586352942347
10.229327994 0.0210465566738003
10.240618643 0.0240958036513124
10.251909292 0.0294004470588593
10.263199941 0.0379272798579984
10.27449059 0.0509969300048407
10.285781239 0.0703296601612061
10.297071888 0.0980386668870829
10.308362537 0.136558537898268
10.319653186 0.188503140064819
10.330943835 0.256455025229816
10.342234484 0.342696755061861
10.353525133 0.448902583095588
10.364815782 0.57581590267729
10.376106431 0.72294303911125
10.38739708 0.888296717261988
10.398687729 1.06822243237544
10.409978378 1.25733777252396
10.421269027 1.44860851544265
10.432559676 1.63357633903754
10.443850325 1.80274178054554
10.455140974 1.94609340963316
10.466431623 2.05376097089583
10.477722272 2.11675753248414
10.489012921 2.12776451222667
10.50030357 2.0819048532503
10.511594219 1.97744446992109
10.522884868 1.81636105896933
10.534175517 1.604722878807
10.545466166 1.35282823690558
10.556756815 1.07506894586746
10.568047464 0.78949732773583
10.579338113 0.51709555969736
10.590628762 0.28076708887979
10.601919411 0.104091124552492
10.61321006 0.0099013536716338
10.6245007089999 0.0187675166012379
10.6357913579999 0.147471910831275
10.6470820069999 0.407581043270256
10.6583726559999 0.804214598439756
10.6696633049999 1.335109073703
10.6809539539999 1.99006172601777
10.6922446029999 2.75082221153075
10.7035352519999 3.59147527698524
10.7148259009999 4.47932931185595
10.7261165499999 5.37629409785271
10.7374071989999 6.24069858944793
10.7486978479999 7.02946809160042
10.7599884969999 7.70055188174964
10.7712791459999 8.21546917492891
10.7825697949999 8.54182514834587
10.7938604439999 8.65564096368237
10.8051510929999 8.54334332331731
10.8164417419999 8.20327048995938
10.8277323909999 7.64657270149331
10.8390230399999 6.89741471610539
10.8503136889999 5.99242542008263
10.8616043379999 4.97938207900272
10.8728949869999 3.9151625324485
10.8841856359999 2.86304473757977
10.8954762849999 1.88947672325018
10.9067669339999 1.06047841178056
10.9180575829999 0.437867287679636
10.9293482319999 0.0755203005810376
10.9406388809999 0.0158929687582357
10.9519295299999 0.287012339259864
10.9632201789999 0.900142946479468
10.9745108279999 1.84829467324221
10.9858014769999 3.1056997338928
10.9970921259999 4.62833489237433
11.0083827749999 6.35550717740552
11.0196734239999 8.21245995230473
11.0309640729999 10.1138947670096
11.0422547219999 11.9682466278087
11.0535453709999 13.6824997474151
11.0648360199999 15.167290763608
11.0761266689999 16.3420196078874
11.0874173179999 17.1396767412265
11.0987079669999 17.5111005847622
11.1099986159999 17.4284009480851
11.1212892649999 16.8873223943547
11.1325799139999 15.9083740966293
11.1438705629999 14.5366172396023
11.1551612119999 12.8400740270707
11.1664518609999 10.9067998826045
11.1777425099999 8.84073810505829
11.1890331589999 6.75654954708093
11.2003238079999 4.77367443106937
11.2116144569999 3.00993519544276
11.2229051059999 1.57502489879816
11.2341957549999 0.564242672079787
11.2454864039999 0.0528344895522111
11.2567770529999 0.0912737520819504
11.2680677019999 0.701772649686355
11.2793583509999 1.87625397037457
11.2906489999999 3.57593700525656
