0 0
0.011290649 0
0.022581298 2.07708583938824e-006
0.033871947 3.28158537649701e-005
0.045162596 0.000201493394087903
0.056453245 0.000787752123745536
0.067743894 0.00234576835160568
0.079034543 0.00580856713139692
0.090325192 0.0125744296815867
0.101615841 0.0245575104276472
0.11290649 0.0441868876902299
0.124197139 0.0743422071634028
0.135487788 0.118219568310771
0.146778437 0.179127932102342
0.158069086 0.260223559193722
0.169359735 0.364197209140288
0.180650384 0.492935402097117
0.191941033 0.6471823437978
0.203231682 0.826232592513978
0.214522331 1.02768577081698
0.22581298 1.24729331972119
0.237103629 1.47892336812978
0.248394278 1.71466335769486
0.259684927 1.94507143617324
0.270975576 2.1595773139973
0.282266225 2.34702193270674
0.293556874 2.49631370325457
0.304847523 2.59716808802268
0.316138172 2.64088778274122
0.327428821 2.62113351055331
0.33871947 2.53463116348456
0.350010119 2.38176024045469
0.361300768 2.16697154412424
0.372591417 1.89898897126102
0.383882066 1.59076075723483
0.395172715 1.25913924374864
0.406463364 0.924284412467563
0.417754013 0.608804138032163
0.429044662 0.33666227624604
0.440335311 0.131903138369487
0.45162596 0.0172564132355062
0.462916609 0.0126990483170484
0.474207258 0.134058990243646
0.485497907 0.391749226635162
0.496788556 0.789718748860152
0.508079205 1.32469967254285
0.519369854 1.98581695880006
0.530660503 2.75460947645566
0.541951152 3.6054893726245
0.553241801 4.50664201310928
0.56453245 5.42134249141607
0.575823099 6.30963842522331
0.587113747999999 7.13032407445278
0.598404396999999 7.84310931384974
0.609695045999999 8.41087013898417
0.620985694999999 8.80185642149461
0.632276343999999 8.99172849509967
0.643566992999999 8.96529741081536
0.654857641999999 8.7178544859197
0.666148290999999 8.25599377550945
0.677438939999999 7.59785556023564
0.688729588999999 6.77274869409322
0.700020237999999 5.82014315593906
0.711310886999999 4.78805958042767
0.722601535999999 3.73091790907853
0.733892184999999 2.70694053267395
0.745182833999999 1.77523437732984
0.756473482999999 0.992699477924301
0.767764131999999 0.41092713273459
0.779054780999999 0.0732575805630354
0.790345429999999 0.0121645949675822
0.801636078999999 0.247122282900287
0.812926727999999 0.783088090319536
0.824217376999999 1.6097064812526
0.835508025999999 2.70130139911454
0.846798674999999 4.01768430348093
0.858089323999999 5.50576050242246
0.869379972999999 7.10187208807404
0.880670621999999 8.73477353243453
0.891961270999999 10.3290983529661
0.903251919999999 11.8091444529242
0.914542568999999 13.1027836834962
0.925833217999999 14.1452893152201
0.937123866999999 14.8828743507043
0.948414515999999 15.2757442563054
0.959705164999999 15.3004893958419
0.970995813999999 14.9516742419423
0.982286462999999 14.2425207596826
0.993577111999999 13.2046301323557
1.004867761 11.8867377589236
1.01615841 10.3525484575739
1.027449059 8.67774920366975
1.038739708 6.94634270005606
1.050030357 5.24648401279381
1.061321006 3.66603214867686
1.072611655 2.28804703059777
1.083902304 1.18646866293957
1.095192953 0.422208857447279
1.106483602 0.0398668989739125
1.117774251 0.0652498588538094
1.1290649 0.503837458225278
1.140355549 1.34028256927326
1.151646198 2.53898420863116
1.162936847 4.04571313756243
1.174227496 5.79021401530821
1.185518145 7.68965552551308
1.196808794 9.65275390292741
1.208099443 11.5843583796729
1.219390092 13.390261313031
1.230680741 14.9819826126923
1.24197139 16.2812783299549
1.253262039 17.2241369461649
1.264552688 17.7640533058591
1.275843337 17.8744078825269
1.287133986 17.5498261164777
1.298424635 16.8064463849205
1.309715284 15.6810828395558
1.321005933 14.229327749289
1.332296582 12.5226939482726
1.343587231 10.6449484818151
1.35487788 8.6878308385137
1.366168529 6.74638098494208
1.377459178 4.91412208794437
1.388749827 3.27834929961998
1.400040476 1.91576899829679
1.411331125 0.888712871597556
1.422621774 0.242119353044311
1.433912423 0.00143298304665639
1.445203072 0.171522600214304
1.456493721 0.736664628196137
1.46778437 1.66158110685223
1.479075019 2.89346660814624
1.490365668 4.3648867721529
1.501656317 5.99738663891367
1.512946966 7.70561157617281
1.524237615 9.40171922086333
1.535528264 10.9998486492495
1.546818913 12.4204134696874
1.558109562 13.5939984930845
1.569400211 14.4646641963675
1.58069086 14.9924978454841
1.591981509 15.1552928457996
1.603272158 14.9492861865871
1.614562807 14.3889350209563
1.625853456 13.5057646380494
1.637144105 12.3463685522073
1.648434754 10.9696845670414
1.659725403 9.44370622626876
1.671016052 7.84181525490576
1.682306701 6.23893619402334
1.69359735 4.70771882122784
1.704887999 3.31494714279015
1.716178648 2.11835637773084
1.727469297 1.16401263670099
1.738759946 0.484375628265933
1.750050595 0.0971247863650324
1.761341244 0.00478604835081064
1.772631893 0.195152586827304
1.783922542 0.64245055281519
1.795213191 1.30916260581907
1.80650384 2.14838968701011
1.817794489 3.10660674336028
1.829085138 4.12665207006417
1.840375787 5.15078321942956
1.851666436 6.12363509623493
1.862957085 6.99492745959702
1.874247734 7.72178862653382
1.885538383 8.27058834834453
1.896829032 8.61820390395213
1.908119681 8.75267749965249
1.91941033 8.67325805444772
1.930700979 8.38985437403413
1.941991628 7.92195769781697
1.953282277 7.2971180033639
1.964572926 6.54907895820739
1.975863575 5.71569009730951
1.987154224 4.8367211841177
1.998444873 3.95170273640479
2.009735522 3.09790874799172
2.021026171 2.30858348875273
2.03231682 1.61149502365159
2.043607469 1.02787511489564
2.054898118 0.571779978873314
2.066188767 0.249880544481568
2.077479416 0.0616659509772349
2.088770065 2.14548765887773e-005
2.100060714 0.0521229030679023
2.111351363 0.200575417527468
2.122642012 0.424714552183352
2.133932661 0.701984208398234
2.14522331 1.009306971285
2.156513959 1.32436886812646
2.167804608 1.62675117935645
2.179095257 1.89885594729147
2.190385906 2.126588159751
2.201676555 2.29977507803292
2.212967204 2.41232066383972
2.224257853 2.46210943455079
2.235548502 2.45068836990298
2.246839151 2.38276692361829
2.2581298 2.26558320921667
2.269420449 2.10818873387478
2.280711098 1.92070461364397
2.292001747 1.71359923494228
2.303292396 1.49703127256814
2.314583045 1.28029345832712
2.325873694 1.07138227292984
2.337164343 0.87670763622863
2.348454992 0.700945538031557
2.359745641 0.547026176994164
2.37103629 0.416241250535111
2.382326939 0.308447110833636
2.39361758800001 0.222335939295654
2.40490823700001 0.155745066668084
2.41619888600001 0.105975050604455
2.42748953500001 0.0700899004617715
2.43878018400001 0.0451775295481543
2.45007083300001 0.0285546083313449
2.46136148200001 0.0179068940043948
2.47265213100001 0.0113631924265986
2.48394278000001 0.00750775264910622
2.49523342900001 0.00534154935339945
2.50652407800001 0.00420712633253668
2.51781472700001 0.00369414370139301
2.52910537600001 0.00354334087384667
2.54039602500001 0.00356531243164626
2.55168667400001 0.00358747436293331
2.56297732300001 0.00343819980960529
2.57426797200001 0.00297177052481097
2.58555862100001 0.00213204724144607
2.59684927000001 0.00104717020770892
2.60813991900001 0.000142711191661661
2.61943056800001 0.000257004944574038
2.63072121700001 0.00274028789710131
2.64201186600001 0.0095190285026097
2.65330251500001 0.0231085538149098
2.66459316400001 0.0465606978764729
2.67588381300001 0.0833384880454797
2.68717446200001 0.137116459874381
2.69846511100001 0.211512536164108
2.70975576000001 0.30976491745399
2.72104640900001 0.434374460421561
2.73233705800001 0.586738923473457
2.74362770700001 0.766809647694418
2.75491835600001 0.972803234053004
2.76620900500001 1.20100023990188
2.77749965400001 1.44565969560189
2.78879030300001 1.69907238302559
2.80008095200001 1.95176757681002
2.81137160100001 2.19287778033938
2.82266225000001 2.41065452028878
2.83395289900001 2.59311626220768
2.84524354800001 2.7287978292289
2.85653419700001 2.80756023113721
2.86782484600001 2.82141139433457
2.87911549500001 2.76528268248771
2.89040614400001 2.63770391688972
2.90169679300001 2.44132124437388
2.91298744200001 2.18320781535117
2.92427809100001 1.8749267147896
2.93556874000001 1.53231855129372
2.94685938900002 1.17500190963188
2.95815003800002 0.82559263554659
2.96944068700002 0.508666591013573
2.98073133600002 0.249508914792176
2.99202198500002 0.0727097201976287
3.00331263400002 0.000680363169599695
3.01460328300002 0.0521748335146002
3.02589393200002 0.240906562728726
3.03718458100002 0.574351360057094
3.04847523000002 1.05282195001339
3.05976587900002 1.66888869954703
3.07105652800002 2.40720496108752
3.08234717700002 3.24477474072417
3.09363782600002 4.15167617273003
3.10492847500002 5.0922278565813
3.11621912400002 6.02655800370816
3.12750977300002 6.91251017431669
3.13880042200002 7.70779580163758
3.15009107100002 8.37228425844366
3.16138172000002 8.87030729012561
3.17267236900002 9.17284731458053
3.18396301800002 9.25947911127826
3.19525366700002 9.11994211602903
3.20654431600002 8.75523578090933
3.21783496500002 8.17815266902468
3.22912561400002 7.41319211017732
3.24041626300002 6.49582993132885
3.25170691200002 5.47115525799685
3.26299756100002 4.39192169329692
3.27428821000002 3.31609523483206
3.28557885900002 2.30401300174396
3.29686950800002 1.41529325561607
3.30816015700002 0.70565659519206
3.31945080600002 0.223829225454608
3.33074145500002 0.00870093048501051
3.34203210400002 0.0869024121321558
3.35332275300002 0.470949138072259
3.36461340200002 1.15807247519285
3.37590405100002 2.1298249000521
3.38719470000002 3.35250618323164
3.39848534900002 4.77841373072599
3.40977599800002 6.34787509973131
3.42106664700002 7.99197659934631
3.43235729600002 9.63586135260148
3.44364794500002 11.2024356066414
3.45493859400002 12.6162955227604
3.46622924300002 13.8076698393031
3.47751989200002 14.7161678469786
3.48881054100003 15.2941276260841
3.50010119000003 15.5093764111251
3.51139183900003 15.3472425685407
3.52268248800003 14.8116956792329
3.53397313700003 13.9255357382283
3.54526378600003 12.7296021919034
3.55655443500003 11.2810257699006
3.56784508400003 9.6505979889335
3.57913573300003 7.91938193559147
3.59042638200003 6.17473073515778
3.60171703100003 4.50591453377368
3.61300768000003 2.99958084476284
3.62429832900003 1.73528527091967
3.63558897800003 0.781329088320147
3.64687962700003 0.191126833833718
3.65817027600003 0.000301458041288057
3.66946092500003 0.224668052650837
3.68075157400003 0.859221522602907
3.69204222300003 1.87819125484048
3.70333287200003 3.2361696361987
3.71462352100003 4.87026422789777
3.72591417000003 6.70316861960108
3.73720481900003 8.646997465022
3.74849546800003 10.6076896757217
3.75978611700003 12.4897525272985
3.77107676600003 14.2011002642828
3.78236741500003 15.6577347727304
3.79365806400003 16.7880233994766
3.80494871300003 17.5363496683468
3.81623936200003 17.8659453859575
3.82753001100003 17.7607556873389
3.83882066000003 17.2262396196952
3.85011130900003 16.2890651359996
3.86140195800003 14.9957158163458
3.87269260700003 13.4100840838926
3.88398325600003 11.6101790218137
3.89527390500003 9.68412324661615
3.90656455400003 7.72565016019105
3.91785520300003 5.82933832393288
3.92914585200003 4.08583234341865
3.94043650100003 2.57729889755186
3.95172715000003 1.37335250507476
3.96301779900003 0.527659134737487
3.97430844800003 0.0753883508591109
3.98559909700003 0.0316384498434479
3.99688974600003 0.390906559753484
4.00818039500003 1.12761984052353
4.01947104400003 2.19768779183672
4.03076169300004 3.54098229221072
4.04205234200004 5.08460421889968
4.05334299100004 6.74675585862738
4.06463364000004 8.44100886436444
4.07592428900004 10.0807397107384
4.08721493800004 11.5834992597242
4.09850558700004 12.8750902835261
4.10979623600004 13.8931460249922
4.12108688500004 14.5900328781462
4.13237753400004 14.9349392392493
4.14366818300004 14.9150582437146
4.15495883200004 14.5358218657897
4.16624948100004 13.820194934021
4.17754013000004 12.8070872002951
4.18883077900004 11.5489870212414
4.20012142800004 10.1089590758639
4.21141207700004 8.55717886931058
4.22270272600004 6.96719708889463
4.23399337500004 5.41213629890458
4.24528402400004 3.96102072226348
4.25657467300004 2.67542732144091
4.26786532200004 1.60662401121761
4.27915597100004 0.793330089745289
4.29044662000004 0.260196769501929
4.30173726900004 0.0170642462234876
4.31302791800004 0.0590084613596992
4.32431856700004 0.367148031336228
4.33560921600004 0.910142074723596
4.34689986500004 1.64627497654894
4.35819051400004 2.52599625427624
4.36948116300004 3.49476396458694
4.38077181200004 4.49602934755497
4.39206246100004 5.47419894648965
4.40335311000004 6.37741803488257
4.41464375900004 7.16003508874843
4.42593440800004 7.78463007786525
4.43722505700004 8.22351796206711
4.44851570600004 8.45967115310881
4.45980635500004 8.48703887162338
4.47109700400004 8.31027529265445
4.48238765300004 7.94392021708926
4.49367830200004 7.41110400808128
4.50496895100004 6.74187125618076
4.51625960000004 5.97123401001788
4.52755024900004 5.1370747674504
4.53884089800004 4.27802153628133
4.55013154700004 3.43141234731365
4.56142219600004 2.6314552426635
4.57271284500005 1.90767292809466
4.58400349400005 1.28370021005666
4.59529414300005 0.776478472393217
4.60658479200005 0.395866322420379
4.61787544100005 0.14466069433724
4.62916609000005 0.01899959432233
4.64045673900005 0.00909758773830007
4.65174738800005 0.100249102441291
4.66303803700005 0.27402339442848
4.67432868600005 0.509569004950801
4.68561933500005 0.784944803835133
4.69690998400005 1.07839900513363
4.70820063300005 1.36952630342657
4.71949128200005 1.6402457078629
4.73078193100005 1.87555675505426
4.74207258000005 2.06404845466792
4.75336322900005 2.19815241719035
4.76465387800005 2.27414802222656
4.77594452700005 2.29194220428956
4.78723517600005 2.25465862381777
4.79852582500005 2.16808002932415
4.80981647400005 2.03999312061659
4.82110712300005 1.87948706794324
4.83239777200005 1.69625515478112
4.84368842100005 1.49994415077972
4.85497907000005 1.29958853911248
4.86626971900005 1.10315731964567
4.87756036800005 0.917230578106756
4.88885101700005 0.746812176061054
4.90014166600005 0.59527457376562
4.91143231500005 0.464422662046873
4.92272296400005 0.354656134701561
4.93401361300005 0.26520479822002
4.94530426200005 0.194408520944232
4.95659491100005 0.140013302207071
4.96788556000005 0.0994570359635244
4.97917620900005 0.0701226246573528
4.99046685800005 0.0495417005919847
5.00175750700005 0.0355387694746331
5.01304815600005 0.0263124895578199
5.02433880500005 0.0204574250903999
5.03562945400005 0.0169353980192179
5.04692010300005 0.0150100323860356
5.05821075200005 0.0141608945856613
5.06950140100005 0.0139945852763814
5.08079205000005 0.0141692065252101
5.09208269900005 0.014345947275636
5.10337334800005 0.0141773900027916
5.11466399700006 0.0133369568803113
5.12595464600006 0.0115881921102121
5.13724529500006 0.00888687492608383
5.14853594400006 0.0055038350221089
5.15982659300006 0.002152315064717
5.17111724200006 0.000101222558253039
5.18240789100006 0.00125494027930992
5.19369854000006 0.00818167311515885
5.20498918900006 0.0240755832703145
5.21627983800006 0.0526430174927814
5.22757048700006 0.09790960967121
5.23886113600006 0.163952461814374
5.25015178500006 0.2545693740036
5.26144243400006 0.372904556961014
5.27273308300006 0.52105675614648
5.28402373200006 0.699700621768775
5.29531438100006 0.90775494468558
5.30660503000006 1.14213165125376
5.31789567900006 1.39759699249209
5.32918632800006 1.6667711557183
5.34047697700006 1.94028476235086
5.35176762600006 2.20710079324877
5.36305827500006 2.45499899028958
5.37434892400006 2.67120746177384
5.38563957300006 2.8431539197466
5.39693022200006 2.95929760157999
5.40822087100006 3.00999336813887
5.41951152000006 2.98833254409378
5.43080216900006 2.89090145370007
5.44209281800006 2.71839879750486
5.45338346700006 2.47605726626608
5.46467411600006 2.17382308670088
5.47596476500006 1.82625924989584
5.48725541400006 1.45215342471412
5.49854606300006 1.07382919397293
5.50983671200006 0.716178252559203
5.52112736100006 0.405450407178814
5.53241801000006 0.167856371705151
5.54370865900006 0.028054214651563
5.55499930800006 0.00760272250203776
5.56628995700006 0.123472892664458
5.57758060600006 0.386711495415972
5.58887125500006 0.801347673295375
5.60016190400006 1.3636247459805
5.61145255300006 2.06162498881637
5.62274320200006 2.87533574851821
5.63403385100006 3.77718178789141
5.64532450000006 4.73302244921593
5.65661514900007 5.70358456371488
5.66790579800007 6.64627463459058
5.67919644700007 7.51728836298089
5.69048709600007 8.27391370472792
5.70177774500007 8.87690682858957
5.71306839400007 9.29280983634967
5.72435904300007 9.49607581484033
5.73564969200007 9.47087123334861
5.74694034100007 9.21243794682712
5.75823099000007 8.72791672027456
5.76952163900007 8.03656039932931
5.78081228800007 7.1692963407067
5.79210293700007 6.16763284734123
5.80339358600007 5.08194121597901
5.81468423500007 3.96918151878176
5.82597488400007 2.89017427306332
5.83726553300007 1.90654964586923
5.84855618200007 1.07752893152153
5.85984683100007 0.45670818265641
5.87113748000007 0.0890199345916734
5.88242812900007 0.00804529729827624
5.89371877800007 0.233835200839406
5.90500942700007 0.771376735428117
5.91630007600007 1.60980934527736
5.92759072500007 2.72245764290253
5.93888137400007 4.0677047662351
5.95017202300007 5.59068479285178
5.96146267200007 7.22572724681585
5.97275332100007 8.89944374298565
5.98404397000007 10.5343087901308
5.99533461900007 12.0525559724882
6.00662526800007 13.3801890456593
6.01791591700007 14.4508963384706
6.02920656600007 15.209657103476
6.04049721500007 15.6158403353842
6.05178786400007 15.6456196584789
6.06307851300007 15.2935611119512
6.07436916200007 14.5732823871375
6.08565981100007 13.5171301377975
6.09695046000007 12.1748738461799
6.10824110900007 10.6114675817518
6.11953175800007 8.90398193425041
6.13082240700007 7.13785459897123
6.14211305600007 5.40264692434698
6.15340370500007 3.78752295837765
6.16469435400007 2.37668541476294
6.17598500300007 1.24500839384806
6.18727565200007 0.454099188989569
6.19856630100008 0.0490013486568002
6.20985695000008 0.0557193157544904
6.22114759900008 0.479703052456666
6.23243824800008 1.30538127744548
6.24372889700008 2.49677694303806
6.25501954600008 3.99918132196045
6.26631019500008 5.74180666369175
6.27760084400008 7.64128489871138
6.28889149300008 9.60583419823849
6.30018214200008 11.5398788602618
6.31147279100008 13.3488830111889
6.32276344000008 14.9441463912288
6.33405408900008 16.2473117387477
6.34534473800008 17.1943479740125
6.35663538700008 17.7388007370923
6.36792603600008 17.8541403921505
6.37921668500008 17.5350852880391
6.39050733400008 16.7978322786137
6.40179798300008 15.6791843128653
6.41308863200008 14.234623167359
6.42437928100008 12.5354309536381
6.43566993000008 10.6650138877298
6.44696057900008 8.71462327509144
6.45825122800008 6.7786995281965
6.46954187700008 4.95008367117451
6.48083252600008 3.31534624953844
6.49212317500008 1.95047563290948
6.50341382400008 0.917146889832117
6.51470447300008 0.259759943743682
6.52599512200008 0.00339343590067091
6.53728577100008 0.152770996207552
6.54857642000008 0.692282216340514
6.55986706900008 1.58704452325779
6.57115771800008 2.78493742120244
6.58244836700008 4.21949015667984
6.59373901600008 5.81346044502828
6.60502966500008 7.48290774583999
6.61632031400008 9.14154141847072
6.62761096300008 10.7051130332688
6.63890161200008 12.0956235845438
6.65019226100008 13.2451300789161
6.66148291000008 14.0989610187145
6.67277355900008 14.6181851173672
6.68406420800008 14.7812201118831
6.69535485700008 14.5845163255814
6.70664550600008 14.0422999835733
6.71793615500008 13.1854114024702
6.72922680400008 12.0593203372236
6.74051745300009 10.7214424604369
6.75180810200009 9.23791501373682
6.76309875100009 7.68001441406905
6.77438940000009 6.12041287948675
6.78568004900009 4.6294744234362
6.79697069800009 3.27178294049388
6.80826134700009 2.10307726088981
6.81955199600009 1.16774122886508
6.83084264500009 0.496962773198165
6.84213329400009 0.107636661164416
6.85342394300009 0.0020434697754742
6.86471459200009 0.168294679859551
6.87600524100009 0.581493069305928
6.88729589000009 1.20552094851853
6.89858653900009 1.99533814744308
6.90987718800009 2.89964853942004
6.92116783700009 3.86377931371763
6.93245848600009 4.83261171209449
6.94374913500009 5.75340552121783
6.95503978400009 6.57837174419408
6.96633043300009 7.26686757410753
6.97762108200009 7.78711367619546
6.98891173100009 8.11736416409068
7.00020238000009 8.2464926430446
7.01149302900009 8.17399132129757
7.02278367800009 7.90941252747909
7.03407432700009 7.47131123171557
7.04536497600009 6.88577181171866
7.05665562500009 6.18462112072638
7.06794627400009 5.40344207677247
7.07923692300009 4.5795070985151
7.09052757200009 3.74974878708766
7.10181822100009 2.94887673277411
7.11310887000009 2.20773501577333
7.12439951900009 1.55197598459112
7.13569016800009 1.00110357415906
7.14698081700009 0.567915247004077
7.15827146600009 0.25834712608136
7.16956211500009 0.0717035076853735
7.18085276400009 0.00123102939771253
7.19214341300009 0.0349804399267106
7.20343406200009 0.156886020641112
7.21472471100009 0.347984775381451
7.22601536000009 0.587694736667956
7.23730600900009 0.855074004363524
7.24859665800009 1.12998900275215
7.25988730700009 1.39413121488413
7.27117795600009 1.63183542204967
7.2824686050001 1.83066819415112
7.2937592540001 1.98177192968685
7.3050499030001 2.0799660264538
7.3163405520001 2.12362174980012
7.3276312010001 2.11434017068062
7.3389218500001 2.0564724806782
7.3502124990001 1.95652859482113
7.3615031480001 1.82252301342215
7.3727937970001 1.66330646976936
7.3840844460001 1.48792821516859
7.3953750950001 1.30506736534985
7.4066657440001 1.12256319317202
7.4179563930001 0.947064351782511
7.4292470420001 0.783806551268695
7.4405376910001 0.636517984128841
7.4518283400001 0.507442530555355
7.4631189890001 0.397463090314633
7.4744096380001 0.306301748007224
7.4857002870001 0.232770167127922
7.4969909360001 0.175042717404523
7.5082815850001 0.13092627006009
7.5195722340001 0.0981040720391144
7.5308628830001 0.0743362104782804
7.5421535320001 0.0576053711014355
7.5534441810001 0.0462032831123104
7.5647348300001 0.038759817856114
7.5760254790001 0.0342225921867701
7.5873161280001 0.0317996223153267
7.5986067770001 0.0308806993481336
7.6098974260001 0.0309544787937526
7.6211880750001 0.0315377203100982
7.6324787240001 0.0321307741053781
7.6437693730001 0.0322095364728565
7.6550600220001 0.0312590735520799
7.6663506710001 0.0288484267245307
7.6776413200001 0.0247403143138769
7.6889319690001 0.0190240982969546
7.7002226180001 0.0122560268464702
7.7115132670001 0.00558785338899675
7.7228039160001 0.000863814841824643
7.7340945650001 0.000666823733036026
7.7453852140001 0.00829762241719647
7.7566758630001 0.0276754200427506
7.7679665120001 0.0631548739229991
7.7792571610001 0.119261727642078
7.7905478100001 0.200357402700895
7.8018384590001 0.310250707331029
7.8131291080001 0.451781896884383
7.82441975700011 0.626409941904912
7.83571040600011 0.833837457138446
7.84700105500011 1.07170886770381
7.85829170400011 1.33541575426969
7.86958235300011 1.61803884046809
7.88087300200011 1.91044888874603
7.89216365100011 2.20157919538963
7.90345430000011 2.47887096151262
7.91474494900011 2.72888027503304
7.92603559800011 2.93802260750707
7.93732624700011 3.09341852145828
7.94861689600011 3.18379362316118
7.95990754500011 3.20037755450234
7.97119819400011 3.1377417501858
7.98248884300011 2.9945143716256
7.99377949200011 2.77391361923205
8.00507014100011 2.48404761163137
8.01636079000011 2.13794001340295
8.02765143900011 1.75325511903343
8.03894208800011 1.35171342154801
8.0502327370001 0.95820784223413
8.0615233860001 0.599650629699323
8.0728140350001 0.303600200169915
8.0841046840001 0.0967346029561796
8.0953953330001 0.00325262306098897
8.1066859820001 0.0432936786046094
8.1179766310001 0.231472747118062
8.1292672800001 0.575625953296009
8.1405579290001 1.07585589317833
8.1518485780001 1.72395334049576
8.1631392270001 2.50325413824231
8.1744298760001 3.38896764161674
8.1857205250001 4.34898719152915
8.1970111740001 5.34516517225747
8.2083018230001 6.33500684416849
8.21959247200009 7.27371004287653
8.23088312100009 8.11645369734779
8.24217377000009 8.82081853148368
8.25346441900009 9.3492096577096
8.26475506800009 9.67114412651164
8.27604571700009 9.76526756347193
8.28733636600009 9.62097307064176
8.29862701500009 9.23951239055061
8.30991766400009 8.63451325575986
8.32120831300009 7.83184675426391
8.33249896200009 6.86882291532153
8.34378961100009 5.79272972751223
8.35508026000009 4.6587683877249
8.36637090900009 3.52747358896804
8.37766155800009 2.46173994917801
8.38895220700008 1.52360227270159
8.40024285600008 0.770936499836476
8.41153350500008 0.254258594712595
8.42282415400008 0.0137993723948782
8.43411480300008 0.0770240286925403
8.44540545200008 0.45674613341976
8.45669610100008 1.14995787081952
8.46798675000008 2.1374626877298
8.47927739900008 3.38435504268439
8.49056804800008 4.84134682033576
8.50185869700008 6.44689363220068
8.51314934600008 8.13002924266059
8.52443999500008 9.81377529803752
8.53573064400008 11.4189587923966
8.54702129300007 12.8682433679609
8.55831194200007 14.0901642815703
8.56960259100007 15.0229517983393
8.58089324000007 15.6179344176905
8.59218388900007 15.8423315638529
8.60347453800007 15.6812743973619
8.61476518700007 15.1389318202027
8.62605583600007 14.2386645977235
8.63734648500007 13.022181398821
8.64863713400007 11.5477237354689
8.65992778300007 9.88735936601459
8.67121843200007 8.12351280662964
8.68250908100007 6.34490441884211
8.69379973000007 4.64210366628123
8.70509037900007 3.10292557112524
8.71638102800006 1.80791073028701
8.72767167700006 0.826127708809991
8.73896232600006 0.211522154444665
8.75025297500006 1.022993878883e-005
8.76154362400006 0.207476280957098
8.77283427300006 0.828788007158278
8.78412492200006 1.83788925337288
8.79541557100006 3.18897373660715
8.80670622000006 4.81868564387187
8.81799686900006 6.64923819840233
8.82928751800006 8.59229199839222
8.84057816700006 10.5533938937121
8.85186881600006 12.436746650853
8.86315946500006 14.150061363023
8.87445011400006 15.6092395228356
8.88574076300005 16.7426401955007
8.89703141200005 17.4947093725931
8.90832206100005 17.8287821907803
8.91961271000005 17.7289124492245
8.93090335900005 17.2006353795154
8.94219400800005 16.2706261135809
8.95348465700005 14.9852746890743
8.96477530600005 13.4082555602165
8.97606595500005 11.6172223538435
8.98735660400005 9.69980418226682
8.99864725300005 7.74911575820301
9.00993790200005 5.85901795263
9.02122855100005 4.11937703565207
9.03251920000005 2.61156909304003
9.04380984900004 1.4044612015424
9.05510049800004 0.551073778814221
9.06639114700004 0.086090668520577
9.07768179600004 0.0243371207193761
9.08897244500004 0.360293474896188
9.10026309400004 1.06865694329311
9.11155374300004 2.10590845981566
9.12284439200004 3.41278910859886
9.13413504100004 4.9175439830756
9.14542569000004 6.53975290726722
9.15671633900004 8.19453924910709
9.16800698800004 9.79693145713201
9.17929763700004 11.2661476865402
9.19058828600004 12.5295819896936
9.20187893500004 13.5262903897098
9.21316958400003 14.2098054581196
9.22446023300003 14.5501469478367
9.23575088200003 14.5349413155583
9.24704153100003 14.169612017623
9.25833218000003 13.4766525339313
9.26962282900003 12.4940424148865
9.28091347800003 11.2729106549438
9.29220412700003 9.87458806383551
9.30349477600003 8.36721913935379
9.31478542500003 6.82212286389293
9.32607607400003 5.31010005157812
9.33736672300003 3.89788217776246
9.34865737200003 2.64490345229956
9.35994802100003 1.60055524940579
9.37123867000003 0.802051380532329
9.38252931900002 0.272995999624095
9.39381996800002 0.0227053585895832
9.40511061700002 0.0462925383612383
9.41640126600002 0.325483041196319
9.42769191500002 0.830091001143626
9.43898256400002 1.52005276950432
9.45027321300002 2.34788842926313
9.46156386200002 3.26144362105475
9.47285451100002 4.20675466496997
9.48414516000002 5.13087955860788
9.49543580900002 5.98454572592641
9.50672645800002 6.72448160269668
9.51801710700002 7.3153220674198
9.52930775600002 7.73100581489973
9.54059840500001 7.95561423630982
9.55188905400001 7.98363429876562
9.56317970300001 7.8196603804551
9.57447035200001 7.47758018561089
9.58576100100001 6.97931611185794
9.59705165000001 6.3532144370125
9.60834229900001 5.63218945880918
9.61963294800001 4.85173768824804
9.63092359700001 4.04793821616052
9.64221424600001 3.25554970859994
9.65350489500001 2.50630278766605
9.66479554400001 1.82746979682125
9.67608619300001 1.24077336677102
9.68737684200001 0.761672194578417
9.69866749100001 0.399038509662636
9.70995814 0.155218296774673
9.721248789 0.0264438462427034
9.732539438 0.00354979193646008
9.743830087 0.0729294167091091
9.755120736 0.217658298728685
9.766411385 0.418707664533834
9.777702034 0.656170103932034
9.788992683 0.910425274982375
9.800283332 1.16318229442984
9.811573981 1.39834785391223
9.82286463 1.60268374539472
9.834155279 1.7662333482073
9.845445928 1.88251263336398
9.856736577 1.94847633997795
9.868027226 1.96428325318189
9.87931787499999 1.93289521560844
9.89060852399999 1.8595521017203
9.90189917299999 1.7511691815632
9.91318982199999 1.61570405012942
9.92448047099999 1.46153779044791
9.93577111999999 1.2969096755544
9.94706176899999 1.1294370738442
9.95835241799999 0.965743006707604
9.96964306699999 0.811203789535997
9.98093371599999 0.669819151673204
9.99222436499999 0.544197917253511
10.003515014 0.435644380446993
10.014805663 0.344324430062092
10.026096312 0.269486604800595
10.037386961 0.209711739796653
10.04867761 0.163165655359971
10.059968259 0.127832218962019
10.071258908 0.101708705246718
10.082549557 0.0829511898386338
10.093840206 0.0699641674248496
10.105130855 0.0614350800661676
10.116421504 0.056320394498989
10.127712153 0.053794759699905
10.139002802 0.0531781967847897
10.150293451 0.0538579486482096
10.1615841 0.0552214307897801
10.172874749 0.0566147272667875
10.184165398 0.0573374765069169
10.195456047 0.0566801426618701
10.206746696 0.0540040338007368
10.218037345 0.0488585473946554
10.229327994 0.041124565031006
10.240618643 0.0311682337203191
10.251909292 0.0199860486599321
10.263199941 0.0093205746944857
10.27449059 0.00172655419862712
10.285781239 0.000569627499320957
10.297071888 0.00994434307913334
10.308362537 0.0345042904052549
10.319653186 0.0792046224312932
10.330943835 0.148965392246375
10.342234484 0.248272363138552
10.353525133 0.380739574383931
10.364815782 0.548664276167787
10.376106431 0.752609268263828
10.38739708 0.991049683458219
10.398687729 1.26012050032092
10.409978378 1.55349739423611
10.421269027 1.86243699683865
10.432559676 2.17599350793218
10.443850325 2.48141737690439
10.455140974 2.76472911485866
10.466431623 3.01144803326915
10.477722272 3.20744274466032
10.489012921 3.33985855563006
10.50030357 3.39806735230243
10.511594219 3.37457904638091
10.522884868 3.26585078076985
10.534175517 3.07293133834741
10.545466166 2.80188375166035
10.556756815 2.46393888896835
10.568047464 2.07534641669444
10.579338113 1.65690635373618
10.590628762 1.23318353327052
10.601919411 0.831427564761029
10.61321006 0.480241096443501
10.6245007089999 0.208058006907399
10.6357913579999 0.0415093130597809
10.6470820069999 0.00376688437473138
10.6583726559999 0.11296249913157
10.6696633049999 0.380781625104804
10.6809539539999 0.811327130432526
10.6922446029999 1.40033786472598
10.7035352519999 2.13483100946583
10.7148259009999 2.99321596962981
10.7261165499999 3.94590240306335
10.7374071989999 4.95639709637341
10.7486978479999 5.98285535959016
10.7599884969999 6.98002412980284
10.7712791459999 7.90148778996996
10.7825697949999 8.70210550125489
10.7938604439999 9.34051212290919
10.8051510929999 9.7815447910448
10.8164417419999 9.99845483013324
10.8277323909999 9.97477034119789
10.8390230399999 9.70568854675639
10.8503136889999 9.19889829264403
10.8616043379999 8.47476106100759
10.8728949869999 7.56581206026237
10.8841856359999 6.51557969109746
10.8954762849999 5.37675994000992
10.9067669339999 4.20881986387777
10.9180575829999 3.07513910741824
10.9293482319999 2.0398282412605
10.9406388809999 1.16438574392094
10.9519295299999 0.504370135891785
10.9632201789999 0.106269005327236
10.9745108279999 0.00474185324239977
10.9858014769999 0.220398804517084
10.9970921259999 0.758252830400862
11.0083827749999 1.60695032080119
11.0196734239999 2.73884525314919
11.0309640729999 4.11093788095245
11.0422547219999 5.66665218196137
11.0535453709999 7.33837982739873
11.0648360199999 9.05067477247158
11.0761266689999 10.723944236378
11.0874173179999 12.2784511026197
11.0987079669999 13.6384215118537
11.1099986159999 14.7360410276826
11.1212892649999 15.5151240338129
11.1325799139999 15.9342541306444
11.1438705629999 15.9692177405348
11.1551612119999 15.6145877587338
11.1664518609999 14.8843571658993
11.1777425099999 13.8115718110832
11.1890331589999 12.4469644613009
11.2003238079999 10.8566458350607
11.2116144569999 9.11895974993616
11.2229051059999 7.32065585817221
11.2341957549999 5.55257210352805
11.2454864039999 3.90504778562891
11.2567770529999 2.46330526730935
11.2680677019999 1.30304283282041
11.2793583509999 0.486472618655253
11.2906489999999 0.0590162318699632
