0 0
0.011290649 0
0.022581298 3.08427378592948e-006
0.033871947 4.86152377795103e-005
0.045162596 0.000297528303026009
0.056453245 0.00115828821345465
0.067743894 0.00343117128258061
0.079034543 0.00844334086600073
0.090325192 0.0181452817102363
0.101615841 0.0351409068841492
0.11290649 0.0626290358403181
0.124197139 0.104242575313897
0.135487788 0.16378287845894
0.146778437 0.244859383431319
0.158069086 0.350457508309265
0.169359735 0.48246957670306
0.180650384 0.641232964006735
0.191941033 0.825125531355028
0.203231682 1.03026985761629
0.214522331 1.25039425100365
0.22581298 1.47688990880179
0.237103629 1.69909024441632
0.248394278 1.90478112032746
0.259684927 2.08093073192766
0.270975576 2.21460673169663
0.282266225 2.29402763623741
0.293556874 2.3096774726653
0.304847523 2.25539877785178
0.316138172 2.12937102168852
0.327428821 1.93488047252137
0.33871947 1.68079415668993
0.350010119 1.38166500176245
0.361300768 1.05741698380708
0.372591417 0.732586984440712
0.383882066 0.435132387483501
0.395172715 0.194848012985275
0.406463364 0.0414702664261503
0.417754013 0.00257768069473617
0.429044662 0.101422694019253
0.440335311 0.354847130023557
0.45162596 0.771441464116706
0.462916609 1.35010423478481
0.474207258 2.07914231450241
0.485497907 2.93602547340373
0.496788556 3.8878709168884
0.508079205 4.89268727763312
0.519369854 5.90135567123298
0.530660503 6.86027125859452
0.541951152 7.71451605871339
0.553241801 8.41138641829585
0.56453245 8.90406032485363
0.575823099 9.15516398212596
0.587113747999999 9.13998640122363
0.598404396999999 8.84909693450569
0.609695045999999 8.29014433951075
0.620985694999999 7.48865655860491
0.632276343999999 6.48771616376831
0.643566992999999 5.34645440615495
0.654857641999999 4.13738306425823
0.666148290999999 2.9426630388138
0.677438939999999 1.84948662108785
0.688729588999999 0.944821115706343
0.700020237999999 0.309819777551467
0.711310886999999 0.0142471413974385
0.722601535999999 0.111286020528697
0.733892184999999 0.633090190114584
0.745182833999999 1.58741897743289
0.756473482999999 2.95563818657556
0.767764131999999 4.69229817328505
0.779054780999999 6.72640822270036
0.790345429999999 8.96442184076013
0.801636078999999 11.2948364437628
0.812926727999999 13.5942002675461
0.824217376999999 15.7342164796199
0.835508025999999 17.589546661292
0.846798674999999 19.0458495755536
0.858089323999999 20.0075518729117
0.869379972999999 20.4048390019028
0.880670621999999 20.199379114525
0.891961270999999 19.3883501433643
0.903251919999999 18.0064282659396
0.914542568999999 16.1255103387979
0.925833217999999 13.8520773363214
0.937123866999999 11.3222525343497
0.948414515999999 8.69475816151744
0.959705164999999 6.14211792521407
0.970995813999999 3.84058062866062
0.982286462999999 1.95934308207756
0.993577111999999 0.649720962160921
1.004867761 0.0349482670875004
1.01615841 0.201275871968271
1.027449059 1.19098630882589
1.038739708 2.9978469188099
1.050030357 5.56539134202515
1.061321006 8.78825687978704
1.072611655 12.5166217596686
1.083902304 16.5635926380625
1.095192953 20.715200741798
1.106483602 24.7424871746586
1.117774251 28.4150059549094
1.1290649 31.5149579508889
1.140355549 33.851098747691
1.151646198 35.2715447458917
1.162936847 35.6746375490101
1.174227496 35.017116669872
1.185518145 33.3189910518972
1.196808794 30.6646837967113
1.208099443 27.2002417500227
1.219390092 23.1266396960494
1.230680741 18.6894535702726
1.24197139 14.1654131436932
1.253262039 9.84655691452774
1.264552688 6.02288631521704
1.275843337 2.96454057647331
1.287133986 0.904578217783951
1.298424635 0.0234501333070331
1.309715284 0.436180527468072
1.321005933 2.18313763134951
1.332296582 5.22508249417188
1.343587231 9.4429414110886
1.35487788 14.6424693354896
1.366168529 20.5636741928323
1.377459178 26.8945733280436
1.388749827 33.2885719685939
1.400040476 39.384507634883
1.411331125 44.8282102694254
1.422621774 49.2942991269532
1.433912423 52.5068841242291
1.445203072 54.2578669319586
1.456493721 54.4216462550532
1.46778437 52.9652180786588
1.479075019 49.9529158098297
1.490365668 45.5453433861239
1.501656317 39.9923989735191
1.512946966 33.6206475052262
1.524237615 26.8156551288057
1.535528264 20.0002255031788
1.546818913 13.6097558261061
1.558109562 8.06614095524938
1.569400211 3.75178218069322
1.58069086 0.98529299142452
1.591981509 0.000432890914616174
1.603272158 0.929643186824077
1.614562807 3.79331290154257
1.625853456 8.49558138879613
1.637144105 14.8271047771032
1.648434754 22.4747979056125
1.659725403 31.038136657944
1.671016052 40.0511935342375
1.682306701 49.0092076649702
1.69359735 57.3981831324543
1.704887999 64.72578691148
1.716178648 70.5516957199115
1.727469297 74.515529513807
1.738759946 76.3606116297548
1.750050595 75.9520080974429
1.761341244 73.2876109731481
1.772631893 68.5014258483144
1.783922542 61.8586796407023
1.795213191 53.7428548098691
1.80650384 44.6352509846741
1.817794489 35.0881444211288
1.829085138 25.6930303805612
1.840375787 17.0457667966979
1.851666436 9.71066726060985
1.862957085 4.18570104152719
1.874247734 0.870938231896745
1.885538383 0.0422275400287744
1.896829032 1.83181913165231
1.908119681 6.21725939365037
1.91941033 13.0194097767898
1.930700979 21.9099050983029
1.941991628 32.4277993469159
1.953282277 44.0045831546636
1.964572926 55.9962311930977
1.975863575 67.7204827100487
1.987154224 78.4972034731429
1.998444873 87.6894462212334
2.009735522 94.7427359432703
2.021026171 99.220164252173
2.03231682 100.831083219589
2.043607469 99.4515336428429
2.054898118 95.1350075350107
2.066188767 88.1127036742692
2.077479416 78.7830560775536
2.088770065 67.6909616348214
2.100060714 55.4977659712736
2.111351363 42.9436471065674
2.122642012 30.8045283300999
2.133932661 19.8460233192347
2.14522331 10.7771430508844
2.156513959 4.20655904344457
2.167804608 0.604114008471406
2.179095257 0.270002321803141
2.190385906 3.31362219701945
2.201676555 9.64355190294609
2.212967204 18.9694549153795
2.224257853 30.8160111440912
2.235548502 44.548245270405
2.246839151 59.4069225549242
2.2581298 74.5520502242758
2.269420449 89.1119982893404
2.280711098 102.23537105992
2.292001747 113.142545331083
2.303292396 121.173759112399
2.314583045 125.830790870188
2.325873694 126.809607216626
2.337164343 124.021859313943
2.348454992 117.603747200262
2.359745641 107.91151026904
2.37103629 95.5035980618689
2.382326939 81.1103810306371
2.39361758800001 65.5930273213021
2.40490823700001 49.8938518612823
2.41619888600001 34.9809955192381
2.42748953500001 21.7906794201545
2.43878018400001 11.1704766216478
2.45007083300001 3.8270354073693
2.46136148200001 0.281472759020153
2.47265213100001 0.835243016844211
2.48394278000001 5.54869736347552
2.49523342900001 14.2338175925982
2.50652407800001 26.4617748262056
2.51781472700001 41.5850793209753
2.52910537600001 58.7732040093412
2.54039602500001 77.0597354183365
2.55168667400001 95.3983820398188
2.56297732300001 112.72459737963
2.57426797200001 128.01918960262
2.58555862100001 140.370117895909
2.59684927000001 149.028730814915
2.60813991900001 153.456983826313
2.61943056800001 153.362668158754
2.63072121700001 148.720363974382
2.64201186600001 139.776659211607
2.65330251500001 127.039103201741
2.66459316400001 111.24933663883
2.67588381300001 93.3417985469805
2.68717446200001 74.3902984350109
2.69846511100001 55.545503295146
2.70975576000001 37.9669768307286
2.72104640900001 22.753784503337
2.73233705800001 10.8778171803763
2.74362770700001 3.1238768435016
2.75491835600001 0.0402133610407048
2.76620900500001 1.90261996700565
2.77749965400001 8.69441900270619
2.78879030300001 20.1037430156873
2.80008095200001 35.5384934702157
2.81137160100001 54.1583005979093
2.82266225000001 74.9217767210748
2.83395289900001 96.6464142513644
2.84524354800001 118.077686368694
2.85653419700001 137.96331276028
2.86782484600001 155.128293061543
2.87911549500001 168.54621132517
2.89040614400001 177.402485062359
2.90169679300001 181.145665101488
2.91298744200001 179.523564721415
2.92427809100001 172.601870543279
2.93556874000001 160.763913193826
2.94685938900002 144.691392749645
2.95815003800002 125.326996190329
2.96944068700002 103.820943006781
2.98073133600002 81.4644840377508
2.99202198500002 59.6141967339649
3.00331263400002 39.6115161826749
3.01460328300002 22.7022769893955
3.02589393200002 9.96109340414211
3.03718458100002 2.22516762820854
3.04847523000002 0.0416001728161435
3.05976587900002 3.63150950517776
3.07105652800002 12.8732944566925
3.08234717700002 27.3062483752506
3.09363782600002 46.1545248545696
3.10492847500002 68.3702329424077
3.11621912400002 92.693278414937
3.12750977300002 117.724537518406
3.13880042200002 142.008113864582
3.15009107100002 164.117840204469
3.16138172000002 182.742882549416
3.17267236900002 196.767305753566
3.18396301800002 205.338770203211
3.19525366700002 207.922133094958
3.20654431600002 204.334591529588
3.21783496500002 194.760078928769
3.22912561400002 179.741848566537
3.24041626300002 160.153476247305
3.25170691200002 137.149811039425
3.26299756100002 112.100620508955
3.27428821000002 86.5107411441396
3.28557885900002 61.9313901916671
3.29686950800002 39.8678690603994
3.30816015700002 21.6891537519792
3.31945080600002 8.54480563977206
3.33074145500002 1.29424705122005
3.34203210400002 0.452750887307535
3.35332275300002 6.1575309216091
3.36461340200002 18.156144878127
3.37590405100002 35.818104553176
3.38719470000002 58.1692040113926
3.39848534900002 83.9467107602862
3.40977599800002 111.672297997927
3.42106664700002 139.73850548622
3.43235729600002 166.503669348589
3.44364794500002 190.389710097467
3.45493859400002 209.976949079156
3.46622924300002 224.090252250526
3.47751989200002 231.871271970929
3.48881054100003 232.83234684421
3.50010119000003 226.888681824878
3.51139183900003 214.366704290696
3.52268248800003 195.987901864138
3.53397313700003 172.828910906278
3.54526378600003 146.26005341801
3.55655443500003 117.865828537753
3.56784508400003 89.3519734423725
3.57913573300003 62.4445491371181
3.59042638200003 38.7870268205067
3.60171703100003 19.8415165310859
3.61300768000003 6.80007893657278
3.62429832900003 0.511502658152481
3.63558897800003 1.42804422537097
3.64687962700003 9.57546627857835
3.65817027600003 24.5483395859416
3.66946092500003 45.5310764543067
3.68075157400003 71.3436260955119
3.69204222300003 100.509278362369
3.70333287200003 131.340680383766
3.71462352100003 162.039052501897
3.72591417000003 190.80076419293
3.73720481900003 215.924948918017
3.74849546800003 235.915730404442
3.75978611700003 249.572910692767
3.77107676600003 256.065618403026
3.78236741500003 254.984397753162
3.79365806400003 246.368478302826
3.80494871300003 230.706428567931
3.81623936200003 208.909977212465
3.82753001100003 182.262389514912
3.83882066000003 152.344318242873
3.85011130900003 120.94141469295
3.86140195800003 89.9391044931184
3.87269260700003 61.2107351809621
3.88398325600003 36.505738463298
3.89527390500003 17.3444909968739
3.90656455400003 4.92619858046658
3.91785520300003 0.0553888402480858
3.92914585200003 3.09151880341122
3.94043650100003 13.9248487471281
3.95172715000003 31.9801818856674
3.96301779900003 56.2484126007473
3.97430844800003 85.3441626553873
3.98559909700003 117.586214752223
3.99688974600003 151.096070492096
4.00818039500003 183.90884913853
4.01947104400003 214.089972676995
4.03076169300004 239.850699577186
4.04205234200004 259.655599549615
4.05334299100004 272.315504951483
4.06463364000004 277.060307080358
4.07592428900004 273.587139676635
4.08721493800004 262.080939092416
4.09850558700004 243.206005598009
4.10979623600004 218.068916298139
4.12108688500004 188.154854263585
4.13237753400004 155.241018068192
4.14366818300004 121.292164603973
4.15495883200004 88.3444316159549
4.16624948100004 58.3843178935503
4.17754013000004 33.2300228682076
4.18883077900004 14.42224208524
4.20012142800004 3.13098482492353
4.21141207700004 0.0840547010921868
4.22270272600004 5.5215668393329
4.23399337500004 19.1793404334839
4.24528402400004 40.3022936784811
4.25657467300004 67.6871808855656
4.26786532200004 99.7522555958752
4.27915597100004 134.629823935849
4.29044662000004 170.276266828222
4.30173726900004 204.593041942059
4.31302791800004 235.551491729746
4.32431856700004 261.314025197682
4.33560921600004 280.344425520107
4.34689986500004 291.500654103469
4.35819051400004 294.104539090055
4.36948116300004 287.98409337357
4.38077181200004 273.485824223278
4.39206246100004 251.456177924468
4.40335311000004 223.193102565211
4.41464375900004 190.370500432869
4.42593440800004 154.939971268209
4.43722505700004 119.015620767034
4.44851570600004 84.7487421054294
4.45980635500004 54.1998087952626
4.47109700400004 29.2154056225505
4.48238765300004 11.3174578623179
4.49367830200004 1.6114116604945
4.50496895100004 0.718911112967912
4.51625960000004 8.7390749265683
4.52755024900004 25.2407826817095
4.53884089800004 49.2865379675579
4.55013154700004 79.4865926798555
4.56142219600004 114.080205993318
4.57271284500005 151.039281439354
4.58400349400005 188.188274181371
4.59529414300005 223.333269676699
4.60658479200005 254.39256484137
4.61787544100005 279.520969005966
4.62916609000005 297.220392601944
4.64045673900005 306.430087124487
4.65174738800005 306.591094282846
4.66303803700005 297.680985184504
4.67432868600005 280.216731858466
4.68561933500005 255.225448828628
4.69690998400005 224.184658913015
4.70820063300005 188.935560481568
4.71949128200005 151.574393853508
4.73078193100005 114.328324972331
4.74207258000005 79.4232052546251
4.75336322900005 48.9510703550018
4.76465387800005 24.7452762856228
4.77594452700005 8.2707355499788
4.78723517600005 0.535833552848416
4.79852582500005 2.03132815309828
4.80981647400005 12.6999381955037
4.82110712300005 31.9385048441379
4.83239777200005 58.6326708669568
4.84368842100005 91.2220832357537
4.85497907000005 127.792299381023
4.86626971900005 166.187976446229
4.87756036800005 204.140642033706
4.88885101700005 239.403461404955
4.90014166600005 269.884983481927
4.91143231500005 293.773893040479
4.92272296400005 309.647317442544
4.93401361300005 316.556202922317
4.94530426200005 314.082630929534
4.95659491100005 302.365609102412
4.96788556000005 282.093745269033
4.97917620900005 254.46518492392
4.99046685800005 221.117145299794
5.00175750700005 184.029195816033
5.01304815600005 145.406006636336
5.02433880500005 107.546520058569
5.03562945400005 72.7073193490742
5.04692010300005 42.9683268529331
5.05821075200005 20.1088357649448
5.06950140100005 5.501274764714
5.08079205000005 0.0290572878621995
5.09208269900005 4.03343947847951
5.10337334800005 17.2925876006174
5.11466399700006 39.0341393956743
5.12595464600006 67.98054872943
5.13724529500006 102.42454789128
5.14853594400006 140.330263836162
5.15982659300006 179.453990995499
5.17111724200006 217.477445841653
5.18240789100006 252.145577796833
5.19369854000006 281.400732527415
5.20498918900006 303.50517419857
5.21627983800006 317.144660723083
5.22757048700006 321.506889768651
5.23886113600006 316.330126546465
5.25015178500006 301.919098329848
5.26144243400006 279.127189560237
5.27273308300006 249.305979087107
5.28402373200006 214.225107776747
5.29531438100006 175.967234207281
5.30660503000006 136.804322763203
5.31789567900006 99.0626233144698
5.32918632800006 64.9843781366926
5.34047697700006 36.5944892767127
5.35176762600006 15.5800862538768
5.36305827500006 3.19016717945723
5.37434892400006 0.161291720493162
5.38563957300006 6.67375303081805
5.39693022200006 22.3408403287392
5.40822087100006 46.2318325072258
5.41951152000006 76.9273536215344
5.43080216900006 112.60379320148
5.44209281800006 151.141763096286
5.45338346700006 190.252131247514
5.46467411600006 227.612126753021
5.47596476500006 261.003412172749
5.48725541400006 288.443903842544
5.49854606300006 308.305495757744
5.50983671200006 319.410684864906
5.52112736100006 321.102354960244
5.53241801000006 313.28257756011
5.54370865900006 296.418135432453
5.55499930800006 271.512457657315
5.56628995700006 240.045655761991
5.57758060600006 203.886249312886
5.58887125500006 165.179853148546
5.60016190400006 126.221466916655
5.61145255300006 89.3189793285143
5.62274320200006 56.6560168978385
5.63403385100006 30.16229937943
5.64532450000006 11.3992101236589
5.65661514900007 1.46737660299959
5.66790579800007 0.941739302033614
5.67919644700007 9.83794491289233
5.69048709600007 27.6120305951632
5.70177774500007 53.1933816380487
5.71306839400007 85.0489636586003
5.72435904300007 121.274970618169
5.73564969200007 159.710402200177
5.74694034100007 198.065785245995
5.75823099000007 234.059361029882
5.76952163900007 265.552625887634
5.78081228800007 290.677162380981
5.79210293700007 307.945228156372
5.80339358600007 316.337547664583
5.81468423500007 315.363118984336
5.82597488400007 305.087522048968
5.83726553300007 286.128095331357
5.84855618200007 259.616323042937
5.85984683100007 227.129726251799
5.87113748000007 190.597362730163
5.88242812900007 152.184604057847
5.89371877800007 114.164081753447
5.90500942700007 78.780504673259
5.91630007600007 48.1174000604307
5.92759072500007 23.9737004434991
5.93888137400007 7.75749676598529
5.95017202300007 0.403241485846377
5.96146267200007 2.3172765886667
5.97275332100007 13.3548652557932
5.98404397000007 32.8300240295533
5.99533461900007 59.557497293279
6.00662526800007 91.9243044221149
6.01791591700007 127.986535892061
6.02920656600007 165.585582144484
6.04049721500007 202.476836433953
6.05178786400007 236.463187502905
6.06307851300007 265.525351947662
6.07436916200007 287.941304283957
6.08565981100007 302.387731389767
6.09695046000007 308.017526169729
6.10824110900007 304.508777007547
6.11953175800007 292.082417994966
6.13082240700007 271.487577519155
6.14211305600007 243.955587512272
6.15340370500007 211.125477674625
6.16469435400007 174.945467494858
6.17598500300007 137.556383786523
6.18727565200007 101.163989226165
6.19856630100008 67.9078460407907
6.20985695000008 39.7345217570411
6.22114759900008 18.2826612915836
6.23243824800008 4.78671991547817
6.24372889700008 0.00501965196250466
6.25501954600008 4.17632619782759
6.26631019500008 17.0074328897608
6.27760084400008 37.6923852928186
6.28889149300008 64.9620955438664
6.30018214200008 97.1612920216696
6.31147279100008 132.348134417493
6.32276344000008 168.410492444687
6.33405408900008 203.191916606318
6.34534473800008 234.619778129145
6.35663538700008 260.827953708493
6.36792603600008 280.266783495759
6.37921668500008 291.793815102964
6.39050733400008 294.740013955806
6.40179798300008 288.947600090654
6.41308863200008 274.777374110621
6.42437928100008 253.085218197025
6.43566993000008 225.169292731284
6.44696057900008 192.691185880043
6.45825122800008 157.57580936457
6.46954187700008 121.896077899892
6.48083252600008 87.7492895295067
6.49212317500008 57.1325884100614
6.50341382400008 31.8249146061405
6.51470447300008 13.2824276461469
6.52599512200008 2.5535587503926
6.53728577100008 0.218652122613464
6.54857642000008 6.35767124307353
6.55986706900008 20.5477614250864
6.57115771800008 41.8906762428449
6.58244836700008 69.0682994967294
6.59373901600008 100.422831897219
6.60502966500008 134.056761114937
6.61632031400008 167.946580664964
6.62761096300008 200.063434544715
6.63890161200008 228.493485848788
6.65019226100008 251.550859315698
6.66148291000008 267.876484739012
6.67277355900008 276.517039894586
6.68406420800008 276.979404213685
6.69535485700008 269.257513937199
6.70664550600008 253.830166449146
6.71793615500008 231.63005631597
6.72922680400008 203.986034529666
6.74051745300009 172.542163924353
6.75180810200009 139.158504195689
6.76309875100009 105.799619555729
6.77438940000009 74.4174993162038
6.78568004900009 46.8358770512695
6.79697069800009 24.6428120575406
6.80826134700009 9.09786717104733
6.81955199600009 1.05931343276555
6.83084264500009 0.935570528636619
6.84213329400009 8.66362691690875
6.85342394300009 23.7155637316744
6.86471459200009 45.1326292718483
6.87600524100009 71.5846763659417
6.88729589000009 101.451280227881
6.89858653900009 132.919587764537
6.90987718800009 164.092984724777
6.92116783700009 193.104060208037
6.93245848600009 218.225132838391
6.94374913500009 237.969789768927
6.95503978400009 251.179464994824
6.96633043300009 257.09001053895
6.97762108200009 255.374435511579
6.98891173100009 246.159429236081
7.00020238000009 230.014858351301
7.01149302900009 207.917039486568
7.02278367800009 181.188142541109
7.03407432700009 151.415482669882
7.04536497600009 120.355629231536
7.05665562500009 89.829129068494
7.06794627400009 61.612159836915
7.07923692300009 37.3315681977345
7.09052757200009 18.369501826935
7.10181822100009 5.78323069259904
7.11310887000009 0.244810959105152
7.12439951900009 2.00403260742067
7.13569016800009 10.8766834907095
7.14698081700009 26.2586433270507
7.15827146600009 47.1647823169912
7.16956211500009 72.2901724284694
7.18085276400009 100.089811717569
7.19214341300009 128.871990047367
7.20343406200009 156.899650318294
7.21472471100009 182.493666717425
7.22601536000009 204.131893728596
7.23730600900009 220.538138000616
7.24859665800009 230.755849097057
7.25988730700009 234.202273660127
7.27117795600009 230.700011785092
7.2824686050001 220.484281402019
7.2937592540001 204.185653451158
7.3050499030001 182.789480156895
7.3163405520001 157.574613831043
7.3276312010001 130.035223169403
7.3389218500001 101.790487265511
7.3502124990001 74.48762852398
7.3615031480001 49.704096161044
7.3727937970001 28.8547138877744
7.3840844460001 13.10926146382
7.3953750950001 3.32529345626475
7.4066657440001 5.21319199479423e-005
7.4179563930001 3.24416367899238
7.4292470420001 12.7784893159116
7.4405376910001 27.954115045847
7.4518283400001 47.7940890954276
7.4631189890001 71.0542361747889
7.4744096380001 96.2992679878529
7.4857002870001 121.989534474607
7.4969909360001 146.573170084779
7.5082815850001 168.578116549386
7.5195722340001 186.698561509508
7.5308628830001 199.870714522851
7.5421535320001 207.333522670369
7.5534441810001 208.670863940758
7.5647348300001 203.83288967707
7.5760254790001 193.135448311831
7.5873161280001 177.237835108188
7.5986067770001 157.100398022867
7.6098974260001 133.924711831213
7.6211880750001 109.08004191436
7.6324787240001 84.0205971785812
7.6437693730001 60.1985743786143
7.6550600220001 38.9781964112987
7.6663506710001 21.5558359943967
7.6776413200001 8.89090326483421
7.6889319690001 1.6514888283577
7.7002226180001 0.177836342718953
7.7115132670001 4.46562779150522
7.7228039160001 14.1698669429697
7.7340945650001 28.6289145074635
7.7453852140001 46.9070359301068
7.7566758630001 67.8527401921511
7.7679665120001 90.1692787606952
7.7792571610001 112.492990239591
7.7905478100001 133.474756646185
7.8018384590001 151.859703735088
7.8131291080001 166.560435280168
7.82441975700011 176.719527174426
7.83571040600011 181.757692610878
7.84700105500011 181.404920904207
7.85829170400011 175.712934340578
7.86958235300011 165.048436075211
7.88087300200011 150.067769339039
7.89216365100011 131.674705525543
7.90345430000011 110.964061314965
7.91474494900011 89.154655639998
7.92603559800011 67.5157096965004
7.93732624700011 47.2911345946185
7.94861689600011 29.6262242190531
7.95990754500011 15.5010742231388
7.97119819400011 5.67459671641848
7.98248884300011 0.642324033505749
7.99377949200011 0.610336961858422
8.00507014100011 5.48666625986586
8.01636079000011 14.8904615434766
8.02765143900011 28.17816232782
8.03894208800011 44.4849053440628
8.0502327370001 62.7785191041274
8.0615233860001 81.9227422128634
8.0728140350001 100.74579658692
8.0841046840001 118.110178007386
8.0953953330001 132.979507322459
8.1066859820001 144.478514081615
8.1179766310001 151.942683632228
8.1292672800001 154.954758395829
8.1405579290001 153.366102247316
8.1518485780001 147.301862814424
8.1631392270001 137.14984350111
8.1744298760001 123.533966217728
8.1857205250001 107.274109517436
8.1970111740001 89.3348921120803
8.2083018230001 70.766593370539
8.21959247200009 52.6418255644698
8.23088312100009 35.9917748156593
8.24217377000009 21.7457999093296
8.25346441900009 10.6779252146778
8.26475506800009 3.36330411658572
8.27604571700009 0.147092929381971
8.28733636600009 1.12740267165692
8.29862701500009 6.15313532680733
8.30991766400009 14.836614876456
8.32120831300009 26.580045426072
8.33249896200009 40.6140212243457
8.34378961100009 56.0456234297622
8.35508026000009 71.9131055113914
8.36637090900009 87.2438226449339
8.37766155800009 101.111918268032
8.38895220700008 112.692348509008
8.40024285600008 121.308095308556
8.41153350500008 126.467872530572
8.42282415400008 127.89223635773
8.43411480300008 125.526733223527
8.44540545200008 119.541510602079
8.45669610100008 110.317629819004
8.46798675000008 98.4211067701919
8.47927739900008 84.5664195335431
8.49056804800008 69.5718199573162
8.50185869700008 54.3092355608927
8.51314934600008 39.6518240795725
8.52443999500008 26.4223320620635
8.53573064400008 15.3453088201263
8.54702129300007 7.00594681395461
8.55831194200007 1.81787893368635
8.56960259100007 0.00169107345437822
8.58089324000007 1.57524123582917
8.59218388900007 6.35615557842561
8.60347453800007 13.9761412621114
8.61476518700007 23.906059462195
8.62605583600007 35.4900804590711
8.63734648500007 47.9867321402255
8.64863713400007 60.6142820788999
8.65992778300007 72.5976813266721
8.67121843200007 83.2142550215357
8.68250908100007 91.8354504372503
8.69379973000007 97.9622366710368
8.70509037900007 101.252171999662
8.71638102800006 101.536687321574
8.72767167700006 98.8277432196977
8.73896232600006 93.3136662210323
8.75025297500006 85.3446173512496
8.76154362400006 75.4087543985915
8.77283427300006 64.1006827899335
8.78412492200006 52.0842181683348
8.79541557100006 40.0517830514253
8.80670622000006 28.682914917846
8.81799686900006 18.604367230246
8.82928751800006 10.3541409346161
8.84057816700006 4.35150337994248
8.85186881600006 0.874653847786571
8.86315946500006 0.0472060794038278
8.87445011400006 1.83410939369987
8.88574076300005 6.04705523933081
8.89703141200005 12.3588502321341
8.90832206100005 20.3257135691008
8.91961271000005 29.4160066174822
8.93090335900005 39.0435508834707
8.94219400800005 48.6034564680853
8.95348465700005 57.508278073282
8.96477530600005 65.2223431974314
8.97606595500005 71.2922528885388
8.98735660400005 75.3718272383001
8.99864725300005 77.24013691826
9.00993790200005 76.8117042568504
9.02122855100005 74.1384445411504
9.03251920000005 69.4034202149195
9.04380984900004 62.9069670202181
9.05510049800004 55.0461930870159
9.06639114700004 46.2892240157346
9.07768179600004 37.1458483966412
9.08897244500004 28.1363941592628
9.10026309400004 19.760728514216
9.11155374300004 12.469221926833
9.12284439200004 6.63735536127693
9.13413504100004 2.54539218778303
9.14542569000004 0.364199419056781
9.15671633900004 0.147909431400928
9.16800698800004 1.83368802540975
9.17929763700004 5.24844390278833
9.19058828600004 10.121904391033
9.20187893500004 16.1051166807989
9.21316958400003 22.7931338148253
9.22446023300003 29.7504265815667
9.23575088200003 36.5374373732291
9.24704153100003 42.7366651338418
9.25833218000003 47.9767408628108
9.26962282900003 51.9531140190588
9.28091347800003 54.4442095618612
9.29220412700003 55.3222168060929
9.30349477600003 54.5580149787062
9.31478542500003 52.2201045188108
9.32607607400003 48.4677752820408
9.33736672300003 43.5390811260752
9.34865737200003 37.7344851235334
9.35994802100003 31.3972742919573
9.37123867000003 24.892004757414
9.38252931900002 18.5823199249623
9.39381996800002 12.8094828432447
9.40511061700002 7.87288195437579
9.41640126600002 4.013614063963
9.42769191500002 1.40203114272191
9.43898256400002 0.129873399539514
9.45027321300002 0.207317285991967
9.46156386200002 1.56496234063739
9.47285451100002 4.06048381792565
9.48414516000002 7.48940660756417
9.49543580900002 11.5992256957694
9.50672645800002 16.1059220387532
9.51801710700002 20.7118092408987
9.52930775600002 25.123600783109
9.54059840500001 29.0696103776545
9.55188905400001 32.3150857899272
9.56317970300001 34.6748217728043
9.57447035200001 36.0223899368645
9.58576100100001 36.2955492380023
9.59705165000001 35.4976454764112
9.60834229900001 33.6950562661088
9.61963294800001 31.010974148871
9.63092359700001 27.6160309097198
9.64221424600001 23.716438763957
9.65350489500001 19.5404496995115
9.66479554400001 15.324006833622
9.67608619300001 11.2964785965282
9.68737684200001 7.66732880422571
9.69866749100001 4.61448747146135
9.70995814 2.27505574120085
9.721248789 0.738813171089697
9.732539438 0.0448081549847233
9.743830087 0.18111477195449
9.755120736 1.08764432351934
9.766411385 2.66171911401544
9.777702034 4.76596020009558
9.788992683 7.23791850673903
9.800283332 9.90079610785151
9.811573981 12.5745651346353
9.82286463 15.0867964245695
9.834155279 17.2825566231717
9.845445928 19.0328164401222
9.856736577 20.2409274369175
9.868027226 20.8468617378911
9.87931787499999 20.8290590058596
9.89060852399999 20.2038780767409
9.90189917299999 19.0227971802353
9.91318982199999 17.3676378654742
9.92448047099999 15.3441961072618
9.93577111999999 13.0747438409049
9.94706176899999 10.6899116490083
9.95835241799999 8.32047697689003
9.96964306699999 6.08956275254913
9.98093371599999 4.10570135967515
9.99222436499999 2.45714308442459
10.003515014 1.20769238968442
10.014805663 0.394246618894588
10.026096312 0.0260974566017808
10.037386961 0.0859431441463478
10.04867761 0.532456065194898
10.059968259 1.30416197806021
10.071258908 2.32431873118733
10.082549557 3.50643710121497
10.093840206 4.76006613444168
10.105130855 5.99647006262014
10.116421504 7.13385190675605
10.127712153 8.10182725522701
10.139002802 8.84491622029348
10.150293451 9.32489722212802
10.1615841 9.52194753954494
10.172874749 9.43457693711267
10.184165398 9.07843685226844
10.195456047 8.48415394736798
10.206746696 7.69438954162899
10.218037345 6.76036287875254
10.229327994 5.73809492067441
10.240618643 4.68463020281171
10.251909292 3.65447825779132
10.263199941 2.69648529778529
10.27449059 1.8513041959886
10.285781239 1.14957990542533
10.297071888 0.610912225483713
10.308362537 0.243602261463646
10.319653186 0.0451367926725306
10.330943835 0.00331938039525517
10.342234484 0.0979210536377094
10.353525133 0.302698642577693
10.364815782 0.587616229796676
10.376106431 0.921104793584075
10.38739708 1.27220610521375
10.398687729 1.6124677437263
10.409978378 1.91748454486524
10.421269027 2.16801533926218
10.432559676 2.35063969741126
10.443850325 2.45795484018493
10.455140974 2.48834536321047
10.466431623 2.4453858180155
10.477722272 2.33695687066668
10.489012921 2.17416870799345
10.50030357 1.9701902191823
10.511594219 1.73907951941683
10.522884868 1.49470145156621
10.534175517 1.24980212696668
10.545466166 1.01529101698252
10.556756815 0.799759446705303
10.568047464 0.6092424696915
10.579338113 0.447210799587178
10.590628762 0.314762269521384
10.601919411 0.210969350502831
10.61321006 0.133331317394338
10.6245007089999 0.0782769662181872
10.6357913579999 0.0416661545021299
10.6470820069999 0.0192452292055102
10.6583726559999 0.00702165001261516
10.6696633049999 0.001535590506008
10.6809539539999 1.9661047925889e-005
10.6922446029999 0.000450798897473922
10.7035352519999 0.00150958578592297
10.7148259009999 0.00247077795842159
10.7261165499999 0.0030539728099814
10.7374071989999 0.00326475426587901
10.7486978479999 0.00325440068012501
10.7599884969999 0.00322071444568444
10.7712791459999 0.00336447019023853
10.7825697949999 0.00390634982910945
10.7938604439999 0.00515915585982674
10.8051510929999 0.00764072461314198
10.8164417419999 0.0122053797359237
10.8277323909999 0.0201668743848106
10.8390230399999 0.0333842012989386
10.8503136889999 0.0542837024484302
10.8616043379999 0.0857965152118849
10.8728949869999 0.131199110815068
10.8841856359999 0.193855736067005
10.8954762849999 0.276873910424978
10.9067669339999 0.38269652304038
10.9180575829999 0.512665211294677
10.9293482319999 0.666598322818464
10.9406388809999 0.842431773388833
10.9519295299999 1.03597169636037
10.9632201789999 1.24080348456492
10.9745108279999 1.44839262932917
10.9858014769999 1.64839909333946
10.9970921259999 1.82920968593322
11.0083827749999 1.97867330306667
11.0196734239999 2.08500351548291
11.0309640729999 2.13779358975796
11.0422547219999 2.12907240754546
11.0535453709999 2.05431760490442
11.0648360199999 1.91333602926321
11.0761266689999 1.71092235898084
11.0874173179999 1.45721499887266
11.0987079669999 1.16768412229265
11.1099986159999 0.862709327447003
11.1212892649999 0.566732559078688
11.1325799139999 0.307003919799449
11.1438705629999 0.111971526103102
11.1551612119999 0.0093991334785722
11.1664518609999 0.024324236493992
11.1777425099999 0.176992207142487
11.1890331589999 0.480916524832084
11.2003238079999 0.941219515060349
11.2116144569999 1.553401141374
11.2229051059999 2.30266495170234
11.2341957549999 3.16390077904331
11.2454864039999 4.10238461377754
11.2567770529999 5.07520938946533
11.2680677019999 6.03340914464636
11.2793583509999 6.92468655756513
11.2906489999999 7.69660392591009
