0 0
0.011290649 0
0.022581298 2.55613938471578e-006
0.033871947 4.03398195649575e-005
0.045162596 0.000247306602952344
0.056453245 0.000964917090378193
0.067743894 0.00286620419102767
0.079034543 0.00707624155568729
0.090325192 0.0152656826456937
0.101615841 0.0296947964113551
0.11290649 0.0531888666720089
0.124197139 0.0890317367754138
0.135487788 0.140772215587351
0.146778437 0.21194735249066
0.158069086 0.305736416717667
0.169359735 0.424568866418091
0.180650384 0.569717734948919
0.191941033 0.740915828196267
0.203231682 0.936035189338073
0.214522331 1.15086992672315
0.22581298 1.37905845948154
0.237103629 1.61217355490285
0.248394278 1.83999756284562
0.259684927 2.05098664573344
0.270975576 2.23291247139916
0.282266225 2.37365389828934
0.293556874 2.46209588414661
0.304847523 2.48907947291351
0.316138172 2.44833648164859
0.327428821 2.33733648148752
0.33871947 2.15797265510409
0.350010119 1.9170176010713
0.361300768 1.62629024250537
0.372591417 1.30249036861644
0.383882066 0.966677262893207
0.395172715 0.643392233784486
0.406463364 0.359450218626619
0.417754013 0.1424512932964
0.429044662 0.0190870688714951
0.440335311 0.0133377617307431
0.45162596 0.144671473416061
0.462916609 0.426366446990528
0.474207258 0.86407867812782
0.485497907 1.45477061485449
0.496788556 2.1861016757716
0.508079205 3.03635841859394
0.519369854 3.97497243407808
0.530660503 4.96363898938838
0.541951152 5.95801111557859
0.553241801 6.90990458082436
0.56453245 7.76991156672406
0.575823099 8.49028745829299
0.587113747999999 9.02794842326452
0.598404396999999 9.34739954173853
0.609695045999999 9.42340583849607
0.620985694999999 9.24322275483021
0.632276343999999 8.80821876270913
0.643566992999999 8.13475060065167
0.654857641999999 7.25418985540102
0.666148290999999 6.21204644962799
0.677438939999999 5.06618749936373
0.688729588999999 3.88420593694498
0.700020237999999 2.74004887446881
0.711310886999999 1.71006738621114
0.722601535999999 0.868693770850786
0.733892184999999 0.28398627105779
0.745182833999999 0.0133020483511533
0.756473482999999 0.099365007352158
0.767764131999999 0.566984762864456
0.779054780999999 1.42065653157039
0.790345429999999 2.64322989951355
0.801636078999999 4.19577915047067
0.812926727999999 6.01874193646502
0.824217376999999 8.034320104034
0.835508025999999 10.150060617116
0.846798674999999 12.2634602476177
0.858089323999999 14.2673696294973
0.869379972999999 16.0559147861876
0.880670621999999 17.5306112635171
0.891961270999999 18.6063207158414
0.903251919999999 19.216694429908
0.914542568999999 19.3187639291962
0.925833217999999 18.8963753458971
0.937123866999999 17.9622202725372
0.948414515999999 16.5582886758846
0.959705164999999 14.7546554269522
0.970995813999999 12.646606406762
0.982286462999999 10.3502076538259
0.993577111999999 7.99651592438797
1.004867761 5.72471560384616
1.01615841 3.67453971111033
1.027449059 1.97838699725427
1.038739708 0.753579030240457
1.050030357 0.0952080662380146
1.061321006 0.0700072288500928
1.072611655 0.711629364232728
1.083902304 2.01765177223466
1.095192953 3.9485341701854
1.106483602 6.42865138781238
1.117774251 9.34940616147854
1.1290649 12.5743075057089
1.140355549 15.9457834057141
1.151646198 19.293389916312
1.162936847 22.4429886843053
1.174227496 25.2263971448673
1.185518145 27.4909747292608
1.196808794 29.108597454213
1.208099443 29.9834936583674
1.219390092 30.0584650228357
1.230680741 29.3190971534438
1.24197139 27.7956689691924
1.253262039 25.5625944483981
1.264552688 22.7353671878313
1.275843337 19.4651200982378
1.287133986 15.9310512973995
1.298424635 12.3310947769443
1.309715284 8.87132309458992
1.321005933 5.75465249345527
1.332296582 3.16947312910117
1.343587231 1.27884482759395
1.35487788 0.210880265714036
1.366168529 0.0508829853888951
1.377459178 0.835719643440078
1.388749827 2.5507887558018
1.400040476 5.12980809063463
1.411331125 8.45748740642863
1.422621774 12.374991053615
1.433912423 16.6879352379694
1.445203072 21.1765166773625
1.456493721 25.6072416534039
1.46778437 29.7456247252673
1.479075019 33.3691608093681
1.490365668 36.2798472456305
1.501656317 38.3155460357042
1.512946966 39.3595305164235
1.524237615 39.347652860868
1.535528264 38.2726942973858
1.546818913 36.1856121397153
1.558109562 33.1935683389716
1.569400211 29.4548038402941
1.58069086 25.1706014512235
1.591981509 20.5747470345157
1.603272158 15.9210449695669
1.614562807 11.4695604052283
1.625853456 7.47234085685196
1.637144105 4.15940818984541
1.648434754 1.72580630231176
1.659725403 0.320439685366153
1.671016052 0.0373458479176424
1.682306701 0.909915113722282
1.69359735 2.90841147913536
1.704887999 5.94096680725547
1.716178648 9.85802769223732
1.727469297 14.4600406742795
1.738759946 19.5079780806554
1.750050595 24.7361440867033
1.761341244 29.8665680213672
1.772631893 34.6241972402521
1.783922542 38.7520507214507
1.795213191 42.0254901425337
1.80650384 44.2648081753425
1.817794489 45.3454220066265
1.829085138 45.2050889888976
1.840375787 43.8477238414229
1.851666436 41.3435839975357
1.862957085 37.825791118537
1.874247734 33.4833611842418
1.885538383 28.5511114122706
1.896829032 23.2969884622215
1.908119681 18.0075089138096
1.91941033 12.9721114700593
1.930700979 8.46728444671784
1.941991628 4.74134807156004
1.953282277 2.00073784751151
1.964572926 0.398554429791683
1.975863575 0.0260215234689375
1.987154224 0.907333072331758
1.998444873 2.99818340335404
2.009735522 6.18806950443256
2.021026171 10.3062447157821
2.03231682 15.1309996052215
2.043607469 20.4017601313898
2.054898118 25.8333358413349
2.066188767 31.1315306768766
2.077479416 36.0092527614474
2.088770065 40.2022316097099
2.100060714 43.4834731249467
2.111351363 45.6756532874964
2.122642012 46.6607666100431
2.133932661 46.3864987429307
2.14522331 44.8689754078114
2.156513959 42.1917418182993
2.167804608 38.5010365403147
2.179095257 33.9976295580829
2.190385906 28.9256845966398
2.201676555 23.5592698615959
2.212967204 18.1872701476489
2.224257853 13.0975396119689
2.235548502 8.56117369563642
2.246839151 4.81776866951179
2.2581298 2.06247882573258
2.269420449 0.435577907428377
2.280711098 0.0150889642083584
2.292001747 0.812873608310353
2.303292396 2.77437749410032
2.314583045 5.7820247522045
2.325873694 9.66205158255168
2.337164343 14.1943796004488
2.348454992 19.1249633953667
2.359745641 24.179913274934
2.37103629 29.0806005996587
2.382326939 33.5589044413452
2.39361758800001 37.3717569287925
2.40490823700001 40.3141903025997
2.41619888600001 42.2301784616347
2.42748953500001 43.0206942577157
2.43878018400001 42.6485634533121
2.45007083300001 41.1398778746796
2.46136148200001 38.5819234856966
2.47265213100001 35.1177729311384
2.48394278000001 30.9378756722332
2.49523342900001 26.2691419631413
2.50652407800001 21.3621506482766
2.51781472700001 16.4772078989672
2.52910537600001 11.8700394943901
2.54039602500001 7.77791043038986
2.55168667400001 4.40693238425064
2.56297732300001 1.92124425624996
2.57426797200001 0.434638378351348
2.58555862100001 0.00506180605801548
2.59684927000001 0.632256812829745
2.60813991900001 2.25862685360159
2.61943056800001 4.77323400824757
2.63072121700001 8.01866141413755
2.64201186600001 11.8003190326155
2.65330251500001 15.8976417403517
2.66459316400001 20.0765320893943
2.67588381300001 24.1023410886798
2.68717446200001 27.752661773138
2.69846511100001 30.8292325671428
2.70975576000001 33.1683086242468
2.72104640900001 34.6489553690338
2.73233705800001 35.1988434051745
2.74362770700001 34.7972702732063
2.75491835600001 33.4752936425323
2.76620900500001 31.313023225887
2.77749965400001 28.434275785544
2.78879030300001 24.9989403133809
2.80008095200001 21.1935210360871
2.81137160100001 17.2204179435848
2.82266225000001 13.2865634199269
2.83395289900001 9.59205659746629
2.84524354800001 6.31942366821404
2.85653419700001 3.62408406209933
2.86782484600001 1.62652258612962
2.87911549500001 0.406561476796153
2.89040614400001 4.06321760293804e-007
2.90169679300001 0.397754344487707
2.91298744200001 1.54747688996424
2.92427809100001 3.35751838781852
2.93556874000001 5.70294157637519
2.94685938900002 8.43320954911699
2.95815003800002 11.3810771502116
2.96944068700002 14.3721617034137
2.98073133600002 17.2346446403883
2.99202198500002 19.8085627612174
3.00331263400002 21.954185327803
3.01460328300002 23.5590380582801
3.02589393200002 24.5432229610765
3.03718458100002 24.862788219691
3.04847523000002 24.5110185603524
3.05976587900002 23.5176367928511
3.07105652800002 21.9460245508132
3.08234717700002 19.8886780680408
3.09363782600002 17.4612072370676
3.10492847500002 14.7952583784087
3.11621912400002 12.030789577703
3.12750977300002 9.3081500654284
3.13880042200002 6.76041140964953
3.15009107100002 4.50636928898601
3.16138172000002 2.64458276308164
3.17267236900002 1.24874695912362
3.18396301800002 0.364609636598332
3.19525366700002 0.00854755972566709
3.20654431600002 0.167820734200849
3.21783496500002 0.802427097205789
3.22912561400002 1.84839260485837
3.24041626300002 3.22225662257968
3.25170691200002 4.82645397981824
3.26299756100002 6.55525579572837
3.27428821000002 8.30091278899815
3.28557885900002 9.95964755117921
3.29686950800002 11.4371652380497
3.30816015700002 12.6533932174238
3.31945080600002 13.5462163183907
3.33074145500002 14.0740416018653
3.34203210400002 14.2171006488983
3.35332275300002 13.9774736402387
3.36461340200002 13.3778934249354
3.37590405100002 12.4594551115713
3.38719470000002 11.2784137858679
3.39848534900002 9.90229684303208
3.40977599800002 8.40558610568414
3.42106664700002 6.86523735095645
3.43235729600002 5.35630107781025
3.44364794500002 3.94788926462949
3.45493859400002 2.69970032993291
3.46622924300002 1.65927107629192
3.47751989200002 0.860073172865168
3.48881054100003 0.320516150218656
3.50010119000003 0.0438624848312658
3.51139183900003 0.0190065688418435
3.52268248800003 0.222021303235606
3.53397313700003 0.618336333786411
3.54526378600003 1.16538254751911
3.55655443500003 1.81551961319108
3.56784508400003 2.51905755907196
3.57913573300003 3.22718934465508
3.59042638200003 3.89466809604941
3.60171703100003 4.48208851699728
3.61300768000003 4.95766485242459
3.62429832900003 5.29843523340491
3.63558897800003 5.49086167644115
3.64687962700003 5.53083386452807
3.65817027600003 5.42312069851223
3.66946092500003 5.18034439328137
3.68075157400003 4.82157596277939
3.69204222300003 4.37066717279134
3.70333287200003 3.85444189189725
3.71462352100003 3.30086926510434
3.72591417000003 2.73733284068263
3.73720481900003 2.18909474468256
3.74849546800003 1.67803364754973
3.75978611700003 1.22171129754234
3.77107676600003 0.832796639120316
3.78236741500003 0.518850831382486
3.79365806400003 0.282452554637841
3.80494871300003 0.121622336445064
3.81623936200003 0.0304884177766731
3.82753001100003 0.000125709485791178
3.83882066000003 0.0194940376071938
3.85011130900003 0.0764021032345614
3.86140195800003 0.158428956670464
3.87269260700003 0.25374453491203
3.88398325600003 0.351783900263817
3.89527390500003 0.443745035072202
3.90656455400003 0.522896105706556
3.91785520300003 0.584693742835908
3.92914585200003 0.626727944779784
3.94043650100003 0.648520741306351
3.95172715000003 0.651214058497254
3.96301779900003 0.637186899325584
3.97430844800003 0.609642909281714
3.98559909700003 0.572206844294299
3.99688974600003 0.528562882571644
4.00818039500003 0.482159824999486
4.01947104400003 0.435998864578991
4.03076169300004 0.392509703880036
4.04205234200004 0.353511286246089
4.05334299100004 0.320245126137907
4.06463364000004 0.293462872226697
4.07592428900004 0.273545806490626
4.08721493800004 0.260632727758178
4.09850558700004 0.254734088912657
4.10979623600004 0.255814105305636
4.12108688500004 0.263828358410197
4.13237753400004 0.278711537451898
4.14366818300004 0.300317629570319
4.15495883200004 0.328322274525214
4.16624948100004 0.362103356004761
4.17754013000004 0.400620516262193
4.18883077900004 0.442316620152538
4.20012142800004 0.485063932652404
4.21141207700004 0.526174825328687
4.22270272600004 0.562491360189838
4.23399337500004 0.590560527126067
4.24528402400004 0.606892862531838
4.25657467300004 0.608292447787626
4.26786532200004 0.592236776732287
4.27915597100004 0.557276620111666
4.29044662000004 0.503419681545285
4.30173726900004 0.432458285687833
4.31302791800004 0.348201119348179
4.32431856700004 0.256572460601922
4.33560921600004 0.165549387205473
4.34689986500004 0.0849178529942076
4.35819051400004 0.0258416575750964
4.36948116300004 0.000253339787814565
4.38077181200004 0.0200918143571803
4.39206246100004 0.0964269193598865
4.40335311000004 0.238524674002301
4.41464375900004 0.452917732187168
4.42593440800004 0.742552172234026
4.43722505700004 1.10608353836553
4.44851570600004 1.53739141233515
4.45980635500004 2.02537258603635
4.47109700400004 2.55405837965644
4.48238765300004 3.1030824715691
4.49367830200004 3.64850283281885
4.50496895100004 4.16395638382197
4.51625960000004 4.62209946101308
4.52755024900004 4.9962628935076
4.53884089800004 5.26222927036195
4.55013154700004 5.40002355372578
4.56142219600004 5.39559805972463
4.57271284500005 5.24229013762027
4.58400349400005 4.94193633114546
4.59529414300005 4.5055405842079
4.60658479200005 3.95341577281539
4.61787544100005 3.31474655383872
4.62916609000005 2.62655573236608
4.64045673900005 1.93209411422774
4.65174738800005 1.27871282574594
4.66303803700005 0.71531482845928
4.67432868600005 0.289516252884514
4.68561933500005 0.0446757533824297
4.69690998400005 0.0169691580687343
4.70820063300005 0.232695506462842
4.71949128200005 0.705997964835586
4.73078193100005 1.43716860112049
4.74207258000005 2.41167985387931
4.75336322900005 3.60004877834903
4.76465387800005 4.95859457091693
4.77594452700005 6.43109789403092
4.78723517600005 7.9513151114008
4.79852582500005 9.4462450291437
4.80981647400005 10.8399936216975
4.82110712300005 12.058036953558
4.83239777200005 13.031647270598
4.84368842100005 13.7022247246523
4.85497907000005 14.0252694320389
4.86626971900005 13.9737367366633
4.87756036800005 13.5405428931308
4.88885101700005 12.7400281476282
4.90014166600005 11.6082376241834
4.91143231500005 10.2019448472189
4.92272296400005 8.59641467984766
4.93401361300005 6.88197785293956
4.94530426200005 5.15956364406257
4.95659491100005 3.53540606057401
4.96788556000005 2.11519766985956
4.97917620900005 0.998010022906451
4.99046685800005 0.270327155891157
5.00175750700005 0.000546576275885594
5.01304815600005 0.234289198145515
5.02433880500005 0.990825860233887
5.03562945400005 2.26087457899422
5.04692010300005 4.0059520319833
5.05821075200005 6.15937853348817
5.06950140100005 8.62894249977475
5.08079205000005 11.3011333518331
5.09208269900005 14.046756621886
5.10337334800005 16.7276574471491
5.11466399700006 19.2042041159748
5.12595464600006 21.3431267400964
5.13724529500006 23.0252714102892
5.14853594400006 24.1528201197884
5.15982659300006 24.6555426971664
5.17111724200006 24.4956888593403
5.18240789100006 23.6711946142795
5.19369854000006 22.2169644619759
5.20498918900006 20.2040946686761
5.21627983800006 17.7370177177626
5.22757048700006 14.9486674555114
5.23886113600006 11.9938815848731
5.25015178500006 9.04136609372977
5.26144243400006 6.2646383677267
5.27273308300006 3.83243631556197
5.28402373200006 1.89912512560831
5.29531438100006 0.595647997261775
5.30660503000006 0.021550719026864
5.31789567900006 0.238562455389224
5.32918632800006 1.26613853392962
5.34047697700006 3.079269118247
5.35176762600006 5.60873570565013
5.36305827500006 8.74386199012139
5.37434892400006 12.337664306564
5.38563957300006 16.214167664175
5.39693022200006 20.1775243841005
5.40822087100006 24.0224612624588
5.41951152000006 27.5454947934783
5.43080216900006 30.5562978278791
5.44209281800006 32.8885789891772
5.45338346700006 34.4098502077086
5.46467411600006 35.0295077904884
5.47596476500006 34.7047363692184
5.48725541400006 33.4438587025741
5.49854606300006 31.3068916991163
5.50983671200006 28.403222736629
5.52112736100006 24.8864818664487
5.53241801000006 20.94684568759
5.54370865900006 16.8011583501188
5.55499930800006 12.6813855416745
5.56628995700006 8.82202062812623
5.57758060600006 5.44713199022039
5.58887125500006 2.7577724736535
5.60016190400006 0.920463312540578
5.61145255300006 0.0574157427841548
5.62274320200006 0.239065967554664
5.63403385100006 1.47937758417549
5.64532450000006 3.73421645736641
5.65661514900007 6.90293442825157
5.66790579800007 10.8331195115434
5.67919644700007 15.3282913935902
5.69048709600007 20.158152280817
5.70177774500007 25.0708541976289
5.71306839400007 29.8066234226424
5.72435904300007 34.1119980871527
5.73564969200007 37.7538912902583
5.74694034100007 40.5326923821405
5.75823099000007 42.293663825978
5.76952163900007 42.9359782335848
5.78081228800007 42.418865301362
5.79210293700007 40.7644947614437
5.80339358600007 38.0574005671027
5.81468423500007 34.4404434305692
5.82597488400007 30.1075027789499
5.83726553300007 25.2932742252561
5.84855618200007 20.2607142090413
5.85984683100007 15.2868100015034
5.87113748000007 10.6474528183966
5.88242812900007 6.6022484031411
5.89371877800007 3.38010958706013
5.90500942700007 1.16643807202617
5.91630007600007 0.0926197670863579
5.92759072500007 0.228433803789562
5.93888137400007 1.57781658780259
5.95017202300007 4.07823765524405
5.96146267200007 7.60374394901938
5.97275332100007 11.9715246154846
5.98404397000007 16.9516510583392
5.99533461900007 22.2794679450247
6.00662526800007 27.6699603303288
6.01791591700007 32.8333086655664
6.02920656600007 37.4907737587329
6.04049721500007 41.390031854095
6.05178786400007 44.3191073312134
6.06307851300007 46.1181257242858
6.07436916200007 46.6882287600607
6.08565981100007 45.9971493421971
6.09695046000007 44.0811291824606
6.10824110900007 41.0430647677576
6.11953175800007 37.046977175718
6.13082240700007 32.3091061192135
6.14211305600007 27.0861169797952
6.15340370500007 21.6610708639172
6.16469435400007 16.3279327848621
6.17598500300007 11.3754748753308
6.18727565200007 7.071465447857
6.19856630100008 3.64801882287253
6.20985695000008 1.28891603051943
6.22114759900008 0.119596417432265
6.23243824800008 0.200371062998871
6.24372889700008 1.52322914077067
6.25501954600008 4.01240808108873
6.26631019500008 7.52868887715689
6.27760084400008 11.877170909428
6.28889149300008 16.8180878583038
6.30018214200008 22.080058425827
6.31147279100008 27.3750320532175
6.32276344000008 32.4140980024261
6.33405408900008 36.9232810916025
6.34534473800008 40.6584514094305
6.35663538700008 43.4185280764264
6.36792603600008 45.056255421725
6.37921668500008 45.4859680941871
6.39050733400008 44.6879316964935
6.40179798300008 42.709037826062
6.41308863200008 39.6598360263795
6.42437928100008 35.7080886129351
6.43566993000008 31.0692262263994
6.44696057900008 25.9942515860123
6.45825122800008 20.7557768913288
6.46954187700008 15.632979116084
6.48083252600008 10.8963117774195
6.49212317500008 6.79281891288171
6.50341382400008 3.53285690221112
6.51470447300008 1.27894504103683
6.52599512200008 0.137341515924486
6.53728577100008 0.152784940030775
6.54857642000008 1.30666193879764
6.55986706900008 3.51866870887144
6.57115771800008 6.65183993098985
6.58244836700008 10.5206328316317
6.59373901600008 14.9015878840449
6.60502966500008 19.5459497549508
6.61632031400008 24.1935300829289
6.62761096300008 28.5870328629755
6.63890161200008 32.4860465725665
6.65019226100008 35.6799351468049
6.66148291000008 37.9989304106473
6.67277355900008 39.322837145067
6.68406420800008 39.5869020452093
6.69535485700008 38.7845611656817
6.70664550600008 36.9669575734902
6.71793615500008 34.2393017158822
6.72922680400008 30.7543212557652
6.74051745300009 26.7032051331924
6.75180810200009 22.3045797280238
6.76309875100009 17.7921561030164
6.77438940000009 13.4017511849081
6.78568004900009 9.35840936003657
6.79697069800009 5.86433360826114
6.80826134700009 3.08827858980083
6.81955199600009 1.15696585079079
6.83084264500009 0.148959292297386
6.84213329400009 0.0912946139370043
6.85342394300009 0.958998104958263
6.86471459200009 2.67746706568435
6.87600524100009 5.12752556676862
6.88729589000009 8.15282404228486
6.89858653900009 11.5691273007373
6.90987718800009 15.1749395105198
6.92116783700009 18.7628514557963
6.93245848600009 22.1309677976471
6.94374913500009 25.0937810642922
6.95503978400009 27.491903392529
6.96633043300009 29.2001434286588
6.97762108200009 30.1335192913544
6.98891173100009 30.2509226823808
7.00020238000009 29.5562866421742
7.01149302900009 28.0972520297571
7.02278367800009 25.9614673830222
7.03407432700009 23.2707855588611
7.04536497600009 20.1737314268309
7.05665562500009 16.8367020365828
7.06794627400009 13.4344197271414
7.07923692300009 10.1401869297075
7.09052757200009 7.11648808865483
7.10181822100009 4.50645016747734
7.11310887000009 2.42661132387391
7.12439951900009 0.961361766682734
7.13569016800009 0.159317031261987
7.14698081700009 0.0317683149440618
7.15827146600009 0.553233996897241
7.16956211500009 1.66401802328719
7.18085276400009 3.27457115817816
7.19214341300009 5.27135618658233
7.20343406200009 7.52384299703933
7.21472471100009 9.89220777929459
7.22601536000009 12.235284603618
7.23730600900009 14.4183181105386
7.24859665800009 16.3200920970405
7.25988730700009 17.8390581492539
7.27117795600009 18.8981575771824
7.2824686050001 19.4481141569131
7.2937592540001 19.4690692497695
7.3050499030001 18.9705290156332
7.3163405520001 17.9896898857628
7.3276312010001 16.5882977122512
7.3389218500001 14.8482731697797
7.3502124990001 12.8663970211429
7.3615031480001 10.7483908177198
7.3727937970001 8.60274975070345
7.3840844460001 6.53468423587038
7.3953750950001 4.64050620217456
7.4066657440001 3.00275693134516
7.4179563930001 1.68631864470908
7.4292470420001 0.735685639308153
7.4405376910001 0.173496971776376
7.4518283400001 0.000356081248098406
7.4631189890001 0.195887925884696
7.4744096380001 0.720915490594046
7.4857002870001 1.52057868383053
7.4969909360001 2.52817271943284
7.5082815850001 3.66945222459632
7.5195722340001 4.86713269106212
7.5308628830001 6.04532264039353
7.5421535320001 7.13363716752553
7.5534441810001 8.07077462638637
7.5647348300001 8.80738064049611
7.5760254790001 9.30807430159752
7.5873161280001 9.55256694031018
7.5986067770001 9.53586065619192
7.6098974260001 9.26756840736139
7.6211880750001 8.77044670323645
7.6324787240001 8.07827311586475
7.6437693730001 7.23323184563072
7.6550600220001 6.28299008822094
7.6663506710001 5.27765536788188
7.6776413200001 4.26679951808127
7.6889319690001 3.29671952232623
7.7002226180001 2.40808052795157
7.7115132670001 1.63405407467399
7.7228039160001 0.999027351600867
7.7340945650001 0.517919708944889
7.7453852140001 0.196103311616876
7.7566758630001 0.0298881821898973
7.7679665120001 0.00750008591175419
7.7792571610001 0.110454478058528
7.7905478100001 0.315212264688667
7.8018384590001 0.59499405449678
7.8131291080001 0.921628955063325
7.82441975700011 1.2673212917532
7.83571040600011 1.60623291166256
7.84700105500011 1.91579858922743
7.85829170400011 2.17771580007733
7.86958235300011 2.3785759432573
7.88087300200011 2.51013011073116
7.89216365100011 2.56920696970054
7.90345430000011 2.55732169518824
7.91474494900011 2.48003193349149
7.92603559800011 2.3461086337819
7.93732624700011 2.16659581227437
7.94861689600011 1.95383389029476
7.95990754500011 1.72051655344641
7.97119819400011 1.47884184354331
7.98248884300011 1.23980542607404
7.99377949200011 1.01266887171584
8.00507014100011 0.80461964100275
8.01636079000011 0.620623549134851
8.02765143900011 0.463455993330289
8.03894208800011 0.333886143493223
8.0502327370001 0.230979373912539
8.0615233860001 0.152477901674045
8.0728140350001 0.0952180365016098
8.0841046840001 0.0555444698323461
8.0953953330001 0.0296871927547752
8.1066859820001 0.0140742584780658
8.1179766310001 0.00556285663275717
8.1292672800001 0.00158111677786526
8.1405579290001 0.000182771235579217
8.1518485780001 2.54163202817473e-005
8.1631392270001 0.000289888884514312
8.1744298760001 0.00056269032205768
8.1857205250001 0.000705145988436641
8.1970111740001 0.00073204123950262
8.2083018230001 0.000719033722427727
8.21959247200009 0.000752640412277311
8.23088312100009 0.000929657643095099
8.24217377000009 0.00140524140400247
8.25346441900009 0.00248136201519356
8.26475506800009 0.00472074818549395
8.27604571700009 0.00906646283625702
8.28733636600009 0.0169444711380654
8.29862701500009 0.0303263335633826
8.30991766400009 0.0517316107248459
8.32120831300009 0.0841545772484738
8.33249896200009 0.130907036474222
8.34378961100009 0.195377812700212
8.35508026000009 0.280719103485658
8.36637090900009 0.389479417260976
8.37766155800009 0.523211375534094
8.38895220700008 0.682089335523268
8.40024285600008 0.864575814213185
8.41153350500008 1.06717648112982
8.42282415400008 1.28432069234415
8.43411480300008 1.50839810667588
8.44540545200008 1.7299721074589
8.45669610100008 1.9381781026065
8.46798675000008 2.12130011922429
8.47927739900008 2.26750349656307
8.49056804800008 2.3656861140645
8.50185869700008 2.40639673593235
8.51314934600008 2.38275794547251
8.52443999500008 2.29132388770489
8.53573064400008 2.13280052143737
8.54702129300007 1.91255888266715
8.55831194200007 1.64088019464657
8.56960259100007 1.33288533714962
8.58089324000007 1.0081196054347
8.59218388900007 0.689785851299194
8.60347453800007 0.403643663841932
8.61476518700007 0.176617609385777
8.62605583600007 0.0351819367593523
8.63734648500007 0.00361074728349601
8.64863713400007 0.102199690715482
8.65992778300007 0.345576250786611
8.67121843200007 0.741219428144664
8.68250908100007 1.28830534856529
8.69379973000007 1.97698276515154
8.70509037900007 2.78816188707028
8.71638102800006 3.69387232367552
8.72767167700006 4.65821258989
8.73896232600006 5.6388764564524
8.75025297500006 6.58920269628757
8.76154362400006 7.4606569615329
8.77283427300006 8.20562019176001
8.78412492200006 8.78032958307545
8.79541557100006 9.14779796354494
8.80670622000006 9.28052722817109
8.81799686900006 9.16283253305587
8.82928751800006 8.79260681089899
8.84057816700006 8.1823796859932
8.85186881600006 7.35956010807343
8.86315946500006 6.36579632029853
8.87445011400006 5.25543778781822
8.88574076300005 4.09313855121388
8.89703141200005 2.95069685674772
8.90832206100005 1.90327838052404
8.91961271000005 1.02521645241857
8.93090335900005 0.385619183861797
8.94219400800005 0.044037552460394
8.95348465700005 0.0464581876468496
8.96477530600005 0.42187853883013
8.97606595500005 1.17969992332089
8.98735660400005 2.3081362690392
8.99864725300005 3.7737848031542
9.00993790200005 5.52244204140499
9.02122855100005 7.48117756405895
9.03251920000005 9.56160321751168
9.04380984900004 11.6642009603896
9.05510049800004 13.6835031380824
9.06639114700004 15.5138589554634
9.07768179600004 17.0554743582351
9.08897244500004 18.2203827977737
9.10026309400004 18.9379939145675
9.11155374300004 19.1598774219688
9.12284439200004 18.8634705902647
9.13413504100004 18.0544486467371
9.14542569000004 16.7675658081651
9.15671633900004 15.0658570959518
9.16800698800004 13.0381831298003
9.17929763700004 10.7951965996709
9.19058828600004 8.46390447874591
9.20187893500004 6.18108854260413
9.21316958400003 4.08592290276341
9.22446023300003 2.31218610650646
9.23575088200003 0.980502833889977
9.24704153100003 0.191063417017028
9.25833218000003 0.0172567515454333
9.26962282900003 0.500613591507554
9.28091347800003 1.64739417973295
9.29220412700003 3.42706962708709
9.30349477600003 5.77284473586841
9.31478542500003 8.58425653032612
9.32607607400003 11.7317639239181
9.33736672300003 15.0631265293115
9.34865737200003 18.4112615200101
9.35994802100003 21.6031732972418
9.37123867000003 24.4694774164872
9.38252931900002 26.8539926294873
9.39381996800002 28.622856461526
9.40511061700002 29.6726323099676
9.41640126600002 29.9369196876975
9.42769191500002 29.3910521959777
9.43898256400002 28.0545665890067
9.45027321300002 25.9912457878376
9.46156386200002 23.3066724845813
9.47285451100002 20.143370636287
9.48414516000002 16.6737516983564
9.49543580900002 13.0912127915102
9.50672645800002 9.59984739222902
9.51801710700002 6.40331865917395
9.52930775600002 3.69350547087426
9.54059840500001 1.63955756269808
9.55188905400001 0.377986590600299
9.56317970300001 0.00437432602555821
9.57447035200001 0.567199395823706
9.58576100100001 2.06417393251777
9.59705165000001 4.44134692792408
9.60834229900001 7.59507924633172
9.61963294800001 11.3768345428363
9.63092359700001 15.6005698030061
9.64221424600001 20.0523580776468
9.65350489500001 24.5017430565668
9.66479554400001 28.7142183355866
9.67608619300001 32.4641501375647
9.68737684200001 35.5474256337652
9.69866749100001 37.7931125814827
9.70995814 39.0734601860534
9.721248789 39.3116540225909
9.732539438 38.4868553753417
9.743830087 36.6362012848963
9.755120736 33.8536080313072
9.766411385 30.2853985331958
9.777702034 26.1229532424039
9.788992683 21.5927543820613
9.800283332 16.9443450052947
9.811573981 12.4368484741045
9.82286463 8.32478316606526
9.834155279 4.84395600776212
9.845445928 2.19822354834192
9.856736577 0.547869920218495
9.868027226 0.000268912365634914
9.87931787499999 0.603376688603956
9.89060852399999 2.34244884730469
9.90189917299999 5.1401988679691
9.91318982199999 8.86042429376844
9.92448047099999 13.3149329232315
9.93577111999999 18.2734147890873
9.94706176899999 23.475737418049
9.95835241799999 28.6460014813978
9.96964306699999 33.5075896489551
9.98093371599999 37.7983794514318
9.99222436499999 41.2852750875394
10.003515014 43.7772446400762
10.014805663 45.1361266639365
10.026096312 45.2845895321309
10.037386961 44.2107818185823
10.04867761 41.9693938479445
10.059968259 38.679049258291
10.071258908 34.5161498895804
10.082549557 29.7054960261921
10.093840206 24.5081857449202
10.105130855 19.2074515144669
10.116421504 14.0932104198791
10.127712153 9.44617961438258
10.139002802 5.52243640601962
10.150293451 2.5392810088309
10.1615841 0.663190447198279
10.172874749 0.000538146187013692
10.184165398 0.59160164473593
10.195456047 2.40819908343511
10.206746696 5.35509379784591
10.218037345 9.27509677492626
10.229327994 13.9575906782632
10.240618643 19.1500082147671
10.251909292 24.5716325626835
10.263199941 29.9289577214299
10.27449059 34.9317593123712
10.285781239 39.3089864937892
10.297071888 42.8235955118939
10.308362537 45.2855044437778
10.319653186 46.5619535717378
10.330943835 46.5847006476397
10.342234484 45.353656895895
10.353525133 42.9367680129207
10.364815782 39.4661534778396
10.376106431 35.1307254369423
10.38739708 30.165703588641
10.398687729 24.8396139460396
10.409978378 19.4394975230555
10.421269027 14.2551522110191
10.432559676 9.5632820508969
10.443850325 5.61243005379557
10.455140974 2.60952374349116
10.466431623 0.708769512884211
10.477722272 0.00349811398693534
10.489012921 0.521396822937235
10.50030357 2.22337354923942
10.511594219 5.00609518349713
10.522884868 8.70803825413527
10.534175517 13.1186959547656
10.545466166 17.9904126340089
10.556756815 23.052174483399
10.568047464 28.024581206459
10.579338113 32.6351634780555
10.590628762 36.6331980657272
10.601919411 39.8032069686179
10.61321006 41.9764065430314
10.6245007089999 43.0394925073858
10.6357913579999 42.9402998989921
10.6470820069999 41.6900546181893
10.6583726559999 39.3621249688452
10.6696633049999 36.0873767019882
10.6809539539999 32.0464225153037
10.6922446029999 27.4592263125669
10.7035352519999 22.5726644611251
10.7148259009999 17.64675311795
10.7261165499999 12.9403167991338
10.7374071989999 8.69689547404254
10.7486978479999 5.13166482121504
10.7599884969999 2.42007866957112
10.7712791459999 0.688838251451239
10.7825697949999 0.00965603978745875
10.7938604439999 0.396120713445947
10.8051510929999 1.80379355303565
10.8164417419999 4.13348540539398
10.8277323909999 7.2374875083302
10.8390230399999 10.9283687431019
10.8503136889999 14.9898150995989
10.8616043379999 19.1888816434672
10.8728949869999 23.2889585392571
10.8841856359999 27.0627240265146
10.8954762849999 30.3043696693584
10.9067669339999 32.8404353692825
10.9180575829999 34.5386799828391
10.9293482319999 35.3145323663123
10.9406388809999 35.1348100796785
10.9519295299999 34.0185504142342
10.9632201789999 32.034961743388
10.9745108279999 29.2986631355211
10.9858014769999 25.9625277654853
10.9970921259999 22.2085728279137
11.0083827749999 18.2374386048325
11.0196734239999 14.2570669530117
11.0309640729999 10.4712215633314
11.0422547219999 7.06848779171377
11.0535453709999 4.21234965649571
11.0648360199999 2.03286873331271
11.0761266689999 0.620388943794229
11.0874173179999 0.0215689034162678
11.0987079669999 0.237906939560944
11.1099986159999 1.22678113994843
11.1212892649999 2.9048860518266
11.1325799139999 5.15381683830802
11.1438705629999 7.82743798436731
11.1551612119999 10.7605830698733
11.1664518609999 13.7785692720593
11.1777425099999 16.7069780188327
11.1890331589999 19.3811526655186
11.2003238079999 21.654894453624
11.2116144569999 23.4078968244135
11.2229051059999 24.5515413326701
11.2341957549999 25.0327805759283
11.2454864039999 24.8359484100127
11.2567770529999 23.9824583882671
11.2680677019999 22.5284708126197
11.2793583509999 20.5607202505322
11.2906489999999 18.1907927258719
