0 0
0.011290649 0
0.022581298 4.45667769494517e-006
0.033871947 7.00243526218585e-005
0.045162596 0.000426638490529028
0.056453245 0.00165131208625233
0.067743894 0.00485676270779999
0.079034543 0.0118495958205106
0.090325192 0.0252120194475928
0.101615841 0.048267391045497
0.11290649 0.0849028603095939
0.124197139 0.139240683131412
0.135487788 0.215171425216155
0.146778437 0.315784708358465
0.158069086 0.442753583280704
0.169359735 0.595744298546274
0.180650384 0.771931800410789
0.191941033 0.965701022619417
0.203231682 1.1686040709303
0.214522331 1.36962396727862
0.22581298 1.55576795962373
0.237103629 1.71297979919444
0.248394278 1.8273239416249
0.259684927 1.88635900606357
0.270975576 1.88058690483352
0.282266225 1.80484154160706
0.293556874 1.65947001058291
0.304847523 1.45116203316102
0.316138172 1.19330095286985
0.327428821 0.905741589644038
0.33871947 0.613964792163698
0.350010119 0.347612406746455
0.361300768 0.138465227976347
0.372591417 0.0179851150989904
0.383882066 0.0145952743749553
0.395172715 0.150914268192946
0.406463364 0.441184806821833
0.417754013 0.889144133358109
0.429044662 1.48656670329949
0.440335311 2.21267161333407
0.45162596 3.03452857102805
0.462916609 3.90852080805551
0.474207258 4.78283667533965
0.485497907 5.60087055274183
0.496788556 6.30532585156177
0.508079205 6.84273620668786
0.519369854 7.16806291097661
0.530660503 7.248993560163
0.541951152 7.06956331223141
0.553241801 6.63274841656981
0.56453245 5.96174143616744
0.575823099 5.09970585277498
0.587113747999999 4.10791887875674
0.598404396999999 3.06233739033347
0.609695045999999 2.04875330472061
0.620985694999999 1.15683080156568
0.632276343999999 0.473427730210057
0.643566992999999 0.0756872838136862
0.654857641999999 0.0244351206482257
0.666148290999999 0.358425549795843
0.677438939999999 1.08994519325417
0.688729588999999 2.20220415242629
0.700020237999999 3.64882718340587
0.711310886999999 5.35560817885494
0.722601535999999 7.22452078914119
0.733892184999999 9.13979896926119
0.745182833999999 10.9757276085879
0.756473482999999 12.6056294228272
0.767764131999999 13.9114132851466
0.779054780999999 14.7929724336093
0.790345429999999 15.176696760447
0.801636078999999 15.0223960688329
0.812926727999999 14.3280208149732
0.824217376999999 13.1317089255415
0.835508025999999 11.5108729003828
0.846798674999999 9.57825783713974
0.858089323999999 7.47513252161365
0.869379972999999 5.36200473941862
0.880670621999999 3.40746038343348
0.891961270999999 1.77589655837188
0.903251919999999 0.615036817633339
0.914542568999999 0.0441705745894121
0.925833217999999 0.144041873758347
0.937123866999999 0.94922364856103
0.948414515999999 2.44365649715003
0.959705164999999 4.55981551788856
0.970995813999999 7.18170941387227
0.982286462999999 10.1516313923481
0.993577111999999 13.2802924643354
1.004867761 16.3596967654041
1.01615841 19.1778870042498
1.027449059 21.5345152940347
1.038739708 23.2560957122002
1.050030357 24.2097800209799
1.061321006 24.3145709453334
1.072611655 23.5490454674117
1.083902304 21.9548943288378
1.095192953 19.6358777903193
1.106483602 16.7521310468371
1.117774251 13.5101012566877
1.1290649 10.1487357624998
1.140355549 6.92284170328988
1.151646198 4.08477688316312
1.162936847 1.86579052337217
1.174227496 0.458396074530124
1.185518145 0.00111919188890206
1.196808794 0.566822505285672
1.208099443 2.15557298919096
1.219390092 4.6927029947691
1.230680741 8.03234417725507
1.24197139 11.9663113498527
1.253262039 16.2378103852024
1.264552688 20.5590710902627
1.275843337 24.6316913770033
1.287133986 28.1682481338525
1.298424635 30.9136022875758
1.309715284 32.6643125741812
1.321005933 33.2846780122154
1.332296582 32.7181476102633
1.343587231 30.9931534021809
1.35487788 28.2228176800811
1.366168529 24.5984292098517
1.377459178 20.3770439281338
1.388749827 15.864008900479
1.400040476 11.3916005972323
1.411331125 7.29527946019991
1.422621774 3.88926750107855
1.433912423 1.44323704340746
1.445203072 0.161848418625634
1.456493721 0.168693929820925
1.46778437 1.49590598234635
1.479075019 4.08028933897499
1.490365668 7.76636909992254
1.501656317 12.316241070459
1.512946966 17.4256067611593
1.524237615 22.7449089900905
1.535528264 27.9040912441942
1.546818913 32.5392149420822
1.558109562 36.3190065182119
1.569400211 38.9693846497885
1.58069086 40.294140478235
1.591981509 40.1902031193297
1.603272158 38.656301575307
1.614562807 35.7943056931398
1.625853456 31.8030591487457
1.637144105 26.9650678830812
1.648434754 21.626937335474
1.659725403 16.1749216512125
1.671016052 11.0073222722654
1.682306701 6.50572318741969
1.69359735 3.00715582356284
1.704887999 0.779238841122474
1.716178648 0.000139019853916934
1.727469297 0.744862330961251
1.738759946 2.97893291589404
1.750050595 6.55998446071832
1.761341244 11.2472121516601
1.772631893 16.7180563182467
1.783922542 22.5909536962519
1.795213191 28.4525388597258
1.80650384 33.8873408786558
1.817794489 38.5078243871263
1.829085138 41.9825853873609
1.840375787 44.0606341080698
1.851666436 44.5899720156786
1.862957085 43.529078205889
1.874247734 40.9504324544245
1.885538383 37.0357809041529
1.896829032 32.0634533210034
1.908119681 26.3886236877129
1.91941033 20.4179255525112
1.930700979 14.5802514514183
1.941991628 9.29585071390472
1.953282277 4.94597061251158
1.964572926 1.84525205408975
1.975863575 0.218894895974119
1.987154224 0.186263580343565
1.998444873 1.7521361847686
2.009735522 4.80624341233044
2.021026171 9.13113934676034
2.03231682 14.4178374405528
2.043607469 20.2880779635201
2.054898118 26.3216087839752
2.066188767 32.0864955451127
2.077479416 37.1702569421481
2.088770065 41.2095620602282
2.100060714 43.9163338156165
2.111351363 45.0983674223535
2.122642012 44.6729758115516
2.133932661 42.672685219511
2.14522331 39.2425859494584
2.156513959 34.6295526857857
2.167804608 29.1641408448648
2.179095257 23.2364968155591
2.190385906 17.2680517108422
2.201676555 11.6810690227434
2.212967204 6.8682647184819
2.224257853 3.16470354501853
2.235548502 0.823999387398061
2.246839151 0.000524094783885222
2.2581298 0.738882704046048
2.269420449 2.9713768660833
2.280711098 6.5235923644744
2.292001747 11.1276542139631
2.303292396 16.4421374725763
2.314583045 22.0771441376868
2.325873694 27.6226908894203
2.337164343 32.6783250649289
2.348454992 36.8818127958712
2.359745641 39.9348279614409
2.37103629 41.6238060527094
2.382326939 41.8344947118283
2.39361758800001 40.5592045067613
2.40490823700001 37.8963038946822
2.41619888600001 34.0420710343689
2.42748953500001 29.2755701248833
2.43878018400001 23.9377206697276
2.45007083300001 18.4061382801296
2.46136148200001 13.0676161562397
2.47265213100001 8.29026716013108
2.48394278000001 4.39734787190041
2.49523342900001 1.6446397617203
2.50652407800001 0.202981052131537
2.51781472700001 0.147148254317863
2.52910537600001 1.45180907903739
2.54039602500001 3.99474451686325
2.55168667400001 7.56700641292091
2.56297732300001 11.8891769480481
2.57426797200001 16.6324643625979
2.58555862100001 21.4430358130825
2.59684927000001 25.967776529982
2.60813991900001 29.8795882375484
2.61943056800001 32.9004026968659
2.63072121700001 34.8202815175218
2.64201186600001 35.5112846576695
2.65330251500001 34.9351925940514
2.66459316400001 33.1446299383451
2.67588381300001 30.2776263003468
2.68717446200001 26.546127158261
2.69846511100001 22.2193985218285
2.70975576000001 17.6036233833831
2.72104640900001 13.0192406762958
2.73233705800001 8.77771196864376
2.74362770700001 5.1594097219675
2.75491835600001 2.39420540077066
2.76620900500001 0.646106935123779
2.77749965400001 0.00297209008465007
2.78879030300001 0.471932849238913
2.80008095200001 1.98073620110529
2.81137160100001 4.38477117219747
2.82266225000001 7.47914278645567
2.83395289900001 11.0148004239427
2.84524354800001 14.717455599995
2.85653419700001 18.3078507624992
2.86782484600001 21.5218768364024
2.87911549500001 24.1290850958915
2.89040614400001 25.9482923431883
2.90169679300001 26.8592234571191
2.91298744200001 26.8094518051
2.92427809100001 25.8162606416416
2.93556874000001 23.9634294820228
2.94685938900002 21.3933199206712
2.95815003800002 18.294968337431
2.96944068700002 14.8891647683328
2.98073133600002 11.4116894479658
2.99202198500002 8.09597911494934
3.00331263400002 5.1564992215683
3.01460328300002 2.77400814550313
3.02589393200002 1.08372475805473
3.03718458100002 0.167166706483486
3.04847523000002 0.0481336916025315
3.05976587900002 0.692991115863514
3.07105652800002 2.01508923211444
3.08234717700002 3.88285518994279
3.09363782600002 6.13084158919646
3.10492847500002 8.57282278312338
3.11621912400002 11.0159115432491
3.12750977300002 13.2746301931515
3.13880042200002 15.183912102215
3.15009107100002 16.6101256273421
3.16138172000002 17.4593919248575
3.17267236900002 17.6826948821192
3.18396301800002 17.2775370572432
3.19525366700002 16.2861597676894
3.20654431600002 14.7905982061183
3.21783496500002 12.9050651554687
3.22912561400002 10.7663339486392
3.24041626300002 8.52291123111931
3.25170691200002 6.32384606737416
3.26299756100002 4.30801232633811
3.27428821000002 2.594629479672
3.28557885900002 1.27566093869847
3.29686950800002 0.410560641798801
3.30816015700002 0.0236423381357594
3.31945080600002 0.104137977076254
3.33074145500002 0.608808113329351
3.34203210400002 1.46678354200563
3.35332275300002 2.5861665732546
3.36461340200002 3.86181242907031
3.37590405100002 5.18365243619679
3.38719470000002 6.44491316958732
3.39848534900002 7.54962757857536
3.40977599800002 8.41891977403968
3.42106664700002 8.99566581018637
3.43235729600002 9.24727739670976
3.44364794500002 9.16651163404375
3.45493859400002 8.7703648910281
3.46622924300002 8.09725087625953
3.47751989200002 7.20278145950554
3.48881054100003 6.15455591783649
3.50010119000003 5.02641494124998
3.51139183900003 3.89262801293403
3.52268248800003 2.82245790370614
3.53397313700003 1.87548810003666
3.54526378600003 1.09801454070428
3.55655443500003 0.520700346706319
3.56784508400003 0.157580566463407
3.57913573300003 0.00639278760176917
3.59042638200003 0.0501076608033502
3.60171703100003 0.259448529790661
3.61300768000003 0.596127218540156
3.62429832900003 1.01648713989184
3.63558897800003 1.47523643156435
3.64687962700003 1.92897163273979
3.65817027600003 2.33923321970865
3.66946092500003 2.6748931488779
3.68075157400003 2.91374524957531
3.69204222300003 3.04324511340166
3.70333287200003 3.06042030407715
3.71462352100003 2.97103811680793
3.72591417000003 2.78817168889026
3.73720481900003 2.53034239867075
3.74849546800003 2.21943526134282
3.75978611700003 1.87858425162601
3.77107676600003 1.53020761587208
3.78236741500003 1.19434215131052
3.79365806400003 0.887384062479234
3.80494871300003 0.621296927571594
3.81623936200003 0.403299274664015
3.82753001100003 0.23599976672733
3.83882066000003 0.117910847262853
3.85011130900003 0.0442447492865034
3.86140195800003 0.00788068063045613
3.87269260700003 0.000389165907978126
3.88398325600003 0.0130081277691357
3.89527390500003 0.0374834434610699
3.90656455400003 0.06671172453471
3.91785520300003 0.0951517547105342
3.92914585200003 0.119000060232066
3.94043650100003 0.136152361844378
3.95172715000003 0.14599356667006
3.96301779900003 0.149072658095485
3.97430844800003 0.14672439972328
3.98559909700003 0.14069721648542
3.99688974600003 0.132836896444595
4.00818039500003 0.124860583426097
4.01947104400003 0.118237162947379
4.03076169300004 0.114171114508708
4.04205234200004 0.11366972183072
4.05334299100004 0.117660399135984
4.06463364000004 0.127117449197084
4.07592428900004 0.143156721492929
4.08721493800004 0.167062452572172
4.09850558700004 0.200222269380205
4.10979623600004 0.243962390730351
4.12108688500004 0.299293364428312
4.13237753400004 0.366594781787826
4.14366818300004 0.445282815018221
4.15495883200004 0.533514860643041
4.16624948100004 0.627989288315739
4.17754013000004 0.723894267783583
4.18883077900004 0.815047739397761
4.20012142800004 0.894251608040792
4.21141207700004 0.953858875698419
4.22270272600004 0.986525136132734
4.23399337500004 0.986088609715375
4.24528402400004 0.948498894175342
4.25657467300004 0.872696931056778
4.26786532200004 0.761339966033953
4.27915597100004 0.621267374577916
4.29044662000004 0.463616977265877
4.30173726900004 0.303526551777144
4.31302791800004 0.159390111627107
4.32431856700004 0.0516804702772138
4.33560921600004 0.00139499898364342
4.34689986500004 0.0282260253265199
4.35819051400004 0.148596451017741
4.36948116300004 0.373730506555239
4.38077181200004 0.70794533394737
4.39206246100004 1.14734854808613
4.40335311000004 1.67910868385385
4.41464375900004 2.28142968867609
4.42593440800004 2.92430924547156
4.43722505700004 3.57109719991025
4.44851570600004 4.18079960621618
4.45980635500004 4.71100182031626
4.47109700400004 5.12121713729315
4.48238765300004 5.37641216927363
4.49367830200004 5.45042237438562
4.50496895100004 5.32895559652
4.51625960000004 5.0118912138438
4.52755024900004 4.51461853215758
4.53884089800004 3.86821914691439
4.55013154700004 3.11838059480858
4.56142219600004 2.32302706499996
4.57271284500005 1.5487598358703
4.58400349400005 0.866306834995607
4.59529414300005 0.345278149432855
4.60658479200005 0.0486035346496583
4.61787544100005 0.0270810907511218
4.62916609000005 0.314487148803414
4.64045673900005 0.923682262691992
4.65174738800005 1.84409607946394
4.66303803700005 3.04088686572056
4.67432868600005 4.45595474372035
4.68561933500005 6.01084915294551
4.69690998400005 7.61146086652652
4.70820063300005 9.15423873997449
4.71949128200005 10.5335335562167
4.73078193100005 11.6495577906444
4.74207258000005 12.4163714118875
4.75336322900005 12.7692682033482
4.76465387800005 12.670949678414
4.77594452700005 12.1159359372314
4.78723517600005 11.1327722789728
4.79852582500005 9.78374060127188
4.80981647400005 8.16196555037987
4.82110712300005 6.38600404985903
4.83239777200005 4.59220822824904
4.84368842100005 2.92533998542746
4.85497907000005 1.528074927989
4.86626971900005 0.530150223128487
4.87756036800005 0.0379739248818638
4.88885101700005 0.125515180122429
4.90014166600005 0.827232636560482
4.91143231500005 2.13367451553403
4.92272296400005 3.99020531769914
4.93401361300005 6.29909273896043
4.94530426200005 8.92493967045802
4.95659491100005 11.703188477927
4.96788556000005 14.4511778464578
4.97917620900005 16.9810159797612
4.99046685800005 19.1133658485637
5.00175750700005 20.6911333531853
5.01304815600005 21.5920181582842
5.02433880500005 21.7389346534661
5.03562945400005 21.1074361145285
5.04692010300005 19.7294717205265
5.05821075200005 17.6930609109361
5.06950140100005 15.137764994764
5.08079205000005 12.2461505772072
5.09208269900005 9.23174970119036
5.10337334800005 6.32430364920633
5.11466399700006 3.75330858801531
5.12595464600006 1.73104236150789
5.13724529500006 0.436328256239032
5.14853594400006 0.000275066066564461
5.15982659300006 0.495121752944543
5.17111724200006 1.92711513763963
5.18240789100006 4.23407302682681
5.19369854000006 7.28795184877278
5.20498918900006 10.902370988399
5.21627983800006 14.8446725496801
5.22757048700006 18.8517434133043
5.23886113600006 22.648523471751
5.25015178500006 25.9678940573625
5.26144243400006 28.5705031181609
5.27273308300006 30.2630513723684
5.28402373200006 30.9136415311792
5.29531438100006 30.4629775132316
5.30660503000006 28.9304809771983
5.31789567900006 26.4147495489738
5.32918632800006 23.0881896530221
5.34047697700006 19.1860872465138
5.35176762600006 14.9908000679576
5.36305827500006 10.8121333915515
5.37434892400006 6.96526836360186
5.38563957300006 3.74782320469944
5.39693022200006 1.41772504654288
5.40822087100006 0.173544316261697
5.41951152000006 0.138793878293246
5.43080216900006 1.35143041389626
5.44209281800006 3.75943341227884
5.45338346700006 7.2229029738857
5.46467411600006 11.5226425762569
5.47596476500006 16.374711845292
5.48725541400006 21.4499830909175
5.49854606300006 26.3973481591768
5.50983671200006 30.8689290371821
5.52112736100006 34.5454700677627
5.53241801000006 37.1600465910236
5.54370865900006 38.5183196329623
5.55499930800006 38.513793961481
5.56628995700006 37.1368824544594
5.57758060600006 34.4770192523808
5.58887125500006 30.7175662084573
5.60016190400006 26.1237851972029
5.61145255300006 21.0246639510541
5.62274320200006 15.7898467659805
5.63403385100006 10.8032984966277
5.64532450000006 6.43559161654291
5.65661514900007 3.01683089609218
5.66790579800007 0.812207537084914
5.67919644700007 0.00200435964772735
5.69048709600007 0.66756682355755
5.70177774500007 2.78433254265563
5.71306839400007 6.22250459565087
5.72435904300007 10.7553980887304
5.73564969200007 16.0749258048495
5.74694034100007 21.8131590775268
5.75823099000007 27.5684438197513
5.76952163900007 32.9342033832098
5.78081228800007 37.5283463589132
5.79210293700007 41.0211355128176
5.80339358600007 43.15946960471
5.81468423500007 43.7857770385235
5.82597488400007 42.8501020034237
5.83726553300007 40.4144527412211
5.84855618200007 36.6490424174705
5.85984683100007 31.8206448114223
5.87113748000007 26.2738661493316
5.88242812900007 20.4066580330356
5.89371877800007 14.6418255726324
5.90500942700007 9.39658731844791
5.91630007600007 5.05239642333785
5.92759072500007 1.92722364745355
5.93888137400007 0.252332259532402
5.95017202300007 0.15525448584453
5.96146267200007 1.65023194808384
5.97275332100007 4.63684102670853
5.98404397000007 8.90692789005618
5.99533461900007 14.1593708178808
6.00662526800007 20.0216141297916
6.01791591700007 26.0764208287682
6.02920656600007 31.8919067789339
6.04049721500007 37.0526763707145
6.05178786400007 41.1897962937096
6.06307851300007 44.0074265791888
6.07436916200007 45.3041705790194
6.08565981100007 44.9875902792149
6.09695046000007 43.0808320494842
6.10824110900007 39.7208839235387
6.11953175800007 35.1485963992769
6.13082240700007 29.6911995901016
6.14211305600007 23.738596164944
6.15340370500007 17.7151617455418
6.16469435400007 12.0491091601969
6.17598500300007 7.1416465189345
6.18727565200007 3.33816900940751
6.19856630100008 0.903570250911639
6.20985695000008 0.00345272231243798
6.22114759900008 0.692581138396842
6.23243824800008 2.91139010146981
6.24372889700008 6.49076735865938
6.25501954600008 11.1647301074282
6.26631019500008 16.5900384286632
6.27760084400008 22.3712890723533
6.28889149300008 28.0896409285014
6.30018214200008 33.3330688340116
6.31147279100008 37.7259428862043
6.32276344000008 40.9557926093758
6.33405408900008 42.7953336524603
6.34534473800008 43.1181922036502
6.35663538700008 41.9072318562106
6.36792603600008 39.2549340286491
6.37921668500008 35.3558655859631
6.39050733400008 30.4918430000642
6.40179798300008 25.0109290198649
6.41308863200008 19.3018371257954
6.42437928100008 13.7656394902706
6.43566993000008 8.78685324513219
6.44696057900008 4.70600567107241
6.45825122800008 1.79565097575913
6.46954187700008 0.241540458010218
6.48083252600008 0.1302553381483
6.49212317500008 1.44412740229855
6.50341382400008 4.06373334490214
6.51470447300008 7.77769446929785
6.52599512200008 12.2989850655777
6.53728577100008 17.2864888163707
6.54857642000008 22.3701762929618
6.55986706900008 27.1780337163385
6.57115771800008 31.3627699854993
6.58244836700008 34.6263713320276
6.59373901600008 36.7407558542982
6.60502966500008 37.5630883252836
6.61632031400008 37.0447247275522
6.62761096300008 35.2332345052035
6.63890161200008 32.2674604026629
6.65019226100008 28.3660829037123
6.66148291000008 23.8106215116993
6.67277355900008 18.9241948887374
6.68406420800008 14.0476487401298
6.69535485700008 9.51482485412937
6.70664550600008 5.6287767903058
6.71793615500008 2.64063719854293
6.72922680400008 0.732618285963701
6.74051745300009 0.00629909108958368
6.75180810200009 0.47694692649222
6.76309875100009 2.07416690689122
6.77438940000009 4.6487071071811
6.78568004900009 7.98480214350037
6.79697069800009 11.8170471480174
6.80826134700009 15.8504849214737
6.81955199600009 19.7823826293567
6.83084264500009 23.3240838705874
6.84213329400009 26.221351565168
6.85342394300009 28.2717621704296
6.86471459200009 29.3379590844816
6.87600524100009 29.3559022724282
6.88729589000009 28.3376360758715
6.89858653900009 26.3685081992646
6.90987718800009 23.5991790936568
6.92116783700009 20.2331325235747
6.93245848600009 16.510708411986
6.94374913500009 12.6909066886762
6.95503978400009 9.03234104716624
6.96633043300009 5.7747470704823
6.97762108200009 3.12237089480809
6.98891173100009 1.23039092145498
7.00020238000009 0.195271417569244
7.01149302900009 0.0496340759330941
7.02278367800009 0.761886493909448
7.03407432700009 2.24049173517736
7.04536497600009 4.34242715652616
7.05665562500009 6.88508788058156
7.06794627400009 9.6606611325158
7.07923692300009 12.4518472583701
7.09052757200009 15.047740406641
7.10181822100009 17.2587085813827
7.11310887000009 18.9292243042904
7.12439951900009 19.947782493239
7.13569016800009 20.2532852219723
7.14698081700009 19.837553799273
7.15827146600009 18.743924931887
7.16956211500009 17.0621769980194
7.18085276400009 14.9202933140931
7.19214341300009 12.473783229255
7.20343406200009 9.89343458696816
7.21472471100009 7.3524533124704
7.22601536000009 5.01395401538031
7.23730600900009 3.01970165211582
7.24859665800009 1.48087594706309
7.25988730700009 0.471449502861412
7.27117795600009 0.0245529381992986
7.2824686050001 0.131963780505899
7.2937592540001 0.746618780206836
7.3050499030001 1.78782968904085
7.3163405520001 3.14869621667713
7.3276312010001 4.70506954121163
7.3389218500001 6.32533407549631
7.3502124990001 7.88024832984045
7.3615031480001 9.25211714132735
7.3727937970001 10.3426522990225
7.3840844460001 11.0790078441623
7.3953750950001 11.4176381933651
7.4066657440001 11.3458078630295
7.4179563930001 10.8807662800244
7.4292470420001 10.0667756142317
7.4405376910001 8.9703308816582
7.4518283400001 7.67402925579265
7.4631189890001 6.26962220976768
7.4744096380001 4.85081595747297
7.4857002870001 3.50637251576862
7.4969909360001 2.31400894346083
7.5082815850001 1.33550238780708
7.5195722340001 0.613292379987944
7.5308628830001 0.168739869750318
7.5421535320001 0.00206597320471114
7.5534441810001 0.0938632903708226
7.5647348300001 0.407958796211619
7.5760254790001 0.895317752850273
7.5873161280001 1.49861847878996
7.5986067770001 2.1571010746854
7.6098974260001 2.81129946656012
7.6211880750001 3.4073028397008
7.6324787240001 3.9002548371024
7.6437693730001 4.25688013186021
7.6550600220001 4.45692035544493
7.6663506710001 4.49345663883058
7.6776413200001 4.37218623685377
7.6889319690001 4.10979881143073
7.7002226180001 3.73165835298283
7.7115132670001 3.26903566570057
7.7228039160001 2.75615212032743
7.7340945650001 2.22728834453903
7.7453852140001 1.71418394373732
7.7566758630001 1.2439100918911
7.7679665120001 0.837340937716776
7.7792571610001 0.508287927986455
7.7905478100001 0.263299167687245
7.8018384590001 0.102069226937103
7.8131291080001 0.0183579244584456
7.82441975700011 0.00128291960773016
7.83571040600011 0.0368323538482101
7.84700105500011 0.109440712850648
7.85829170400011 0.203482497736972
7.86958235300011 0.304561904845475
7.88087300200011 0.400509260635658
7.89216365100011 0.482032589577765
7.90345430000011 0.543011363997302
7.91474494900011 0.580455359184385
7.92603559800011 0.594181342572307
7.93732624700011 0.586281638312044
7.94861689600011 0.560470037570548
7.95990754500011 0.521391787815261
7.97119819400011 0.473976277474865
7.98248884300011 0.422895246573845
7.99377949200011 0.37216830406743
8.00507014100011 0.324934026644105
8.01636079000011 0.283381843289206
8.02765143900011 0.248819935086682
8.03894208800011 0.221839650859476
8.0502327370001 0.202528882198643
8.0615233860001 0.190686027574333
8.0728140350001 0.185992287127569
8.0841046840001 0.188111924275021
8.0953953330001 0.196705990633666
8.1066859820001 0.21136257016242
8.1179766310001 0.231463410574472
8.1292672800001 0.256020537737536
8.1405579290001 0.283525138994497
8.1518485780001 0.311853318189328
8.1631392270001 0.338268714860348
8.1744298760001 0.359550750068594
8.1857205250001 0.372260564457951
8.1970111740001 0.373136437618585
8.2083018230001 0.359589047834072
8.21959247200009 0.330247052082213
8.23088312100009 0.285487819955523
8.24217377000009 0.227879093769024
8.25346441900009 0.162456607592449
8.26475506800009 0.0967711731601518
8.27604571700009 0.0406563306952396
8.28733636600009 0.0056932258419139
8.29862701500009 0.00438078572396194
8.30991766400009 0.0490535867652837
8.32120831300009 0.150623537552025
8.33249896200009 0.31725092168977
8.34378961100009 0.553071889478961
8.35508026000009 0.857120116026682
8.36637090900009 1.22257790007689
8.37766155800009 1.63647546619887
8.38895220700008 2.079926999261
8.40024285600008 2.52894973247549
8.41153350500008 2.95586130411229
8.42282415400008 3.33119478722469
8.43411480300008 3.62601526439012
8.44540545200008 3.81447191205813
8.45669610100008 3.87638050064579
8.46798675000008 3.7996076046947
8.47927739900008 3.58202314810617
8.49056804800008 3.23280417585931
8.50185869700008 2.77291015069309
8.51314934600008 2.23460690061246
8.52443999500008 1.65998897632321
8.53573064400008 1.09853331442398
8.54702129300007 0.603804123343774
8.55831194200007 0.229512390607963
8.56960259100007 0.0252057364311894
8.58089324000007 0.0319183681070656
8.59218388900007 0.278140615181537
8.60347453800007 0.776468672250075
8.61476518700007 1.52126568017416
8.62605583600007 2.48760559453288
8.63734648500007 3.63168450804774
8.64863713400007 4.89277581138184
8.65992778300007 6.19668356956126
8.67121843200007 7.46052216674747
8.68250908100007 8.59852995780868
8.69379973000007 9.52852078179733
8.70509037900007 10.1784993768314
8.71638102800006 10.4929229864542
8.72767167700006 10.4380873660964
8.73896232600006 10.0061535964379
8.75025297500006 9.21741183875928
8.76154362400006 8.12049520769896
8.77283427300006 6.79040377964044
8.78412492200006 5.32436505838761
8.79541557100006 3.83573052507157
8.80670622000006 2.44627455360881
8.81799686900006 1.27740819274857
8.82928751800006 0.440933306775174
8.84057816700006 0.0300316135769082
8.85186881600006 0.111200589065666
8.86315946500006 0.717810150549058
8.87445011400006 1.84586090016147
8.88574076300005 3.45238134828154
8.89703141200005 5.45671702404335
8.90832206100005 7.74475147438207
8.91961271000005 10.1758734230749
8.93090335900005 12.5922830535755
8.94219400800005 14.8300311084003
8.95348465700005 16.7310238553286
8.96477530600005 18.1551191656527
8.97606595500005 18.9913945873721
8.98735660400005 19.1676934001078
8.99864725300005 18.6576500020663
9.00993790200005 17.4845569103367
9.02122855100005 15.7216521469275
9.03251920000005 13.4886631100178
9.04380984900004 10.9447227433133
9.05510049800004 8.27805506049143
9.06639114700004 5.69308814782705
9.07768179600004 3.39587276547226
9.08897244500004 1.57884518453251
9.10026309400004 0.406059518504125
9.11155374300004 1.8369823463912e-005
9.12284439200004 0.431148082152673
9.13413504100004 1.71079979215611
9.14542569000004 3.78841982326944
9.15671633900004 6.55323867739537
9.16800698800004 9.84049772706827
9.17929763700004 13.4418908432731
9.19058828600004 17.119570380425
9.20187893500004 20.6227786182469
9.21316958400003 23.7059400673315
9.22446023300003 26.1469059697737
9.23575088200003 27.7639931343424
9.24704153100003 28.430511306728
9.25833218000003 28.0856253919133
9.26962282900003 26.7406421488783
9.28091347800003 24.4801294128295
9.29220412700003 21.4576472761505
9.30349477600003 17.8862681975773
9.31478542500003 14.0244572804257
9.32607607400003 10.1582450712736
9.33736672300003 6.58092509443977
9.34865737200003 3.57172286146402
9.35994802100003 1.37499410516104
9.37123867000003 0.181506747453575
9.38252931900002 0.11324129797822
9.39381996800002 1.21291444860687
9.40511061700002 3.43910549752733
9.41640126600002 6.66746733502004
9.42769191500002 10.6980614407729
9.43898256400002 15.2684019934968
9.45027321300002 20.0713616435557
9.46156386200002 24.7767136299365
9.47285451100002 29.0547911232436
9.48414516000002 32.6005585547041
9.49543580900002 35.1563271842065
9.50672645800002 36.5314151928608
9.51801710700002 36.6172483895928
9.52930775600002 35.396708779875
9.54059840500001 32.9469434671245
9.55188905400001 29.4353169389479
9.56317970300001 25.1086916575261
9.57447035200001 20.2767180652925
9.58576100100001 15.2902685246618
9.59705165000001 10.5165258669954
9.60834229900001 6.31250693783537
9.61963294800001 2.99894314346841
9.63092359700001 0.836441155933378
9.64221424600001 0.00570558113145989
9.65350489500001 0.593330124313852
9.66479554400001 2.58427330510553
9.67608619300001 5.86165663190975
9.68737684200001 10.2139917839927
9.69866749100001 15.3493976011401
9.70995814 20.9158479116945
9.721248789 26.5260363344963
9.732539438 31.7850886633475
9.743830087 36.3191247495879
9.755120736 39.8025882469577
9.766411385 41.9823318602791
9.777702034 42.6966642321891
9.788992683 41.887917557507
9.800283332 39.6075575391288
9.811573981 36.0133961257189
9.82286463 31.3590433701331
9.834155279 25.9763054038101
9.845445928 20.2517586681805
9.856736577 14.5991671113979
9.868027226 9.42972611576544
9.87931787499999 5.12229017241388
9.89060852399999 1.99575697516567
9.90189917299999 0.285636477986803
9.91318982199999 0.12653920189601
9.92448047099999 1.54189453130416
9.93577111999999 4.44168745449889
9.94706176899999 8.62841921014889
9.95835241799999 13.8108963257585
9.96964306699999 19.6248778368899
9.98093371599999 25.6591045724875
9.99222436499999 31.4848348809599
10.003515014 36.6867479227969
10.014805663 40.8929685588629
10.026096312 43.8020253188395
10.037386961 45.2047711907804
10.04867761 44.9996603729203
10.059968259 43.2002562408994
10.071258908 39.934411339115
10.082549557 35.4351676995984
10.093840206 30.0240305549429
10.105130855 24.0878260165744
10.116421504 18.0508224570405
10.127712153 12.3441415836158
10.139002802 7.37468300565585
10.150293451 3.495820925808
10.1615841 0.982000911782521
10.172874749 0.00907824016576121
10.184165398 0.641818252375004
10.195456047 2.82945464570623
10.206746696 6.4096123571472
10.218037345 11.1202911192873
10.229327994 16.6190188025757
10.240618643 22.5077633926931
10.251909292 28.3617769447776
10.263199941 33.7602643330407
10.27449059 38.3166442504973
10.285781239 41.7062083722387
10.297071888 43.689183425484
10.308362537 44.1275448447974
10.319653186 42.9943938288804
10.330943835 40.3752573797677
10.342234484 36.4612626452773
10.353525133 31.5347289140604
10.364815782 25.9482694562028
10.376106431 20.098961017289
10.38739708 14.3994874909539
10.398687729 9.24837127275994
10.409978378 5.00145680629452
10.421269027 1.94670323447339
10.432559676 0.284085938595004
10.443850325 0.112020112472886
10.455140974 1.42123279705708
10.466431623 4.09645955094594
10.477722272 7.92576909006416
10.489012921 12.6167660428616
10.50030357 17.8184288562763
10.511594219 23.1469424710583
10.522884868 28.2136118876673
10.534175517 32.6528119781698
10.545466166 36.1479489653495
10.556756815 38.453576784234
10.568047464 39.412113103374
10.579338113 38.9640114469208
10.590628762 37.1507361101511
10.601919411 34.1104184623428
10.61321006 30.0666072173104
10.6245007089999 25.3110220945021
10.6357913579999 20.1816439996752
10.6470820069999 15.0377952931574
10.6583726559999 10.2340587730021
10.6696633049999 6.0949411177837
10.6809539539999 2.89210349907423
10.6922446029999 0.825767048717079
10.7035352519999 0.0115716329257675
10.7148259009999 0.473748888520818
10.7261165499999 2.1449967787056
10.7374071989999 4.8729487367583
10.7486978479999 8.43265243866564
10.7599884969999 12.5440462417199
10.7712791459999 16.8930758583578
10.7825697949999 21.154853874498
10.7938604439999 25.0171460299721
10.8051510929999 28.2024772759056
10.8164417419999 30.4872844678776
10.8277323909999 31.7167889359548
10.8390230399999 31.8146007921733
10.8503136889999 30.7864709576545
10.8616043379999 28.7180454549588
10.8728949869999 25.7669165237488
10.8841856359999 22.1496741458637
10.8954762849999 18.1250101374969
10.9067669339999 13.9741907039962
10.9180575829999 9.98037468416952
10.9293482319999 6.40830403336709
10.9406388809999 3.48582932076031
10.9519295299999 1.38856346986673
10.9632201789999 0.228696654934702
10.9745108279999 0.0486755685446449
10.9858014769999 0.820077231488256
10.9970921259999 2.44761975120522
11.0083827749999 4.77787896975013
11.0196734239999 7.61194801180664
11.0309640729999 10.7210098059777
11.0422547219999 13.8636087289002
11.0535453709999 16.8033179829133
11.0648360199999 19.325508205186
11.0761266689999 21.252026718568
11.0874173179999 22.4527853811372
11.0987079669999 22.8535117587552
11.1099986159999 22.439222292639
11.1212892649999 21.2533033035086
11.1325799139999 19.3924110710546
11.1438705629999 16.9977017315572
11.1551612119999 14.243153889966
11.1664518609999 11.3219343888035
11.1777425099999 8.43186873370984
11.1890331589999 5.76110647175939
11.2003238079999 3.47501893750236
11.2116144569999 1.70523892018898
11.2229051059999 0.541561074123325
11.2341957549999 0.0271847254311569
11.2454864039999 0.157516492105024
11.2567770529999 0.882479570139542
11.2680677019999 2.11202013755179
11.2793583509999 3.72427778309221
11.2906489999999 5.57571171334527
