0 0
0.011290649 0
0.022581298 2.7267475627292e-006
0.033871947 4.30153312321008e-005
0.045162596 0.000263562874770501
0.056453245 0.00102760616454826
0.067743894 0.00304971498763181
0.079034543 0.00752134084078809
0.090325192 0.0162058470653684
0.101615841 0.0314787814238896
0.11290649 0.0562931651654336
0.124197139 0.0940563033056996
0.135487788 0.148413534469943
0.146778437 0.222944666015484
0.158069086 0.320789638657295
0.169359735 0.444230196226426
0.180650384 0.594262955069267
0.191941033 0.77020531343403
0.203231682 0.969378326693232
0.214522331 1.18690946251336
0.22581298 1.41569281398556
0.237103629 1.64653500714873
0.248394278 1.86850216640617
0.259684927 2.06946770703531
0.270975576 2.23684350647389
0.282266225 2.35845947840275
0.293556874 2.42354016968377
0.304847523 2.42371316607084
0.316138172 2.35397417164562
0.327428821 2.21352874676603
0.33871947 2.0064316598044
0.350010119 1.74195203826965
0.361300768 1.43460594708075
0.372591417 1.10381714600525
0.383882066 0.773190583611719
0.395172715 0.469410245938132
0.406463364 0.220801525239852
0.417754013 0.0556263056568559
0.429044662 0.000204377687642015
0.440335311 0.0769755410004716
0.45162596 0.302630986983315
0.462916609 0.686448769086513
0.474207258 1.22896534883458
0.485497907 1.92110290602896
0.496788556 2.74385052545145
0.508079205 3.66856738930373
0.519369854 4.65793922934774
0.530660503 5.66757761500099
0.541951152 6.64820772488732
0.553241801 7.54834693115164
0.56453245 8.31733680933344
0.575823099 8.908557993663
0.587113747999999 9.28263327703224
0.598404396999999 9.41041168685619
0.609695045999999 9.27552649130441
0.620985694999999 8.87633396435019
0.632276343999999 8.22706715107054
0.643566992999999 7.35807880644479
0.654857641999999 6.31509822481864
0.666148290999999 5.15748512220084
0.677438939999999 3.95552670422025
0.688729588999999 2.78688769954645
0.700020237999999 1.73238336926856
0.711310886999999 0.87129823849353
0.722601535999999 0.276514740418036
0.733892184999999 0.00974286154443873
0.745182833999999 0.117151755986523
0.756473482999999 0.625695660188225
0.767764131999999 1.54039890835608
0.779054780999999 2.84281923808678
0.790345429999999 4.49084689349247
0.801636078999999 6.41992240548224
0.812926727999999 8.54567244752906
0.824217376999999 10.7678756680359
0.835508025999999 12.9755841944598
0.846798674999999 15.0531470484026
0.858089323999999 16.8868142751316
0.869379972999999 18.3715499157399
0.880670621999999 19.4176519246439
0.891961270999999 19.9567705182924
0.903251919999999 19.946934642827
0.914542568999999 19.3762391887751
0.925833217999999 18.2649116362448
0.937123866999999 16.6655628604673
0.948414515999999 14.6615283782518
0.959705164999999 12.3633177504888
0.970995813999999 9.90330472751579
0.982286462999999 7.42890213027711
0.993577111999999 5.09456645360243
1.004867761 3.05306119550891
1.01615841 1.44646919838944
1.027449059 0.397478261251637
1.038739708 0.00146788333389356
1.050030357 0.319896914441519
1.061321006 1.37543269139893
1.072611655 3.14917442508185
1.083902304 5.58021148773769
1.095192953 8.56762677720083
1.106483602 11.9749137560091
1.117774251 15.636631242527
1.1290649 19.3669811725133
1.140355549 22.9698698888154
1.151646198 26.2499109997058
1.162936847 29.0237543279775
1.174227496 31.1310862694428
1.185518145 32.4446454003729
1.196808794 32.8786346593098
1.208099443 32.3949868136914
1.219390092 31.0070498321923
1.230680741 28.780397676473
1.24197139 25.8306324625124
1.253262039 22.3182169835308
1.264552688 18.4405522925952
1.275843337 14.4216830403274
1.287133986 10.5001633582044
1.298424635 6.91573887315241
1.309715284 3.89558791690239
1.321005933 1.64091103174727
1.332296582 0.314658660720404
1.343587231 0.0311412280013865
1.35487788 0.848175180017807
1.366168529 2.7622871929331
1.377459178 5.70733340311465
1.388749827 9.5567001080848
1.400040476 14.1290475394037
1.411331125 19.1973507546536
1.422621774 24.5007935952457
1.433912423 29.7588948923566
1.445203072 34.6871015652146
1.456493721 39.0129801741875
1.46778437 42.492083851789
1.479075019 44.9225696175756
1.490365668 46.1576931504985
1.501656317 46.1154122520025
1.512946966 44.7844814840712
1.524237615 42.2266109315491
1.535528264 38.5744813722775
1.546818913 34.0256440902773
1.558109562 28.8325726647517
1.569400211 23.2893623901568
1.58069086 17.7157769725608
1.591981509 12.4395094167799
1.603272158 7.77764409986853
1.614562807 4.01837202429901
1.625853456 1.40401634687069
1.637144105 0.116369096694439
1.648434754 0.265224700571039
1.659725403 1.88082719719008
1.671016052 4.91073473752114
1.682306701 9.22135878863386
1.69359735 14.6041701515505
1.704887999 20.7862945857538
1.716178648 27.444963099881
1.727469297 34.2250509909469
1.738759946 40.7587493434799
1.750050595 46.6862746335968
1.761341244 51.6764451499999
1.772631893 55.4459425438249
1.783922542 57.7761345562797
1.795213191 58.5264585064916
1.80650384 57.6435482471719
1.817794489 55.165520251317
1.829085138 51.2211044824366
1.840375787 46.0235975965452
1.851666436 39.8599132206746
1.862957085 33.0752894144918
1.874247734 26.0544702759443
1.885538383 19.2003917666157
1.896829032 12.9115583216818
1.908119681 7.55938691337058
1.91941033 3.46681292814818
1.930700979 0.889395597278877
1.941991628 3.21755090233737e-005
1.953282277 0.878196178704792
1.964572926 3.50436621562843
1.975863575 7.76002202659913
1.987154224 13.4332695520296
1.998444873 20.2298350919151
2.009735522 27.788858371399
2.021026171 35.7026336109095
2.03231682 43.5392129999058
2.043607469 50.8666122809557
2.054898118 57.2772541217776
2.066188767 62.4112582589229
2.077479416 65.9772403018493
2.088770065 67.7694112743216
2.100060714 67.6799706392265
2.111351363 65.7060457696537
2.122642012 61.9507361271684
2.133932661 56.6181535970961
2.14522331 50.0026925691005
2.156513959 42.4730948303429
2.167804608 34.4521760114654
2.179095257 26.3933346200139
2.190385906 18.755156642152
2.201676555 11.9755468095425
2.212967204 6.44685460863268
2.224257853 2.49341627601397
2.235548502 0.352805511004237
2.246839151 0.161882300538328
2.2581298 1.94846230135356
2.269420449 5.62911360231779
2.280711098 11.0132412288239
2.292001747 17.8132621621599
2.303292396 25.6603253896853
2.314583045 34.1247126082591
2.325873694 42.7397841182903
2.337164343 51.0281269537957
2.348454992 58.5284305959387
2.359745641 64.8215676103027
2.37103629 69.5543953490639
2.382326939 72.4599186063851
2.39361758800001 73.3726550547495
2.40490823700001 72.2383141458928
2.41619888600001 69.1172207687125
2.42748953500001 64.1812691266869
2.43878018400001 57.7045598487551
2.45007083300001 50.048233268182
2.46136148200001 41.640343458254
2.47265213100001 32.9519019331249
2.48394278000001 24.4704405080864
2.49523342900001 16.6725868883136
2.50652407800001 9.9972057065648
2.51781472700001 4.82062840540461
2.52910537600001 1.43537907830518
2.54039602500001 0.0336066609955928
2.55168667400001 0.696167841276403
2.56297732300001 3.38798486592314
2.57426797200001 7.95994632672388
2.58555862100001 14.1572473415131
2.59684927000001 21.6336995568563
2.60813991900001 29.971202020473
2.61943056800001 38.7032706195441
2.63072121700001 47.341293236387
2.64201186600001 55.4020232150504
2.65330251500001 62.4347539813974
2.66459316400001 68.0466366695369
2.67588381300001 71.9247092421762
2.68717446200001 73.8533936912898
2.69846511100001 73.7264766431544
2.70975576000001 71.5529032042575
2.72104640900001 67.456066128553
2.73233705800001 61.6666421805051
2.74362770700001 54.5093937563531
2.75491835600001 46.3846954949416
2.76620900500001 37.745843291316
2.77749965400001 29.0734399139922
2.78879030300001 20.848313940752
2.80008095200001 13.5245078765792
2.81137160100001 7.50386280947106
2.82266225000001 3.11363153765421
2.83395289900001 0.58837548433595
2.84524354800001 0.0571532556484517
2.85653419700001 1.5367047693933
2.86782484600001 4.93099204577656
2.87911549500001 10.0370957292095
2.89040614400001 16.5571059473344
2.90169679300001 24.1153077809573
2.91298744200001 32.2796646329531
2.92427809100001 40.586363908969
2.93556874000001 48.5660220162178
2.94685938900002 55.7700589506168
2.95815003800002 61.7957512133845
2.96944068700002 66.3085551099829
2.98073133600002 69.0604554147862
2.99202198500002 69.9033271819152
3.00331263400002 68.796587449408
3.01460328300002 65.8087418879182
3.02589393200002 61.1127801044436
3.03718458100002 54.9757222974374
3.04847523000002 47.7429493542725
3.05976587900002 39.8182396215845
3.07105652800002 31.6406721177113
3.08234717700002 23.6597247895332
3.09363782600002 16.3099884099415
3.10492847500002 9.98692720068223
3.11621912400002 5.02504628445084
3.12750977300002 1.67967832062403
3.13880042200002 0.113386219957494
3.15009107100002 0.387708527283302
3.16138172000002 2.46066480327791
3.17267236900002 6.19010811696918
3.18396301800002 11.3426796131245
3.19525366700002 17.6078050166121
3.20654431600002 24.615892703339
3.21783496500002 31.9596632651306
3.22912561400002 39.2173739412929
3.24041626300002 45.9766067602376
3.25170691200002 51.8572713943757
3.26299756100002 56.5325328041295
3.27428821000002 59.7465055475728
3.28557885900002 61.3277528535164
3.29686950800002 61.1978772886681
3.30816015700002 59.3747763058487
3.31945080600002 55.9704433554306
3.33074145500002 51.1835057816117
3.34203210400002 45.2869866395573
3.35332275300002 38.6120421365951
3.36461340200002 31.5286448950524
3.37590405100002 24.4243437506363
3.38719470000002 17.6823249046906
3.39848534900002 11.6600224209279
3.40977599800002 6.66947790272397
3.42106664700002 2.9605334063465
3.43235729600002 0.70776576905046
3.44364794500002 0.00184543507919953
3.45493859400002 0.845742098578738
3.46622924300002 3.15591845993968
3.47751989200002 6.76836846605244
3.48881054100003 11.4490839201731
3.50010119000003 16.9082886965947
3.51139183900003 22.8175765470908
3.52268248800003 28.8289376277238
3.53397313700003 34.5945682181907
3.54526378600003 39.7863318854311
3.55655443500003 44.1137790251661
3.56784508400003 47.3397320298001
3.57913573300003 49.2925985203807
3.59042638200003 49.8747753428306
3.60171703100003 49.0667391349719
3.61300768000003 46.9266713092936
3.62429832900003 43.5857215041114
3.63558897800003 39.239259185886
3.64687962700003 34.1346842584967
3.65817027600003 28.5565520260835
3.66946092500003 22.8099057713977
3.68075157400003 17.2027945201622
3.69204222300003 12.0289804495997
3.70333287200003 7.55180943051573
3.71462352100003 3.9901322728634
3.72591417000003 1.50702939055561
3.73720481900003 0.201916531166922
3.74849546800003 0.106404794549904
3.75978611700003 1.18406673021978
3.77107676600003 3.33403492587806
3.78236741500003 6.39814320603059
3.79365806400003 10.1711255813122
3.80494871300003 14.413225167445
3.81623936200003 18.8644430876521
3.82753001100003 23.259582003359
3.83882066000003 27.3432136631812
3.85011130900003 30.8837250271397
3.86140195800003 33.6856704961298
3.87269260700003 35.59977323387
3.88398325600003 36.5300688517807
3.89527390500003 36.437860340977
3.90656455400003 35.3423433419104
3.91785520300003 33.3179543152157
3.92914585200003 30.4886796767302
3.94043650100003 27.0197309841203
3.95172715000003 23.1071306443188
3.96301779900003 18.9658570181863
3.97430844800003 14.8172621182766
3.98559909700003 10.8764966759012
3.99688974600003 7.34065609781567
4.00818039500003 4.37829913842861
4.01947104400003 2.12089366768524
4.03076169300004 0.656617360017392
4.04205234200004 0.0267936223175615
4.05334299100004 0.225083770270112
4.06463364000004 1.19939493529341
4.07592428900004 2.85630887837907
4.08721493800004 5.06769854812553
4.09850558700004 7.67908440580522
4.10979623600004 10.5191972088604
4.12108688500004 13.4101621504727
4.13237753400004 16.177702964286
4.14366818300004 18.6607836457987
4.15495883200004 20.7201575737113
4.16624948100004 22.2453749212424
4.17754013000004 23.1599036424413
4.18883077900004 23.4241401278729
4.20012142800004 23.036215230668
4.21141207700004 22.0306318826976
4.22270272600004 20.4748942747535
4.23399337500004 18.4643985448971
4.24528402400004 16.115945139841
4.25657467300004 13.5602988932181
4.26786532200004 10.9342614111857
4.27915597100004 8.37273030472074
4.29044662000004 6.00120163616989
4.30173726900004 3.92912778518061
4.31302791800004 2.24447638409904
4.32431856700004 1.00975182349909
4.33560921600004 0.259644752188593
4.34689986500004 0.000373157494583226
4.35819051400004 0.210677283472123
4.36948116300004 0.844335825443538
4.38077181200004 1.83398790161342
4.39206246100004 3.09597869214279
4.40335311000004 4.53589963814128
4.41464375900004 6.05446867785078
4.42593440800004 7.55339275214196
4.43722505700004 8.94087295965677
4.44851570600004 10.1364502448644
4.45980635500004 11.0749432349113
4.47109700400004 11.7092958277111
4.48238765300004 12.012225826708
4.49367830200004 11.9766425011177
4.50496895100004 11.6148756473889
4.51625960000004 10.9568270935296
4.52755024900004 10.0472137707337
4.53884089800004 8.94211642965686
4.55013154700004 7.70507771381573
4.56142219600004 6.40300657801801
4.57271284500005 5.10214297729419
4.58400349400005 3.86431838713721
4.59529414300005 2.74371598660525
4.60658479200005 1.78429191771223
4.61787544100005 1.01796913765412
4.62916609000005 0.463661520776899
4.64045673900005 0.127131628729062
4.65174738800005 0.00163437035348575
4.66303803700005 0.0692536639504412
4.67432868600005 0.302802689267112
4.68561933500005 0.668132186984239
4.69690998400005 1.12667657562437
4.70820063300005 1.63806466111982
4.71949128200005 2.16262989420878
4.73078193100005 2.66367327085589
4.74207258000005 3.1093582767821
4.75336322900005 3.4741495239397
4.76465387800005 3.73974242891547
4.77594452700005 3.89546787413413
4.78723517600005 3.93819080041507
4.79852582500005 3.87175288738115
4.80981647400005 3.70603506079587
4.82110712300005 3.45573419042169
4.83239777200005 3.13895923195751
4.84368842100005 2.77575502357596
4.85497907000005 2.38665733196967
4.86626971900005 1.99137141692442
4.87756036800005 1.60764962230386
4.88885101700005 1.25042287916119
4.90014166600005 0.931218267949902
4.91143231500005 0.657871711800356
4.92272296400005 0.4345231475842
4.93401361300005 0.261862621060544
4.94530426200005 0.137580845414729
4.95659491100005 0.0569676429327574
4.96788556000005 0.0135967394999425
4.97917620900005 3.5566491593223e-005
4.99046685800005 0.00852361976457395
5.00175750700005 0.0315717707900478
5.01304815600005 0.0624467025686131
5.02433880500005 0.0955181707185351
5.03562945400005 0.126460823720911
5.04692010300005 0.152315651524355
5.05821075200005 0.17142769907982
5.06950140100005 0.183285626140784
5.08079205000005 0.188294436374581
5.09208269900005 0.187514966504707
5.10337334800005 0.18240256706276
5.11466399700006 0.174573168174638
5.12595464600006 0.165618213174678
5.13724529500006 0.156981562899047
5.14853594400006 0.14990234718608
5.15982659300006 0.145418825027332
5.17111724200006 0.144420517101108
5.18240789100006 0.147729968533027
5.19369854000006 0.156192060765446
5.20498918900006 0.170748145441995
5.21627983800006 0.19247446953644
5.22757048700006 0.222569168595482
5.23886113600006 0.262279033522604
5.25015178500006 0.312765599549619
5.26144243400006 0.37491900451162
5.27273308300006 0.449136581396599
5.28402373200006 0.535090359502965
5.29531438100006 0.631512714707271
5.30660503000006 0.736031669657655
5.31789567900006 0.84508637438056
5.32918632800006 0.953948956993101
5.34047697700006 1.0568713920903
5.35176762600006 1.1473657673983
5.36305827500006 1.2186140934312
5.37434892400006 1.26399057914466
5.38563957300006 1.27766622526918
5.39693022200006 1.25525386627025
5.40822087100006 1.19444258696284
5.41951152000006 1.09556478077132
5.43080216900006 0.962037804482514
5.44209281800006 0.800625711273539
5.45338346700006 0.621475034402371
5.46467411600006 0.437891772956998
5.47596476500006 0.265843921192584
5.48725541400006 0.123194034436236
5.49854606300006 0.0286880751430859
5.50983671200006 0.000748545579682545
5.52112736100006 0.056139986867662
5.53241801000006 0.208591615088508
5.54370865900006 0.467473620728774
5.55499930800006 0.836629191117851
5.56628995700006 1.31346271968248
5.57758060600006 1.88837550492618
5.58887125500006 2.54462361248851
5.60016190400006 3.25864912948447
5.61145255300006 4.00090697889154
5.62274320200006 4.73717646896859
5.63403385100006 5.43031191004368
5.64532450000006 6.04235228902287
5.65661514900007 6.53687861769689
5.66790579800007 6.88148157901372
5.67919644700007 7.05018367422517
5.69048709600007 7.02565101794065
5.70177774500007 6.80103149076892
5.71306839400007 6.3812687340322
5.72435904300007 5.78376531421523
5.73564969200007 5.0383023843587
5.74694034100007 4.18616566599484
5.75823099000007 3.27847623446824
5.76952163900007 2.37377652707944
5.78081228800007 1.53497393684608
5.79210293700007 0.825792849981478
5.80339358600007 0.306927616282333
5.81468423500007 0.0321205620332252
5.82597488400007 0.0444081118586745
5.83726553300007 0.372782421171762
5.84855618200007 1.02950453578019
5.85984683100007 2.00827786529281
5.87113748000007 3.28344858746358
5.88242812900007 4.81034441661703
5.89371877800007 6.52679783829245
5.90500942700007 8.35582810128001
5.91630007600007 10.2093822325531
5.92759072500007 11.9929637145004
5.93888137400007 13.6109129179702
5.95017202300007 14.9720503670283
5.96146267200007 15.9953563409191
5.97275332100007 16.6153413105808
5.98404397000007 16.7867633380565
5.99533461900007 16.488371698776
6.00662526800007 15.7254001585774
6.01791591700007 14.5305967411623
6.02920656600007 12.9636563597996
6.04049721500007 11.109014115872
6.05178786400007 9.07205521810958
6.06307851300007 6.97389654600689
6.07436916200007 4.94498876884324
6.08565981100007 3.1178706129895
6.09695046000007 1.61947277536062
6.10824110900007 0.563413361670952
6.11953175800007 0.0427459847585993
6.13082240700007 0.123613606458393
6.14211305600007 0.840225265806673
6.15340370500007 2.19151012442967
6.16469435400007 4.13971658461811
6.17598500300007 6.61111798122416
6.18727565200007 9.49886626074324
6.19856630100008 12.667907939495
6.20985695000008 15.9617499489663
6.22114759900008 19.2107444362084
6.23243824800008 22.2414586661985
6.24372889700008 24.8866156500212
6.25501954600008 26.9950386415811
6.26631019500008 28.441012333465
6.27760084400008 29.1324877491469
6.28889149300008 29.0176067676585
6.30018214200008 28.0891041248054
6.31147279100008 26.3862557567405
6.32276344000008 23.994176751555
6.33405408900008 21.0404226280979
6.34534473800008 17.689005652004
6.35663538700008 14.1320941993447
6.36792603600008 10.5798083873382
6.37921668500008 7.24865029808485
6.39050733400008 4.34920405935379
6.40179798300008 2.07380320851943
6.41308863200008 0.584885441336109
6.42437928100008 0.00473555866954395
6.43566993000008 0.407256136156951
6.44696057900008 1.81230462846561
6.45825122800008 4.1830001833912
6.46954187700008 7.4262404804725
6.48083252600008 11.3964873512526
6.49212317500008 15.9026900510866
6.50341382400008 20.7180278623004
6.51470447300008 25.591980361496
6.52599512200008 30.2640847820437
6.53728577100008 34.4786248585181
6.54857642000008 37.9994219854748
6.55986706900008 40.6238728140035
6.57115771800008 42.1954002523441
6.58244836700008 42.6135570665489
6.59373901600008 41.8411398016932
6.60502966500008 39.9078296623814
6.61632031400008 36.9100678808188
6.62761096300008 33.007085462709
6.63890161200008 28.4132290377086
6.65019226100008 23.3869430345188
6.66148291000008 18.2169706553679
6.67277355900008 13.2065099290382
6.68406420800008 8.65619568473184
6.69535485700008 4.84686490729669
6.70664550600008 2.02309554780064
6.71793615500008 0.378484466081813
6.72922680400008 0.0435490587064673
6.74051745300009 1.07700289929173
6.75180810200009 3.46097519844131
6.76309875100009 7.10052673359593
6.77438940000009 11.8275730908017
6.78568004900009 17.4090732534541
6.79697069800009 23.559092313671
6.80826134700009 29.9541159701848
6.81955199600009 36.2507953091468
6.83084264500009 42.1051453098002
6.84213329400009 47.1921193739542
6.85342394300009 51.2244417598165
6.86471459200009 53.9696034855825
6.87600524100009 55.2640147463117
6.88729589000009 55.0234541190808
6.89858653900009 53.2491542240849
6.90987718800009 50.0291043080938
6.92116783700009 45.5344190841212
6.93245848600009 40.010904919476
6.94374913500009 33.7662329554292
6.95503978400009 27.1533877576435
6.96633043300009 20.5512843264537
6.97762108200009 14.3436222336342
6.98891173100009 8.89716240976054
7.00020238000009 4.54066208663717
7.01149302900009 1.54568278441092
7.02278367800009 0.110395256941727
7.03407432700009 0.347348297839339
7.04536497600009 2.27595348201016
7.05665562500009 5.82017695560136
7.06794627400009 10.811636798807
7.07923692300009 16.9979967946857
7.09052757200009 24.0562422443488
7.10181822100009 31.6101384420532
7.11310887000009 39.2509242689135
7.12439951900009 46.560096842866
7.13569016800009 53.1330102120382
7.14698081700009 58.601950085528
7.15827146600009 62.6573618703128
7.16956211500009 65.066000765873
7.18085276400009 65.6849358870499
7.19214341300009 64.4705666706338
7.20343406200009 61.4820867652281
7.21472471100009 56.879142746923
7.22601536000009 50.9137646990084
7.23730600900009 43.9169741137878
7.24859665800009 36.2807827882157
7.25988730700009 28.4365664576979
7.27117795600009 20.8310129529682
7.2824686050001 13.9009937651751
7.2937592540001 8.04878091185804
7.3050499030001 3.61902307650733
7.3163405520001 0.87880594431795
7.3276312010001 0.00195595483819995
7.3389218500001 1.0585132743909
7.3502124990001 4.01001156723812
7.3615031480001 8.71087528039557
7.3727937970001 14.9158981626778
7.3840844460001 22.2934194134812
7.3953750950001 30.4434861537362
7.4066657440001 38.9200017836756
7.4179563930001 47.2556260912623
7.4292470420001 54.9880284643162
7.4405376910001 61.6860100989236
7.4518283400001 66.9740100517771
7.4631189890001 70.5535938892242
7.4744096380001 72.2206881877615
7.4857002870001 71.8775602237666
7.4969909360001 69.5388366731354
7.5082815850001 65.3311914177729
7.5195722340001 59.4866915359756
7.5308628830001 52.3301517558039
7.5421535320001 44.2611903755347
7.5534441810001 35.7319841807227
7.5647348300001 27.2219686087309
7.5760254790001 19.2109078656225
7.5873161280001 12.1518574108986
7.5986067770001 6.44555232128376
7.6098974260001 2.41767861283643
7.6211880750001 0.300324754811481
7.6324787240001 0.218676266982755
7.6437693730001 2.18372067623621
7.6550600220001 6.09138999277745
7.6663506710001 11.7282026209408
7.6776413200001 18.7830970990756
7.6889319690001 26.8647974089606
7.7002226180001 35.5237340191973
7.7115132670001 44.2772844450053
7.7228039160001 52.6369068929584
7.7340945650001 60.1356314794645
7.7453852140001 66.3543518882203
7.7566758630001 70.9454274739195
7.7679665120001 73.6522579447023
7.7792571610001 74.3237212043382
7.7905478100001 72.9226566654204
7.8018384590001 69.5279146835645
7.8131291080001 64.329858362489
7.82441975700011 57.6195759339518
7.83571040600011 49.7724189602233
7.84700105500011 41.2268033417648
7.85829170400011 32.4594781792857
7.86958235300011 23.9586666703964
7.88087300200011 16.1966021177029
7.89216365100011 9.60301410126432
7.90345430000011 4.5410632293024
7.91474494900011 1.28708101369962
7.92603559800011 0.0152525862284204
7.93732624700011 0.788096836975427
7.94861689600011 3.55326743505175
7.95990754500011 8.14683811227858
7.97119819400011 14.3028671936923
7.98248884300011 21.6686807064165
7.99377949200011 29.8249907625387
8.00507014100011 38.3096946111854
8.01636079000011 46.6439951095856
8.02765143900011 54.3593568222622
8.03894208800011 61.0237704566731
8.0502327370001 66.2658439210787
8.0615233860001 69.7953679893438
8.0728140350001 71.4192106153793
8.0841046840001 71.0516642550881
8.0953953330001 68.7186893983359
8.1066859820001 64.5558464543662
8.1179766310001 58.8000671038247
8.1292672800001 51.7757646883442
8.1405579290001 43.8761013228548
8.1518485780001 35.5404991990775
8.1631392270001 27.2296898817803
8.1744298760001 19.3997268830754
8.1857205250001 12.4764363888457
8.1970111740001 6.83174639206482
8.2083018230001 2.76321818326345
8.21959247200009 0.477913342305488
8.23088312100009 0.0814754691189304
8.24217377000009 1.57300381973448
8.25346441900009 4.84596336565751
8.26475506800009 9.69503178000807
8.27604571700009 15.8284481914107
8.28733636600009 22.8851203257415
8.29862701500009 30.4554832451331
8.30991766400009 38.10489895639
8.32120831300009 45.3982528343925
8.33249896200009 51.9243470902316
8.34378961100009 57.318715904208
8.35508026000009 61.2835892263679
8.36637090900009 63.6039060605231
8.37766155800009 64.1585126994262
8.38895220700008 62.9259628917845
8.40024285600008 59.9846487687153
8.41153350500008 55.5073154349028
8.42282415400008 49.7503298149189
8.43411480300008 43.038367570448
8.44540545200008 35.7454341909157
8.45669610100008 28.2733337492086
8.46798675000008 21.0288306428752
8.47927739900008 14.4008091198991
8.49056804800008 8.73871994935246
8.50185869700008 4.33351499598679
8.51314934600008 1.40211462178819
8.52443999500008 0.0762394781490121
8.53573064400008 0.39618026161169
8.54702129300007 2.30979167712134
8.55831194200007 5.67669697026015
8.56960259100007 10.2773942464328
8.58089324000007 15.8266821887495
8.59218388900007 21.9905860610067
8.60347453800007 28.4057780621267
8.61476518700007 34.7003591695468
8.62605583600007 40.5148089843719
8.63734648500007 45.5219182899053
8.64863713400007 49.4445945918412
8.65992778300007 52.0705685125422
8.67121843200007 53.2632197692247
8.68250908100007 52.9679738554903
8.69379973000007 51.2139805382705
8.70509037900007 48.1110575763775
8.71638102800006 43.8421518916673
8.72767167700006 38.6518204560087
8.73896232600006 32.8314503976383
8.75025297500006 26.7021103912421
8.76154362400006 20.5960441522787
8.77283427300006 14.8378759279427
8.78412492200006 9.72659491581441
8.79541557100006 5.51932180531409
8.80670622000006 2.41774085900502
8.81799686900006 0.557913003599365
8.82928751800006 0.0039797884030384
8.84057816700006 0.746037273498276
8.85186881600006 2.70221663340124
8.86315946500006 5.72476861244828
8.87445011400006 9.60972563647573
8.88574076300005 14.1095208603112
8.89703141200005 18.9477882990287
8.90832206100005 23.835460561125
8.91961271000005 28.4872257818793
8.93090335900005 32.6374052083973
8.94219400800005 36.0543663753527
8.95348465700005 38.5526897219039
8.96477530600005 40.0024518604629
8.97606595500005 40.3351672387109
8.98735660400005 39.5461306426191
8.99864725300005 37.6931138335691
9.00993790200005 34.8915782395521
9.02122855100005 31.3067600758271
9.03251920000005 27.143153691359
9.04380984900004 22.6320541582825
9.05510049800004 18.0179141694163
9.06639114700004 13.5443187584889
9.07768179600004 9.44038253122466
9.08897244500004 5.9083290953313
9.10026309400004 3.11292495680225
9.11155374300004 1.17331643017914
9.12284439200004 0.157666166716007
9.13413504100004 0.0808152466134636
9.14542569000004 0.905017763239311
9.15671633900004 2.54361801976495
9.16800698800004 4.8673760272881
9.17929763700004 7.71300411363379
9.19058828600004 10.8933637977079
9.20187893500004 14.2086934184654
9.21316958400003 17.4581968952326
9.22446023300003 20.4513236545806
9.23575088200003 23.0181080502949
9.24704153100003 25.0180101660595
9.25833218000003 26.3468034002704
9.26962282900003 26.9411807687591
9.28091347800003 26.7808933614765
9.29220412700003 25.8883821561595
9.30349477600003 24.3260096248168
9.31478542500003 22.1911318854343
9.32607607400003 19.6093680702073
9.33736672300003 16.7265149371841
9.34865737200003 13.6996170185502
9.35994802100003 10.6877331069317
9.37123867000003 7.84293791899691
9.38252931900002 5.30206456816063
9.39381996800002 3.17963205256799
9.40511061700002 1.56231691183067
9.41640126600002 0.505225356908471
9.42769191500002 0.0301082140843701
9.43898256400002 0.125543052636483
9.45027321300002 0.748992979075871
9.46156386200002 1.83054643397479
9.47285451100002 3.27805275565039
9.48414516000002 4.98329897273727
9.49543580900002 6.82882756769982
9.50672645800002 8.69497459733124
9.51801710700002 10.4667127634815
9.52930775600002 12.0399134605258
9.54059840500001 13.3266927496316
9.55188905400001 14.2595747069967
9.56317970300001 14.7942868480411
9.57447035200001 14.9110909531851
9.58576100100001 14.6146430008038
9.59705165000001 13.9324625627106
9.60834229900001 12.9121699057792
9.61963294800001 11.6177138822692
9.63092359700001 10.1248621687717
9.64221424600001 8.51625535508834
9.65350489500001 6.87633683967208
9.66479554400001 5.28646173842307
9.67608619300001 3.82046150116209
9.68737684200001 2.54089912014244
9.69866749100001 1.49619599847593
9.70995814 0.718749599827213
9.721248789 0.22409511937391
9.732539438 0.0110988380841288
9.743830087 0.0631095625197311
9.755120736 0.349941160613791
9.766411385 0.830516564108019
9.777702034 1.45597378800889
9.788992683 2.17301867555931
9.800283332 2.92730743444915
9.811573981 3.6666538998049
9.82286463 4.3438803362849
9.834155279 4.91916428724597
9.845445928 5.36177479718271
9.856736577 5.65113626922644
9.868027226 5.77720416808552
9.87931787499999 5.74018074341525
9.89060852399999 5.5496382292285
9.90189917299999 5.22314932958711
9.91318982199999 4.78454856855925
9.92448047099999 4.26196226210087
9.93577111999999 3.68574915058567
9.94706176899999 3.08648847656427
9.95835241799999 2.49313847921644
9.96964306699999 1.93146739460142
9.98093371599999 1.42283297329153
9.99222436499999 0.983357363911904
10.003515014 0.623514150273907
10.014805663 0.34811548229475
10.026096312 0.156661499606128
10.037386961 0.0439931670566948
10.04867761 0.00117435162149686
10.059968259 0.0165201170943613
10.071258908 0.0766859430925705
10.082549557 0.167736553853741
10.093840206 0.276122506488786
10.105130855 0.38950652563072
10.116421504 0.497398422831601
10.127712153 0.59157581355445
10.139002802 0.666286237749239
10.150293451 0.718243297805909
10.1615841 0.746443847318208
10.172874749 0.751844174557334
10.184165398 0.736939941988266
10.195456047 0.705297147751216
10.206746696 0.661079708477463
10.218037345 0.608613897708982
10.229327994 0.552021558688906
10.240618643 0.494943693189418
10.251909292 0.440364770863471
10.263199941 0.39053698692528
10.27449059 0.346993727628491
10.285781239 0.310633535461074
10.297071888 0.281850529071091
10.308362537 0.260684887299493
10.319653186 0.246967720903375
10.330943835 0.240438208553425
10.342234484 0.240816781795184
10.353525133 0.247825709538825
10.364815782 0.261156811959355
10.376106431 0.28039431377244
10.38739708 0.304908130678927
10.398687729 0.333738371326086
10.409978378 0.36549490322654
10.421269027 0.398296078462621
10.432559676 0.429768017783261
10.443850325 0.457120370554038
10.455140974 0.477306641702498
10.466431623 0.487267689264406
10.477722272 0.484246721671413
10.489012921 0.466154054454232
10.50030357 0.431951046281918
10.511594219 0.382015991451413
10.522884868 0.31845112147375
10.534175517 0.24528985868222
10.545466166 0.168567378073692
10.556756815 0.0962253484698261
10.568047464 0.0378330736526104
10.579338113 0.00412143811349138
10.590628762 0.00634208686571349
10.601919411 0.0554809133765387
10.61321006 0.161370833094768
10.6245007089999 0.331762584382181
10.6357913579999 0.571422600254283
10.6470820069999 0.881332694725682
10.6583726559999 1.2580665555329
10.6696633049999 1.69341235159016
10.6809539539999 2.17429910250928
10.6922446029999 2.68306723583643
10.7035352519999 3.19810185201058
10.7148259009999 3.69482192525987
10.7261165499999 4.14699163721875
10.7374071989999 4.52829316157738
10.7486978479999 4.81407550484687
10.7599884969999 4.98317345014156
10.7712791459999 5.01967606696929
10.7825697949999 4.91451714537885
10.7938604439999 4.66676134985254
10.8051510929999 4.28447038357838
10.8164417419999 3.78505290847156
10.8277323909999 3.19502963751822
10.8390230399999 2.54917953170317
10.8503136889999 1.88907245378986
10.8616043379999 1.26103555111434
10.8728949869999 0.713642332635351
10.8841856359999 0.294851994499269
10.8954762849999 0.048959196533149
10.9067669339999 0.0135386008787177
10.9180575829999 0.21658188460225
10.9293482319999 0.674026062832696
10.9406388809999 1.38785997994843
10.9519295299999 2.34497075081647
10.9632201789999 3.51685464766218
10.9745108279999 4.86026918063644
10.9858014769999 6.3188474526988
10.9970921259999 7.82563548507093
11.0083827749999 9.30645179333914
11.0196734239999 10.6839099932664
11.0309640729999 11.8818935905438
11.0422547219999 12.8302310752015
11.0535453709999 13.4692922129311
11.0648360199999 13.7542154804914
11.0761266689999 13.6584834776735
11.0874173179999 13.1765883357431
11.0987079669999 12.3255719487049
11.1099986159999 11.1452844327148
11.1212892649999 9.69727562783228
11.1325799139999 8.06231479676323
11.1438705629999 6.33661830151253
11.1551612119999 4.62694882252926
11.1664518609999 3.04482732162058
11.1777425099999 1.70016528947302
11.1890331589999 0.694675198815573
11.2003238079999 0.115447646321246
11.2116144569999 0.0290916319041272
11.2229051059999 0.476818314072185
11.2341957549999 1.47080835973683
11.2454864039999 2.99214014514449
11.2567770529999 4.99047350016818
11.2680677019999 7.38558570252034
11.2793583509999 10.0707484292227
11.2906489999999 12.917822598934
