0 0
0.0056453245 0
0.011290649 5.37705740791313e-008
0.0169359735 8.56953856657841e-007
0.022581298 5.32654666060197e-006
0.0282266225 2.11557237117332e-005
0.033871947 6.42300010303538e-005
0.0395172715 0.000162750020330378
0.045162596 0.00036187024656532
0.0508079205 0.000728632753028246
0.056453245 0.001356952010872
0.0620985695 0.00237239101396825
0.067743894 0.00393646176717349
0.0733892185 0.00625018454044042
0.079034543 0.00955665050719914
0.0846798675 0.0141423513707714
0.090325192 0.0203370670270965
0.0959705165 0.0285121376720326
0.101615841 0.0390769892698677
0.1072611655 0.0524738299814502
0.11290649 0.0691704888434661
0.1185518145 0.0896514253711573
0.124197139 0.114406998369557
0.1298424635 0.14392114252898
0.135487788 0.178657660732406
0.1411331125 0.219045396774864
0.146778437 0.265462605762743
0.1524237615 0.31822088625423
0.158069086 0.377549077745609
0.1637144105 0.443577558059761
0.169359735 0.516323396378714
0.1750050595 0.59567682810857
0.180650384 0.68138951672916
0.1862957085 0.77306505477258
0.191941033 0.870152130876006
0.1975863575 0.971940752533739
0.203231682 1.07756186508933
0.2088770065 1.18599064731376
0.214522331 1.29605369354797
0.2201676555 1.40644021305821
0.22581298 1.51571729042631
0.2314583045 1.62234915816893
0.237103629 1.72472033623946
0.2427489535 1.82116239466883
0.248394278 1.90998399751804
0.2540396025 1.98950379079553
0.259684927 2.05808560631445
0.2653302515 2.11417536988316
0.270975576 2.15633902792433
0.2766209005 2.18330074366675
0.282266225 2.19398056434212
0.2879115495 2.18753072602846
0.293556874 2.16336974432261
0.2992021985 2.12121343802314
0.304847523 2.06110205024037
0.3104928475 1.9834226672525
0.316138172 1.88892619003783
0.3217834965 1.77873818638136
0.327428821 1.65436304203183
0.3330741455 1.5176809364178
0.33871947 1.37093729038918
0.3443647945 1.21672446842219
0.350010119 1.05795566347282
0.3556554435 0.897831046630427
0.361300768 0.739796423098625
0.3669460925 0.587494797785607
0.372591417 0.444711414732045
0.3782367415 0.315312991454873
0.383882066 0.203182018713933
0.3895273905 0.11214713491968
0.395172715 0.0459107091953454
0.4008180395 0.00797487494870857
0.406463364 0.00156734389146029
0.4121086885 0.0295683962531455
0.417754013 0.0944404843101038
0.4233993375 0.198161901531283
0.429044662 0.342165957329556
0.4346899865 0.527287056790022
0.440335311 0.75371501554131
0.4459806355 1.02095884240533
0.45162596 1.3278210974267
0.4572712845 1.67238378172843
0.462916609 2.05200654029977
0.4685619335 2.46333776175895
0.474207258 2.90233894331631
0.4798525825 3.36432245801259
0.485497907 3.84400261865492
0.491143231499999 4.33555968289781
0.496788555999999 4.83271619106751
0.502433880499999 5.32882477726363
0.508079204999999 5.81696634976395
0.513724529499999 6.29005730360357
0.519369853999999 6.74096421115872
0.525015178499999 7.16262424021208
0.530660502999999 7.5481693776878
0.536305827499999 7.89105239502847
0.541951151999999 8.1851723816627
0.547596476499999 8.42499759929829
0.553241800999999 8.60568337441172
0.558887125499999 8.72318275122626
0.564532449999999 8.77434767389325
0.570177774499999 8.75701855503841
0.575823098999999 8.67010021805058
0.581468423499999 8.51362237144477
0.587113747999999 8.28878298353453
0.592759072499999 7.99797317192658
0.598404396999999 7.64478250169155
0.604049721499999 7.23398389446754
0.609695045999999 6.77149768355551
0.615340370499999 6.26433470203435
0.620985694999999 5.7205186563218
0.626631019499999 5.14898841028598
0.632276343999999 4.5594811785221
0.637921668499999 3.96239799508528
0.643566992999999 3.36865317907799
0.649212317499999 2.78950985431539
0.654857641999999 2.2364038902872
0.660502966499999 1.72075890951974
0.666148290999999 1.2537952463458
0.671793615499999 0.846335938647807
0.677438939999999 0.50861298261541
0.683084264499999 0.250077176938396
0.688729588999999 0.0792149239452218
0.694374913499999 0.0033753386922507
0.700020237999999 0.0286109415668788
0.705665562499999 0.159535075251462
0.711310886999999 0.399198993606585
0.716956211499999 0.74899131992635
0.722601535999999 1.20856226789798
0.728246860499999 1.77577466429078
0.733892184999999 2.44668341271722
0.739537509499999 3.21554459848416
0.745182833999999 4.07485496216433
0.750828158499999 5.01542197139384
0.756473482999999 6.0264642045069
0.762118807499999 7.095741234437
0.767764131999999 8.20971167569863
0.773409456499999 9.35371754031406
0.779054780999999 10.5121925494243
0.784700105499999 11.6688915751219
0.790345429999999 12.8071379506035
0.795990754499999 13.9100849945161
0.801636078999999 14.9609877552442
0.807281403499999 15.9434807000386
0.812926727999999 16.8418568586485
0.818572052499999 17.6413437868351
0.824217376999999 18.3283716460678
0.829862701499999 18.8908287048915
0.835508025999999 19.3182996566835
0.841153350499999 19.6022823182379
0.846798674999999 19.7363785228993
0.852443999499999 19.7164553484704
0.858089323999999 19.540773220192
0.863734648499999 19.210077897623
0.869379972999999 18.7276538849532
0.875025297499999 18.0993373895735
0.880670621999999 17.3334875849568
0.886315946499999 16.440915601437
0.891961270999999 15.4347713618145
0.897606595499999 14.3303890867077
0.903251919999999 13.1450930055543
0.908897244499999 11.8979655111628
0.914542568999999 10.6095806766292
0.920187893499999 9.30170670127452
0.925833217999999 7.99698145531743
0.931478542499999 6.71856584006744
0.937123866999999 5.4897801610243
0.942769191499999 4.33372911578561
0.948414515999999 3.27292131859813
0.954059840499999 2.32888951145866
0.959705164999999 1.52181774201794
0.965350489499999 0.870181816822626
0.970995813999999 0.390409261940747
0.976641138499999 0.0965648407569377
0.982286462999999 6.73914699836606e-005
0.987931787499999 0.109443357131063
0.993577111999999 0.430121893266618
0.999222436499999 0.964275858316351
1.004867761 1.71071232804177
1.0105130855 2.66481553605981
1.01615841 3.81854433951567
1.0218037345 5.1604854537166
1.027449059 6.67596280550713
1.0330943835 8.34720243640783
1.038739708 10.1535514578797
1.0443850325 12.0717486378188
1.050030357 14.0762432950158
1.0556756815 16.1395583123193
1.061321006 18.232692264751
1.0669663305 20.3255549104732
1.072611655 22.3874296240275
1.0782569795 24.3874557754297
1.083902304 26.2951235868648
1.0895476285 28.0807736408232
1.095192953 29.7160929777282
1.1008382775 31.174599613717
1.106483602 32.4321073345755
1.1121289265 33.4671627820209
1.117774251 34.2614471435317
1.1234195755 34.8001351844909
1.1290649 35.0722049169156
1.1347102245 35.0706918758494
1.140355549 34.7928827635909
1.1460008735 34.2404441124812
1.151646198 33.4194825961264
1.1572915225 32.3405346721509
1.162936847 31.0184843509236
1.1685821715 29.472409036795
1.174227496 27.7253545630815
1.1798728205 25.8040417202785
1.185518145 23.7385077394735
1.1911634695 21.5616873201749
1.196808794 19.3089388645745
1.2024541185 17.0175225799552
1.208099443 14.7260380197679
1.2137447675 12.4738294352221
1.219390092 10.300367987984
1.2250354165 8.24462041737201
1.230680741 6.34441415097808
1.2363260655 4.63580908678873
1.24197139 3.15248635097727
1.2476167145 1.92516424445989
1.253262039 0.981051331642001
1.2589073635 0.34334619785483
1.264552688 0.0307928119017294
1.2701980125 0.0572996837688297
1.275843337 0.431630114455927
1.2814886615 1.15716980718214
1.287133986 2.2317769614634
1.2927793105 3.64771872050997
1.298424635 5.39169650679419
1.3040699595 7.44496138093208
1.309715284 9.78351911704409
1.3153606085 12.3784232263909
1.321005933 15.1961527039042
1.3266512575 18.1990698431536
1.33229658200001 21.3459520881074
1.33794190650001 24.5925905881609
1.34358723100001 27.8924469187766
1.34923255550001 31.1973583450025
1.35487788000001 34.4582810587425
1.36052320450001 37.6260600306492
1.36616852900001 40.6522134993043
1.37181385350001 43.4897196867922
1.37745917800001 46.093793090889
1.38310450250001 48.4226376668783
1.38874982700001 50.4381643802727
1.39439515150001 52.1066609859962
1.40004047600001 53.3994024669795
1.40568580050001 54.2931913394624
1.41133112500001 54.7708179940334
1.41697644950001 54.8214323778363
1.42262177400001 54.4408196186494
1.42826709850001 53.6315736270787
1.43391242300001 52.4031642677135
1.43955774750001 50.7718953403037
1.44520307200001 48.7607523324516
1.45084839650001 46.3991406691247
1.45649372100001 43.7225169633796
1.46213904550001 40.7719175384591
1.46778437000001 37.5933902149431
1.47342969450001 34.2373370092638
1.47907501900001 30.7577769437786
1.48472034350001 27.2115395969824
1.49036566800001 23.6574013003004
1.49601099250001 20.1551769922821
1.50165631700001 16.7647816513868
1.50730164150001 13.5452759273614
1.51294696600001 10.553911063923
1.51859229050001 7.84518844123696
1.52423761500001 5.46994905810694
1.52988293950001 3.47450801758523
1.53552826400001 1.8998485763598
1.54117358850001 0.780889572408097
1.54681891300001 0.145839065622657
1.55246423750001 0.0156458249203368
1.55810956200001 0.403558889050688
1.56375488650001 1.31480383676409
1.56940021100001 2.7463826483279
1.57504553550001 4.68700215068062
1.58069086000001 7.11713404145287
1.58633618450001 10.0092074134624
1.59198150900001 13.3279325835785
1.59762683350001 17.0307529016838
1.60327215800001 21.0684191111022
1.60891748250001 25.385678785662
1.61456280700001 29.9220714143932
1.62020813150001 34.6128178755684
1.62585345600001 39.3897913686644
1.63149878050001 44.1825553849701
1.63714410500001 48.9194530216169
1.64278942950001 53.5287309031615
1.64843475400001 57.9396801895658
1.65408007850001 62.0837766355543
1.65972540300001 65.8958014358774
1.66537072750001 69.3149246514266
1.67101605200001 72.2857333654287
1.67666137650001 74.7591873651527
1.68230670100001 76.6934860762978
1.68795202550001 78.0548316831231
1.69359735000001 78.818074831613
1.69924267450001 78.9672310154179
1.70488799900001 78.4958576605097
1.71053332350001 77.4072840264492
1.71617864800001 75.7146882983789
1.72182397250001 73.4410186199656
1.72746929700001 70.6187572768211
1.73311462150001 67.2895297438307
1.73875994600001 63.5035628186329
1.74440527050001 59.3189985367718
1.75005059500001 54.801072961641
1.75569591950001 50.0211712245632
1.76134124400001 45.0557723190493
1.76698656850001 39.9852990923125
1.77263189300001 34.8928905927225
1.77827721750001 29.8631153938319
1.78392254200001 24.9806456970559
1.78956786650001 20.3289128935842
1.79521319100001 15.9887658237542
1.80085851550001 12.0371531959054
1.80650384000001 8.54585150900825
1.81214916450001 5.58025936171914
1.81779448900001 3.1982782281931
1.82343981350001 1.44929864668377
1.82908513800001 0.373309314841164
1.83473046250001 0.000144835147893983
1.84037578700001 0.348885829607758
1.84602111150001 1.42742287382088
1.85166643600001 3.23219322043765
1.85731176050001 5.74809662797307
1.86295708500001 8.94859382361894
1.86860240950001 12.7959882511771
1.87424773400001 17.2418888326837
1.87989305850002 22.2278485510823
1.88553838300002 27.6861707883538
1.89118370750002 33.5408725755052
1.89682903200002 39.7087912734638
1.90247435650002 46.1008187512224
1.90811968100002 52.6232449010225
1.91376500550002 59.1791903683689
1.91941033000002 65.6701067117617
1.92505565450002 71.9973208734094
1.93070097900002 78.0635998630423
1.93634630350002 83.7747109520819
1.94199162800002 89.0409524589134
1.94763695250002 93.7786303857198
1.95328227700002 97.9114567450102
1.95892760150002 101.371846384883
1.96457292600002 104.102090475103
1.97021825050002 106.055386534007
1.97586357500002 107.196706935538
1.98150889950002 107.50349020739
1.98715422400002 106.966142080726
1.99279954850002 105.588336139947
1.99844487300002 103.387107003891
2.00409019750002 100.392732200618
2.00973552200002 96.6484022261722
2.01538084650002 92.2096816515033
2.02102617100002 87.1437675074272
2.02667149550002 81.5285544810281
2.03231682000002 75.4515196448992
2.03796214450002 69.0084424605604
2.04360746900002 62.3019785992079
2.04925279350002 55.4401086594049
2.05489811800002 48.5344850888223
2.06054344250002 41.6987024967862
2.06618876700002 35.0465180422514
2.07183409150002 28.6900496697826
2.07747941600002 22.7379806223997
2.08312474050002 17.2937988695185
2.08877006500002 12.4540998425593
2.09441538950002 8.30698016914865
2.10006071400002 4.93054894552158
2.10570603850002 2.39158149939288
2.11135136300002 0.744338592888179
2.11699668750002 0.0295716247745258
2.12264201200002 0.27373164727347
2.12828733650002 1.48839695532763
2.13393266100002 3.66993068088683
2.13957798550002 6.79937628191856
2.14522331000002 10.8425951097731
2.15086863450002 15.7506464267674
2.15651395900002 21.4604063882034
2.16215928350002 27.8954186606712
2.16780460800002 34.9669655829572
2.17344993250002 42.5753451481322
2.17909525700002 50.6113356548169
2.18474058150002 58.9578266990565
2.19038590600002 67.4915923089893
2.19603123050002 76.0851795116054
2.20167655500002 84.6088835080852
2.20732187950002 92.9327789593286
2.21296720400002 100.928775677509
2.21861252850002 108.472666306917
2.22425785300002 115.446133374178
2.22990317750002 121.738683402758
2.23554850200002 127.249476619534
2.24119382650002 131.889022124054
2.24683915100002 135.580710227671
2.25248447550002 138.262155975635
2.25812980000002 139.886330608165
2.26377512450002 140.42246085745
2.26942044900002 139.85667946988
2.27506577350002 138.192414134531
2.28071109800002 135.45050603264
