0 0
0.011290649 0
0.022581298 4.00267779277633e-006
0.033871947 6.2957327577046e-005
0.045162596 0.000384150750795648
0.056453245 0.00148972346055336
0.067743894 0.00439191060231417
0.079034543 0.010745873692687
0.090325192 0.0229396403370027
0.101615841 0.0440851351262394
0.11290649 0.0778843237337702
0.124197139 0.128359196098703
0.135487788 0.199452187337454
0.146778437 0.294522732713887
0.158069086 0.415783775449063
0.169359735 0.563736961759012
0.180650384 0.736674939867824
0.191941033 0.930322033102276
0.203231682 1.13767960812353
0.214522331 1.34912949471991
0.22581298 1.55282844901723
0.237103629 1.73540032169085
0.248394278 1.88290245820452
0.259684927 1.98201164043795
0.270975576 2.02134562828371
0.282266225 1.99281217900875
0.293556874 1.89286117106901
0.304847523 1.72350946301882
0.316138172 1.49301391048881
0.327428821 1.21608608684557
0.33871947 0.913572137147878
0.350010119 0.611561135881993
0.361300768 0.339932554056985
0.372591417 0.130404327735331
0.383882066 0.0141933028351251
0.395172715 0.0194449815610072
0.406463364 0.168625095970326
0.417754013 0.476087673513112
0.429044662 0.946039912001282
0.440335311 1.57111152856986
0.45162596 2.33170491453146
0.462916609 3.19625361316712
0.474207258 4.12245311018819
0.485497907 5.05945389531136
0.496788556 5.9509276022033
0.508079205 6.7388389452102
0.519369854 7.36768565896028
0.530660503 7.78891203647362
0.541951152 7.96516455465872
0.553241801 7.87404484601725
0.56453245 7.51102863371797
0.575823099 6.89125992380214
0.587113747999999 6.04999631460563
0.598404396999999 5.04157014181366
0.609695045999999 3.93683572501437
0.620985694999999 2.81918794481253
0.632276343999999 1.77935330114496
0.643566992999999 0.90926244909595
0.654857641999999 0.295404051743261
0.666148290999999 0.0121255233169436
0.677438939999999 0.115380255859427
0.688729588999999 0.637418726258458
0.700020237999999 1.58288053157742
0.711310886999999 2.92666681433022
0.722601535999999 4.61386155944163
0.733892184999999 6.56183249516548
0.745182833999999 8.6644868441123
0.756473482999999 10.7984948133085
0.767764131999999 12.8311364366724
0.779054780999999 14.6292873652683
0.790345429999999 16.0689479174294
0.801636078999999 17.0446470206687
0.812926727999999 17.4780260312641
0.824217376999999 17.3249311197139
0.835508025999999 16.5804176864098
0.846798674999999 15.2811930388662
0.858089323999999 13.5051874883101
0.869379972999999 11.3681388763416
0.880670621999999 9.01728830595315
0.891961270999999 6.62250058228251
0.903251919999999 4.36532573289143
0.914542568999999 2.4266923964771
0.925833217999999 0.974055694119466
0.937123866999999 0.148899824991479
0.948414515999999 0.0555109702834234
0.959705164999999 0.75188531689504
0.970995813999999 2.24352101637916
0.982286462999999 4.480667407114
0.993577111999999 7.35938019244364
1.004867761 10.7264718573704
1.01615841 14.3881699203567
1.027449059 18.1220211120305
1.038739708 21.6913273079648
1.050030357 24.8611882282492
1.061321006 27.4150734723539
1.072611655 29.1707656896828
1.083902304 29.9945161795973
1.095192953 29.8123370360656
1.106483602 28.6175172269908
1.117774251 26.4736849100777
1.1290649 23.5130305101191
1.140355549 19.9296356329571
1.151646198 15.9681993459818
1.162936847 11.9087913625824
1.174227496 8.04856664971537
1.185518145 4.68162490092568
1.196808794 2.07837141311468
1.208099443 0.465818205940487
1.219390092 0.0102467972272693
1.230680741 0.803534841034822
1.24197139 2.85423303411687
1.253262039 6.08417858445564
1.264552688 10.3310658281075
1.275843337 15.35698727806
1.287133986 20.8625372124505
1.298424635 26.5056644231551
1.309715284 31.9241002895577
1.321005933 36.7598999223079
1.332296582 40.6844404067139
1.343587231 43.4221377474366
1.35487788 44.7711821100238
1.366168529 44.6197501924649
1.377459178 42.9564262574516
1.388749827 39.8739334390123
1.400040476 35.5657209584962
1.411331125 30.3154414945383
1.422621774 24.479852827842
1.433912423 18.4661539972686
1.445203072 12.7051842734589
1.456493721 7.62224219468774
1.46778437 3.60749612436762
1.479075019 0.988039141115111
1.490365668 0.00358035263897284
1.501656317 0.787562537278519
1.512946966 3.35516298003883
1.524237615 7.59919061279435
1.535528264 13.2943665396624
1.546818913 20.1099016848959
1.558109562 27.6297037896284
1.569400211 35.3789969752314
1.58069086 42.8556599375817
1.591981509 49.564218761764
1.603272158 55.0501958611498
1.614562807 58.9324372783905
1.625853456 60.9311257000052
1.637144105 60.8894338412781
1.648434754 58.7871687133121
1.659725403 54.7452773052873
1.671016052 49.0206947563683
1.682306701 41.9916764138238
1.69359735 34.1344201579583
1.704887999 25.9924086036072
1.716178648 18.1404377845251
1.727469297 11.1457103196956
1.738759946 5.5286254577158
1.750050595 1.72597475361393
1.761341244 0.0591414454627572
1.772631893 0.709607771263627
1.783922542 3.70361430066595
1.795213191 8.90721762385419
1.80650384 16.0322964028804
1.817794489 24.6533074655664
1.829085138 34.2338444612126
1.840375787 44.1613537917254
1.851666436 53.7877656757029
1.862957085 62.4733457736659
1.874247734 69.6307990042651
1.885538383 74.7665843822922
1.896829032 77.516536663242
1.908119681 77.6732315679584
1.91941033 75.2030563370527
1.930700979 70.2516231001531
1.941991628 63.1369447215619
1.953282277 54.3306288974308
1.964572926 44.4281791655102
1.975863575 34.1102632327063
1.987154224 24.0974649932869
1.998444873 15.1015293118013
2.009735522 7.77640116471972
2.021026171 2.67242947938063
2.03231682 0.196942564628823
2.043607469 0.584013990417235
2.054898118 3.87564847291827
2.066188767 9.91586444143282
2.077479416 18.3582831408311
2.088770065 28.6869116765227
2.100060714 40.2488924097697
2.111351363 52.2971470673947
2.122642012 64.0401303736958
2.133932661 74.6953763006504
2.14522331 83.5432096562948
2.156513959 89.9769313987086
2.167804608 93.5459757707112
2.179095257 93.9889715904766
2.190385906 91.2542922097171
2.201676555 85.5065066894344
2.212967204 77.1180938010279
2.224257853 66.6467865616744
2.235548502 54.7999093663791
2.246839151 42.3879834898013
2.2581298 30.2706455792883
2.269420449 19.2984927189925
2.280711098 10.2547948135324
2.292001747 3.80107471949475
2.303292396 0.430341232378749
2.314583045 0.431281138367413
2.325873694 3.86600386417393
2.337164343 10.5630321391412
2.348454992 20.1262043811853
2.359745641 31.9590686300679
2.37103629 45.3032780199991
2.382326939 59.2885180097211
2.39361758800001 72.9906745048645
2.40490823700001 85.494348066251
2.41619888600001 95.9554767085604
2.42748953500001 103.659774910901
2.43878018400001 108.072936352807
2.45007083300001 108.879069242571
2.46136148200001 106.004603026817
2.47265213100001 99.6258733556929
2.48394278000001 90.1596938101356
2.49523342900001 78.2373835693549
2.50652407800001 64.6638605591985
2.51781472700001 50.364450921309
2.52910537600001 36.3229351687986
2.54039602500001 23.5149875644
2.55168667400001 12.84152198208
2.56297732300001 5.06650752935539
2.57426797200001 0.763554140654863
2.58555862100001 0.275007353861451
2.59684927000001 3.68646838470348
2.60813991900001 10.818624644972
2.61943056800001 21.2371060575783
2.63072121700001 34.2798531363864
2.64201186600001 49.1002778601624
2.65330251500001 64.7234009650472
2.66459316400001 80.1112358029751
2.67588381300001 94.2330237381666
2.68717446200001 106.135556991811
2.69846511100001 115.008779711376
2.70975576000001 120.242142572617
2.72104640900001 121.46778350573
2.73233705800001 118.58747859505
2.74362770700001 111.781395084066
2.75491835600001 101.497909635295
2.76620900500001 88.4250460414279
2.77749965400001 73.4453492141168
2.78879030300001 57.5771595511638
2.80008095200001 41.9062040696443
2.81137160100001 27.5121112058087
2.82266225000001 15.3948356730156
2.83395289900001 6.40602003773484
2.84524354800001 1.19001565779497
2.85653419700001 0.13865590272889
2.86782484600001 3.36296023508625
2.87911549500001 10.683809697629
2.89040614400001 21.6423493116815
2.90169679300001 35.52952811684
2.91298744200001 51.4328749828354
2.92427809100001 68.2974181545198
2.93556874000001 84.9966711262313
2.94685938900002 100.408895664899
2.95815003800002 113.493464991358
2.96944068700002 123.362114692755
2.98073133600002 129.34019023375
2.99202198500002 131.013657840662
3.00331263400002 128.258596707166
3.01460328300002 121.251071205816
3.02589393200002 110.456612293745
3.03718458100002 96.599927101694
3.04847523000002 80.6168098102956
3.05976587900002 63.5914523622413
3.07105652800002 46.6833657487666
3.08234717700002 31.0488512117793
3.09363782600002 17.7623545373169
3.10492847500002 7.74306725179481
3.11621912400002 1.69180234214538
3.12750977300002 0.0424906316724888
3.13880042200002 2.93166246011829
3.15009107100002 10.1880639028801
3.16138172000002 21.3431897844778
3.17267236900002 35.6620902624557
3.18396301800002 52.1924211965019
3.19525366700002 69.8284559639035
3.20654431600002 87.3857440616578
3.21783496500002 103.681361156158
3.22912561400002 117.614297843968
3.24041626300002 128.240508535887
3.25170691200002 134.837490447608
3.26299756100002 136.953962889659
3.27428821000002 134.441221944002
3.28557885900002 127.463987229496
3.29686950800002 116.489951425589
3.30816015700002 102.258694522133
3.31945080600002 85.7320342140941
3.33074145500002 68.0291549227208
3.34203210400002 50.3509033290131
3.35332275300002 33.8983860581181
3.36461340200002 19.7914035109383
3.37590405100002 8.99227489637481
3.38719470000002 2.24025116603542
3.39848534900002 0.000998671490403033
3.40977599800002 2.43461522252715
3.42106664700002 9.38438121215369
3.43235729600002 20.3870373690202
3.44364794500002 34.7039138081195
3.45493859400002 51.3708126209796
3.46622924300002 69.26326558928
3.47751989200002 87.1727374241757
3.48881054100003 103.888595299094
3.50010119000003 118.28026884066
3.51139183900003 129.374008522519
3.52268248800003 136.419015897823
3.53397313700003 138.938441506065
3.54526378600003 136.761776354749
3.55655443500003 130.03643028684
3.56784508400003 119.217708720239
3.57913573300003 105.037871275398
3.59042638200003 88.4563810922541
3.60171703100003 70.5947347848391
3.61300768000003 52.6603124777219
3.62429832900003 35.8644335742277
3.63558897800003 21.3401959626465
3.64687962700003 10.0656876687395
3.65817027600003 2.7977899722639
3.66946092500003 0.0210652702379738
3.68075157400003 1.91519135669181
3.69204222300003 8.34313704660022
3.70333287200003 18.8608589663188
3.71462352100003 32.747832687132
3.72591417000003 49.0563134292893
3.73720481900003 66.6759490917795
3.74849546800003 84.4093280681407
3.75978611700003 101.053306885978
3.77107676600003 115.48057803004
3.78236741500003 126.715932042714
3.79365806400003 134.002039886509
3.80494871300003 136.850305486636
3.81623936200003 135.073364212975
3.82753001100003 128.797060132851
3.83882066000003 118.451136834405
3.85011130900003 104.7393274361
3.86140195800003 88.5909298983965
3.87269260700003 71.0972084574006
3.88398325600003 53.4369856363715
3.89527390500003 36.7965126094941
3.90656455400003 22.2890801630899
3.91785520300003 10.8798335764111
3.92914585200003 3.3208834769487
3.94043650100003 0.101087611160129
3.95172715000003 1.41386556376139
3.96301779900003 7.1451698651923
3.97430844800003 16.8823579460623
3.98559909700003 29.9432846287435
3.99688974600003 45.423561683128
4.00818039500003 62.2587029272785
4.01947104400003 79.2968736680118
4.03076169300004 95.3772592690324
4.04205234200004 109.408706151585
4.05334299100004 120.443292825022
4.06463364000004 127.739856772215
4.07592428900004 130.813208476884
4.08721493800004 129.465756950301
4.09850558700004 123.79948273675
4.10979623600004 114.2075408769
4.12108688500004 101.346165187065
4.13237753400004 86.0888815178439
4.14366818300004 69.4662304900134
4.15495883200004 52.5951689256096
4.16624948100004 36.6029988760429
4.17754013000004 22.5510189575149
4.18883077900004 11.363082844381
4.20012142800004 3.76388686544616
4.21141207700004 0.23111942212084
4.22270272600004 0.964638268224984
4.23399337500004 5.8746651003532
4.24528402400004 14.5896818925005
4.25657467300004 26.4833697462074
4.26786532200004 40.718640593325
4.27915597100004 56.3056625582625
4.29044662000004 72.1698486636367
4.30173726900004 87.2251279401269
4.31302791800004 100.447490409919
4.32431856700004 110.943813041328
4.33560921600004 118.011329230275
4.34689986500004 121.183773073731
4.35819051400004 120.261163870297
4.36948116300004 115.32133032609
4.38077181200004 106.712529087167
4.39206246100004 95.0278019881407
4.40335311000004 81.0629525944786
4.41464375900004 65.761121333851
4.42593440800004 50.1478258934138
4.43722505700004 35.2609507391865
4.44851570600004 22.080476637674
4.45980635500004 11.4627194741886
4.47109700400004 4.08350160430898
4.48238765300004 0.39403470962041
4.49367830200004 0.592397072665108
4.50496895100004 4.61240356521684
4.51625960000004 12.1304690289739
4.52755024900004 22.58983775854
4.53884089800004 35.2403774682204
4.55013154700004 49.1910950284527
4.56142219600004 63.4716931763217
4.57271284500005 77.0989076223046
4.58400349400005 89.1430796282406
4.59529414300005 98.7904468322212
4.60658479200005 105.39696998718
4.61787544100005 108.530129567846
4.62916609000005 107.995979119258
4.64045673900005 103.84977127622
4.65174738800005 96.3896056496082
4.66303803700005 86.1337069251306
4.67432868600005 73.7830472497971
4.68561933500005 60.1720044487234
4.69690998400005 46.2105315142384
4.70820063300005 32.8218517428563
4.71949128200005 20.8799537449636
4.73078193100005 11.1511266307008
4.74207258000005 4.24345352567847
4.75336322900005 0.567596364881878
4.76465387800005 0.311399517663109
4.77594452700005 3.42987163879919
4.78723517600005 9.65104211615852
4.79852582500005 18.4971041922948
4.80981647400005 29.3192254713504
4.82110712300005 41.3434977920143
4.83239777200005 53.7247728521727
4.84368842100005 65.6046347706606
4.85497907000005 76.16952690746
4.86626971900005 84.7050904379164
4.87756036800005 90.6430802054232
4.88885101700005 93.5977748483095
4.90014166600005 93.3895523686945
4.91143231500005 90.0542051099428
4.92272296400005 83.8375560018332
4.93401361300005 75.1759424001422
4.94530426200005 64.6640861443428
4.95659491100005 53.0127043226934
4.96788556000005 40.9988792347187
4.97917620900005 29.4126552496526
4.99046685800005 19.003537026097
5.00175750700005 10.4305171952838
5.01304815600005 4.21896888944536
5.02433880500005 0.727222940140236
5.03562945400005 0.124949602600092
5.04692010300005 2.38463075999289
5.05821075200005 7.28649962565713
5.06950140100005 14.436404152389
5.08079205000005 23.2951807044323
5.09208269900005 33.2173646275987
5.10337334800005 43.4964643431178
5.11466399700006 53.4136239549009
5.12595464600006 62.2863203896698
5.13724529500006 69.5137934580178
5.14853594400006 74.6161836360611
5.15982659300006 77.2648303091146
5.17111724200006 77.3018267483526
5.18240789100006 74.7476905184462
5.19369854000006 69.7968352793726
5.20498918900006 62.8013644506586
5.21627983800006 54.2444918263495
5.22757048700006 44.7055762248636
5.23886113600006 34.8192918231269
5.25015178500006 25.2318090258096
5.26144243400006 16.5570116410428
5.27273308300006 9.33571808315206
5.28402373200006 4.00061504640328
5.29531438100006 0.849172985816072
5.30660503000006 0.0262271309185939
5.31789567900006 1.51721840439031
5.32918632800006 5.15234459770736
5.34047697700006 10.6211253781001
5.35176762600006 17.4961862827762
5.36305827500006 25.2644636249938
5.37434892400006 33.3635635912057
5.38563957300006 41.2207041520539
5.39693022200006 48.2915453196861
5.40822087100006 54.096276532128
5.41951152000006 58.2505714231427
5.43080216900006 60.4894197659062
5.44209281800006 60.6823733458235
5.45338346700006 58.8393581874681
5.46467411600006 55.1068659117165
5.47596476500006 49.7549958639684
5.48725541400006 43.1564319436245
5.49854606300006 35.758962851299
5.50983671200006 28.0535577205906
5.52112736100006 20.5402658749257
5.53241801000006 13.6943054224266
5.54370865900006 7.93463762067516
5.55499930800006 3.59710078264318
5.56628995700006 0.913817826422587
5.57758060600006 0.000123226263753421
5.58887125500006 0.84971276939881
5.60016190400006 3.33814211824149
5.61145255300006 7.2342281757173
5.62274320200006 12.218379777232
5.63403385100006 17.906436408387
5.64532450000006 23.8772542603961
5.65661514900007 29.7020685990965
5.66790579800007 34.9735913504664
5.67919644700007 39.3328742591702
5.69048709600007 42.4921724289235
5.70177774500007 44.2523630181961
5.71306839400007 44.5138843325622
5.72435904300007 43.2806309153395
5.73564969200007 40.6567365435178
5.74694034100007 36.8366644400024
5.75823099000007 32.0894692107425
5.76952163900007 26.738468511132
5.78081228800007 21.137840501135
5.79210293700007 15.6478292731677
5.80339358600007 10.6102863401429
5.81468423500007 6.3262022136595
5.82597488400007 3.03669664236181
5.83726553300007 0.908655248438511
5.84855618200007 0.0258462741509865
5.85984683100007 0.38595053847701
5.87113748000007 1.90351956580409
5.88242812900007 4.41847059981979
5.89371877800007 7.70936056808058
5.90500942700007 11.5103781420771
5.91630007600007 15.5307728075559
5.92759072500007 19.4753149530749
5.93888137400007 23.0643570126234
5.95017202300007 26.0521410733905
5.96146267200007 28.2421646299146
5.97275332100007 29.4986588184938
5.98404397000007 29.7535331353026
5.99533461900007 29.0084746200231
6.00662526800007 27.3322334221578
6.01791591700007 24.8534563251803
6.02920656600007 21.7497227641252
6.04049721500007 18.233675043765
6.05178786400007 14.5373013148992
6.06307851300007 10.895517290626
6.07436916200007 7.53019746105347
6.08565981100007 4.63573137963831
6.09695046000007 2.36703364587311
6.10824110900007 0.830730436854803
6.11953175800007 0.0799974426932083
6.13082240700007 0.113252790795367
6.14211305600007 0.876633883575299
6.15340370500007 2.26992839193828
6.16469435400007 4.15540444513043
6.17598500300007 6.3688077997085
6.18727565200007 8.7316749687253
6.19856630100008 11.0640569109615
6.20985695000008 13.196759085926
6.22114759900008 14.9822769460944
6.23243824800008 16.3037334780962
6.24372889700008 17.0812959008507
6.25501954600008 17.2757481804282
6.26631019500008 16.8891092457923
6.27760084400008 15.9623979847141
6.28889149300008 14.5708403845924
6.30018214200008 12.8169785348006
6.31147279100008 10.8222653173248
6.32276344000008 8.71780551554875
6.33405408900008 6.63493050323987
6.34534473800008 4.69627014940689
6.35663538700008 3.00791617466883
6.36792603600008 1.6531631231428
6.37921668500008 0.688176026082783
6.39050733400008 0.139779023755208
6.40179798300008 0.00539871402589264
6.41308863200008 0.255041669167657
6.42437928100008 0.835048231073574
6.43566993000008 1.67325340398251
6.44696057900008 2.68510709780297
6.45825122800008 3.78026408086547
6.46954187700008 4.86914982962454
6.48083252600008 5.86904023566436
6.49212317500008 6.70925651220171
6.50341382400008 7.33516519358047
6.51470447300008 7.71077888610075
6.52599512200008 7.81986760826047
6.53728577100008 7.66560421584304
6.54857642000008 7.26887214630845
6.55986706900008 6.6654522878563
6.57115771800008 5.90237256500387
6.58244836700008 5.03374518946286
6.59373901600008 4.11643094817284
6.60502966500008 3.20585802219319
6.61632031400008 2.35228725194404
6.62761096300008 1.59776074377925
6.63890161200008 0.97390174017625
6.65019226100008 0.500656975686547
6.66148291000008 0.185994744062723
6.67277355900008 0.0264987294978001
6.68406420800008 0.00873465399734494
6.69535485700008 0.111218160689497
6.70664550600008 0.306780872164858
6.71793615500008 0.565118466051732
6.72922680400008 0.855309575133707
6.74051745300009 1.14811559272551
6.75180810200009 1.41790609215571
6.76309875100009 1.64409871554981
6.77438940000009 1.81205170383483
6.78568004900009 1.91339726057403
6.79697069800009 1.94585046200232
6.80826134700009 1.91256783753462
6.81955199600009 1.82115930670904
6.83084264500009 1.68247517010456
6.84213329400009 1.50929573422709
6.85342394300009 1.31504542286871
6.86471459200009 1.11263739054409
6.87600524100009 0.913530993005341
6.88729589000009 0.727055801910061
6.89858653900009 0.560025234916457
6.90987718800009 0.416633317659458
6.92116783700009 0.298602285298196
6.93245848600009 0.205528800810407
6.94374913500009 0.135363928056396
6.95503978400009 0.0849572530296511
6.96633043300009 0.0505984796238493
6.97762108200009 0.0284994674095312
6.98891173100009 0.0151744436999265
7.00020238000009 0.00769400097253152
7.01149302900009 0.00380727285012717
7.02278367800009 0.00194419074443529
7.03407432700009 0.00112403969560316
7.04536497600009 0.000806184238876562
7.05665562500009 0.000722938641198474
7.06794627400009 0.000732889047573762
7.07923692300009 0.000725986064887682
7.09052757200009 0.000600470170886523
7.10181822100009 0.00031770640097579
7.11310887000009 2.61348367577898e-005
7.12439951900009 0.000231738601534335
7.13569016800009 0.00198152787277884
7.14698081700009 0.00702005584517573
7.15827146600009 0.0178779488149772
7.16956211500009 0.0378562610793272
7.18085276400009 0.0708808934021914
7.19214341300009 0.12121641047697
7.20343406200009 0.193046837134775
7.21472471100009 0.28995043579615
7.22601536000009 0.414313844380337
7.23730600900009 0.566746031178698
7.24859665800009 0.745562256979474
7.25988730700009 0.946411017223816
7.27117795600009 1.16211178978969
7.2824686050001 1.38275812712703
7.2937592540001 1.59611983249603
7.3050499030001 1.7883511040755
7.3163405520001 1.94498080835997
7.3276312010001 2.05212921314704
7.3389218500001 2.09786566222919
7.3502124990001 2.07359695629148
7.3615031480001 1.97535952151598
7.3727937970001 1.80488216530366
7.3840844460001 1.5702919047273
7.3953750950001 1.2863535738026
7.4066657440001 0.974164112690945
7.4179563930001 0.660262907417753
7.4292470420001 0.375167500372771
7.4405376910001 0.151395751356252
7.4518283400001 0.0210867908164881
7.4631189890001 0.0133792801116506
7.4744096380001 0.151742088791228
7.4857002870001 0.451475530366695
7.4969909360001 0.917607666019753
7.5082815850001 1.5433980044506
7.5195722340001 2.30962976698857
7.5308628830001 3.18482291107968
7.5421535320001 4.12643606726365
7.5534441810001 5.08305066308134
7.5647348300001 5.99745020181552
7.5760254790001 6.81042817764759
7.5873161280001 7.46508603921876
7.5986067770001 7.91132438733793
7.6098974260001 8.11019192444432
7.6211880750001 8.03774205349269
7.6324787240001 7.68805927665145
7.6437693730001 7.07515749929721
7.6550600220001 6.23351865231174
7.6663506710001 5.21712915805235
7.6776413200001 4.09697809573917
7.6889319690001 2.9570971755745
7.7002226180001 1.88934029055714
7.7115132670001 0.987210350233793
7.7228039160001 0.339134257313509
7.7340945650001 0.0216550071929537
7.7453852140001 0.0930462012076998
7.7566758630001 0.587854094797225
7.7679665120001 1.51283355466231
7.7792571610001 2.84466775024118
7.7905478100001 4.52975079128296
7.8018384590001 6.48617440440175
7.8131291080001 8.60790313484422
7.82441975700011 10.7709583686593
7.83571040600011 12.841271738945
7.84700105500011 14.6837255243731
7.85829170400011 16.1717831287072
7.86958235300011 17.1970367286413
7.88087300200011 17.6779693559697
7.89216365100011 17.567249585476
7.90345430000011 16.8569495746381
7.91474494900011 15.5811985478572
7.92603559800011 13.8159472441213
7.93732624700011 11.6757142000572
7.94861689600011 9.30739901747299
7.95990754500011 6.88146596408468
7.97119819400011 4.58100741498816
7.98248884300011 2.58937498824641
7.99377949200011 1.07720236474348
8.00507014100011 0.189725820889536
8.01636079000011 0.0353280485609526
8.02765143900011 0.676183757295165
8.03894208800011 2.12177245772389
8.0502327370001 4.32585020721397
8.0615233860001 7.18724812732545
8.0728140350001 10.5546054534774
8.0841046840001 14.2348662397311
8.0953953330001 18.0050911556851
8.1066859820001 21.6268793097107
8.1179766310001 24.8624791772353
8.1292672800001 27.4915097452583
8.1405579290001 29.3271265777597
8.1518485780001 30.2304616360627
8.1631392270001 30.1222438051135
8.1744298760001 28.9906666600555
8.1857205250001 26.8948025362855
8.1970111740001 23.9631533294656
8.2083018230001 20.3872597815288
8.21959247200009 16.4106398866494
8.23088312100009 12.3136690161192
8.24217377000009 8.39532461321489
8.25346441900009 4.95297349475145
8.26475506800009 2.2615597450961
8.27604571700009 0.553640476344538
8.28733636600009 0.00170594309428154
8.29862701500009 0.704107113454319
8.30991766400009 2.67570256500273
8.32120831300009 5.84403942001628
8.33249896200009 10.0515184164862
8.34378961100009 15.0635849948796
8.35508026000009 20.5825641863132
8.36637090900009 26.2663468190165
8.37766155800009 31.7507677304569
8.38895220700008 36.6742206812495
8.40024285600008 40.70285267086
8.41153350500008 43.5545894889112
8.42282415400008 45.0202743141021
8.43411480300008 44.9803533848526
8.44540545200008 43.415809943198
8.45669610100008 40.4124141474021
8.46798675000008 36.1577993157502
8.47927739900008 30.9313645109163
8.49056804800008 25.0875067748352
8.50185869700008 19.0331680804398
8.51314934600008 13.2011076645864
8.52443999500008 8.02064829169172
8.53573064400008 3.88786899760912
8.54702129300007 1.13730818503426
8.55831194200007 0.0171896936594923
8.56960259100007 0.669990586824784
8.58089324000007 3.11984289627536
8.59218388900007 7.26782208081968
8.60347453800007 12.8956505797671
8.61476518700007 19.6777703547987
8.62605583600007 27.2011528714064
8.63734648500007 34.9916594455897
8.64863713400007 42.545279012099
8.65992778300007 49.3621899285165
8.67121843200007 54.9813466003591
8.68250908100007 59.0132008846223
8.69379973000007 61.1682423554476
8.70509037900007 61.2792791762382
8.71638102800006 59.3157695716682
8.72767167700006 55.3890289165144
8.73896232600006 49.7477460128977
8.75025297500006 42.7639036775658
8.76154362400006 34.9098681739116
8.77283427300006 26.7280426478561
8.78412492200006 18.7950266402245
8.79541557100006 11.6826469515786
8.80670622000006 5.91849246482976
8.81799686900006 1.94867507761076
8.82928751800006 0.105440752693681
8.84057816700006 0.581971890816751
8.85186881600006 3.41627077848352
8.86315946500006 8.48542189111703
8.87445011400006 15.5108368461813
8.88574076300005 24.0743361893448
8.89703141200005 33.6441681289295
8.90832206100005 43.6093582674688
8.91961271000005 53.3201764112036
8.93090335900005 62.1320408545389
8.94219400800005 69.4498922103575
8.95348465700005 74.7699812303822
8.96477530600005 77.7161378977706
8.97606595500005 78.0679176400949
8.98735660400005 75.778535640352
8.99864725300005 70.9811694095764
9.00993790200005 63.9829892168882
9.02122855100005 55.247113402028
9.03251920000005 45.363523837458
9.04380984900004 35.0107576501611
9.05510049800004 24.9108595626566
9.06639114700004 15.7805865907051
9.07768179600004 8.28216546108489
9.08897244500004 2.97698831279492
9.10026309400004 0.285484484058585
9.11155374300004 0.456031974708183
9.12284439200004 3.54519386159053
9.13413504100004 9.41081942009452
9.14542569000004 17.7186860442531
9.15671633900004 27.9624342975123
9.16800698800004 39.4956276589556
9.17929763700004 51.5739145903243
9.19058828600004 63.4045435847182
9.20187893500004 74.1999340905119
9.21316958400003 83.2316781843294
9.22446023300003 89.8812654870037
9.23575088200003 93.683996301484
9.24704153100003 94.3629669839247
9.25833218000003 91.8506516111458
9.26962282900003 86.2964238774306
9.28091347800003 78.0593086121762
9.29220412700003 67.6862596898079
9.30349477600003 55.8772615925975
9.31478542500003 43.4394762361832
9.32607607400003 31.2334399896904
9.33736672300003 20.1149021510884
9.34865737200003 10.8762424244166
9.35994802100003 4.19148420591188
9.37123867000003 0.568723877128227
9.38252931900002 0.313333958534256
9.39381996800002 3.50459853865154
9.40511061700002 9.98754825155121
9.41640126600002 19.3807384238388
9.42769191500002 31.0996269132207
9.43898256400002 44.3941318765795
9.45027321300002 58.3979586161506
9.46156386200002 72.1864481067805
9.47285451100002 84.8390772650635
9.48414516000002 95.502377826129
9.49543580900002 103.448964778853
9.50672645800002 108.128585073362
9.51801710700002 109.207600826148
9.52930775600002 106.594076857527
9.54059840500001 100.446600712601
9.55188905400001 91.1660604385079
9.56317970300001 79.3707671729054
9.57447035200001 65.8564566750611
9.58576100100001 51.5437571467722
9.59705165000001 37.4165965748905
9.60834229900001 24.4556787271335
9.61963294800001 13.5715354459151
9.63092359700001 5.54173528192247
9.64221424600001 0.956586895353341
9.65350489500001 0.177133708442096
9.66479554400001 3.30842852884289
9.67608619300001 10.1900564280329
9.68737684200001 20.4047093374386
9.69866749100001 33.3043854608405
9.70995814 48.0525747473749
9.721248789 63.6796818317318
9.732539438 79.1480072208716
9.743830087 93.4219215919378
9.755120736 105.538476058709
9.766411385 114.67362252375
9.777702034 120.199480100352
9.788992683 121.72866070014
9.800283332 119.142522055541
9.811573981 112.601293070299
9.82286463 102.535242182538
9.834155279 89.6173512905507
9.845445928 74.719227476821
9.856736577 58.8531448970467
9.868027226 43.1040793131829
9.87931787499999 28.5563098782536
9.89060852399999 16.2195662318984
9.90189917299999 6.95976392553499
9.91318982199999 1.43909092592364
9.92448047099999 0.0695993995715501
9.93577111999999 2.98355979135019
9.94706176899999 10.0227081094031
9.95835241799999 20.7472381570586
9.96964306699999 34.4640450441735
9.98093371599999 50.2724065794729
9.99222436499999 67.1240857920265
10.003515014 83.893834090734
10.014805663 99.4555404480802
10.026096312 112.758859365164
10.037386961 122.901089319647
10.04867761 129.18937001321
10.059968259 131.188902583702
10.071258908 128.753830200135
10.082549557 122.03858464883
10.093840206 111.488828734045
10.105130855 97.8125145428961
10.116421504 81.9329388834969
10.127712153 64.9269160585098
10.139002802 47.9522191168735
10.150293451 32.1691922489021
10.1615841 18.6618563332048
10.172874749 8.36388665514523
10.184165398 1.99453107932877
10.195456047 0.00887826651765177
10.206746696 2.56592262342824
10.218037345 9.51667034677854
10.229327994 20.4131706246429
10.240618643 34.5379303782154
10.251909292 50.9517772710589
10.263199941 68.5569696290228
10.27449059 86.1713005247753
10.285781239 102.608179272031
10.297071888 116.757250157785
10.308362537 127.660055439304
10.319653186 134.575572150333
10.330943835 137.031129085656
10.342234484 134.855196107482
10.353525133 128.189765985547
10.364815782 117.481435911736
10.376106431 103.451747092601
10.38739708 87.0487572588645
10.398687729 69.3831055416951
10.409978378 51.652893774646
10.421269027 35.0624796030826
10.432559676 20.7407014842852
10.443850325 9.6641040529647
10.455140974 2.59040044690347
10.466431623 0.00671811624073525
10.477722272 2.09617302780778
10.489012921 8.72507208005712
10.50030357 19.4516397912323
10.511594219 33.5556987139628
10.522884868 50.0873037811506
10.534175517 67.9310366681429
10.545466166 85.8815958751116
10.556756815 102.725544960317
10.568047464 117.323658274172
10.579338113 128.688259801683
10.590628762 136.050289511093
10.601919411 138.911529938677
10.61321006 137.078436003198
10.6245007089999 130.675264263113
10.6357913579999 120.135608387981
10.6470820069999 106.172919119086
10.6583726559999 89.7320188792978
10.6696633049999 71.9249156169884
10.6809539539999 53.9552890179083
10.6922446029999 37.0367919601583
10.7035352519999 22.3107285633128
10.7148259009999 10.7687089962914
10.7261165499999 3.18553795535018
10.7374071989999 0.0668921399429133
10.7486978479999 1.61533037169303
10.7599884969999 7.71692762222091
10.7712791459999 17.9494169371121
10.7825697949999 31.6112573658183
10.7938604439999 47.7696217241975
10.8051510929999 65.324012547084
10.8164417419999 83.0811555230442
10.8277323909999 99.8360590183187
10.8390230399999 114.453717447895
10.8503136889999 125.945902684
10.8616043379999 133.537833002798
10.8728949869999 136.720208944301
10.8841856359999 135.283111387864
10.8954762849999 129.329499790032
10.9067669339999 119.26744252273
10.9180575829999 105.781661065004
10.9293482319999 89.7863763280632
10.9406388809999 72.3627127246082
10.9519295299999 54.6849575850689
10.9632201789999 37.9407196673071
10.9745108279999 23.2504307135105
10.9858014769999 11.591661981266
10.9970921259999 3.73338263979937
11.0083827749999 0.184593600493425
11.0196734239999 1.16077719304138
11.0309640729999 6.57037888929828
11.0422547219999 16.0221663591867
11.0535453709999 28.8528875929174
11.0648360199999 44.1732709771165
11.0761266689999 60.9291699912427
11.0874173179999 77.9736376878218
11.0987079669999 94.1449898815274
11.1099986159999 108.345529367107
11.1212892649999 119.61558147731
11.1325799139999 127.197833824288
11.1438705629999 130.587655177304
11.1551612119999 129.566042059384
11.1664518609999 124.213039036725
11.1777425099999 114.900817092041
11.1890331589999 102.266981935222
11.2003238079999 87.170025722619
11.2116144569999 70.6300401389188
11.2229051059999 53.7587946795895
11.2341957549999 37.6839851452883
11.2454864039999 23.4728275065955
11.2567770529999 12.0601879634492
11.2680677019999 4.1861020976432
11.2793583509999 0.346869537800974
11.2906489999999 0.762962865960341
