0 0
0.011290649 0
0.022581298 2.7848446799283e-006
0.033871947 4.39259370236044e-005
0.045162596 0.000269091492192176
0.056453245 0.00104890510978716
0.067743894 0.00311198670882384
0.079034543 0.00767215189757989
0.090325192 0.0165238274217517
0.101615841 0.0320808790260162
0.11290649 0.0573382678859572
0.124197139 0.095742973874727
0.135487788 0.15096988370916
0.146778437 0.226609031564926
0.158069086 0.325781712649286
0.169359735 0.450713483747726
0.180650384 0.602300833032593
0.191941033 0.77971435206634
0.203231682 0.980083769385601
0.214522331 1.19830866672833
0.22581298 1.42703288232716
0.237103629 1.65681066057367
0.248394278 1.87647905470019
0.259684927 2.07373479840273
0.270975576 2.23589599930498
0.282266225 2.35081095495819
0.293556874 2.40785965067824
0.304847523 2.39897956982021
0.316138172 2.31963771374277
0.327428821 2.16966633612928
0.33871947 1.9538816469981
0.350010119 1.68241301064923
0.361300768 1.37068484045864
0.372591417 1.03901386797557
0.383882066 0.711809630569333
0.395172715 0.416394341104342
0.406463364 0.181487888269823
0.417754013 0.0354324543109824
0.429044662 0.00425693238371618
0.440335311 0.109701857979676
0.45162596 0.367339052979288
0.462916609 0.78492511994999
0.474207258 1.36112334145701
0.485497907 2.08471407922192
0.496788556 2.93438975973375
0.508079205 3.87919800570953
0.519369854 4.87965712400159
0.530660503 5.88952427403267
0.541951152 6.85815095973575
0.553241801 7.73331604855239
0.56453245 8.46438645753072
0.575823099 9.00562297916445
0.587113747999999 9.31942613967642
0.598404396999999 9.3793066495026
0.609695045999999 9.17236837097513
0.620985694999999 8.70110939781942
0.632276343999999 7.9843784903788
0.643566992999999 7.05736845734174
0.654857641999999 5.97058291644326
0.666148290999999 4.78777518072576
0.677438939999999 3.58292412205924
0.688729588999999 2.43637763189718
0.700020237999999 1.43035540860801
0.711310886999999 0.644055011710641
0.722601535999999 0.148644563082954
0.733892184999999 0.00244890996742583
0.745182833999999 0.246641142375005
0.756473482999999 0.901736803315029
0.767764131999999 1.96515387940735
0.779054780999999 3.41004891706934
0.790345429999999 5.18557083016897
0.801636078999999 7.21859274983202
0.812926727999999 9.4168931818038
0.824217376999999 11.6736660601757
0.835508025999999 13.8731507017681
0.846798674999999 15.8970929139318
0.858089323999999 17.6316830235205
0.869379972999999 18.9745701427154
0.880670621999999 19.8415283361684
0.891961270999999 20.1723519925198
0.903251919999999 19.9355856318027
0.914542568999999 19.1317469868176
0.925833217999999 17.7947792321316
0.937123866999999 15.991564890295
0.948414515999999 13.8194450320387
0.959705164999999 11.4018066093172
0.970995813999999 8.88192106649637
0.982286462999999 6.41533137418861
0.993577111999999 4.16118503922893
1.004867761 2.27299074728025
1.01615841 0.889330382177725
1.027449059 0.125081926830674
1.038739708 0.063699588168553
1.050030357 0.751054743790704
1.061321006 2.19126636602672
1.072611655 4.34484585466538
1.083902304 7.12935400448528
1.095192953 10.4226240731125
1.106483602 14.0684527743259
1.117774251 17.8845094657505
1.1290649 21.6720720548398
1.140355549 25.2270751448739
1.151646198 28.3518597627994
1.162936847 30.8669513585857
1.174227496 32.6221685198485
1.185518145 33.5063817032188
1.196808794 33.4552995304878
1.208099443 32.4567576163377
1.219390092 30.5531168275348
1.230680741 27.8405374335795
1.24197139 24.4650740333176
1.253262039 20.6157232712224
1.264552688 16.5147412111878
1.275843337 12.4057186574089
1.287133986 8.540050037418
1.298424635 5.16254517998777
1.309715284 2.4970056776348
1.321005933 0.7326130413665
1.332296582 0.0119517211201294
1.343587231 0.421416371131957
1.35487788 1.98463255234435
1.366168529 4.65935931765789
1.377459178 8.3381493365352
1.388749827 12.8528280345022
1.400040476 17.9826298500447
1.411331125 23.4656101996061
1.422621774 29.0127492355693
1.433912423 34.3239904324391
1.445203072 39.1053244362164
1.456493721 43.0859453052018
1.46778437 46.0344783729831
1.479075019 47.7733094354692
1.490365668 48.1901333581478
1.501656317 47.2459826172998
1.512946966 44.9791855316809
1.524237615 41.5049298701217
1.535528264 37.0103575962358
1.546818913 31.7453764902289
1.558109562 26.0096291334222
1.569400211 20.1362941070498
1.58069086 14.473593987085
1.591981509 9.36503731111867
1.603272158 5.12951718569278
1.614562807 2.04242080335123
1.625853456 0.318868700320841
1.637144105 0.100100860062371
1.648434754 1.44386343667828
1.659725403 4.31943334420355
1.671016052 8.60765994090713
1.682306701 14.10611790652
1.69359735 20.5391694043669
1.704887999 27.5724439173169
1.716178648 34.8309778629443
1.727469297 41.9200292722823
1.738759946 48.4474094607817
1.750050595 54.0460648300196
1.761341244 58.3956052078497
1.772631893 61.2415138469754
1.783922542 62.4108873638666
1.795213191 61.8237361276134
1.80650384 59.4991173737571
1.817794489 55.555661444471
1.829085138 50.2063699365605
1.840375787 43.747895037901
1.851666436 36.5448328249779
1.862957085 29.0098607715914
1.874247734 21.580803412497
1.885538383 14.6959045476302
1.896829032 8.76870733839066
1.908119681 4.16398692115281
1.91941033 1.17614007645019
1.930700979 0.011314203138562
1.941991628 0.774359338329294
1.953282277 3.46142275825972
1.964572926 7.95869029777722
1.975863575 14.0474296268057
1.987154224 21.415128200395
1.998444873 29.6721633863992
2.009735522 38.3731151424847
2.021026171 47.0415519537434
2.03231682 55.196905413834
2.043607469 62.3819111472037
2.054898118 68.189042668254
2.066188767 72.2844042512178
2.077479416 74.4276777027129
2.088770065 74.4869296256396
2.100060714 72.4473689735906
2.111351363 68.4134837619342
2.122642012 62.6043616435002
2.133932661 55.3423902458092
2.14522331 47.0359171562887
2.156513959 38.156803870981
2.167804608 29.2141120231485
2.179095257 20.7253956388371
2.190385906 13.187225696053
2.201676555 7.04663324547252
2.212967204 2.67512042692855
2.224257853 0.346756124331347
2.235548502 0.221651551620952
2.246839151 2.33581278861644
2.2581298 6.59800879276418
2.269420449 12.7938949470131
2.280711098 20.5972165045437
2.292001747 29.5875072863123
2.303292396 39.2733204113482
2.314583045 49.1197018488084
2.325873694 58.5783634516202
2.337164343 67.1188451175064
2.348454992 74.2588861367333
2.359745641 79.5922583628515
2.37103629 82.8124474266793
2.382326939 83.7307957828902
2.39361758800001 82.2880304134454
2.40490823700001 78.5584711872578
2.41619888600001 72.7466320353596
2.42748953500001 65.1763624647572
2.43878018400001 56.2731064622924
2.45007083300001 46.5402546799797
2.46136148200001 36.5309107260521
2.47265213100001 26.8166631821532
2.48394278000001 17.9551355793521
2.49523342900001 10.4581660825837
2.50652407800001 4.76244193938826
2.51781472700001 1.20428185190317
2.52910537600001 2.9432335579172e-005
2.54039602500001 1.2332056143029
2.55168667400001 4.84918512199885
2.56297732300001 10.6577336359679
2.57426797200001 18.343292664562
2.58555862100001 27.4824541854167
2.59684927000001 37.5676525444655
2.60813991900001 48.0357409156449
2.61943056800001 58.2998347997508
2.63072121700001 67.7826122594209
2.64201186600001 75.9491712674943
2.65330251500001 82.3375641625322
2.66459316400001 86.5852569533138
2.67588381300001 88.4499900375805
2.68717446200001 87.8238338834555
2.69846511100001 84.7396203220547
2.70975576000001 79.3693651797195
2.72104640900001 72.0147560787025
2.73233705800001 63.0902340143972
2.74362770700001 53.0996225732287
2.75491835600001 42.6076298434634
2.76620900500001 32.2078437277804
2.77749965400001 22.4890443562114
2.78879030300001 14.0017558121543
2.80008095200001 7.22694763050974
2.81137160100001 2.54867507204469
2.82266225000001 0.232222920545199
2.83395289900001 0.409003325960367
2.84524354800001 3.06907206391431
2.85653419700001 8.06169169479649
2.86782484600001 15.1039095557315
2.87911549500001 23.7966598045544
2.89040614400001 33.6474682493027
2.90169679300001 44.098461200459
2.91298744200001 54.5580767733144
2.92427809100001 64.4346663243172
2.93556874000001 73.1700670879933
2.94685938900002 80.2712306362186
2.95815003800002 85.3381051970178
2.96944068700002 88.0861864991353
2.98073133600002 88.3624590617503
2.99202198500002 86.1538299284185
3.00331263400002 81.58758778138
3.01460328300002 74.9238773017075
3.02589393200002 66.5406352441113
3.03718458100002 56.9118647239287
3.04847523000002 46.5805030064784
3.05976587900002 36.1274439922915
3.07105652800002 26.1384922053789
3.08234717700002 17.1711382630094
3.09363782600002 9.7230503179753
3.10492847500002 4.20407188064611
3.11621912400002 0.913310068133915
3.12750977300002 0.0226018845062474
3.13880042200002 1.56727695198817
3.15009107100002 5.44471466203914
3.16138172000002 11.4207463465242
3.17267236900002 19.1435045912375
3.18396301800002 28.1638979976779
3.19525366700002 37.9615147893516
3.20654431600002 47.9744539811715
3.21783496500002 57.6313655708908
3.22912561400002 66.3838634424639
3.24041626300002 73.7374626781396
3.25170691200002 79.279286920963
3.26299756100002 82.7009853719327
3.27428821000002 83.8155812768273
3.28557885900002 82.5673276623149
3.29686950800002 79.0340508902761
3.30816015700002 73.4218947694297
3.31945080600002 66.0528125108068
3.33074145500002 57.34556576638
3.34203210400002 47.7913558301006
3.35332275300002 37.9255110924444
3.36461340200002 28.2968702898068
3.37590405100002 19.4366211678142
3.38719470000002 11.8283726440542
3.39848534900002 5.88115506720585
3.40977599800002 1.90686325651371
3.42106664700002 0.10339171184552
3.43235729600002 0.5443765898117
3.44364794500002 3.1760745081615
3.45493859400002 7.82149644384391
3.46622924300002 14.191499797977
3.47751989200002 21.9021469855983
3.48881054100003 30.4972871664687
3.50010119000003 39.475028799057
3.51139183900003 48.3165606200471
3.52268248800003 56.5156587916692
3.53397313700003 63.6071943866891
3.54526378600003 69.1930285626
3.55655443500003 72.9638476011528
3.56784508400003 74.7157361142466
3.57913573300003 74.3605992144921
3.59042638200003 71.9299047120508
3.60171703100003 67.5716032534485
3.61300768000003 61.5404752689491
3.62429832900003 54.1825261421637
3.63558897800003 45.9143839526917
3.64687962700003 37.1989287701841
3.65817027600003 28.5185836575329
3.66946092500003 20.3478145315985
3.68075157400003 13.1264130626625
3.69204222300003 7.23507334942
3.70333287200003 2.974623886666
3.71462352100003 0.550050939708747
3.72591417000003 0.0601617233299977
3.73720481900003 1.49340305063502
3.74849546800003 4.72999305019709
3.75978611700003 9.55016104814593
3.77107676600003 15.6479446687033
3.78236741500003 22.6496833006601
3.79365806400003 30.1360906487504
3.80494871300003 37.6666001664847
3.81623936200003 44.8045656988951
3.82753001100003 51.1418709954216
3.83882066000003 56.3215563799842
3.85011130900003 60.0572044688265
3.86140195800003 62.148030591595
3.87269260700003 62.4888847576025
3.88398325600003 61.0746747471115
3.89527390500003 57.9990461593565
3.90656455400003 53.4474858875982
3.91785520300003 47.6853314229949
3.92914585200003 41.0414516599226
3.94043650100003 33.8885996951887
3.95172715000003 26.6216117376058
3.96301779900003 19.6347296653672
3.97430844800003 13.2993531803173
3.98559909700003 7.94348051758133
3.99688974600003 3.8339782480925
4.00818039500003 1.16263889581718
4.01947104400003 0.0367514466310894
4.03076169300004 0.474638717464151
4.04205234200004 2.40632326681343
4.05334299100004 5.67918728559368
4.06463364000004 10.0682088587303
4.07592428900004 15.2901032098859
4.08721493800004 21.0204871249027
4.09850558700004 26.9130290150393
4.10979623600004 32.6194539726324
4.12108688500004 37.8092468560912
4.13237753400004 42.1879371356569
4.14366818300004 45.5129532662802
4.15495883200004 47.6061944595454
4.16624948100004 48.3626735260367
4.17754013000004 47.7548231333827
4.18883077900004 45.8323149064926
4.20012142800004 42.7175010460399
4.21141207700004 38.5968364516163
4.22270272600004 33.7088616091652
4.23399337500004 28.3295104509934
4.24528402400004 22.7556432230875
4.25657467300004 17.287785309381
4.26786532200004 12.2130755172313
4.27915597100004 7.78939154351542
4.29044662000004 4.23152962970999
4.30173726900004 1.70017630836593
4.31302791800004 0.294231840279643
4.32431856700004 0.0468387074822946
4.33560921600004 0.925246989962169
4.34689986500004 2.8344248333133
4.35819051400004 5.62410953345005
4.36948116300004 9.09880509187
4.38077181200004 13.0300758606046
4.39206246100004 17.1703713192666
4.40335311000004 21.2675496881721
4.41464375900004 25.0792506611873
4.42593440800004 28.3862997339095
4.43722505700004 31.0044052089114
4.44851570600004 32.7935281515794
4.45980635500004 33.664457299298
4.47109700400004 33.5822954568179
4.48238765300004 32.5667504344403
4.49367830200004 30.6893108904609
4.50496895100004 28.0675645787034
4.51625960000004 24.8570734338335
4.52755024900004 21.2413480814669
4.53884089800004 17.4205571037301
4.55013154700004 13.5996593650486
4.56142219600004 9.97665901578298
4.57271284500005 6.73165305917412
4.58400349400005 4.01727360465536
4.59529414300005 1.95102630195929
4.60658479200005 0.609899898793799
4.61787544100005 0.0274776470109748
4.62916609000005 0.193628438397033
4.64045673900005 1.05670334374039
4.65174738800005 2.52802058417172
4.66303803700005 4.48829695171943
4.67432868600005 6.7955830760658
4.68561933500005 9.29418879469008
4.69690998400005 11.8240463910676
4.70820063300005 14.2299547403036
4.71949128200005 16.3701755171089
4.73078193100005 18.1239107286957
4.74207258000005 19.3972743998377
4.75336322900005 20.1274743672784
4.76465387800005 20.2850359883929
4.77594452700005 19.8740207765744
4.78723517600005 18.9303121357265
4.79852582500005 17.5181504700032
4.80981647400005 15.7251947913561
4.82110712300005 13.6564624881911
4.83239777200005 11.4275495207697
4.84368842100005 9.15755792321033
4.85497907000005 6.96215571597365
4.86626971900005 4.94716737377734
4.87756036800005 3.2030435329349
4.88885101700005 1.8004905930884
4.90014166600005 0.787459168530581
4.91143231500005 0.187600496727779
4.92272296400005 0.00020770130926347
4.93401361300005 0.201569915185537
4.94530426200005 0.747586929578846
4.95659491100005 1.57742472737762
4.96788556000005 2.61794146806171
4.97917620900005 3.78858153002346
4.99046685800005 5.0064231346698
5.00175750700005 6.19107265172795
5.01304815600005 7.26912448916437
5.02433880500005 8.17794701482818
5.03562945400005 8.86860889249093
5.04692010300005 9.30782258448537
5.05821075200005 9.47884828515
5.06950140100005 9.38136786431645
5.08079205000005 9.03040040689769
5.09208269900005 8.45438499977968
5.10337334800005 7.69259959283427
5.11466399700006 6.79211493950185
5.12595464600006 5.80449863065594
5.13724529500006 4.78248586340027
5.14853594400006 3.77682155324222
5.15982659300006 2.83345425915735
5.17111724200006 1.9912283951225
5.18240789100006 1.28018010937386
5.19369854000006 0.720497090097759
5.20498918900006 0.322156558720096
5.21627983800006 0.0852118717485156
5.22757048700006 0.000659185189582364
5.23886113600006 0.0517837784828352
5.25015178500006 0.215862521920258
5.26144243400006 0.466085558133932
5.27273308300006 0.773556804215586
5.28402373200006 1.10923893263482
5.29531438100006 1.44572300660082
5.30660503000006 1.75872436929577
5.31789567900006 2.02823278287369
5.32918632800006 2.23927402923001
5.34047697700006 2.38227000977613
5.35176762600006 2.45301270537386
5.36305827500006 2.45229231230198
5.37434892400006 2.38523994823309
5.38563957300006 2.26045946299834
5.39693022200006 2.08903052830046
5.40822087100006 1.88346626250079
5.41951152000006 1.65670359745303
5.43080216900006 1.42119426298176
5.44209281800006 1.18814983485195
5.45338346700006 0.966977174769818
5.46467411600006 0.764922304444088
5.47596476500006 0.586922804355091
5.48725541400006 0.435652587465848
5.49854606300006 0.311729516901155
5.50983671200006 0.214046658400966
5.52112736100006 0.1401824728203
5.53241801000006 0.0868440770399
5.54370865900006 0.0503005862377959
5.55499930800006 0.0267699254388771
5.56628995700006 0.0127315319560366
5.57758060600006 0.00514805253930839
5.58887125500006 0.00159037436038787
5.60016190400006 0.000271033822274569
5.61145255300006 2.42619819294054e-007
5.62274320200006 8.56631591606077e-005
5.63403385100006 0.000201110787505639
5.64532450000006 0.000250302795447606
5.65661514900007 0.000249662160064929
5.66790579800007 0.000249357982526791
5.67919644700007 0.000304820465350267
5.69048709600007 0.000502699032458442
5.70177774500007 0.00103655278937633
5.71306839400007 0.00231942468028687
5.72435904300007 0.0051137546358339
5.73564969200007 0.0106545975480089
5.74694034100007 0.0207403861184981
5.75823099000007 0.0377668110782617
5.76952163900007 0.0646837817513175
5.78081228800007 0.104862576517955
5.79210293700007 0.161869611229526
5.80339358600007 0.239153922130879
5.81468423500007 0.339666485178127
5.82597488400007 0.465439794589867
5.83726553300007 0.617164624305518
5.84855618200007 0.793806622748705
5.85984683100007 0.992307562777812
5.87113748000007 1.20741417501096
5.88242812900007 1.43167135375972
5.89371877800007 1.65560632391801
5.90500942700007 1.86811664585019
5.91630007600007 2.05705860787772
5.92759072500007 2.21001479461727
5.93888137400007 2.31520181342093
5.95017202300007 2.36246280501268
5.96146267200007 2.34427594245056
5.97275332100007 2.25670098840159
5.98404397000007 2.10018224076168
5.99533461900007 1.88012860671243
6.00662526800007 1.60720042922659
6.01791591700007 1.2972478873567
6.02920656600007 0.970866639727407
6.04049721500007 0.652561734250388
6.05178786400007 0.369539095636321
6.06307851300007 0.150173222459424
6.07436916200007 0.0222279637926986
6.08565981100007 0.0109322229187659
6.09695046000007 0.137032065809866
6.10824110900007 0.414953160176731
6.11953175800007 0.851211303466318
6.13082240700007 1.44320311158627
6.14211305600007 2.17849345744948
6.15340370500007 3.03469137651723
6.16469435400007 3.9799729969912
6.17598500300007 4.97427036358174
6.18727565200007 5.97110113450967
6.19856630100008 6.91996880906938
6.20985695000008 7.76921942495645
6.22114759900008 8.46920166102371
6.23243824800008 8.97554596382941
6.24372889700008 9.2523573052504
6.25501954600008 9.27510754242314
6.26631019500008 9.03301843666986
6.27760084400008 8.53074568819732
6.28889149300008 7.78920741997491
6.30018214200008 6.84544600839246
6.31147279100008 5.75146771495748
6.32276344000008 4.57206712885868
6.33405408900008 3.38170925938579
6.34534473800008 2.2606070796838
6.35663538700008 1.29019211867694
6.36792603600008 0.548226142710308
6.37921668500008 0.103839278020339
6.39050733400008 0.0128009825098366
6.40179798300008 0.313332867230375
6.41308863200008 1.02275537243056
6.42437928100008 2.13522381312512
6.43566993000008 3.62075468291108
6.44696057900008 5.42567293444679
6.45825122800008 7.474528954636
6.46954187700008 9.67344476781868
6.48083252600008 11.9147579500732
6.49212317500008 14.0827445014984
6.50341382400008 16.0601241921675
6.51470447300008 17.7349890103861
6.52599512200008 19.0077519302025
6.53728577100008 19.7976928777588
6.54857642000008 20.0486838083231
6.55986706900008 19.7337060007916
6.57115771800008 18.8578292142059
6.58244836700008 17.4594017864024
6.59373901600008 15.6092991084407
6.60502966500008 13.4081898562674
6.61632031400008 10.9818985186411
6.62761096300008 8.47506204264762
6.63890161200008 6.04339045710354
6.65019226100008 3.84493892908574
6.66148291000008 2.03087528201419
6.67277355900008 0.736277033296802
6.68406420800008 0.0715114110774639
6.69535485700008 0.114738241099906
6.70664550600008 0.906028663124486
6.71793615500008 2.44351398985872
6.72922680400008 4.68187231744925
6.74051745300009 7.53333124428855
6.75180810200009 10.8712203371064
6.76309875100009 14.5359550725325
6.77438940000009 18.3431838704599
6.78568004900009 22.0936907045646
6.79697069800009 25.5845264394277
6.80826134700009 28.6207503970311
6.81955199600009 31.0271061595074
6.83084264500009 32.6589368588846
6.84213329400009 33.4116675665436
6.85342394300009 33.2282458303866
6.86471459200009 32.1040333782739
6.87600524100009 30.0887775613758
6.88729589000009 27.2854531174867
6.89858653900009 23.8459443468733
6.90987718800009 19.963724545845
6.92116783700009 15.8638725346181
6.93245848600009 11.7909342560203
6.94374913500009 7.99528020040078
6.95503978400009 4.71871755256148
6.96633043300009 2.18018200853148
6.97762108200009 0.562353049768171
6.98891173100009 5.6636992681943e-006
7.00020238000009 0.570831551024457
7.01149302900009 2.28933721166174
7.02278367800009 5.10426123199178
7.03407432700009 8.89975740906223
7.04536497600009 13.5003749033159
7.05665562500009 18.6796437271107
7.06794627400009 24.1718566212312
7.07923692300009 29.6864398017665
7.09052757200009 34.9241374346747
7.10181822100009 39.5941087245464
7.11310887000009 43.4309606693954
7.12439951900009 46.2107195296912
7.13569016800009 47.7647823908366
7.14698081700009 47.9909859540528
7.15827146600009 46.8610785255318
7.16956211500009 44.424075489937
7.18085276400009 40.8052078831482
7.19214341300009 36.2004252437232
7.20343406200009 30.8666733487249
7.21472471100009 25.1084195790995
7.22601536000009 19.2611284746122
7.23730600900009 13.6725834983177
7.24859665800009 8.68309596731269
7.25988730700009 4.60572897474966
7.27117795600009 1.70768662428549
7.2824686050001 0.193974398954611
7.2937592540001 0.194326275925237
7.3050499030001 1.75422346729281
7.3163405520001 4.83060727873275
7.3276312010001 9.29262661335425
7.3389218500001 14.9274737498526
7.3502124990001 21.4510665762989
7.3615031480001 28.5230486520038
7.3727937970001 35.7653172903388
7.3840844460001 42.7830700900166
7.3953750950001 49.1871956165623
7.4066657440001 54.6167348738296
7.4179563930001 58.760113751979
7.4292470420001 61.3738955867718
7.4405376910001 62.2979257237557
7.4518283400001 61.4659305952707
7.4631189890001 58.9108822510182
7.4744096380001 54.7647319402907
7.4857002870001 49.2524368201159
7.4969909360001 42.6805338627724
7.5082815850001 35.4208354203686
7.5195722340001 27.8901128065633
7.5308628830001 20.5268801934996
7.5421535320001 13.7665760462114
7.5534441810001 8.0165515302304
7.5647348300001 3.6323072223058
7.5760254790001 0.896368013377696
7.5873161280001 0.00105313577381482
7.5986067770001 1.03619038580366
7.6098974260001 3.98255193256556
7.6211880750001 8.71146856903631
7.6324787240001 14.9907278923804
7.6437693730001 22.4964997551257
7.6550600220001 30.8306803545252
7.6663506710001 39.5427251440154
7.6776413200001 48.1547694392079
7.6889319690001 56.1886305570878
7.7002226180001 63.1931593089555
7.7115132670001 68.7703699458061
7.7228039160001 72.5988295161598
7.7340945650001 74.4529280836948
7.7453852140001 74.2168732191512
7.7566758630001 71.8925436522745
7.7679665120001 67.6006817865521
7.7792571610001 61.5752834999632
7.7905478100001 54.151434653483
7.8018384590001 45.7472244371942
7.8131291080001 36.8407138983071
7.82441975700011 27.9432331777258
7.83571040600011 19.5705054739276
7.84700105500011 12.2132358356148
7.85829170400011 6.30884961579863
7.86958235300011 2.21601520145938
7.88087300200011 0.193440469998191
7.89216365100011 0.384199859081805
7.90345430000011 2.80654166053475
7.91474494900011 7.35176030513746
7.92603559800011 13.7893166297667
7.93732624700011 21.7789733676051
7.94861689600011 30.8893073348276
7.95990754500011 40.6215875772972
7.97119819400011 50.4376919022457
7.98248884300011 59.7904915229822
7.99377949200011 68.1549796003681
8.00507014100011 75.0583638437929
8.01636079000011 80.1073899731064
8.02765143900011 83.0113097747329
8.03894208800011 83.5991469130784
8.0502327370001 81.830232368744
8.0615233860001 77.7973614702175
8.0728140350001 71.7223443927123
8.0841046840001 63.9441577002294
8.0953953330001 54.9003309237876
8.1066859820001 45.10259460681
8.1179766310001 35.1081518377065
8.1292672800001 25.488194322317
8.1405579290001 16.7954511418976
8.1518485780001 9.53262335354354
8.1631392270001 4.12351623444601
8.1744298760001 0.888535100028724
8.1857205250001 0.0259681483184599
8.1970111740001 1.60015423702575
8.2083018230001 5.53724329304591
8.21959247200009 11.6288244167863
8.23088312100009 19.5432464562842
8.24217377000009 28.8440137923439
8.25346441900009 39.0142318254627
8.26475506800009 49.4857258617247
8.27604571700009 59.671184196248
8.28733636600009 68.9974971956696
8.29862701500009 76.9383897173813
8.30991766400009 83.0444788965095
8.32120831300009 86.9690315108334
8.33249896200009 88.4879369113832
8.34378961100009 87.5127392178481
8.35508026000009 84.0959674580876
8.36637090900009 78.4284419829566
8.37766155800009 70.8286945820003
8.38895220700008 61.7250918558726
8.40024285600008 51.6316705108686
8.41153350500008 41.1190551318309
8.42282415400008 30.7821127273116
8.43411480300008 21.2061874707435
8.44540545200008 12.9338425682582
8.45669610100008 6.43400913612179
8.46798675000008 2.07530581312243
8.47927739900008 0.105055309091968
8.49056804800008 0.635198799690259
8.50185869700008 3.63591469262495
8.51314934600008 8.9373074805267
8.52443999500008 16.23907051576
8.53573064400008 25.1275701676973
8.54702129300007 35.0993742117554
8.55831194200007 45.5898788746749
8.56960259100007 56.0053978974247
8.58089324000007 65.7568799802206
8.59218388900007 74.293329313172
8.60347453800007 81.1330227581607
8.61476518700007 85.8907454418695
8.62605583600007 88.2994965526126
8.63734648500007 88.225435648058
8.64863713400007 85.6752283367484
8.65992778300007 80.7953863423114
8.67121843200007 73.8636555376781
8.68250908100007 65.2729601409146
8.69379973000007 55.5088357683291
8.70509037900007 45.1216541071888
8.71638102800006 34.6952364544171
8.72767167700006 24.8136555302656
8.73896232600006 16.0281234409575
8.75025297500006 8.82585306206785
8.76154362400006 3.60266137513817
8.77283427300006 0.640863572410775
8.78412492200006 0.0936990028597044
8.79541557100006 1.97715225027507
8.80670622000006 6.16960676768685
8.81799686900006 12.419319189799
8.82928751800006 20.3592556118955
8.84057816700006 29.528412421984
8.85186881600006 39.3983776401368
8.86315946500006 49.4035949921368
8.87445011400006 58.9735886701323
8.88574076300005 67.56530322999
8.89703141200005 74.6937158051143
8.90832206100005 79.9589860958575
8.91961271000005 83.0686166626106
8.93090335900005 83.8533894943341
8.94219400800005 82.2762073186408
8.95348465700005 78.4333784580903
8.96477530600005 72.5483183772915
8.97606595500005 64.9580743186131
8.98735660400005 56.0934867145076
8.99864725300005 46.4541591615304
9.00993790200005 36.5796973932454
9.02122855100005 27.0188807736297
9.03251920000005 18.29853626019
9.04380984900004 10.8938891088729
9.05510049800004 5.20206728087968
9.06639114700004 1.52024388460749
9.07768179600004 0.0296258079367685
9.08897244500004 0.786153456080929
9.10026309400004 3.7183864355966
9.11155374300004 8.6326358851823
9.12284439200004 15.2249899251855
9.13413504100004 23.0994881698845
9.14542569000004 31.7913566496165
9.15671633900004 40.7939352227536
9.16800698800004 49.5877310915386
9.17929763700004 57.6699250536595
9.19058828600004 64.582646941979
9.20187893500004 69.9384230227402
9.21316958400003 73.4413750766512
9.22446023300003 74.9030074497964
9.23575088200003 74.2517390233741
9.24704153100003 71.5357027611527
9.25833218000003 66.9187247919769
9.26962282900003 60.6697852683712
9.28091347800003 53.1466320817052
9.29220412700003 44.7745449481451
9.30349477600003 36.0215131109569
9.31478542500003 27.3712803310118
9.32607607400003 19.2958158549696
9.33736672300003 12.2287845900592
9.34865737200003 6.54151397818093
9.35994802100003 2.52279445389998
9.37123867000003 0.363615124243076
9.38252931900002 0.147640838702628
9.39381996800002 1.84789884076747
9.40511061700002 5.32978265858695
9.41640126600002 10.3601188077673
9.42769191500002 16.6216990761659
9.43898256400002 23.7323770948373
9.45027321300002 31.2675795421459
9.46156386200002 38.7849032155485
9.47285451100002 45.8493686998186
9.48414516000002 52.0578841628517
9.49543580900002 57.0615387511193
9.50672645800002 60.5844891717203
9.51801710700002 62.438415930339
9.52930775600002 62.5317941022851
9.54059840500001 60.8735311909513
9.55188905400001 57.5708532883077
9.56317970300001 52.8216511685048
9.57447035200001 46.9018110780182
9.58576100100001 40.1483330813089
9.59705165000001 32.9392674239231
9.60834229900001 25.6716641873697
9.61963294800001 18.7388250562542
9.63092359700001 12.5081640758843
9.64221424600001 7.30092705707688
9.65350489500001 3.37489134119394
9.66479554400001 0.91097754246834
9.67608619300001 0.00446465576814699
9.68737684200001 0.661224269904968
9.69866749100001 2.79909506788831
9.70995814 6.25422264021793
9.721248789 10.7919089854833
9.732539438 16.1212668207823
9.743830087 21.9127697635233
9.755120736 27.8176414972719
9.766411385 33.4879426663754
9.777702034 38.5961971029202
9.788992683 42.8534487568321
9.800283332 46.0247531861427
9.811573981 47.9412749266226
9.82286463 48.508373720464
9.834155279 47.7093053169406
9.845445928 45.604421701048
9.856736577 42.3260158435783
9.868027226 38.0692023355388
9.87931787499999 33.079443634774
9.89060852399999 27.6375100916694
9.90189917299999 22.0427909890573
9.91318982199999 16.5959471568469
9.92448047099999 11.5819103118652
9.93577111999999 7.25419061635438
9.94706176899999 3.82135590927728
9.95835241799999 1.43640058410573
9.96964306699999 0.189538707658405
9.98093371599999 0.104746224391105
9.99222436499999 1.14015376219115
10.003515014 3.19216792947581
10.014805663 6.10298804816383
10.026096312 9.67099892736667
10.037386961 13.6633687450029
10.04867761 17.8300722816117
10.059968259 21.9184988628924
10.071258908 25.6877937033063
10.082549557 28.9221201976729
10.093840206 31.4421155000121
10.105130855 33.1139362854437
10.116421504 33.8554475756687
10.127712153 33.6392849695167
10.139002802 32.4927086178908
10.150293451 30.4943545609071
10.1615841 27.7681647028025
10.172874749 24.4749308239922
10.184165398 20.8020122519276
10.195456047 16.9518747622271
10.206746696 13.1301459048319
10.218037345 9.5338876831856
10.229327994 6.34075230550949
10.240618643 3.69961390636718
10.251909292 1.72316414902386
10.263199941 0.482829639110749
10.27449059 0.00622253400385156
10.285781239 0.277181759710129
10.297071888 1.23831013587806
10.308362537 2.7957713391164
10.319653186 4.82598796003696
10.330943835 7.18378451622487
10.342234484 9.71145203967949
10.353525133 12.2481766783458
10.364815782 14.6392744893165
10.376106431 16.7447070625517
10.38739708 18.4464146991726
10.398687729 19.6540908225237
10.409978378 20.3091270545579
10.421269027 20.3865759720821
10.432559676 19.8951005414406
10.443850325 18.8749982006604
10.455140974 17.3944965559902
10.466431623 15.5446105861257
10.477722272 13.4329232005874
10.489012921 11.1766985266385
10.50030357 8.89575855457605
10.511594219 6.7055485633854
10.522884868 4.71078649175758
10.534175517 3.00003898456216
10.545466166 1.64149632878924
10.556756815 0.680134919591443
10.568047464 0.136364873488888
10.579338113 0.00616775548661022
10.590628762 0.262640783560233
10.601919411 0.858784499215903
10.61321006 1.73130513727819
10.6245007089999 2.80515415380678
10.6357913579999 3.99849774740782
10.6470820069999 5.22779962945918
10.6583726559999 6.41271037992954
10.6696633049999 7.48048488796842
10.6809539539999 8.36969299549608
10.6922446029999 9.03304407833471
10.7035352519999 9.43920987356153
10.7148259009999 9.57359705419964
10.7261165499999 9.43808751053598
10.7374071989999 9.04982593088249
10.7486978479999 8.43918750189668
10.7599884969999 7.64710049985218
10.7712791459999 6.72192721001232
10.7825697949999 5.71612092882322
10.7938604439999 4.68287667875966
10.8051510929999 3.67297953060197
10.8164417419999 2.73202874154233
10.8277323909999 1.89818061616492
10.8390230399999 1.20051090869914
10.8503136889999 0.658051818498632
10.8616043379999 0.279512359762277
10.8728949869999 0.0636471365214332
10.8841856359999 0.000200010812448609
10.8954762849999 0.0713180024992416
10.9067669339999 0.253308572482397
10.9180575829999 0.518601097177578
10.9293482319999 0.837771011076553
10.9406388809999 1.18149226337385
10.9519295299999 1.52229928180014
10.9632201789999 1.83606194067708
10.9745108279999 2.10310410979101
10.9858014769999 2.30892603220568
10.9970921259999 2.44452081904111
11.0083827749999 2.50630365155247
11.0196734239999 2.49569699812534
11.0309640729999 2.41843481266236
11.0422547219999 2.28366226484514
11.0535453709999 2.10291454847135
11.0648360199999 1.88905871853424
11.0761266689999 1.65527679860773
11.0874173179999 1.41415747243569
11.0987079669999 1.17694874904726
11.1099986159999 0.95300650729439
11.1212892649999 0.749455317172861
11.1325799139999 0.57105990914597
11.1438705629999 0.420289486345833
11.1551612119999 0.297543877632874
11.1664518609999 0.201501129265162
11.1777425099999 0.129540987169453
11.1890331589999 0.0781979121758407
11.2003238079999 0.0436005162365414
11.2116144569999 0.0218610071024392
11.2229051059999 0.0093875258066658
11.2341957549999 0.00310312806889764
11.2454864039999 0.000566493126026206
11.2567770529999 1.5781847005777e-007
11.2680677019999 0.000241199138321797
11.2793583509999 0.000636046707831648
11.2906489999999 0.000904973688500895
