0 0
0.011290649 0
0.022581298 1.78503105201055e-006
0.033871947 2.82206612180536e-005
0.045162596 0.000173442466881235
0.056453245 0.000678916802083699
0.067743894 0.00202473648344806
0.079034543 0.00502269129047127
0.090325192 0.0108961215233479
0.101615841 0.0213315056873603
0.11290649 0.0384882123328371
0.124197139 0.064955794938269
0.135487788 0.103652435869489
0.146778437 0.157663345941686
0.158069086 0.230023702537591
0.169359735 0.323456599963827
0.180650384 0.440081998661261
0.191941033 0.581117309352551
0.203231682 0.746593592391974
0.214522331 0.935113028794438
0.22581298 1.14367307466347
0.237103629 1.36758042521717
0.248394278 1.60047361637329
0.259684927 1.83446696125562
0.270975576 2.06042088241065
0.282266225 2.26833501346776
0.293556874 2.44785126437883
0.304847523 2.58884499773476
0.316138172 2.68207420213067
0.327428821 2.7198497066103
0.33871947 2.69668462981035
0.350010119 2.60987886569143
0.361300768 2.45999480018806
0.372591417 2.25118378494215
0.383882066 1.99132913203489
0.395172715 1.69198030869094
0.406463364 1.36806418576438
0.417754013 1.0373720408957
0.429044662 0.719834809827113
0.440335311 0.436612992607717
0.45162596 0.209040781260247
0.462916609 0.0574755126592028
0.474207258 0.000112656068026991
0.485497907 0.051832524459312
0.496788556 0.223147220633526
0.508079205 0.519314664226169
0.519369854 0.939680796238825
0.530660503 1.47730137245459
0.541951152 2.11888153138237
0.553241801 2.845055183223
0.56453245 3.63100804254755
0.575823099 4.44742880626391
0.587113747999999 5.26175365162204
0.598404396999999 6.03965102999153
0.609695045999999 6.74667776960365
0.620985694999999 7.3500247909842
0.632276343999999 7.82026214327823
0.643566992999999 8.13298923722811
0.654857641999999 8.27029747369497
0.666148290999999 8.22195905037242
0.677438939999999 7.98626737695965
0.688729588999999 7.57047074499632
0.700020237999999 6.99076090940426
0.711310886999999 6.27180103104404
0.722601535999999 5.44580180246411
0.733892184999999 4.55117920942031
0.745182833999999 3.63085089680972
0.756473482999999 2.73024916681678
0.767764131999999 1.8951460037967
0.779054780999999 1.16939813949603
0.790345429999999 0.592727232776951
0.801636078999999 0.198651224700905
0.812926727999999 0.0126776577287024
0.824217376999999 0.0508583789253554
0.835508025999999 0.318788087167135
0.846798674999999 0.811107459910727
0.858089323999999 1.5115462115816
0.869379972999999 2.39351371929068
0.880670621999999 3.42121627770657
0.891961270999999 4.55125215685894
0.903251919999999 5.73460995998082
0.914542568999999 6.9189737351735
0.925833217999999 8.05122112228151
0.937123866999999 9.0799894970446
0.948414515999999 9.95818027780736
0.959705164999999 10.6452736026567
0.970995813999999 11.1093344106619
0.982286462999999 11.3286061414248
0.993577111999999 11.2926090231671
1.004867761 11.0026851626812
1.01615841 10.4719610421369
1.027449059 9.7247280528291
1.038739708 8.7952717462489
1.050030357 7.72620894604781
1.061321006 6.56641721349281
1.072611655 5.36866203670831
1.083902304 4.18704240813319
1.095192953 3.07438435918378
1.106483602 2.07971408028592
1.117774251 1.24593738683321
1.1290649 0.60784079345331
1.140355549 0.190511985950221
1.151646198 0.00825500958936365
1.162936847 0.0640492665687292
1.174227496 0.349572872020475
1.185518145 0.845781608016361
1.196808794 1.52400621713773
1.208099443 2.34750460892796
1.219390092 3.27338308758336
1.230680741 4.25478310247722
1.24197139 5.24321814924295
1.253262039 6.19093985753783
1.264552688 7.05321319006829
1.275843337 7.79038788608676
1.287133986 8.36966630793517
1.298424635 8.7664858776634
1.309715284 8.96545624883152
1.321005933 8.96081597735838
1.332296582 8.75639934463348
1.343587231 8.36512971488838
1.35487788 7.80807998569926
1.366168529 7.11316204124647
1.377459178 6.3135245545758
1.388749827 5.44575116299873
1.400040476 4.54795840083393
1.411331125 3.65789456727955
1.422621774 2.81113700264701
1.433912423 2.03947641707614
1.445203072 1.3695636119272
1.456493721 0.821877036930435
1.46778437 0.41005019270779
1.479075019 0.140577085155958
1.490365668 0.0128929718598289
1.501656317 0.019807686846019
1.512946966 0.148250966578023
1.524237615 0.380274348130311
1.535528264 0.694243085521481
1.546818913 1.06614460741297
1.558109562 1.47093753384439
1.569400211 1.88386713257612
1.58069086 2.28167902633743
1.591981509 2.64367243512337
1.603272158 2.95254654114801
1.614562807 3.19500785007049
1.625853456 3.36212176184666
1.637144105 3.44940700730312
1.648434754 3.45668623787407
1.659725403 3.38771905174017
1.671016052 3.24965441256004
1.682306701 3.05234725310617
1.69359735 2.80758873920893
1.704887999 2.52830109232242
1.716178648 2.22774613145318
1.727469297 1.9187920885391
1.738759946 1.61327623206865
1.750050595 1.3214919870684
1.761341244 1.05181923662109
1.772631893 0.810506040687261
1.783922542 0.60159981317635
1.795213191 0.427016704705595
1.80650384 0.28673009873949
1.817794489 0.179053168587033
1.829085138 0.100986638392468
1.840375787 0.0486013577855872
1.851666436 0.0174259902920255
1.862957085 0.00281283138299146
1.874247734 0.00025918337944937
1.885538383 0.00566738897390071
1.896829032 0.0155330627972917
1.908119681 0.0270577317657445
1.91941033 0.0381884802498669
1.930700979 0.0475928229056514
1.941991628 0.054581503737564
1.953282277 0.0589949581994558
1.964572926 0.0610706133558535
1.975863575 0.0613080090386902
1.987154224 0.0603470009346993
1.998444873 0.0588712745382153
2.009735522 0.0575453765237761
2.021026171 0.0569888497479152
2.03231682 0.0577862730051503
2.043607469 0.0605274961959626
2.054898118 0.0658685363799718
2.066188767 0.074600809839542
2.077479416 0.0877148805588158
2.088770065 0.106444857595531
2.100060714 0.132281001686418
2.111351363 0.166940908636933
2.122642012 0.212293607983648
2.133932661 0.270235730702918
2.14522331 0.342524159734566
2.156513959 0.430574831848294
2.167804608 0.535242142931576
2.179095257 0.65659727528982
2.190385906 0.79372632477444
2.201676555 0.944570054952377
2.212967204 1.10582625668283
2.224257853 1.27293298874913
2.235548502 1.4401465051911
2.246839151 1.60072166575478
2.2581298 1.74719543586761
2.269420449 1.87176617967688
2.280711098 1.96675338181658
2.292001747 2.02511479219189
2.303292396 2.0409913676032
2.314583045 2.01024533936001
2.325873694 1.93095374126969
2.337164343 1.80381914366691
2.348454992 1.63246136421831
2.359745641 1.423558603028
2.37103629 1.18681363561688
2.382326939 0.934730071015728
2.39361758800001 0.682194756096388
2.40490823700001 0.445874553244849
2.41619888600001 0.243448203128871
2.42748953500001 0.0927060126729872
2.43878018400001 0.0105608734593263
2.45007083300001 0.0120228508509756
2.46136148200001 0.109195614182889
2.47265213100001 0.310355767715331
2.48394278000001 0.619175334724502
2.49523342900001 1.03414309716242
2.50652407800001 1.54823228285347
2.51781472700001 2.1488505355625
2.52910537600001 2.81809373675762
2.54039602500001 3.53330880509001
2.55168667400001 4.26795297358176
2.56297732300001 4.99271923874378
2.57426797200001 5.67688074672219
2.58555862100001 6.2897918757234
2.59684927000001 6.80247166415683
2.60813991900001 7.18918685751594
2.61943056800001 7.42894785071142
2.63072121700001 7.50683159720174
2.64201186600001 7.41505128440381
2.65330251500001 7.15370309379667
2.66459316400001 6.73113524540359
2.67588381300001 6.16390307252606
2.68717446200001 5.47629515050771
2.69846511100001 4.69943839210058
2.70975576000001 3.8700132737392
2.72104640900001 3.02863266611913
2.73233705800001 2.21795782032246
2.74362770700001 1.48064171099703
2.75491835600001 0.857202128314425
2.76620900500001 0.383933835579697
2.77749965400001 0.0909702434578569
2.78879030300001 0.000600184301692096
2.80008095200001 0.125934624738873
2.81137160100001 0.470001989237631
2.82266225000001 1.02532995398223
2.83395289900001 1.77404715756493
2.84524354800001 2.68851153296218
2.85653419700001 3.73244431766841
2.86782484600001 4.86252174468489
2.87911549500001 6.03035144701855
2.89040614400001 7.18473912063332
2.90169679300001 8.27413421103651
2.91298744200001 9.24913229868939
2.92427809100001 10.0649071380923
2.93556874000001 10.6834472910353
2.94685938900002 11.0754809563956
2.95815003800002 11.2219875392669
2.96944068700002 11.1152149742383
2.98073133600002 10.7591467641113
2.99202198500002 10.1693908053218
3.00331263400002 9.37249185152995
3.01460328300002 8.40469932357577
3.02589393200002 7.31025050135183
3.03718458100002 6.13925440206183
3.04847523000002 4.94528249282617
3.05976587900002 3.78278767497307
3.07105652800002 2.70448188526541
3.08234717700002 1.75880470593147
3.09363782600002 0.987610455035025
3.10492847500002 0.42418961565432
3.11621912400002 0.0917227949193511
3.12750977300002 0.00224264866506613
3.13880042200002 0.156152604450293
3.15009107100002 0.542322209188526
3.16138172000002 1.13874908512344
3.17267236900002 1.91374840275209
3.18396301800002 2.82760402193311
3.19525366700002 3.83459242476262
3.20654431600002 4.885272462289
3.21783496500002 5.92892167825786
3.22912561400002 6.91599414521901
3.24041626300002 7.80047558243122
3.25170691200002 8.54201888565168
3.26299756100002 9.10775659604689
3.27428821000002 9.47370545602944
3.28557885900002 9.62570095708935
3.29686950800002 9.55982538253492
3.30816015700002 9.28231985613423
3.31945080600002 8.80899784312194
3.33074145500002 8.16420296111838
3.34203210400002 7.37937650488963
3.35332275300002 6.49131861469509
3.36461340200002 5.5402406129423
3.37590405100002 4.56771407957572
3.38719470000002 3.61462443524712
3.39848534900002 2.71923318562522
3.40977599800002 1.91544390452735
3.42106664700002 1.23135314648081
3.43235729600002 0.688149680219989
3.44364794500002 0.299404816649055
3.45493859400002 0.0707743880844729
3.46622924300002 0.000110394632519911
3.47751989200002 0.0779587231912436
3.48881054100003 0.288399828865658
3.50010119000003 0.610172856797606
3.51139183900003 1.01801117552027
3.52268248800003 1.48410924376349
3.53397313700003 1.97963742145073
3.54526378600003 2.47622276248902
3.55655443500003 2.94731972059768
3.56784508400003 3.36940454195093
3.57913573300003 3.72294018376203
3.59042638200003 3.99307400159093
3.60171703100003 4.17004720467117
3.61300768000003 4.24931216338484
3.62429832900003 4.2313700646759
3.63558897800003 4.12135623002447
3.64687962700003 3.92841285068977
3.65817027600003 3.6648983461396
3.66946092500003 3.34548860956597
3.68075157400003 2.98622788687534
3.69204222300003 2.60358598454753
3.70333287200003 2.21357417181056
3.71462352100003 1.83096497624268
3.72591417000003 1.46865166448069
3.73720481900003 1.13717225564949
3.74849546800003 0.844411199194419
3.75978611700003 0.595480135260284
3.77107676600003 0.392768178785575
3.78236741500003 0.236142577026732
3.79365806400003 0.123272910074119
3.80494871300003 0.0500466091010529
3.81623936200003 0.0110406622866957
3.82753001100003 1.39930650288166e-005
3.83882066000003 0.0103869898110407
3.85011130900003 0.0356787482161454
3.86140195800003 0.0698783395809644
3.87269260700003 0.107733330457453
3.88398325600003 0.144946289155168
3.89527390500003 0.178277548735719
3.90656455400003 0.205559509493152
3.91785520300003 0.225633778082339
3.92914585200003 0.238227074564515
3.94043650100003 0.243784832934428
3.95172715000003 0.243282650678631
3.96301779900003 0.238035223438721
3.97430844800003 0.229520280077539
3.98559909700003 0.219231577315064
3.99688974600003 0.208570581623369
4.00818039500003 0.198781483242055
4.01947104400003 0.190929106810585
4.03076169300004 0.185914553100573
4.04205234200004 0.18451943391828
4.05334299100004 0.187466682864816
4.06463364000004 0.19548437648245
4.07592428900004 0.209358906499526
4.08721493800004 0.229965203452038
4.09850558700004 0.25826440032402
4.10979623600004 0.295263103673581
4.12108688500004 0.341932975467547
4.13237753400004 0.399094218717878
4.14366818300004 0.467271363277982
4.15495883200004 0.546534020776648
4.16624948100004 0.636338607556911
4.17754013000004 0.735389074897836
4.18883077900004 0.841535184332026
4.20012142800004 0.951725686957801
4.21141207700004 1.06203090470807
4.22270272600004 1.16774479970826
4.23399337500004 1.26357091667584
4.24528402400004 1.34388996962201
4.25657467300004 1.40309978597908
4.26786532200004 1.43601134647442
4.27915597100004 1.43827831822261
4.29044662000004 1.40683230527848
4.30173726900004 1.34029251209163
4.31302791800004 1.23931701356728
4.32431856700004 1.10686360734131
4.33560921600004 0.948331395685381
4.34689986500004 0.771559747585987
4.35819051400004 0.5866688989211
4.36948116300004 0.405735772646315
4.38077181200004 0.242309112555745
4.39206246100004 0.110779082934605
4.40335311000004 0.0256273785105072
4.41464375900004 0.000593872452123109
4.42593440800004 0.0478041828674106
4.43722505700004 0.176908607689276
4.44851570600004 0.394286127010565
4.45980635500004 0.702367220029084
4.47109700400004 1.09912589801816
4.48238765300004 1.57778463124852
4.49367830200004 2.12676597959932
4.50496895100004 2.72991216809645
4.51625960000004 3.36697921617794
4.52755024900004 4.01439632916178
4.53884089800004 4.64626500431237
4.55013154700004 5.23555666780765
4.56142219600004 5.75545362384041
4.57271284500005 6.18076658874936
4.58400349400005 6.48935391259227
4.59529414300005 6.6634634003799
4.60658479200005 6.69091786358056
4.61787544100005 6.56607033987222
4.62916609000005 6.2904642283454
4.64045673900005 5.87314703988607
4.65174738800005 5.33060344076819
4.66303803700005 4.68629292357092
4.67432868600005 3.96979873818745
4.68561933500005 3.21561649015055
4.69690998400005 2.46163183058803
4.70820063300005 1.74735569303851
4.71949128200005 1.11200142508386
4.73078193100005 0.592499911717788
4.74207258000005 0.221555596144034
4.75336322900005 0.0258476369073072
4.76465387800005 0.0244760612540356
4.77594452700005 0.227742766533579
4.78723517600005 0.636341989948902
4.79852582500005 1.24101512424771
4.80981647400005 2.02270148754818
4.82110712300005 2.95319106561152
4.83239777200005 3.99625869785897
4.84368842100005 5.10923312004678
4.85497907000005 6.24493015410787
4.86626971900005 7.35385851594185
4.87756036800005 8.3865904019977
4.88885101700005 9.29617819193099
4.90014166600005 10.04049395469
4.91143231500005 10.5843703240526
4.92272296400005 10.9014297148828
4.93401361300005 10.9755034197585
4.94530426200005 10.8015621481888
4.95659491100005 10.3861040287765
4.96788556000005 9.74697371388224
4.97917620900005 8.91261554497436
4.99046685800005 7.92079318613092
5.00175750700005 6.81683612383694
5.01304815600005 5.65149844201818
5.02433880500005 4.47853594402218
5.03562945400005 3.35212287001414
5.04692010300005 2.32423830557044
5.05821075200005 1.44215439436032
5.06950140100005 0.746153525546341
5.08079205000005 0.267590015504663
5.09208269900005 0.027394060795852
5.10337334800005 0.0350928548551616
5.11466399700006 0.288396964641186
5.12595464600006 0.77337079741977
5.13724529500006 1.46517582571573
5.14853594400006 2.32934579843099
5.15982659300006 3.3235260211826
5.17111724200006 4.3995853799744
5.18240789100006 5.50599133913297
5.19369854000006 6.59032561868885
5.20498918900006 7.60181227073377
5.21627983800006 8.49373069019668
5.22757048700006 9.22559360153837
5.23886113600006 9.76498378409639
5.25015178500006 10.0889624263721
5.26144243400006 10.184985438902
5.27273308300006 10.0512904900365
5.28402373200006 9.69674549617915
5.29531438100006 9.14017727173896
5.30660503000006 8.40922552041236
5.31789567900006 7.5387909302279
5.32918632800006 6.56916560361682
5.34047697700006 5.54394844090665
5.35176762600006 4.50785672807125
5.36305827500006 3.50454771350464
5.37434892400006 2.57456039268684
5.38563957300006 1.75347838868419
5.39693022200006 1.07040036609615
5.40822087100006 0.546785760183447
5.41951152000006 0.195721866615193
5.43080216900006 0.0216347889335622
5.44209281800006 0.0204427173551688
5.45338346700006 0.180126842175901
5.46467411600006 0.481674132494893
5.47596476500006 0.900328328802875
5.48725541400006 1.40707168850431
5.49854606300006 1.97025091404507
5.50983671200006 2.55725662761005
5.52112736100006 3.13616678250072
5.53241801000006 3.67727027780089
5.54370865900006 4.15439726112694
5.55499930800006 4.54599642580286
5.56628995700006 4.83591611560339
5.57758060600006 5.01386420346008
5.58887125500006 5.07554041515581
5.60016190400006 5.02245293959228
5.61145255300006 4.86144779119742
5.62274320200006 4.60399358492987
5.63403385100006 4.26527544511173
5.64532450000006 3.86315920380957
5.65661514900007 3.41709059479864
5.66790579800007 2.9469937982495
5.67919644700007 2.47222965476034
5.69048709600007 2.0106665713233
5.70177774500007 1.57790718867447
5.71306839400007 1.18670200411847
5.72435904300007 0.84656816323754
5.73564969200007 0.563618393081391
5.74694034100007 0.3405923683941
5.75823099000007 0.177071425792833
5.76952163900007 0.0698480944496806
5.78081228800007 0.0134148685639955
5.79210293700007 0.000532303193507439
5.80339358600007 0.0228349797594566
5.81468423500007 0.0714350834845481
5.82597488400007 0.13748701204802
5.83726553300007 0.21268219399601
5.84855618200007 0.289650622293253
5.85984683100007 0.362253911798575
5.87113748000007 0.425763344920119
5.88242812900007 0.476924762996438
5.89371877800007 0.513919729362332
5.90500942700007 0.53623865883341
5.91630007600007 0.544486219719216
5.92759072500007 0.540142047689991
5.93888137400007 0.525300591931939
5.95017202300007 0.502412815137838
5.96146267200007 0.474049697133054
5.97275332100007 0.442703369244075
5.98404397000007 0.410636641709661
5.99533461900007 0.379786141932533
6.00662526800007 0.351718736848451
6.01791591700007 0.327635828384435
6.02920656600007 0.308415893243959
6.04049721500007 0.294682609819077
6.05178786400007 0.286884291990474
6.06307851300007 0.285370226750549
6.07436916200007 0.290450858134472
6.08565981100007 0.3024314196064
6.09695046000007 0.321612327584428
6.10824110900007 0.348254059609702
6.11953175800007 0.382508942029848
6.13082240700007 0.424326827757143
6.14211305600007 0.473345626756708
6.15340370500007 0.528780675098657
6.16469435400007 0.589328681268337
6.17598500300007 0.653102259488894
6.18727565200007 0.717609756247213
6.19856630100008 0.779792233872323
6.20985695000008 0.836125258854204
6.22114759900008 0.882787837393952
6.23243824800008 0.915894832537856
6.24372889700008 0.931782947029995
6.25501954600008 0.927334366531639
6.26631019500008 0.900316937017706
6.27760084400008 0.849715772679346
6.28889149300008 0.776028860971506
6.30018214200008 0.6814988505568
6.31147279100008 0.570254946638201
6.32276344000008 0.448342718864834
6.33405408900008 0.323625515108987
6.34534473800008 0.205548781073495
6.35663538700008 0.104767481171107
6.36792603600008 0.0326464537278937
6.37921668500008 0.000653282592545019
6.39050733400008 0.0196724529906119
6.40179798300008 0.0992775078840419
6.41308863200008 0.247004005053509
6.42437928100008 0.467669759345505
6.43566993000008 0.762789736091959
6.44696057900008 1.13013080322003
6.45825122800008 1.56344630259996
6.46954187700008 2.05242221811334
6.48083252600008 2.58285595101558
6.49212317500008 3.1370759004778
6.50341382400008 3.69459588589802
6.51470447300008 4.23298375595728
6.52599512200008 4.72890919963148
6.53728577100008 5.15932271882918
6.54857642000008 5.50270681663585
6.55986706900008 5.74033248155039
6.57115771800008 5.85744964269998
6.58244836700008 5.84433987834443
6.59373901600008 5.69716349800479
6.60502966500008 5.41854115659831
6.61632031400008 5.01782211033002
6.62761096300008 4.51100655417347
6.63890161200008 3.92030743076756
6.65019226100008 3.27335672552429
6.66148291000008 2.60208148229704
6.67277355900008 1.94129443262595
6.68406420800008 1.32706206549808
6.69535485700008 0.7949280706374
6.70664550600008 0.378081391610989
6.71793615500008 0.105564840288966
6.72922680400008 0.000621807817453393
6.74051745300009 0.0792747961279219
6.75180810200009 0.349220328646063
6.76309875100009 0.809110629277669
6.77438940000009 1.44827393207876
6.78568004900009 2.24690331445985
6.79697069800009 3.17671966915499
6.80826134700009 4.20208913960986
6.81955199600009 5.28155042432525
6.83084264500009 6.36968420415687
6.84213329400009 7.41923689064575
6.85342394300009 8.38339511572194
6.86471459200009 9.21809685040039
6.87600524100009 9.88426044431351
6.88729589000009 10.3498145919394
6.89858653900009 10.5914202823517
6.90987718800009 10.595789851546
6.92116783700009 10.3605276643603
6.93245848600009 9.89444073390191
6.94374913500009 9.21729451069672
6.95503978400009 8.35901772110737
6.96633043300009 7.35838897108244
6.97762108200009 6.2612652944283
6.98891173100009 5.11843741049401
7.00020238000009 3.98321680350443
7.01149302900009 2.90887470437717
7.02278367800009 1.94606179119226
7.03407432700009 1.14033940769214
7.04536497600009 0.529948178107518
7.05665562500009 0.143928296364424
7.06794627400009 0.000688080077010888
7.07923692300009 0.107094531684833
7.09052757200009 0.458132852595441
7.10181822100009 1.03715254160671
7.11310887000009 1.81668744607438
7.12439951900009 2.7598075457722
7.13569016800009 3.8219329204696
7.14698081700009 4.95301674327501
7.15827146600009 6.09998550750912
7.16956211500009 7.20931201545818
7.18085276400009 8.22959058501871
7.19214341300009 9.11398475439226
7.20343406200009 9.82242539789337
7.21472471100009 10.323451149644
7.22601536000009 10.5956025658368
7.23730600900009 10.6283054438766
7.24859665800009 10.4222058285954
7.25988730700009 9.98894798508583
7.27117795600009 9.3504154442168
7.2824686050001 8.53748258390562
7.2937592540001 7.58834864935802
7.3050499030001 6.54654636973046
7.3163405520001 5.45873237459953
7.3276312010001 4.37237572892
7.3389218500001 3.33346370351341
7.3502124990001 2.38434034577082
7.3615031480001 1.56178382727448
7.3727937970001 0.89541356209666
7.3840844460001 0.406498636470566
7.3953750950001 0.107216319575503
7.4066657440001 0.000384647181259864
7.4179563930001 0.0796676777642674
7.4292470420001 0.33022740956192
7.4405376910001 0.729773835753253
7.4518283400001 1.24994537360802
7.4631189890001 1.85793689068099
7.4744096380001 2.51828246499069
7.4857002870001 3.1946952608859
7.4969909360001 3.8518675729105
7.5082815850001 4.45713997465765
7.5195722340001 4.98195911012469
7.5308628830001 5.40305823305463
7.5421535320001 5.703312186571
7.5534441810001 5.87223803248648
7.5647348300001 5.90613282525492
7.5760254790001 5.80785991404426
7.5873161280001 5.58631354597772
7.5986067770001 5.25560745805929
7.6098974260001 4.83404578692422
7.6211880750001 4.34294341569554
7.6324787240001 3.80536748274302
7.6437693730001 3.24487212142699
7.6550600220001 2.68429475827049
7.6663506710001 2.14467487703407
7.6776413200001 1.64434566488807
7.6889319690001 1.1982361568197
7.7002226180001 0.817407251836481
7.7115132670001 0.508830203027726
7.7228039160001 0.275401786731643
7.7340945650001 0.116177172858319
7.7453852140001 0.0267902742942171
7.7566758630001 2.26202534796411e-005
7.7679665120001 0.0264759659710409
7.7792571610001 0.0953011098000705
7.7905478100001 0.194935726771934
7.8018384590001 0.313807240384992
7.8131291080001 0.440962465856428
7.82441975700011 0.566593452643168
7.83571040600011 0.682438015798644
7.84700105500011 0.782043202965691
7.85829170400011 0.860889715419311
7.86958235300011 0.916384442396321
7.88087300200011 0.947736209967284
7.89216365100011 0.95573613262669
7.90345430000011 0.942468268844587
7.91474494900011 0.910978455413011
7.92603559800011 0.864929221674139
7.93732624700011 0.808266707221302
7.94861689600011 0.744921803907073
7.95990754500011 0.678562703026129
7.97119819400011 0.612410116802473
7.98248884300011 0.549120166033748
7.99377949200011 0.490733791579483
8.00507014100011 0.438686029976288
8.01636079000011 0.393863997608784
8.02765143900011 0.356699261499124
8.03894208800011 0.327278628751846
8.0502327370001 0.305457323578726
8.0615233860001 0.290959973440392
8.0728140350001 0.283457605400872
8.0841046840001 0.282612667056218
8.0953953330001 0.288088560388804
8.1066859820001 0.299524889355448
8.1179766310001 0.316484135326758
8.1292672800001 0.338379370582284
8.1405579290001 0.36439553369393
8.1518485780001 0.393418438659781
8.1631392270001 0.423985894113195
8.1744298760001 0.454274012195349
8.1857205250001 0.482129057555674
8.1970111740001 0.505151217226039
8.2083018230001 0.520831763710375
8.21959247200009 0.52673962713924
8.23088312100009 0.520747838520765
8.24217377000009 0.501285132254993
8.25346441900009 0.467593669572546
8.26475506800009 0.41997078639298
8.27604571700009 0.359971219782782
8.28733636600009 0.290546657719327
8.29862701500009 0.216101786875152
8.30991766400009 0.142450238028092
8.32120831300009 0.076659756845342
8.33249896200009 0.0267832282781546
8.34378961100009 0.00148040351370817
8.35508026000009 0.00954377338254875
8.36637090900009 0.0593503965135837
8.37766155800009 0.158269001226504
8.38895220700008 0.31205773897723
8.40024285600008 0.524292044119951
8.41153350500008 0.795863728142229
8.42282415400008 1.12459142728421
8.43411480300008 1.50497871994139
8.44540545200008 1.92814970773583
8.45669610100008 2.38198287241538
8.46798675000008 2.85145301933623
8.47927739900008 3.31917869442949
8.49056804800008 3.76615933787799
8.50185869700008 4.17267342047015
8.51314934600008 4.51929673871887
8.52443999500008 4.78798974505298
8.53573064400008 4.96319501037764
8.54702129300007 5.03288128552418
8.55831194200007 4.98946960467537
8.56960259100007 4.83057971245133
8.58089324000007 4.5595418228354
8.59218388900007 4.18562911873617
8.60347453800007 3.72398002614101
8.61476518700007 3.19519547985076
8.62605583600007 2.62461428781105
8.63734648500007 2.04128830828963
8.64863713400007 1.47669740534413
8.65992778300007 0.963260948736441
8.67121843200007 0.532716924576623
8.68250908100007 0.214450581607206
8.69379973000007 0.0338611835865673
8.70509037900007 0.0108573201209834
8.71638102800006 0.158568056783869
8.72767167700006 0.482348976799278
8.73896232600006 0.979149172231768
8.75025297500006 1.63728806017502
8.76154362400006 2.43667036710529
8.77283427300006 3.34944479927041
8.78412492200006 4.34108801843161
8.79541557100006 5.37187188617306
8.80670622000006 6.39864986408322
8.81799686900006 7.37687924421028
8.82928751800006 8.26278068685451
8.84057816700006 9.01552631388618
8.85186881600006 9.59934303953633
8.86315946500006 9.98541930716132
8.87445011400006 10.1535109975452
8.88574076300005 10.0931556973802
8.89703141200005 9.80442314879433
8.90832206100005 9.29815262209671
8.91961271000005 8.59565398800511
8.93090335900005 7.72787704254598
8.94219400800005 6.73408166826093
8.95348465700005 5.66006817308055
8.96477530600005 4.556051155391
8.97606595500005 3.47428015479041
8.98735660400005 2.46652502649566
8.99864725300005 1.58155256241366
9.00993790200005 0.862722839111038
9.02122855100005 0.345828927433844
9.03251920000005 0.057292147941214
9.04380984900004 0.0128075626979674
9.05510049800004 0.216511755161219
9.06639114700004 0.660718351687944
9.07768179600004 1.32623758998182
9.08897244500004 2.18326609733725
9.10026309400004 3.19280352111025
9.11155374300004 4.30852534275503
9.12284439200004 5.47901757522915
9.13413504100004 6.65026036301253
9.14542569000004 7.76823477643302
9.15671633900004 8.78152099453014
9.16800698800004 9.64375691825412
9.17929763700004 10.3158339842475
9.19058828600004 10.7677211200266
9.20187893500004 10.9798276061102
9.21316958400003 10.9438399973174
9.22446023300003 10.6629958694375
9.23575088200003 10.1517864969157
9.24704153100003 9.4351100470732
9.25833218000003 8.54692491688207
9.26962282900003 7.52847795220745
9.28091347800003 6.42620316354114
9.29220412700003 5.28940211867386
9.30349477600003 4.16782668538407
9.31478542500003 3.10928779102212
9.32607607400003 2.15741029634403
9.33736672300003 1.34964424322953
9.34865737200003 0.715627263547916
9.35994802100003 0.275972761350306
9.37123867000003 0.0415347767772201
9.38252931900002 0.0131745544656499
9.39381996800002 0.182027213615143
9.40511061700002 0.530241005810486
9.41640126600002 1.03213783603586
9.42769191500002 1.65572325288491
9.43898256400002 2.36445801491999
9.45027321300002 3.11919237549545
9.46156386200002 3.8801588597443
9.47285451100002 4.60891967469947
9.48414516000002 5.2701708142533
9.49543580900002 5.83331590806595
9.50672645800002 6.27373816144705
9.51801710700002 6.57371736581202
9.52930775600002 6.72295979220091
9.54059840500001 6.71873058960533
9.55188905400001 6.56559985428584
9.56317970300001 6.27483362905143
9.57447035200001 5.86347866667615
9.58576100100001 5.35320396197746
9.59705165000001 4.76897215973342
9.60834229900001 4.13761957349658
9.61963294800001 3.48642456759094
9.63092359700001 2.8417405954908
9.64221424600001 2.22776263996384
9.65350489500001 1.66548477323423
9.66479554400001 1.17189283654698
9.67608619300001 0.759420740661693
9.68737684200001 0.435682591196042
9.69866749100001 0.203476730219148
9.70995814 0.0610427893458323
9.721248789 0.00253979360230822
9.732539438 0.0187029102739105
9.743830087 0.0976290858880087
9.755120736 0.2256378309638
9.766411385 0.388152851979453
9.777702034 0.570552936862456
9.788992683 0.758946124423487
9.800283332 0.940829216350128
9.811573981 1.10560448533641
9.82286463 1.24493627885167
9.834155279 1.35294136963622
9.845445928 1.42621763544041
9.856736577 1.4637253014104
9.868027226 1.46654299385438
9.87931787499999 1.43752681583665
9.89060852399999 1.38090430343046
9.90189917299999 1.30183636528321
9.91318982199999 1.20597922320128
9.92448047099999 1.09907518796241
9.93577111999999 0.986596184597566
9.94706176899999 0.873457748190658
9.95835241799999 0.763814272668009
9.96964306699999 0.660939163796592
9.98093371599999 0.567186761122857
9.99222436499999 0.484026936295967
10.003515014 0.412138545748837
10.014805663 0.351544701142556
10.026096312 0.301771279875926
10.037386961 0.262010253093274
10.04867761 0.231271149738178
10.059968259 0.208507071430587
10.071258908 0.19270579379731
10.082549557 0.182941233166569
10.093840206 0.178385482098782
10.105130855 0.178286278106327
10.116421504 0.181918753295365
10.127712153 0.188523268096227
10.139002802 0.197242799832852
10.150293451 0.207073587409243
10.1615841 0.216841500026695
10.172874749 0.225213998479594
10.184165398 0.230753807674676
10.195456047 0.232015835459048
10.206746696 0.227683849900226
10.218037345 0.216738406326409
10.229327994 0.198642951242482
10.240618643 0.173531354566087
10.251909292 0.142377709066009
10.263199941 0.107128372704272
10.27449059 0.0707770886511466
10.285781239 0.0373666412991923
10.297071888 0.0119047983100434
10.308362537 0.000188015759293453
10.319653186 0.00853318869687589
10.330943835 0.0434251532307791
10.342234484 0.111095156189332
10.353525133 0.21705253559186
10.364815782 0.36559783412137
10.376106431 0.559349977822329
10.38739708 0.798822556885596
10.398687729 1.0820843275232
10.409978378 1.4045366438596
10.421269027 1.75883562299547
10.432559676 2.1349796157786
10.443850325 2.5205733419261
10.455140974 2.90126934791999
10.466431623 3.26137588532724
10.477722272 3.58460860424984
10.489012921 3.85495237861923
10.50030357 4.0575898940677
10.511594219 4.1798460514429
10.522884868 4.21209238591228
10.534175517 4.1485540445648
10.545466166 3.98796369434171
10.556756815 3.73401212871208
10.568047464 3.39555416509872
10.579338113 2.98654031219988
10.590628762 2.52565906455703
10.601919411 2.03569079688689
10.61321006 1.54259118706996
10.6245007089999 1.07433890696584
10.6357913579999 0.659597963218832
10.6470820069999 0.326258552468087
10.6583726559999 0.0999307131599987
10.6696633049999 0.0024716539212843
10.6809539539999 0.0506298600246911
10.6922446029999 0.254886608709616
10.7035352519999 0.618568312089203
10.7148259009999 1.13729138323319
10.7261165499999 1.79878559127158
10.7374071989999 2.58312289251201
10.7486978479999 3.46335746991653
10.7599884969999 4.40656032087491
10.7712791459999 5.37520944351745
10.7825697949999 6.32887575776896
10.7938604439999 7.22612659068507
10.8051510929999 8.02655397384406
10.8164417419999 8.69282507893436
10.8277323909999 9.19264755033621
10.8390230399999 9.50054368740376
10.8503136889999 9.59933447394081
10.8616043379999 9.48124710786621
10.8728949869999 9.14857738707216
10.8841856359999 8.6138601970855
10.8954762849999 7.89952630711377
10.9067669339999 7.03705040241897
10.9180575829999 6.06562232710409
10.9293482319999 5.03039940136891
10.9406388809999 3.98042096805567
10.9519295299999 2.9662856920117
10.9632201789999 2.03770645634305
10.9745108279999 1.2410661090566
10.9858014769999 0.617099264201046
10.9970921259999 0.198820655885537
11.0083827749999 0.00980934936269454
11.0196734239999 0.0629409587092758
11.0309640729999 0.35963776781245
11.0422547219999 0.889680451942551
11.0535453709999 1.63159633023668
11.0648360199999 2.5536092763862
11.0761266689999 3.61510717529257
11.0874173179999 4.76855571650751
11.0987079669999 5.96176383152701
11.1099986159999 7.14038749137076
11.1212892649999 8.25054590071168
11.1325799139999 9.24141805261746
11.1438705629999 10.067688481939
11.1551612119999 10.6917188351037
11.1664518609999 11.085336142444
11.1777425099999 11.231148665534
11.1890331589999 11.1233248149915
11.2003238079999 10.7677985622187
11.2116144569999 10.1818944939551
11.2229051059999 9.39339558161039
11.2341957549999 8.43910525523649
11.2454864039999 7.36298096727134
11.2567770529999 6.21393775538267
11.2680677019999 5.04343626087846
11.2793583509999 3.90297942519759
11.2906489999999 2.84164521199604
