0 0
0.011290649 0
0.022581298 4.73036765322036e-006
0.033871947 7.42773590113312e-005
0.045162596 0.000452145651228499
0.056453245 0.0017480083363517
0.067743894 0.00513380416170816
0.079034543 0.012504095281342
0.090325192 0.0265513262323802
0.101615841 0.0507142482893495
0.11290649 0.0889727013318625
0.124197139 0.145482613648608
0.135487788 0.224069105898743
0.146778437 0.327620020546111
0.158069086 0.457443855318406
0.169359735 0.612671898390116
0.180650384 0.789791776997625
0.191941033 0.982396892824876
0.203231682 1.18122264932076
0.214522331 1.37451651390931
0.22581298 1.54875656787601
0.237103629 1.68969515838924
0.248394278 1.78366433076214
0.259684927 1.81904215450626
0.270975576 1.78774822760644
0.282266225 1.68661654677264
0.293556874 1.51848774861113
0.304847523 1.2928724327686
0.316138172 1.02606335219343
0.327428821 0.740615526847161
0.33871947 0.464166988983822
0.350010119 0.227634608818014
0.361300768 0.0628838404649288
0.372591417 3.21460303244125e-005
0.383882066 0.0645970497235749
0.395172715 0.27473546871582
0.406463364 0.638836456849745
0.417754013 1.15372166870581
0.429044662 1.80367558911975
0.440335311 2.56047199384896
0.45162596 3.38448759802159
0.462916609 4.22690389397477
0.474207258 5.03290097851468
0.485497907 5.74565107439536
0.496788556 6.31083326753466
0.508079205 6.68132318715161
0.519369854 6.82166930500933
0.530660503 6.7119567196815
0.541951152 6.35068275788064
0.553241801 5.75632662754028
0.56453245 4.96738480499799
0.575823099 4.04075897691423
0.587113747999999 3.04851572746558
0.598404396999999 2.07317630745733
0.609695045999999 1.20182910795092
0.620985694999999 0.519475029279403
0.632276343999999 0.102105733794744
0.643566992999999 0.0100675523988184
0.654857641999999 0.282273036847542
0.666148290999999 0.931784667611956
0.677438939999999 1.94321173119944
0.688729588999999 3.27223651927764
0.700020237999999 4.84742816668187
0.711310886999999 6.57432322727478
0.722601535999999 8.34156543233377
0.733892184999999 10.0287182078159
0.745182833999999 11.5152077079907
0.756473482999999 12.6897353701255
0.767764131999999 13.4594288435397
0.779054780999999 13.7579865774874
0.790345429999999 13.5521179780201
0.801636078999999 12.8456866295769
0.812926727999999 11.6811224531074
0.824217376999999 10.1378690576106
0.835508025999999 8.32786026337012
0.846798674999999 6.38825734083033
0.858089323999999 4.4719069523477
0.869379972999999 2.73618017809849
0.880670621999999 1.33100802762615
0.891961270999999 0.387024244845597
0.903251919999999 0.00475212690594783
0.914542568999999 0.245723933252843
0.925833217999999 1.12630056318986
0.937123866999999 2.61477277927168
0.948414515999999 4.63208614577407
0.959705164999999 7.05625750601337
0.970995813999999 9.73026210358284
0.982286462999999 12.4728900249281
0.993577111999999 15.0918211819238
1.004867761 17.3979704171292
1.01615841 19.2200257921589
1.027449059 20.4180559434373
1.038739708 20.8951026094031
1.050030357 20.6058012653285
1.061321006 19.5612785156523
1.072611655 17.8298452571871
1.083902304 15.5333198892591
1.095192953 12.8391521906173
1.106483602 9.94884983517498
1.117774251 7.08350958746846
1.1290649 4.4674995913232
1.140355549 2.31150730005714
1.151646198 0.796244546644099
1.162936847 0.0580789751410414
1.174227496 0.177739194933985
1.185518145 1.1730270910058
1.196808794 2.99617966592678
1.208099443 5.53617592161268
1.219390092 8.62590773509055
1.230680741 12.0537563856677
1.24197139 15.5787678682819
1.253262039 18.9483281425451
1.264552688 21.9170278014806
1.275843337 24.2652921547715
1.287133986 25.816347835394
1.298424635 26.4502028169548
1.309715284 26.1135265819966
1.321005933 24.8246162648017
1.332296582 22.6730008643494
1.343587231 19.813641485875
1.35487788 16.456099969861
1.366168529 12.8494390977494
1.377459178 9.26395417463414
1.388749827 5.97109141446179
1.400040476 3.22306245510986
1.411331125 1.23370349142574
1.422621774 0.162047735475621
1.433912423 0.0998862300073659
1.445203072 1.06429841225766
1.456493721 2.99576211752405
1.46778437 5.76203105326562
1.479075019 9.1675284012114
1.490365668 12.9675819698322
1.501656317 16.8864520553151
1.512946966 20.6378071148581
1.524237615 23.9461078498355
1.535528264 26.567282918685
1.546818913 28.3071258156191
1.558109562 29.0360094558072
1.569400211 28.698790316335
1.58069086 27.319136761499
1.591981509 24.9979387428967
1.603272158 21.9059060046651
1.614562807 18.2709046337038
1.625853456 14.3609831537776
1.637144105 10.464368398028
1.648434754 6.86794269757019
1.659725403 3.83582963293888
1.671016052 1.58970679080816
1.682306701 0.292331368556233
1.69359735 0.0355183702819571
1.704887999 0.833470606633462
1.716178648 2.62195109129219
1.727469297 5.26334328013502
1.738759946 8.55719723836033
1.750050595 12.2554446376847
1.761341244 16.0811142760831
1.772631893 19.7491193142209
1.783922542 22.9875372561182
1.795213191 25.5577748745986
1.80650384 27.2721043740379
1.817794489 28.0072661690475
1.829085138 27.7131409760697
1.840375787 26.4158752202019
1.851666436 24.2152692535777
1.862957085 21.2766745646835
1.874247734 17.8180604152027
1.885538383 14.0932705576924
1.896829032 10.3727696888937
1.908119681 6.92335641807277
1.91941033 3.98838217612818
1.930700979 1.76996002199163
1.941991628 0.41447924009037
1.953282277 0.00247512544061305
1.964572926 0.54356002562303
1.975863575 1.97672884005656
1.987154224 4.17594055352895
1.998444873 6.96047885360755
2.009735522 10.1092398760948
2.021026171 13.3778102929505
2.03231682 16.5170051628453
2.043607469 19.2914457289827
2.054898118 21.496777911195
2.066188767 22.9742592686045
2.077479416 23.6216641930017
2.088770065 23.3997553614782
2.100060714 22.3339197701916
2.111351363 20.5109421220163
2.122642012 18.0712577057348
2.133932661 15.1973628665489
2.14522331 12.0993385272029
2.156513959 8.99864080064041
2.167804608 6.11141886663728
2.179095257 3.63262773804092
2.190385906 1.72211387102022
2.201676555 0.493673834527845
2.212967204 0.00783614192697103
2.224257853 0.268814827504201
2.235548502 1.22575490298826
2.246839151 2.7780604565119
2.2581298 4.78429131242348
2.269420449 7.07385677935094
2.280711098 9.46054373481303
2.292001747 11.7568041617223
2.303292396 13.7877007924307
2.314583045 15.403468402532
2.325873694 16.4897855521204
2.337164343 16.9750542938395
2.348454992 16.8342359022287
2.359745641 16.0890681461977
2.37103629 14.8047716524848
2.382326939 13.0836174345221
2.39361758800001 11.055954677776
2.40490823700001 8.86947093652718
2.41619888600001 6.67756432527275
2.42748953500001 4.6277429349443
2.43878018400001 2.85093027429964
2.45007083300001 1.45245241996003
2.46136148200001 0.505323215861969
2.47265213100001 0.0462428263185994
2.48394278000001 0.0744995242491852
2.49523342900001 0.553733395687674
2.50652407800001 1.41630204132448
2.51781472700001 2.56979904254933
2.52910537600001 3.90512965529721
2.54039602500001 5.305454666897
2.55168667400001 6.65527777567809
2.56297732300001 7.84897457593528
2.57426797200001 8.79813792668706
2.58555862100001 9.43723668882422
2.59684927000001 9.72724078180128
2.60813991900001 9.65704128625516
2.61943056800001 9.24267497227286
2.63072121700001 8.52453350972007
2.64201186600001 7.56288551963129
2.65330251500001 6.43215382751272
2.66459316400001 5.21446329266923
2.67588381300001 3.99300263147694
2.68717446200001 2.84572679455229
2.69846511100001 1.83986843021464
2.70975576000001 1.0276346855874
2.72104640900001 0.443348437245996
2.73233705800001 0.102161941863996
2.74362770700001 0.000337363753137906
2.75491835600001 0.116963763837207
2.76620900500001 0.416873691561079
2.77749965400001 0.854442197254513
2.78879030300001 1.37790194848163
2.80008095200001 1.93379235113007
2.81137160100001 2.47117736821539
2.82266225000001 2.9453126087749
2.83395289900001 3.32051147444842
2.84524354800001 3.57204530853504
2.85653419700001 3.68700528675775
2.86782484600001 3.66414577802265
2.87911549500001 3.51281225081461
2.89040614400001 3.25112492778991
2.90169679300001 2.9036374813798
2.91298744200001 2.49871538392929
2.92427809100001 2.06588054455282
2.93556874000001 1.63334916216946
2.94685938900002 1.22595172058
2.95815003800002 0.863572581896985
2.96944068700002 0.560187417665708
2.98073133600002 0.323515772501322
2.99202198500002 0.155249127136215
3.00331263400002 0.0517668661865275
3.01460328300002 0.00521730170992128
3.02589393200002 0.00482061260355264
3.03718458100002 0.0382458838114339
3.04847523000002 0.0929244577240896
3.05976587900002 0.157184261404436
3.07105652800002 0.221121308741737
3.08234717700002 0.277161201665894
3.09363782600002 0.320300962559452
3.10492847500002 0.348055943737017
3.11621912400002 0.360164525937316
3.12750977300002 0.358122416822208
3.13880042200002 0.344627305098254
3.15009107100002 0.323013330819488
3.16138172000002 0.296744354863313
3.17267236900002 0.269017371577725
3.18396301800002 0.242505318832851
3.19525366700002 0.219245061381313
3.20654431600002 0.20065450647254
3.21783496500002 0.187645342747089
3.22912561400002 0.180786801129826
3.24041626300002 0.180472268726488
3.25170691200002 0.187044702814737
3.26299756100002 0.200847764035547
3.27428821000002 0.222185716667033
3.28557885900002 0.251194073956922
3.29686950800002 0.287641976021865
3.30816015700002 0.330703620767132
3.31945080600002 0.378747272276927
3.33074145500002 0.429194603156933
3.34203210400002 0.478499392876576
3.35332275300002 0.522282902403333
3.36461340200002 0.555644602519553
3.37590405100002 0.573643318069242
3.38719470000002 0.571917979275899
3.39848534900002 0.547392220095082
3.40977599800002 0.498986316647957
3.42106664700002 0.428246430762832
3.43235729600002 0.339797194716192
3.44364794500002 0.241530777851406
3.45493859400002 0.144463980427699
3.46622924300002 0.062223598079833
3.47751989200002 0.0101570391632485
3.48881054100003 0.00410662233503143
3.50010119000003 0.0589280047163783
3.51139183900003 0.186871259481908
3.52268248800003 0.395972753804297
3.53397313700003 0.68862321848068
3.54526378600003 1.06047927057879
3.55655443500003 1.4998705244237
3.56784508400003 1.98782229279079
3.57913573300003 2.49876645568647
3.59042638200003 3.00195374974148
3.60171703100003 3.4635143496584
3.61300768000003 3.84904608811121
3.62429832900003 4.12654746832101
3.63558897800003 4.26946220924982
3.64687962700003 4.25956921438466
3.65817027600003 4.08944110131916
3.66946092500003 3.76420852825689
3.68075157400003 3.30240711401893
3.69204222300003 2.73574703567108
3.70333287200003 2.10772833922931
3.71462352100003 1.47112145526312
3.72591417000003 0.884434559607069
3.73720481900003 0.407588411721151
3.74849546800003 0.0971060048151439
3.75978611700003 0.00119016698675493
3.77107676600003 0.155099895912522
3.78236741500003 0.577240498768669
3.79365806400003 1.26635100881497
3.80494871300003 2.20010535750008
3.81623936200003 3.33534504808948
3.82753001100003 4.61003725806376
3.83882066000003 5.94691262243236
3.85011130900003 7.25859254706528
3.86140195800003 8.45387892072335
3.87269260700003 9.444761700788
3.88398325600003 10.1536131608992
3.89527390500003 10.5199906694072
3.90656455400003 10.5064688336408
3.91785520300003 10.1029692039487
3.92914585200003 9.32914999488403
3.94043650100003 8.23455390664055
3.95172715000003 6.89637981024741
3.96301779900003 5.41493134490197
3.97430844800003 3.90698769058892
3.98559909700003 2.49752317012072
3.99688974600003 1.31035735317944
4.00818039500003 0.458431954729594
4.01947104400003 0.0344737788422164
4.03076169300004 0.102806813443618
4.04205234200004 0.693018482470163
4.05334299100004 1.79606717128436
4.06463364000004 3.36324764483042
4.07592428900004 5.3082196785325
4.08721493800004 7.51206873174729
4.09850558700004 9.83112408200574
4.10979623600004 12.1070290181436
4.12108688500004 14.1783586535998
4.13237753400004 15.8929309486048
4.14366818300004 17.119869507927
4.15495883200004 17.7604618895392
4.16624948100004 17.7569182056086
4.17754013000004 17.0982693744781
4.18883077900004 15.8228441141923
4.20012142800004 14.017014744088
4.21141207700004 11.8101856010363
4.22270272600004 9.36629269727186
4.23399337500004 6.8723659254228
4.24528402400004 4.52495273030658
4.25657467300004 2.51539395451797
4.26786532200004 1.01506166137099
4.27915597100004 0.161703641896813
4.29044662000004 0.0479849489239559
4.30173726900004 0.713175099262529
4.31302791800004 2.13870949549514
4.32431856700004 4.24807056836734
4.33560921600004 6.91110894944876
4.34689986500004 9.95258232375029
4.35819051400004 13.1643561210621
4.36948116300004 16.3204124004943
4.38077181200004 19.1935754418293
4.39206246100004 21.5727047308666
4.40335311000004 23.2790423528277
4.41464375900004 24.1804392686415
4.42593440800004 24.2023226685771
4.43722505700004 23.3344957636527
4.44851570600004 21.6331657882538
4.45980635500004 19.2179532119039
4.47109700400004 16.2640181906696
4.48238765300004 12.9898196185107
4.49367830200004 9.64136804258248
4.50496895100004 6.47411859635683
4.51625960000004 3.73385074360086
4.52755024900004 1.63798103177075
4.53884089800004 0.358743930352332
4.55013154700004 0.00955341586016445
4.56142219600004 0.635632210395115
4.57271284500005 2.20968263801482
4.58400349400005 4.63299612420542
4.59529414300005 7.74198592163203
4.60658479200005 11.3197113180042
4.61787544100005 15.111573662797
4.62916609000005 18.844035478004
4.64045673900005 22.2449698687729
4.65174738800005 25.0641082343722
4.66303803700005 27.0920317301558
4.67432868600005 28.1762488956307
4.68561933500005 28.2331119041245
4.69690998400005 27.2546317056299
4.70820063300005 25.3096348902306
4.71949128200005 22.5391333671803
4.73078193100005 19.146219141919
4.74207258000005 15.3812165623805
4.75336322900005 11.5231908050356
4.76465387800005 7.85919546953661
4.77594452700005 4.66282157554384
4.78723517600005 2.17367064950391
4.79852582500005 0.579310769733374
4.80981647400005 0.00109083878296975
4.82110712300005 0.484898713233364
4.83239777200005 1.99757514980137
4.84368842100005 4.42926640468782
4.85497907000005 7.60154669580373
4.86626971900005 11.2807023557808
4.87756036800005 15.1951762200699
4.88885101700005 19.0558539258693
4.90014166600005 22.5776577623211
4.91143231500005 25.500815127221
4.92272296400005 27.6101950333429
4.93401361300005 28.751255316757
4.94530426200005 28.8414035803163
4.95659491100005 27.8759262285924
4.96788556000005 25.9280549958378
4.97917620900005 23.1431870566154
4.99046685800005 19.7277187076348
5.00175750700005 15.9333596179184
5.01304815600005 12.0381336416231
5.02433880500005 8.3255174393394
5.03562945400005 5.06330128822935
5.04692010300005 2.48376786302724
5.05821075200005 0.766674279856893
5.06950140100005 0.0262995703761147
5.08079205000005 0.303501892626795
5.09208269900005 1.56334227894453
5.10337334800005 3.69840485770542
5.11466399700006 6.53751035684521
5.12595464600006 9.8591136081082
5.13724529500006 13.4083276512289
5.14853594400006 16.9162530584268
5.15982659300006 20.120130686016
5.17111724200006 22.7827904437692
5.18240789100006 24.7099401029117
5.19369854000006 25.7640198245603
5.20498918900006 25.8736247294421
5.21627983800006 25.0378470374247
5.22757048700006 23.3252833409807
5.23886113600006 20.8678605887826
5.25015178500006 17.8500248195885
5.26144243400006 14.4941798641969
5.27273308300006 11.0435334608777
5.28402373200006 7.74368585726876
5.29531438100006 4.82436880453221
5.30660503000006 2.48270698605412
5.31789567900006 0.869233931245766
5.32918632800006 0.0776628933316409
5.34047697700006 0.139109440050399
5.35176762600006 1.02111128538475
5.36305827500006 2.63142008002894
5.37434892400006 4.82617838190638
5.38563957300006 7.4217704802697
5.39693022200006 10.2093723820139
5.40822087100006 12.9710430952062
5.41951152000006 15.4961087640326
5.43080216900006 17.5965981805582
5.44209281800006 19.1205900045893
5.45338346700006 19.9625186437218
5.46467411600006 20.0697408000991
5.47596476500006 19.4449668573166
5.48725541400006 18.1444860793889
5.49854606300006 16.2724363728629
5.50983671200006 13.971663339325
5.52112736100006 11.4119575241925
5.53241801000006 8.77663559980092
5.54370865900006 6.24852886865211
5.55499930800006 3.99645559264913
5.56628995700006 2.16318364652159
5.57758060600006 0.855744712053816
5.58887125500006 0.138754186692674
5.60016190400006 0.0311401250758512
5.61145255300006 0.506410710167655
5.62274320200006 1.49631497425864
5.63403385100006 2.8974971654283
5.64532450000006 4.58053040865391
5.65661514900007 6.40055554558013
5.66790579800007 8.20865682879492
5.67919644700007 9.86308255875584
5.69048709600007 11.239465112027
5.70177774500007 12.2393049528688
5.71306839400007 12.7961461628787
5.72435904300007 12.8790720031098
5.73564969200007 12.493370807818
5.74694034100007 11.6784468604446
5.75823099000007 10.5032600708285
5.76952163900007 9.0597564003338
5.78081228800007 7.4548853043416
5.79210293700007 5.80188221664792
5.80339358600007 4.21151907730364
5.81468423500007 2.78399460702246
5.82597488400007 1.60205344509116
5.83726553300007 0.725798281168447
5.84855618200007 0.189503631222317
5.85984683100007 0.000567767307063035
5.87113748000007 0.140565062468315
5.88242812900007 0.568198710449033
5.89371877800007 1.2238158555943
5.90500942700007 2.03504348252074
5.91630007600007 2.92304056645451
5.92759072500007 3.80884291712997
5.93888137400007 4.6193010778505
5.95017202300007 5.29217429686529
5.96146267200007 5.78003773650057
5.97275332100007 6.05277627443011
5.98404397000007 6.09856570926299
5.99533461900007 5.92336978521994
6.00662526800007 5.54909867338568
6.01791591700007 5.01067231986769
6.02920656600007 4.35230346894581
6.04049721500007 3.62335588482683
6.05178786400007 2.87414186529224
6.06307851300007 2.15200091390423
6.07436916200007 1.4979523055665
6.08565981100007 0.944144197655634
6.09695046000007 0.51223829081644
6.10824110900007 0.21277992093404
6.11953175800007 0.0455169154163776
6.13082240700007 0.000553874404556774
6.14211305600007 0.0601676952663657
6.15340370500007 0.201069306328702
6.16469435400007 0.396877816006549
6.17598500300007 0.620576599913187
6.18727565200007 0.846744238980624
6.19856630100008 1.05339300491771
6.20985695000008 1.22329884898689
6.22114759900008 1.34476396683529
6.23243824800008 1.41181023162897
6.24372889700008 1.42385376857092
6.25501954600008 1.38495323534502
6.26631019500008 1.30275378118585
6.27760084400008 1.18726346985823
6.28889149300008 1.04959900743124
6.30018214200008 0.900824218239475
6.31147279100008 0.750980406482927
6.32276344000008 0.608375977050393
6.33405408900008 0.479167416706837
6.34534473800008 0.367228968560692
6.35663538700008 0.274277726091835
6.36792603600008 0.200197369161823
6.37921668500008 0.14348931993995
6.39050733400008 0.101775531280253
6.40179798300008 0.072282091666609
6.41308863200008 0.0522459357277828
6.42437928100008 0.0392059328325456
6.43566993000008 0.0311616777308286
6.44696057900008 0.0266054054117797
6.45825122800008 0.0244517230876478
6.46954187700008 0.0239038988975523
6.48083252600008 0.0243026190545216
6.49212317500008 0.0250026963871072
6.50341382400008 0.0253154508548009
6.51470447300008 0.024540602070219
6.52599512200008 0.022093524083195
6.53728577100008 0.0177141700452981
6.54857642000008 0.0117256725250489
6.55986706900008 0.00529625522605171
6.57115771800008 0.000649910198869522
6.58244836700008 0.00117083651052654
6.59373901600008 0.0113545064378346
6.60502966500008 0.0365739910341783
6.61632031400008 0.0826523782557563
6.62761096300008 0.155258393901764
6.63890161200008 0.259169664190173
6.65019226100008 0.397473070315143
6.66148291000008 0.570790999699455
6.67277355900008 0.776633070855097
6.68406420800008 1.00897294816734
6.69535485700008 1.25813808536889
6.70664550600008 1.51107681510823
6.71793615500008 1.75203363206164
6.72922680400008 1.96362254199667
6.74051745300009 2.12824374971197
6.75180810200009 2.22974521961021
6.76309875100009 2.25519252625772
6.77438940000009 2.19658247825434
6.78568004900009 2.05232211554733
6.79697069800009 1.8282975784805
6.80826134700009 1.53837826076689
6.81955199600009 1.20424009761014
6.83084264500009 0.854445518680141
6.84213329400009 0.522782536866099
6.85342394300009 0.245936257113507
6.86471459200009 0.0606364031103579
6.87600524100009 0.000487473197145969
6.88729589000009 0.0927372508266866
6.89858653900009 0.355268855308547
6.90987718800009 0.794107020358763
6.92116783700009 1.40170847530566
6.93245848600009 2.15625911545526
6.94374913500009 3.02212946728253
6.95503978400009 3.95154953855154
6.96633043300009 4.88746133135924
6.97762108200009 5.76740050344658
6.98891173100009 6.52815720862207
7.00020238000009 7.11087945787729
7.01149302900009 7.46621910751201
7.02278367800009 7.55908792507531
7.03407432700009 7.37259394411331
7.04536497600009 6.91076848200988
7.05665562500009 6.19977056811122
7.06794627400009 5.28736367167382
7.07923692300009 4.24059206321625
7.09052757200009 3.14173089074423
7.10181822100009 2.08273332047088
7.11310887000009 1.15853724731515
7.12439951900009 0.45971069653981
7.13569016800009 0.0649979786891183
7.14698081700009 0.0343691043112364
7.15827146600009 0.403167274700719
7.16956211500009 1.17789161732109
7.18085276400009 2.33404705359442
7.19214341300009 3.81634673259307
7.20343406200009 5.54137506841723
7.21472471100009 7.40262438251935
7.22601536000009 9.27762085276949
7.23730600900009 11.0366721547364
7.24859665800009 12.5526156315758
7.25988730700009 13.7108360258103
7.27117795600009 14.4187666799323
7.2824686050001 14.6140945124974
7.2937592540001 14.2709590410059
7.3050499030001 13.4035661275683
7.3163405520001 12.0668197455811
7.3276312010001 10.353797078534
7.3389218500001 8.39013712824357
7.3502124990001 6.32566171404211
7.3615031480001 4.32378027314028
7.3727937970001 2.54942682458839
7.3840844460001 1.15642165913238
7.3953750950001 0.275228294439916
7.4066657440001 0.00207944612169061
7.4179563930001 0.390371446880044
7.4292470420001 1.44507812190312
7.4405376910001 3.1207221170386
7.4518283400001 5.32317910054199
7.4631189890001 7.91529758904376
7.4744096380001 10.7260168498325
7.4857002870001 13.5623811328692
7.4969909360001 16.2236034944046
7.5082815850001 18.5161472937536
7.5195722340001 20.2686844490503
7.5308628830001 21.3457674412077
7.5421535320001 21.659120908278
7.5534441810001 21.1756153705667
7.5647348300001 19.921219986663
7.5760254790001 17.9805266475871
7.5873161280001 15.4917723067524
7.5986067770001 12.6376347341958
7.6098974260001 9.63241172836048
7.6211880750001 6.70648853971116
7.6324787240001 4.08922878574955
7.6437693730001 1.991570972403
7.6550600220001 0.589662609874642
7.6663506710001 0.0108109484981167
7.6776413200001 0.322875695626102
7.6889319690001 1.52798482802238
7.7002226180001 3.56113723326843
7.7115132670001 6.29388891934092
7.7228039160001 9.54293075872849
7.7340945650001 13.0829851995126
7.7453852140001 16.6631069412405
7.7566758630001 20.0251955791967
7.7679665120001 22.9233392906356
7.7792571610001 25.1425238220484
7.7905478100001 26.5152684569236
7.8018384590001 26.9348897366492
7.8131291080001 26.3643351585735
7.82441975700011 24.8398554384685
7.83571040600011 22.4691708938931
7.84700105500011 19.4242057443378
7.85829170400011 15.9288815157013
7.86958235300011 12.2428448729461
7.88087300200011 8.64232592964784
7.89216365100011 5.39955488119145
7.90345430000011 2.76228885087454
7.91474494900011 0.935006520973044
7.92603559800011 0.0632139672182552
7.93732624700011 0.222078967794061
7.94861689600011 1.41028953848781
7.95990754500011 3.54963971939791
7.97119819400011 6.49041157753745
7.98248884300011 10.0221802742383
7.99377949200011 13.8892529853316
8.00507014100011 17.8095947328808
8.01636079000011 21.4958227048703
8.02765143900011 24.6766867561973
8.03894208800011 27.1174105949895
8.0502327370001 28.6373494445136
8.0615233860001 29.1236198738658
8.0728140350001 28.5396609372198
8.0841046840001 26.928069614596
8.0953953330001 24.4074883902078
8.1066859820001 21.1637752213829
8.1179766310001 17.4361213231181
8.1292672800001 13.4991666089953
8.1405579290001 9.64246669365282
8.1518485780001 6.14886570103232
8.1631392270001 3.27341039976534
8.1744298760001 1.22439729108823
8.1857205250001 0.147978784579679
8.1970111740001 0.117480488666591
8.2083018230001 1.12822026147524
8.21959247200009 3.09819904825331
8.23088312100009 5.87458620095617
8.24217377000009 9.24548240935608
8.25346441900009 12.9560453094476
8.26475506800009 16.7277366561724
8.27604571700009 20.2792203342528
8.28733636600009 23.3473245231248
8.29862701500009 25.7064872419759
8.30991766400009 27.1852310271821
8.32120831300009 27.6784490777787
8.33249896200009 27.1546128604347
8.34378961100009 25.6574040180736
8.35508026000009 23.3017007709411
8.36637090900009 20.2642777246957
8.37766155800009 16.7699751822353
8.38895220700008 13.0744295114867
8.40024285600008 9.44470472831854
8.41153350500008 6.13930905332399
8.42282415400008 3.38910893812569
8.43411480300008 1.38056605678125
8.44540545200008 0.242528096520969
8.45669610100008 0.0375181548957978
8.46798675000008 0.758113308302561
8.47927739900008 2.32860858184973
8.49056804800008 4.61175896607578
8.50185869700008 7.42001042281519
8.51314934600008 10.5302999936973
8.52443999500008 13.7012498013027
8.53573064400008 16.6914183313212
8.54702129300007 19.277215766823
8.55831194200007 21.2691408939878
8.56960259100007 22.5251494433052
8.58089324000007 22.9602041392914
8.59218388900007 22.5513650954685
8.60347453800007 21.3381305041199
8.61476518700007 19.4181039669059
8.62605583600007 16.9384177933148
8.63734648500007 14.0836542598887
8.64863713400007 11.0612559432554
8.65992778300007 8.08558399200906
8.67121843200007 5.36185845480991
8.68250908100007 3.07119382415555
8.69379973000007 1.35782962941609
8.70509037900007 0.319461149105788
8.71638102800006 0.00131611568852116
8.72767167700006 0.394321266164043
8.73896232600006 1.43738216300145
8.75025297500006 3.02348611238118
8.76154362400006 5.00905530564832
8.77283427300006 7.22574653760722
8.78412492200006 9.49373143655754
8.79541557100006 11.635407722108
8.80670622000006 13.4884917716016
8.81799686900006 14.9175232910581
8.82928751800006 15.8229654752213
8.84057816700006 16.147294642881
8.85186881600006 15.8777237665516
8.86315946500006 15.045473833099
8.87445011400006 13.7217739776796
8.88574076300005 12.0110151152163
8.89703141200005 10.0416841359498
8.90832206100005 7.95585228012548
8.91961271000005 5.8980725836541
8.93090335900005 4.00455328344725
8.94219400800005 2.39341838647052
8.95348465700005 1.15675012833822
8.96477530600005 0.354942221839215
8.97606595500005 0.0136925545074513
8.98735660400005 0.12374643618619
8.99864725300005 0.643284441991976
9.00993790200005 1.50264942862093
9.02122855100005 2.6109404302712
9.03251920000005 3.86387866752504
9.04380984900004 5.15228060067125
9.05510049800004 6.37045810217655
9.06639114700004 7.42390510310136
9.07768179600004 8.23571788756344
9.08897244500004 8.75132331262518
9.10026309400004 8.94124361149177
9.11155374300004 8.8017944328
9.12284439200004 8.35378024590716
9.13413504100004 7.63940477630892
9.14542569000004 6.71774207708353
9.15671633900004 5.65920719373945
9.16800698800004 4.53951841320407
9.17929763700004 3.43365366437574
9.19058828600004 2.41027321418507
9.20187893500004 1.52701413601898
9.21316958400003 0.826966614946144
9.22446023300003 0.336527473487841
9.23575088200003 0.0647029143401356
9.24704153100003 0.00381108522477977
9.25833218000003 0.131425609739244
9.26962282900003 0.413312061297329
9.28091347800003 0.807046653777052
9.29220412700003 1.26597374831458
9.30349477600003 1.74315693182068
9.31478542500003 2.19500553051705
9.32607607400003 2.5843102361695
9.33736672300003 2.88249193620384
9.34865737200003 3.07094952164063
9.35994802100003 3.14147756030044
9.37123867000003 3.09580564034655
9.38252931900002 2.94438115864915
9.39381996800002 2.70457101990621
9.40511061700002 2.39849160892006
9.41640126600002 2.05068900036622
9.42769191500002 1.68588320572518
9.43898256400002 1.32696370520332
9.45027321300002 0.993382467969892
9.46156386200002 0.700040078873123
9.47285451100002 0.456705943188203
9.48414516000002 0.267960289802589
9.49543580900002 0.133598756046849
9.50672645800002 0.0494036588033406
9.51801710700002 0.00816229029732054
9.52930775600002 0.000802911721211317
9.54059840500001 0.0175232557857731
9.55188905400001 0.0488026325532788
9.56317970300001 0.0862143980087735
9.57447035200001 0.122987074235813
9.58576100100001 0.154295941308065
9.59705165000001 0.177298669649434
9.60834229900001 0.190955214645687
9.61963294800001 0.195691235996714
9.63092359700001 0.192974237891169
9.64221424600001 0.184872086476599
9.65350489500001 0.173655291956786
9.66479554400001 0.161489158996287
9.67608619300001 0.150242057914147
9.68737684200001 0.14141451739728
9.69866749100001 0.136173525215559
9.70995814 0.135460008416859
9.721248789 0.140127026154718
9.732539438 0.151063004231477
9.743830087 0.16925867019731
9.755120736 0.195787526557853
9.766411385 0.231686145521508
9.777702034 0.277739994559256
9.788992683 0.334200189534033
9.800283332 0.400473698780421
9.811573981 0.474841504170105
9.82286463 0.554264042285442
9.834155279 0.634329704679013
9.845445928 0.709390077303069
9.856736577 0.772905820597083
9.868027226 0.818001523465613
9.87931787499999 0.838199240343125
9.89060852399999 0.828272044721131
9.90189917299999 0.785134329074019
9.91318982199999 0.708668103422204
9.92448047099999 0.602376983971644
9.93577111999999 0.473763798524362
9.94706176899999 0.334344464736329
9.95835241799999 0.199239381565815
9.96964306699999 0.0863220151435129
9.98093371599999 0.0149494219796969
9.99222436499999 0.0043469204476097
10.003515014 0.071764179225922
10.014805663 0.230557681328192
10.026096312 0.488380249455292
10.037386961 0.845668346795178
10.04867761 1.29460975999649
10.059968259 1.81874722531474
10.071258908 2.3933285997878
10.082549557 2.98645418270456
10.093840206 3.56100132855772
10.105130855 4.0772314931895
10.116421504 4.49591213026117
10.127712153 4.78172249687901
10.139002802 4.90666514835166
10.150293451 4.85317937585237
10.1615841 4.61665309879713
10.172874749 4.20705767428986
10.184165398 3.64948520356483
10.195456047 2.98344713946122
10.206746696 2.26089086180406
10.218037345 1.54299987067706
10.229327994 0.895954345911372
10.240618643 0.385932273181951
10.251909292 0.0737174627228397
10.263199941 0.00934086151578679
10.27449059 0.22720864934843
10.285781239 0.7421602850011
10.297071888 1.5468505376705
10.308362537 2.61076352774672
10.319653186 3.88104916331482
10.330943835 5.28523138539718
10.342234484 6.73568408636204
10.353525133 8.13561685956959
10.364815782 9.38617195404129
10.376106431 10.3941185897631
10.38739708 11.0795522353078
10.398687729 11.382973086033
10.409978378 11.2711349132036
10.421269027 10.7411237737931
10.432559676 9.8222425828157
10.443850325 8.57543485564893
10.455140974 7.09016786683297
10.466431623 5.47889790503388
10.477722272 3.86944217844243
10.489012921 2.39576654427133
10.50030357 1.18784963309216
10.511594219 0.361388240180073
10.522884868 0.0081555217954546
10.534175517 0.187806363593861
10.545466166 0.921842098735359
10.556756815 2.19030366535092
10.568047464 3.93156758293435
10.579338113 6.04538664533848
10.590628762 8.39906441828194
10.601919411 10.8363992179808
10.61321006 13.188799700715
10.6245007089999 15.2877800630836
10.6357913579999 16.9779051475802
10.6470820069999 18.1291874606582
10.6583726559999 18.6479470315076
10.6696633049999 18.4852329633445
10.6809539539999 17.6420679249796
10.6922446029999 16.1710030250821
10.7035352519999 14.1737443748302
10.7148259009999 11.7949137413962
10.7261165499999 9.21231081752249
10.7374071989999 6.62432960079717
10.7486978479999 4.23542296133095
10.7599884969999 2.24068729817984
10.7712791459999 0.810737424730439
10.7825697949999 0.0780506111819124
10.7938604439999 0.125875064691583
10.8051510929999 0.980626352539801
10.8164417419999 2.60844679599999
10.8277323909999 4.91629547382825
10.8390230399999 7.7575930520826
10.8503136889999 10.942092449256
10.8616043379999 14.2493109480549
10.8728949869999 17.4445685489137
10.8841856359999 20.2964549234439
10.8954762849999 22.5944121401796
10.9067669339999 24.1650847499021
10.9180575829999 24.8861575572963
10.9293482319999 24.6965710526475
10.9406388809999 23.6022635996254
10.9519295299999 21.6769193925129
10.9632201789999 19.0575773368019
10.9745108279999 15.9353497556366
10.9858014769999 12.5418807206589
10.9970921259999 9.1325119220393
11.0083827749999 5.96739230574874
11.0196734239999 3.29194427197837
11.0309640729999 1.31816898289569
11.0422547219999 0.208229367270293
11.0535453709999 0.0615936418106649
11.0648360199999 0.906765274664794
11.0761266689999 2.69828601483889
11.0874173179999 5.31930228320913
11.0987079669999 8.58956198951683
11.1099986159999 12.2782912562764
11.1212892649999 16.1210210439028
11.1325799139999 19.8391220819427
11.1438705629999 23.1605876088706
11.1551612119999 25.8404949987561
11.1664518609999 27.6795887460423
11.1777425099999 28.5395585761476
11.1890331589999 28.353828405689
11.2003238079999 27.133006573013
11.2116144569999 24.9645499458874
11.2229051059999 22.0066335315853
11.2341957549999 18.4766593660095
11.2454864039999 14.6352496172885
11.2567770529999 10.7669171157597
11.2680677019999 7.15886476245927
11.2793583509999 4.07951319273687
11.2906489999999 1.75838188348863
