0 0
0.011290649 0
0.022581298 3.2711736496831e-006
0.033871947 5.15389211895551e-005
0.045162596 0.000315229528858829
0.056453245 0.00122623284619217
0.067743894 0.00362891232466657
0.079034543 0.00891956742295454
0.090325192 0.0191426998264754
0.101615841 0.0370146293114325
0.11290649 0.0658512031129036
0.124197139 0.109386073976862
0.135487788 0.171478423643162
0.146778437 0.255722895684507
0.158069086 0.364988471417801
0.169359735 0.500925580530898
0.180650384 0.663490437987875
0.191941033 0.850541183557369
0.203231682 1.05756093090356
0.214522331 1.27755779430556
0.22581298 1.50118133336521
0.237103629 1.71707914713847
0.248394278 1.91249757918901
0.259684927 2.07410813649007
0.270975576 2.18901809917026
0.282266225 2.2459019358733
0.293556874 2.23617161701465
0.304847523 2.15509067874966
0.316138172 2.0027305681931
0.327428821 1.78466956024239
0.33871947 1.51234494394588
0.350010119 1.20298811074888
0.361300768 0.879098794819224
0.372591417 0.567447472906551
0.383882066 0.297631663029371
0.395172715 0.100249917256314
0.406463364 0.00479372993520404
0.417754013 0.0373893383710535
0.429044662 0.218545587684163
0.440335311 0.561078163543514
0.45162596 1.06838267434582
0.462916609 1.73321819446763
0.474207258 2.53713880222197
0.485497907 3.45067420493845
0.496788556 4.43431358746471
0.508079205 5.44029212268135
0.519369854 6.41512068837326
0.530660503 7.30274034030161
0.541951152 8.04812836981862
0.553241801 8.60113666555011
0.56453245 8.92030958356253
0.575823099 8.9764109150239
0.587113747999999 8.75539017190987
0.598404396999999 8.26053845002344
0.609695045999999 7.51362339420236
0.620985694999999 6.55484969877153
0.632276343999999 5.44156317419803
0.643566992999999 4.24569851382709
0.654857641999999 3.05005831909198
0.666148290999999 1.943597822696
0.677438939999999 1.01596992291763
0.688729588999999 0.3516525687304
0.700020237999999 0.0240297356024787
0.711310886999999 0.0898237047298011
0.722601535999999 0.58427695083176
0.733892184999999 1.51745514207746
0.745182833999999 2.87198887731514
0.756473482999999 4.60249304928233
0.767764131999999 6.63680318928788
0.779054780999999 8.87905353230049
0.790345429999999 11.2144988914941
0.801636078999999 13.5158597118453
0.812926727999999 15.6508552545305
0.824217376999999 17.4904919684942
0.835508025999999 18.9176002301851
0.846798674999999 19.8350690024345
0.858089323999999 20.1732190457484
0.869379972999999 19.8957834317821
0.880670621999999 19.0040291791843
0.891961270999999 17.5386532703472
0.903251919999999 15.5792150848268
0.914542568999999 13.2410181615228
0.925833217999999 10.6695181188597
0.937123866999999 8.03250017608075
0.948414515999999 5.51042804150441
0.959705164999999 3.28550504584093
0.970995813999999 1.53009818687699
0.982286462999999 0.3952476211276
0.993577111999999 1.16519125171297e-005
1.004867761 0.42237666389591
1.01615841 1.69239202349986
1.027449059 3.7880741965523
1.038739708 6.634467898162
1.050030357 10.106063579498
1.061321006 14.0325610366005
1.072611655 18.2077512956124
1.083902304 22.401077135009
1.095192953 26.3712407641923
1.106483602 29.8810686456328
1.117774251 32.712729911145
1.1290649 34.6823454648305
1.140355549 35.6530256665433
1.151646198 35.5454377169815
1.162936847 34.3451277853489
1.174227496 32.1060017676553
1.185518145 28.9495927733802
1.196808794 25.0600001362694
1.208099443 20.6746584732118
1.219390092 16.0713689504711
1.230680741 11.5522807316697
1.24197139 7.42573138119575
1.253262039 3.98702525569094
1.264552688 1.49933585020928
1.275843337 0.175952554598938
1.287133986 0.165049580839389
1.298424635 1.53803504006849
1.309715284 4.28234636468212
1.321005933 8.29930439534586
1.332296582 13.4073367324953
1.343587231 19.3505491903043
1.35487788 25.8122827094143
1.366168529 32.4329634880626
1.377459178 38.8312579129131
1.388749827 44.6273011795011
1.400040476 49.4665965507717
1.411331125 53.043094268029
1.422621774 55.1199634758826
1.433912423 55.5466697574056
1.445203072 54.2711615963207
1.456493721 51.3462419188565
1.46778437 46.9295409033216
1.479075019 41.2768938136525
1.490365668 34.729339419458
1.501656317 27.6943650753954
1.512946966 20.62240754643
1.524237615 13.9799489756556
1.535528264 8.22080242764068
1.546818913 3.7573427893125
1.558109562 0.933493511221543
1.569400211 0.00122119787830973
1.58069086 1.10211891043931
1.591981509 4.25538292474878
1.603272158 9.35312118767231
1.614562807 16.1634955850249
1.625853456 24.3417201234922
1.637144105 33.4484424756322
1.648434754 42.9745580003456
1.659725403 52.3710740834796
1.671016052 61.0822870263288
1.682306701 68.5802782786214
1.69359735 74.3986003887202
1.704887999 78.1630173902869
1.716178648 79.6172932370331
1.727469297 78.642280679018
1.738759946 75.2669386388989
1.750050595 69.6703779534523
1.761341244 62.1745759411453
1.772631893 53.2279772460146
1.783922542 43.380776285328
1.795213191 33.2532189506812
1.80650384 23.4987328862321
1.817794489 14.7640652071616
1.829085138 7.64884812695382
1.840375787 2.66710829214163
1.851666436 0.213175132651627
1.862957085 0.534227288532092
1.874247734 3.71135406509205
1.885538383 9.65052022997142
1.896829032 18.0842350633896
1.908119681 28.5840750479171
1.91941033 40.5835334229498
1.930700979 53.4100109806287
1.941991628 66.3241627636283
1.953282277 78.5643137885655
1.964572926 89.3932873114699
1.975863575 98.1447776784042
1.987154224 104.266363304155
1.998444873 107.35640000024
2.009735522 107.192355676685
2.021026171 103.748628129812
2.03231682 97.2025015535302
2.043607469 87.9276089731701
2.054898118 76.4750344923971
2.066188767 63.5429641816743
2.077479416 49.9365292166999
2.088770065 36.5201325854853
2.100060714 24.1650688857138
2.111351363 13.6956002280965
2.122642012 5.83681444461924
2.133932661 1.16755047797661
2.14522331 0.0814283389269072
2.156513959 2.75857859533453
2.167804608 9.15005268549058
2.179095257 18.9761453307697
2.190385906 31.7390181121971
2.201676555 46.7491296912252
2.212967204 63.1641076258421
2.224257853 80.0378939545765
2.235548502 96.3773132298039
2.246839151 111.202692562109
2.2581298 123.608844168117
2.269420449 132.822625749707
2.280711098 138.253433079164
2.292001747 139.533348275185
2.303292396 136.544247810098
2.314583045 129.429934091306
2.325873694 118.592249490661
2.337164343 104.671108648927
2.348454992 88.5093843284169
2.359745641 71.1045420775027
2.37103629 53.5497788686775
2.382326939 36.9681251704049
2.39361758800001 22.443471800793
2.40490823700001 10.9527473604105
2.41619888600001 3.30347821229199
2.42748953500001 0.0807057770445985
2.43878018400001 1.60672659766121
2.45007083300001 7.91638639888996
2.46136148200001 18.7497419406514
2.47265213100001 33.5628577396463
2.48394278000001 51.5563916264991
2.49523342900001 71.7205117873663
2.50652407800001 92.8936476643299
2.51781472700001 113.831673893345
2.52910537600001 133.283418978181
2.54039602500001 150.06792608258
2.55168667400001 163.148705278781
2.56297732300001 171.700321274058
2.57426797200001 175.16305654117
2.58555862100001 173.282057223988
2.59684927000001 166.1282712455
2.60813991900001 154.099572543516
2.61943056800001 137.901667894569
2.63072121700001 118.509630526393
2.64201186600001 97.1121208098008
2.65330251500001 75.0414626071282
2.66459316400001 53.6936736422465
2.67588381300001 34.443238806617
2.68717446200001 18.5578197878555
2.69846511100001 7.11818300811122
2.70975576000001 0.948389970108046
2.72104640900001 0.560739254437661
2.73233705800001 6.11910699011936
2.74362770700001 17.4232503863543
2.75491835600001 33.9153802954546
2.76620900500001 54.7089491751804
2.77749965400001 78.6382230983147
2.78879030300001 104.325895906798
2.80008095200001 130.264842668236
2.81137160100001 154.909172683177
2.82266225000001 176.769091054841
2.83395289900001 194.503757103524
2.84524354800001 207.006362666678
2.85653419700001 213.476046843674
2.86782484600001 213.471997050827
2.87911549500001 206.946118979063
2.89040614400001 194.251930617748
2.90169679300001 176.128772555919
2.91298744200001 153.661941589881
2.92427809100001 128.220854428154
2.93556874000001 101.378739728571
2.94685938900002 74.8185519166483
2.95815003800002 50.2307222026523
2.96944068700002 29.208949758912
2.98073133600002 13.1504478308946
2.99202198500002 3.16687705092027
3.00331263400002 0.0116270228374179
3.01460328300002 4.02817717309902
3.02589393200002 15.1230314379944
3.03718458100002 32.7652508544637
3.04847523000002 56.0129913671003
3.05976587900002 83.565789294398
3.07105652800002 113.839726415995
3.08234717700002 145.061151114823
3.09363782600002 175.37342379162
3.10492847500002 202.950272167506
3.11621912400002 226.108844298419
3.12750977300002 243.415470292848
3.13880042200002 253.777498397215
3.15009107100002 256.515341228782
3.16138172000002 251.410011458893
3.17267236900002 238.722877427206
3.18396301800002 219.186042290939
3.19525366700002 193.963544763258
3.20654431600002 164.585385786297
3.21783496500002 132.858091935916
3.22912561400002 100.757025988553
3.24041626300002 70.3068523144553
3.25170691200002 43.4573814901431
3.26299756100002 21.9623991865562
3.27428821000002 7.26899971427889
3.28557885900002 0.424393762065491
3.29686950800002 2.00617088112952
3.30816015700002 12.0806256745686
3.31945080600002 30.1920823882439
3.33074145500002 55.3842753743148
3.34203210400002 86.2528762613844
3.35332275300002 121.026323147731
3.36461340200002 157.67032287031
3.37590405100002 194.009876680065
3.38719470000002 227.861519860665
3.39848534900002 257.167743229267
3.40977599800002 280.125329212822
3.42106664700002 295.29960792056
3.43235729600002 301.717408769506
3.44364794500002 298.932709289734
3.45493859400002 287.060594540358
3.46622924300002 266.777043177828
3.47751989200002 239.284135556093
3.48881054100003 206.242408900787
3.50010119000003 169.674133541516
3.51139183900003 131.843124771469
3.52268248800003 95.1182208505909
3.53397313700003 61.8286513828051
3.54526378600003 34.1201191346437
3.55655443500003 13.8204794211109
3.56784508400003 2.32341431298393
3.57913573300003 0.497487731299098
3.59042638200003 8.62648830228027
3.60171703100003 26.3851055608657
3.61300768000003 52.8518522524939
3.62429832900003 86.5588697055149
3.63558897800003 125.575973472805
3.64687962700003 167.624153464931
3.65817027600003 210.211870576357
3.66946092500003 250.786009097933
3.68075157400003 286.888347051626
3.69204222300003 316.307962097735
3.70333287200003 337.220132575931
3.71462352100003 348.303019415693
3.72591417000003 348.824686825673
3.73720481900003 338.694765412895
3.74849546800003 318.477178187143
3.75978611700003 289.362711200279
3.77107676600003 253.102673270213
3.78236741500003 211.907302413805
3.79365806400003 168.31479072673
3.80494871300003 125.038675621083
3.81623936200003 84.8027640394388
3.82753001100003 50.1736249368654
3.83882066000003 23.4009443588963
3.85011130900003 6.27566424977101
3.86140195800003 0.0148369120585511
3.87269260700003 5.18057623440429
3.88398325600003 21.6384641019533
3.89527390500003 48.5583955954719
3.90656455400003 84.4582624787927
3.91785520300003 127.288238315819
3.92914585200003 174.55090246895
3.94043650100003 223.450181242294
3.95172715000003 271.060234734303
3.96301779900003 314.504095962813
3.97430844800003 351.131161585608
3.98559909700003 378.682591080252
3.99688974600003 395.434303068583
4.00818039500003 400.308531552888
4.01947104400003 392.94674917903
4.03076169300004 373.739071330046
4.04205234200004 343.80788631922
4.05334299100004 304.946254188286
4.06463364000004 259.514408777321
4.07592428900004 210.300312557611
4.08721493800004 160.352488156654
4.09850558700004 112.795140871806
4.10979623600004 70.636777514804
4.12108688500004 36.5840392312138
4.13237753400004 12.8722611636874
4.14366818300004 1.12335550276034
4.15495883200004 2.24003607323847
4.16624948100004 16.3432529472496
4.17754013000004 42.7571115957132
4.18883077900004 80.0426683751801
4.20012142800004 126.078997607953
4.21141207700004 178.186998778652
4.22270272600004 233.288736538236
4.23399337500004 288.092848645232
4.24528402400004 339.294860862468
4.25657467300004 383.780223089523
4.26786532200004 418.817597215213
4.27915597100004 442.230408858394
4.29044662000004 452.535899896884
4.30173726900004 449.042817999263
4.31302791800004 431.901342569991
4.32431856700004 402.101727084529
4.33560921600004 361.421262114299
4.34689986500004 312.322341160926
4.35819051400004 257.807447409428
4.36948116300004 201.239585280201
4.38077181200004 146.138886437328
4.39206246100004 95.9676851860157
4.40335311000004 53.9171806475094
4.41464375900004 22.7088252741771
4.42593440800004 4.42279250333675
4.43722505700004 0.364321772023733
4.44851570600004 10.976505548766
4.45980635500004 35.8053019550136
4.47109700400004 73.5193943470152
4.48238765300004 121.984167286781
4.49367830200004 178.38573142915
4.50496895100004 239.397813668078
4.51625960000004 301.381627319991
4.52755024900004 360.606720242023
4.53884089800004 413.479402125929
4.55013154700004 456.764768124944
4.56142219600004 487.788607552251
4.57271284500005 504.606604383355
4.58400349400005 506.130139217066
4.59529414300005 492.200579824996
4.60658479200005 463.607046557964
4.61787544100005 422.046073334623
4.62916609000005 370.025146108999
4.64045673900005 310.715570402876
4.65174738800005 247.763283272147
4.66303803700005 185.06888554737
4.67432868600005 126.550159270755
4.68561933500005 75.9015248002383
4.69690998400005 36.3652020886034
4.70820063300005 10.5282446928968
4.71949128200005 0.158142226709389
4.73078193100005 6.08742058489974
4.74207258000005 28.1547422622199
4.75336322900005 65.2065961571236
4.76465387800005 115.159973472643
4.77594452700005 175.122678703208
4.78723517600005 241.564352461857
4.79852582500005 310.528107374755
4.80981647400005 377.870098147174
4.82110712300005 439.512525840344
4.83239777200005 491.694632635537
4.84368842100005 531.206242083146
4.85497907000005 555.589348720237
4.86626971900005 563.29510923041
4.87756036800005 553.786228475874
4.88885101700005 527.578011548199
4.90014166600005 486.215070819199
4.91143231500005 432.18460953183
4.92272296400005 368.771110459746
4.93401361300005 299.860898964303
4.94530426200005 229.708198268032
4.95659491100005 162.67675335021
4.96788556000005 102.972711884792
4.97917620900005 54.3851103017709
4.99046685800005 20.0499723757104
5.00175750700005 2.25269994483648
5.01304815600005 2.28119451322963
5.02433880500005 20.3391254257298
5.03562945400005 55.5251350136685
5.04692010300005 105.879762013179
5.05821075200005 168.497715365899
5.06950140100005 239.699095407676
5.08079205000005 315.249487522957
5.09208269900005 390.6157732116
5.10337334800005 461.242209106535
5.11466399700006 522.829962826295
5.12595464600006 571.602956382555
5.13724529500006 604.543581624677
5.14853594400006 619.583581811969
5.15982659300006 615.738040008961
5.17111724200006 593.173822596969
5.18240789100006 553.20779081201
5.19369854000006 498.234375112397
5.20498918900006 431.586445329569
5.21627983800006 357.337537575812
5.22757048700006 280.057161376156
5.23886113600006 204.533878844396
5.25015178500006 135.482934372981
5.26144243400006 77.2562835746975
5.27273308300006 33.5728509800262
5.28402373200006 7.28573063090313
5.29531438100006 0.200892972744222
5.30660503000006 12.9589002054361
5.31789567900006 44.9873422766574
5.32918632800006 94.5274148645052
5.34047697700006 158.733529293718
5.35176762600006 233.840349281919
5.36305827500006 315.387467347585
5.37434892400006 398.488323943465
5.38563957300006 478.127160832246
5.39693022200006 549.46596529909
5.40822087100006 608.142623075117
5.41951152000006 650.54190831601
5.43080216900006 674.022481321695
5.44209281800006 677.085651851759
5.45338346700006 659.475145996054
5.46467411600006 622.201279760684
5.47596476500006 567.487541444972
5.48725541400006 498.64233775665
5.49854606300006 419.863274324012
5.50983671200006 335.985535168731
5.52112736100006 252.1894371757
5.53241801000006 173.684844227906
5.54370865900006 105.391665090352
5.55499930800006 51.636027587988
5.56628995700006 15.8808887054129
5.57758060600006 0.507849179687194
5.58887125500006 6.6639066899349
5.60016190400006 34.1829835001029
5.61145255300006 81.5875362985616
5.62274320200006 146.170672167404
5.63403385100006 224.154252927831
5.64532450000006 310.913773863088
5.65661514900007 401.256642212443
5.66790579800007 489.73711500281
5.67919644700007 570.988796696432
5.69048709600007 640.054396217883
5.70177774500007 692.692481393998
5.71306839400007 725.642252244037
5.72435904300007 736.829811955059
5.73564969200007 725.502902218487
5.74694034100007 692.285380093557
5.75823099000007 639.147587031291
5.76952163900007 569.293901235445
5.78081228800007 486.973857977378
5.79210293700007 397.227955576579
5.80339358600007 305.5833444563
5.81468423500007 217.71776826988
5.82597488400007 139.112189085363
5.83726553300007 74.7133494227368
5.84855618200007 28.6270444858288
5.85984683100007 3.86111969459417
5.87113748000007 2.13427179614383
5.88242812900007 23.7627896455198
5.89371877800007 67.6326592654808
5.90500942700007 131.259261789514
5.91630007600007 210.931528630472
5.92759072500007 301.93221421121
5.93888137400007 398.821223483312
5.95017202300007 495.764982257617
5.96146267200007 586.891910286094
5.97275332100007 666.652336008915
5.98404397000007 730.160790794172
5.99533461900007 773.499571796629
6.00662526800007 793.964715796148
6.01791591700007 790.23895080291
6.02920656600007 762.480584372525
6.04049721500007 712.322383347281
6.05178786400007 642.77999025281
6.06307851300007 558.074971904493
6.07436916200007 463.382865373478
6.08565981100007 364.5212500649
6.09695046000007 267.596642359579
6.10824110900007 178.631644529548
6.11953175800007 103.195114131319
6.13082240700007 46.0580644309929
6.14211305600007 10.8965561300583
6.15340370500007 0.0600768939233397
6.16469435400007 14.4199902336416
6.17598500300007 53.3078030810323
6.18727565200007 114.547543513408
6.19856630100008 194.580788178051
6.20985695000008 288.677184603953
6.22114759900008 391.218026759238
6.23243824800008 496.035889819886
6.24372889700008 596.789795762611
6.25501954600008 687.353087722642
6.26631019500008 762.190285730809
6.27760084400008 816.699742668407
6.28889149300008 847.500891452532
6.30018214200008 852.648159271713
6.31147279100008 831.758027581521
6.32276344000008 786.040973270149
6.33405408900008 718.235818777629
6.34534473800008 632.449994251097
6.35663538700008 533.915007163518
6.36792603600008 428.671667612977
6.37921668500008 323.20400538145
6.39050733400008 224.044063777168
6.40179798300008 137.371659808932
6.41308863200008 68.6336363122396
6.42437928100008 22.2060647520888
6.43566993000008 1.12034516318958
6.44696057900008 6.87033870826371
6.45825122800008 39.3127858057866
6.46954187700008 96.6676028483235
6.48083252600008 175.61855661253
6.49212317500008 271.508659389739
6.50341382400008 378.618787215707
6.51470447300008 490.512858500093
6.52599512200008 600.428741369246
6.53728577100008 701.691146139132
6.54857642000008 788.121289677087
6.55986706900008 854.418188529696
6.57115771800008 896.488051088018
6.58244836700008 911.701304492593
6.59373901600008 899.061128607437
6.60502966500008 859.272717417649
6.61632031400008 794.708524439524
6.62761096300008 709.271106122269
6.63890161200008 608.161467167666
6.65019226100008 497.566647816292
6.66148291000008 384.285315008818
6.67277355900008 275.314014705606
6.68406420800008 177.419266929741
6.69535485700008 96.7216766521261
6.70664550600008 38.317624125965
6.71793615500008 5.96191731683067
6.72922680400008 1.83116288571476
6.74051745300009 26.3827563152963
6.75180810200009 78.3185982948649
6.76309875100009 154.656264426578
6.77438940000009 250.903777403111
6.78568004900009 361.327757755514
6.79697069800009 479.298953145672
6.80826134700009 597.694324268643
6.81955199600009 709.331298147522
6.83084264500009 807.407711768214
6.84213329400009 885.920495689142
6.85342394300009 940.037325082367
6.86471459200009 966.39823006198
6.87600524100009 963.328345897213
6.88729589000009 930.948346381978
6.89858653900009 871.175316622192
6.90987718800009 787.613507506924
6.92116783700009 685.341165082231
6.93245848600009 570.606030021546
6.94374913500009 450.447760981259
6.95503978400009 332.270100265999
6.96633043300009 223.388785868015
6.97762108200009 130.582818888977
6.98891173100009 59.6766139942418
7.00020238000009 15.1787902925385
7.01149302900009 1.91217515409567e-006
7.02278367800009 15.2674604873829
7.03407432700009 60.2479508239314
7.04536497600009 132.384540238775
7.05665562500009 227.445233103178
7.06794627400009 339.774949742684
7.07923692300009 462.635835011434
7.09052757200009 588.61541977514
7.10181822100009 710.07790841953
7.11310887000009 819.631113452639
7.12439951900009 910.580479627843
7.13569016800009 977.342308197973
7.14698081700009 1015.79067347235
7.15827146600009 1023.51648006481
7.16956211500009 999.982404157853
7.18085276400009 946.563776681831
7.19214341300009 866.472417511295
7.20343406200009 764.567593917268
7.21472471100009 647.065215029362
7.22601536000009 521.162660386844
7.23730600900009 394.601886446948
7.24859665800009 275.197334032513
7.25988730700009 170.35742848536
7.27117795600009 86.6289768742611
7.2824686050001 29.2924842504353
7.2937592540001 2.03340487534399
7.3050499030001 6.70979183267847
7.3163405520001 43.2309823505046
7.3276312010001 109.555208623008
7.3389218500001 201.806765026138
7.3502124990001 314.506035501555
7.3615031480001 440.898738658534
7.3727937970001 573.364610386203
7.3840844460001 703.880794180862
7.3953750950001 824.511756318031
7.4066657440001 927.895804211631
7.4179563930001 1007.69837529105
7.4292470420001 1059.00418230715
7.4405376910001 1078.62393874496
7.4518283400001 1065.29652867225
7.4631189890001 1019.77381954666
7.4744096380001 944.782460468199
7.4857002870001 844.864527153103
7.4969909360001 726.106308881381
7.5082815850001 595.771425613223
7.5195722340001 461.860390568659
7.5308628830001 332.623327615994
7.5421535320001 216.055526957696
7.5534441810001 119.406688238535
7.5647348300001 48.7339789329521
7.5760254790001 8.52646473384263
7.5873161280001 1.42419830291948
7.5986067770001 28.0495385823384
7.6098974260001 86.9614598559222
7.6211880750001 174.736111526778
7.6324787240001 286.169163364303
7.6437693730001 414.587989677781
7.6550600220001 552.254969147536
7.6663506710001 690.837523034475
7.6776413200001 821.916334033508
7.6889319690001 937.500742896191
7.7002226180001 1030.51976642162
7.7115132670001 1095.25855936409
7.7228039160001 1127.71337672911
7.7340945650001 1125.84299028222
7.7453852140001 1089.70077962761
7.7566758630001 1021.43897464606
7.7679665120001 925.184331064884
7.7792571610001 806.792397890687
7.7905478100001 673.495001679175
7.8018384590001 533.462168917615
7.8131291080001 395.305026646904
7.82441975700011 267.54993223657
7.83571040600011 158.115952775138
7.84700105500011 73.8277217668196
7.85829170400011 19.9936445550271
7.86958235300011 0.0755233445746496
7.88087300200011 15.4701605922659
7.89216365100011 65.4167082302964
7.90345430000011 147.035871615176
7.91474494900011 255.499017789863
7.92603559800011 384.317270313197
7.93732624700011 525.733286297508
7.94861689600011 671.19206020782
7.95990754500011 811.862176268679
7.97119819400011 939.175743599102
7.98248884300011 1045.35399670581
7.99377949200011 1123.88631192268
8.00507014100011 1169.93313745825
8.01636079000011 1180.62789909643
8.02765143900011 1155.25905151382
8.03894208800011 1095.32072731925
8.0502327370001 1004.42844976161
8.0615233860001 888.104631749543
8.0728140350001 753.446578054868
8.0841046840001 608.696948441458
8.0953953330001 462.742680683664
8.1066859820001 324.572839820995
8.1179766310001 202.728474634938
8.1292672800001 104.778158012363
8.1405579290001 36.8514216078268
8.1518485780001 3.2588503366861
8.1631392270001 6.22238359137507
8.1744298760001 45.7326919346002
8.1857205250001 119.542765111869
8.1970111740001 223.298530203124
8.2083018230001 350.79892554346
8.21959247200009 494.369900884521
8.23088312100009 645.329786085908
8.24217377000009 794.517803052538
8.25346441900009 932.853540232871
8.26475506800009 1051.89321344826
8.27604571700009 1144.34862943805
8.28733636600009 1204.53694996594
8.29862701500009 1228.73349728426
8.30991766400009 1215.40569821255
8.32120831300009 1165.3134802903
8.33249896200009 1081.46957123073
8.34378961100009 968.961716251112
8.35508026000009 834.647293238623
8.36637090900009 686.738654027985
8.37766155800009 534.304268509557
8.38895220700008 386.715980035422
8.40024285600008 253.076070573838
8.41153350500008 141.659169144551
8.42282415400008 59.4032294497035
8.43411480300008 11.4808955767937
8.44540545200008 0.977740278877541
8.45669610100008 28.6973893478721
8.46798675000008 93.1058298519874
8.47927739900008 190.418708784545
8.49056804800008 314.826680111869
8.50185869700008 458.845387697598
8.51314934600008 613.768998975182
8.52443999500008 770.19980195351
8.53573064400008 918.621642052787
8.54702129300007 1049.98220024372
8.55831194200007 1156.24847549491
8.56960259100007 1230.90137765404
8.58089324000007 1269.33897304769
8.59218388900007 1269.16343721337
8.60347453800007 1230.33382463874
8.61476518700007 1155.17493604762
8.62605583600007 1048.24135200381
8.63734648500007 916.044570570787
8.64863713400007 766.659593244847
8.65992778300007 609.234731035621
8.67121843200007 453.434393671829
8.68250908100007 308.848808555759
8.69379973000007 184.406731153936
8.70509037900007 87.8271199522415
8.71638102800006 25.1434565695289
8.72767167700006 0.330029824186062
8.73896232600006 15.0533333539961
8.75025297500006 68.5641231087216
8.76154362400006 157.737105821856
8.77283427300006 277.25620532625
8.78412492200006 419.934432066781
8.79541557100006 577.149109252752
8.80670622000006 739.366095235802
8.81799686900006 896.721124670113
8.82928751800006 1039.62281283946
8.84057816700006 1159.34045229639
8.85186881600006 1248.5405707529
8.86315946500006 1301.73926813161
8.87445011400006 1315.64242749773
8.88574076300005 1289.35269319873
8.89703141200005 1224.43021764521
8.90832206100005 1124.80310222775
8.91961271000005 996.532653139117
8.93090335900005 847.44747667812
8.94219400800005 686.668504775639
8.95348465700005 524.053773841026
8.96477530600005 369.596762956451
8.97606595500005 232.815021528901
8.98735660400005 122.166497742211
8.99864725300005 44.5293705214901
9.00993790200005 4.77738240940749
9.02122855100005 5.47689674679959
9.03251920000005 46.7245089918701
9.04380984900004 126.135478083235
9.05510049800004 238.984031376491
9.06639114700004 378.48729871337
9.07768179600004 536.215816998463
9.08897244500004 702.605757296479
9.10026309400004 867.541741394046
9.11155374300004 1020.97472238254
9.12284439200004 1153.53717741056
9.13413504100004 1257.11794153503
9.14542569000004 1325.36139973665
9.15671633900004 1354.06030846535
9.16800698800004 1341.41796433058
9.17929763700004 1288.1633850248
9.19058828600004 1197.51213271712
9.20187893500004 1074.97484603374
9.21316958400003 928.024876387701
9.22446023300003 765.645076136775
9.23575088200003 597.78122844755
9.24704153100003 434.735383394672
9.25833218000003 286.536114492053
9.26962282900003 162.324200606257
9.28091347800003 69.7913740004757
9.29220412700003 14.7066041280078
9.30349477600003 0.559098185931817
9.31478542500003 28.3401129110402
9.32607607400003 96.4772180060807
9.33736672300003 200.92534493653
9.34865737200003 335.409363923329
9.35994802100003 491.803643626883
9.37123867000003 660.625631771255
9.38252931900002 831.613468013673
9.39381996800002 994.352435870306
9.40511061700002 1138.9120008327
9.41640126600002 1256.45445857287
9.42769191500002 1339.77787921446
9.43898256400002 1383.75998390258
9.45027321300002 1385.67559084139
9.46156386200002 1345.36795602001
9.47285451100002 1265.26324140368
9.48414516000002 1150.22692722375
9.49543580900002 1007.27065949219
9.50672645800002 845.127196667224
9.51801710700002 673.719227795813
9.52930775600002 503.55437988524
9.54059840500001 345.083310948474
9.55188905400001 208.06011307988
9.56317970300001 100.944180343431
9.57447035200001 30.3802290687448
9.58576100100001 0.788440078732199
9.59705165000001 14.090008279242
9.60834229900001 69.5851407191996
9.61963294800001 163.991241765346
9.63092359700001 291.639231219879
9.64221424600001 444.816256874066
9.65350489500001 614.234080380453
9.66479554400001 789.594685745691
9.67608619300001 960.218658717755
9.68737684200001 1115.69798334209
9.69866749100001 1246.53334154955
9.70995814 1344.71688237314
9.721248789 1404.22469948961
9.732539438 1421.38872291914
9.743830087 1395.12506179733
9.755120736 1327.00458435547
9.766411385 1221.16115520331
9.777702034 1084.04288023918
9.788992683 924.021328429529
9.800283332 750.882417796989
9.811573981 575.229934933574
9.82286463 407.838055002054
9.834155279 258.992408973616
9.845445928 137.860008537426
9.856736577 51.9266361224077
9.868027226 6.53623819190003
9.87931787499999 4.56066987620688
9.89060852399999 46.2202038280433
9.90189917299999 129.066019102544
9.91318982199999 248.125988080458
9.92448047099999 396.205085941168
9.93577111999999 564.322269702965
9.94706176899999 742.257293455044
9.95835241799999 919.174157868859
9.96964306699999 1084.28315221509
9.98093371599999 1227.50102913025
9.99222436499999 1340.06890772418
10.003515014 1415.09002950622
10.014805663 1447.95434277534
10.026096312 1436.62377088147
10.037386961 1381.76050979391
10.04867761 1286.69028318036
10.059968259 1157.20257353232
10.071258908 1001.19982869975
10.082549557 828.21690328829
10.093840206 648.839965793682
10.105130855 474.060295289691
10.116421504 314.602424376762
10.127712153 180.267708117929
10.139002802 79.3335092404903
10.150293451 18.0448390805549
10.1615841 0.229683487211345
10.172874749 27.0617136942158
10.184165398 96.9850924646061
10.195456047 205.806184093711
10.206746696 346.946768143609
10.218037345 511.84346567165
10.229327994 690.469119145996
10.240618643 871.944373365096
10.251909292 1045.20214512107
10.263199941 1199.66438681039
10.27449059 1325.88974744072
10.285781239 1416.15246560706
10.297071888 1464.91699008958
10.308362537 1469.17916293207
10.319653186 1428.65293170699
10.330943835 1345.79098645852
10.342234484 1225.63786685043
10.353525133 1075.52433581513
10.364815782 904.621540101921
10.376106431 723.382079688633
10.38739708 542.902059228746
10.398687729 374.243068190245
10.409978378 227.755531462501
10.421269027 112.44483360897
10.432559676 35.4190472230312
10.443850325 1.45214374753392
10.455140974 12.6895342303458
10.466431623 68.5141059837063
10.477722272 165.581118677445
10.489012921 298.019998889564
10.50030357 457.790857010667
10.511594219 635.17407005309
10.522884868 819.363109407163
10.534175517 999.124445001366
10.545466166 1163.48421701484
10.556756815 1302.39968887115
10.568047464 1407.37438579576
10.579338113 1471.97922972282
10.590628762 1492.24769769141
10.601919411 1466.92070937527
10.61321006 1397.52612189396
10.6245007089999 1288.28781650773
10.6357913579999 1145.86978446342
10.6470820069999 978.970720468626
10.6583726559999 797.793793461476
10.6696633049999 613.423923938605
10.6809539539999 437.150584954205
10.6922446029999 279.777510145818
10.7035352519999 150.961528733363
10.7148259009999 58.6210010056471
10.7261165499999 8.45010305907778
10.7374071989999 3.56876299002122
10.7486978479999 44.3297750903811
10.7599884969999 128.295018870441
10.7712791459999 250.382372411642
10.7825697949999 403.174466735259
10.7938604439999 577.37051862158
10.8051510929999 762.353710529719
10.8164417419999 946.839495511761
10.8277323909999 1119.56522754376
10.8390230399999 1269.97895973849
10.8503136889999 1388.88527281373
10.8616043379999 1469.00859464248
10.8728949869999 1505.43949154604
10.8841856359999 1495.93654772117
10.8954762849999 1441.06526559447
10.9067669339999 1344.16537857376
10.9180575829999 1211.14845992136
10.9293482319999 1050.13809554037
10.9406388809999 870.974528764836
10.9519295299999 684.613991299907
10.9632201789999 502.459397073253
10.9745108279999 335.663298245879
10.9858014769999 194.445725157505
10.9970921259999 87.4686475763461
11.0083827749999 21.3053558078362
11.0196734239999 0.0372758957543334
11.0309640729999 25.00295591273
11.0422547219999 94.7146649636843
11.0535453709999 204.947800989406
11.0648360199999 348.99773421293
11.0761266689999 518.088466738657
11.0874173179999 701.908192607421
11.0987079669999 889.239065932754
11.1099986159999 1068.64270429938
11.1212892649999 1229.15952517192
11.1325799139999 1360.97914570794
11.1438705629999 1456.04082546216
11.1551612119999 1508.52719126335
11.1664518609999 1515.22099458765
11.1777425099999 1475.70301667237
11.1890331589999 1392.37894440239
11.2003238079999 1270.33349721638
11.2116144569999 1117.02065235218
11.2229051059999 941.808846101672
11.2341957549999 755.408908361399
11.2454864039999 569.219672805978
11.2567770529999 394.631255110215
11.2680677019999 242.328596927315
11.2793583509999 121.637873411711
11.2906489999999 39.9557559546628
