0 0
0.011290649 0
0.022581298 3.57263234238863e-006
0.033871947 5.6249275852068e-005
0.045162596 0.000343701814282207
0.056453245 0.00133528893589909
0.067743894 0.00394545469663621
0.079034543 0.00967942540470592
0.090325192 0.0207279414403948
0.101615841 0.0399787871842089
0.11290649 0.0709205346495044
0.124197139 0.117425567980856
0.135487788 0.183414011500576
0.146778437 0.272416175159239
0.158069086 0.387066851325807
0.169359735 0.528578463024255
0.180650384 0.696249992782799
0.191941033 0.887073402661225
0.203231682 1.09549790615788
0.214522331 1.31340453555903
0.22581298 1.53032915012911
0.237103629 1.73395217994871
0.248394278 1.91084942955433
0.259684927 2.0474721146946
0.270975576 2.13129827403288
0.282266225 2.15207425607683
0.293556874 2.10304655707682
0.304847523 1.98207303882956
0.316138172 1.79250016858425
0.327428821 1.54370041832093
0.33871947 1.25118156352625
0.350010119 0.936206688374915
0.361300768 0.624898717716908
0.372591417 0.346843936901595
0.383882066 0.133252249756839
0.395172715 0.0147744332530192
0.406463364 0.0191147514773133
0.417754013 0.168607464683077
0.429044662 0.477944879571119
0.440335311 0.952250182030831
0.45162596 1.5856788454613
0.462916609 2.36070749818733
0.474207258 3.24822955957328
0.485497907 4.20852474331763
0.496788556 5.19310785187278
0.508079205 6.14739528911003
0.519369854 7.01406024129024
0.530660503 7.73688472514483
0.541951152 8.26486386154597
0.553241801 8.55627956315663
0.56453245 8.58244126318838
0.575823099 8.33079312467269
0.587113747999999 7.80711166378135
0.598404396999999 7.03656456253043
0.609695045999999 6.06346858829453
0.620985694999999 4.94966827536263
0.632276343999999 3.77155218037149
0.643566992999999 2.61582375569531
0.654857641999999 1.57424209358456
0.666148290999999 0.737636612487507
0.677438939999999 0.189572085738196
0.688729588999999 8.99604357697753e-005
0.700020237999999 0.219973707762092
0.711310886999999 0.875976767844497
0.722601535999999 1.96741037094279
0.733892184999999 3.46441627896193
0.745182833999999 5.30814975688249
0.756473482999999 7.41297649238783
0.767764131999999 9.67065125433252
0.779054780999999 11.9563047675053
0.790345429999999 14.1359283870345
0.801636078999999 16.0749236736739
0.812926727999999 17.6471853716882
0.824217376999999 18.7441198163928
0.835508025999999 19.2829728124367
0.846798674999999 19.2138554671288
0.858089323999999 18.5249144568919
0.869379972999999 17.2451928398348
0.880670621999999 15.4448638584376
0.891961270999999 13.2326854345953
0.903251919999999 10.7507070737392
0.914542568999999 8.16645170336357
0.925833217999999 5.66297958489246
0.937123866999999 3.42740670998577
0.948414515999999 1.63858363690699
0.959705164999999 0.454731816088678
0.970995813999999 0.00187485908913038
0.982286462999999 0.363886852607614
0.993577111999999 1.57490729622489
1.004867761 3.61474504398411
1.01615841 6.40771814675999
1.027449059 9.82516272707493
1.038739708 13.6916050368925
1.050030357 17.794341999289
1.061321006 21.8959334731602
1.072611655 25.748891071167
1.083902304 29.1116695211629
1.095192953 31.764941122406
1.106483602 33.5270725236965
1.117774251 34.2677325795693
1.1290649 33.9186425712671
1.140355549 32.4806328494798
1.151646198 30.026385299507
1.162936847 26.698506719768
1.174227496 22.7028781239226
1.185518145 18.2975400775522
1.196808794 13.7776836806119
1.208099443 9.45759954714935
1.219390092 5.65067300686452
1.230680741 2.64868511109499
1.24197139 0.701771967915195
1.253262039 0.000400378903579425
1.264552688 0.660632230994899
1.275843337 2.71377617077244
1.287133986 6.10127137926969
1.298424635 10.6753290794938
1.309715284 16.2054919566156
1.321005933 22.390882927965
1.332296582 28.8775279780467
1.343587231 35.2797790854354
1.35487788 41.2045575935206
1.366168529 46.2769079440804
1.377459178 50.165214391773
1.388749827 52.6044013580568
1.400040476 53.4155169923675
1.411331125 52.5202875523692
1.422621774 49.9495182893451
1.433912423 45.8445885405436
1.445203072 40.4517224816262
1.456493721 34.1091854618755
1.46778437 27.2280288711817
1.479075019 20.2674526942449
1.490365668 13.7062437680502
1.501656317 8.01205166774531
1.512946966 3.61046035127867
1.524237615 0.855885958124366
1.535528264 0.00627103539483577
1.546818913 1.20335308562734
1.558109562 4.45996963664944
1.569400211 9.65544043118847
1.58069086 16.5395647682498
1.591981509 24.7452195320649
1.603272158 33.8089762361489
1.614562807 43.1986106631705
1.625853456 52.3458931020025
1.637144105 60.682654554408
1.648434754 67.6778531383539
1.659725403 72.8732364981717
1.671016052 75.915222694861
1.682306701 76.5808061942118
1.69359735 74.795629227008
1.704887999 70.6428238834123
1.716178648 64.3617995675973
1.727469297 56.33678902141
1.738759946 47.0756336846246
1.750050595 37.1799424007129
1.761341244 27.3083529513991
1.772631893 18.1351228783527
1.783922542 10.30663927693
1.795213191 4.39863942722901
1.80650384 0.87695791862339
1.817794489 0.0644553273580016
1.829085138 2.11644454315776
1.840375787 7.00643144204699
1.851666436 14.5233557139294
1.862957085 24.280793585054
1.874247734 35.7378122951837
1.885538383 48.2303960947473
1.896829032 61.0116458721979
1.908119681 73.2983376988189
1.91941033 84.3209524745689
1.930700979 93.3739939013917
1.941991628 99.8633187027274
1.953282277 103.347322131182
1.964572926 103.569150420125
1.975863575 100.477633162321
1.987154224 94.2353128185083
1.998444873 85.2127544792171
2.009735522 73.9691965179236
2.021026171 61.2204959636793
2.03231682 47.7961731035444
2.043607469 34.5881113293451
2.054898118 22.494069170484
2.066188767 12.3595691686628
2.077479416 4.92191186778979
2.088770065 0.760005861872762
2.100060714 0.253405151039868
2.111351363 3.55341744289696
2.122642012 10.5684211863965
2.133932661 20.9646483332651
2.14522331 34.1827084369562
2.156513959 49.4691097877025
2.167804608 65.9210407168036
2.179095257 82.5417744203577
2.190385906 98.3033143542958
2.201676555 112.212356332042
2.212967204 123.375347419583
2.224257853 131.058394853039
2.235548502 134.738027665849
2.246839151 134.139328745061
2.2581298 129.258707301461
2.269420449 120.369526833252
2.280711098 108.009883710793
2.292001747 92.9529786857008
2.303292396 76.1616644034201
2.314583045 58.729811843317
2.325873694 41.8140468461529
2.337164343 26.5601023845227
2.348454992 14.0284636285636
2.359745641 5.12411803730143
2.37103629 0.535047254694647
2.382326939 0.683617098271786
2.39361758800001 5.69426199379803
2.40490823700001 15.3798651333678
2.41619888600001 29.2480658747224
2.42748953500001 46.5274544187268
2.43878018400001 66.2123215306957
2.45007083300001 87.1234017703827
2.46136148200001 107.980963539605
2.47265213100001 127.485731489897
2.48394278000001 144.402536848233
2.49523342900001 157.641322388666
2.50652407800001 166.330204322281
2.51781472700001 169.875714495512
2.52910537600001 168.006091689049
2.54039602500001 160.794517715785
2.55168667400001 148.66044056823
2.56297732300001 132.348515830348
2.57426797200001 112.886141105131
2.58555862100001 91.5219634121653
2.59684927000001 69.6490143755906
2.60813991900001 48.7171874606714
2.61943056800001 30.1405430064355
2.63072121700001 15.2053553290263
2.64201186600001 4.9848681060413
2.65330251500001 0.26638989686092
2.66459316400001 1.49565626921041
2.67588381300001 8.74234822952484
2.68717446200001 21.6893503378384
2.69846511100001 39.6468364123412
2.70975576000001 61.5906800935928
2.72104640900001 86.2231034618481
2.73233705800001 112.052002327627
2.74362770700001 137.484119239531
2.75491835600001 160.926260288841
2.76620900500001 180.888137414262
2.77749965400001 196.080209759946
2.78879030300001 205.500115692156
2.80008095200001 208.501923946326
2.81137160100001 204.843453353578
2.82266225000001 194.708255493453
2.83395289900001 178.700441275054
2.84524354800001 157.81226172525
2.85653419700001 133.366115228025
2.86782484600001 106.934334364194
2.87911549500001 80.2415951082254
2.89040614400001 55.0559899399441
2.90169679300001 33.0756322684274
2.91298744200001 15.8180532411415
2.92427809100001 4.51958146480589
2.93556874000001 0.0513589696222635
2.94685938900002 2.85767071339102
2.95815003800002 12.9209067333154
2.96944068700002 29.7558180251157
2.98073133600002 52.4338723388894
2.99202198500002 79.636581590242
3.00331263400002 109.734782638252
3.01460328300002 140.88913085151
3.02589393200002 171.165625169336
3.03718458100002 198.658921666185
3.04847523000002 221.615584183215
3.05976587900002 238.54931133477
3.07105652800002 248.340583370063
3.08234717700002 250.314071145406
3.09363782600002 244.288491698132
3.10492847500002 230.595300011006
3.11621912400002 210.064569271698
3.12750977300002 183.97850885324
3.13880042200002 153.995166535288
3.15009107100002 122.04682342756
3.16138172000002 90.2192878028259
3.17267236900002 60.6196140787561
3.18396301800002 35.2406248827808
3.19525366700002 15.830935948566
3.20654431600002 3.77894744960479
3.21783496500002 0.0184789381038613
3.22912561400002 4.96243171726687
3.24041626300002 18.4691390238427
3.25170691200002 39.8440165017255
3.26299756100002 67.8768811903297
3.27428821000002 100.913009138266
3.28557885900002 136.953797672177
3.29686950800002 173.780932068946
3.30816015700002 209.096358177448
3.31945080600002 240.669240595043
3.33074145500002 266.480519112719
3.34203210400002 284.855708212115
3.35332275300002 294.577221164735
3.36461340200002 294.968708445471
3.37590405100002 285.945609037306
3.38719470000002 268.028218785888
3.39848534900002 242.315951283896
3.40977599800002 210.42395398845
3.42106664700002 174.38568615869
3.43235729600002 136.527307283928
3.44364794500002 99.3216175376297
3.45493859400002 65.2307087405029
3.46622924300002 36.5473278250286
3.47751989200002 15.2451631910603
3.48881054100003 2.84781624013752
3.50010119000003 0.325136555981304
3.51139183900003 8.02394178729029
3.52268248800003 25.6380122509878
3.53397313700003 52.2197774115183
3.54526378600003 86.2334522106597
3.55655443500003 125.646705166334
3.56784508400003 168.055419823082
3.57913573300003 210.833911146527
3.59042638200003 251.301224725975
3.60171703100003 286.892996733212
3.61300768000003 315.32786772609
3.62429832900003 334.757662837095
3.63558897800003 343.891468876804
3.64687962700003 342.085304449366
3.65817027600003 329.391198932787
3.66946092500003 306.562039839321
3.68075157400003 275.011356452179
3.69204222300003 236.730102587492
3.70333287200003 194.165297040415
3.71462352100003 150.067895173372
3.72591417000003 107.319333655122
3.73720481900003 68.7476739283981
3.74849546800003 36.9450661126087
3.75978611700003 14.0983044817661
3.77107676600003 1.84353666859629
3.78236741500003 1.15475843005091
3.79365806400003 12.2736582461696
3.80494871300003 34.6857973757575
3.81623936200003 67.145181830795
3.82753001100003 107.746188055947
3.83882066000003 154.038741663055
3.85011130900003 203.179816253232
3.86140195800003 252.111902393001
3.87269260700003 297.757255679731
3.88398325600003 337.2155926369
3.89527390500003 367.95254517419
3.90656455400003 387.96664020958
3.91785520300003 395.923820296018
3.92914585200003 391.250491832321
3.94043650100003 374.178660447296
3.95172715000003 345.739729065954
3.96301779900003 307.706803341569
3.97430844800003 262.48866353569
3.98559909700003 212.981708367913
3.99688974600003 162.388950209273
4.00818039500003 114.017359477259
4.01947104400003 71.0663703011509
4.03076169300004 36.4210643994463
4.04205234200004 12.4633916658105
4.05334299100004 0.913765318356194
4.06463364000004 2.71354335992579
4.07592428900004 17.9563857849363
4.08721493800004 45.8734137405545
4.09850558700004 84.8736844850101
4.10979623600004 132.637950758617
4.12108688500004 186.260222167206
4.13237753400004 242.428512710548
4.14366818300004 297.633547827926
4.15495883200004 348.392289840357
4.16624948100004 391.472052893297
4.17754013000004 424.100795930834
4.18883077900004 444.149925798929
4.20012142800004 450.277573734997
4.21141207700004 442.022731115534
4.22270272600004 419.843696288
4.23399337500004 385.0978025537
4.24528402400004 339.963145784582
4.25657467300004 287.306769599581
4.26786532200004 230.507255551643
4.27915597100004 173.242678165786
4.29044662000004 119.257221206526
4.30173726900004 72.121255121757
4.31302791800004 35.0002412204023
4.32431856700004 10.4474102115979
4.33560921600004 0.233778603331615
4.34689986500004 5.22679588381867
4.35819051400004 25.3258960221314
4.36948116300004 59.4596458242585
4.38077181200004 105.645265242667
4.39206246100004 161.107289867401
4.40335311000004 222.448310541586
4.41464375900004 285.86130788582
4.42593440800004 347.370324455528
4.43722505700004 403.08426902866
4.44851570600004 449.447659355742
4.45980635500004 483.472154250222
4.47109700400004 502.93380997818
4.48238765300004 506.523059465477
4.49367830200004 493.937332183702
4.50496895100004 465.909827751637
4.51625960000004 424.172002157176
4.52755024900004 371.351565823262
4.53884089800004 310.811956387804
4.55013154700004 246.443067362176
4.56142219600004 182.416237872482
4.57271284500005 122.918925553738
4.58400349400005 71.885931470915
4.59529414300005 32.7444207654046
4.60658479200005 8.18925174457678
4.61787544100005 0.003326400654607
4.62916609000005 8.93491305209791
4.64045673900005 34.6403360505214
4.65174738800005 75.6962999818269
4.66303803700005 129.681676986478
4.67432868600005 193.324118559405
4.68561933500005 262.70264463423
4.69690998400005 333.493685966921
4.70820063300005 401.245152051079
4.71949128200005 461.661159631256
4.73078193100005 510.879219430583
4.74207258000005 545.722004462803
4.75336322900005 563.907301439943
4.76465387800005 564.202292245844
4.77594452700005 546.511770732129
4.78723517600005 511.894056640867
4.79852582500005 462.502961922018
4.80981647400005 401.458903386922
4.82110712300005 332.656835974732
4.83239777200005 260.522806952654
4.84368842100005 189.734333878826
4.85497907000005 124.92226314877
4.86626971900005 70.3731055635934
4.87756036800005 29.7509750343034
4.88885101700005 5.85715774355536
4.90014166600005 0.443072170038894
4.91143231500005 14.0890813411922
4.92272296400005 46.1574910483286
4.93401361300005 94.8233700627824
4.94530426200005 157.181857977523
4.95659491100005 229.425700515705
4.96788556000005 307.082188094804
4.97917620900005 385.294767555113
4.99046685800005 459.131605796272
5.00175750700005 523.901507424383
5.01304815600005 575.456956151157
5.02433880500005 610.46471239152
5.03562945400005 626.626325182818
5.04692010300005 622.833991618456
5.05821075200005 599.251233035328
5.06950140100005 557.312602485648
5.08079205000005 499.641793193709
5.09208269900005 429.89275462951
5.10337334800005 352.523405525089
5.11466399700006 272.515939294763
5.12595464600006 195.061259087978
5.13724529500006 125.227522598203
5.14853594400006 67.6339550718555
5.15982659300006 26.1509170139867
5.17111724200006 3.6456913230409
5.18240789100006 1.79067024781517
5.19369854000006 20.9467447459145
5.20498918900006 60.1299682541342
5.21627983800006 117.06428097161
5.22757048700006 188.31757492678
5.23886113600006 269.513006498881
5.25015178500006 355.602568055091
5.26144243400006 441.185832200492
5.27273308300006 520.853750287519
5.28402373200006 589.535624274205
5.29531438100006 642.827000689821
5.30660503000006 677.277291735788
5.31789567900006 690.618354352045
5.32918632800006 681.918907884775
5.34047697700006 651.654319498712
5.35176762600006 601.686642499085
5.36305827500006 535.155517419951
5.37434892400006 456.286274023932
5.38563957300006 370.126936217289
5.39693022200006 282.230483973894
5.40822087100006 198.302362511958
5.41951152000006 123.835608050562
5.43080216900006 63.7569193720256
5.44209281800006 22.106473025401
5.45338346700006 1.77228052830874
5.46467411600006 4.29653607528792
5.47596476500006 29.7669083929666
5.48725541400006 76.8003709220197
5.49854606300006 142.621278472396
5.50983671200006 223.229360194185
5.52112736100006 313.647494920368
5.53241801000006 408.233940173438
5.54370865900006 501.039438445552
5.55499930800006 586.18660338913
5.56628995700006 658.247397096809
5.57758060600006 712.594460108734
5.58887125500006 745.703562293269
5.60016190400006 755.387419562781
5.61145255300006 740.945387697414
5.62274320200006 703.218835425807
5.63403385100006 644.547981735266
5.64532450000006 568.632277753736
5.65661514900007 480.30261932763
5.66790579800007 385.219393432489
5.67919644700007 289.51521923684
5.69048709600007 199.404925068896
5.70177774500007 120.787561209169
5.71306839400007 58.8659304932006
5.72435904300007 17.8081695100346
5.73564969200007 0.473382486301057
5.74694034100007 8.21936944195388
5.75823099000007 40.8053444577314
5.76952163900007 96.3965312678732
5.78081228800007 171.671031859155
5.79210293700007 262.022802884308
5.80339358600007 361.848365297326
5.81468423500007 464.899415764486
5.82597488400007 564.679159534029
5.83726553300007 654.857230217479
5.84855618200007 729.676701350014
5.85984683100007 784.327025637974
5.87113748000007 815.258750461026
5.88242812900007 820.419434404647
5.89371877800007 799.395110092807
5.90500942700007 753.447596332074
5.91630007600007 685.444581896608
5.92759072500007 599.686263557458
5.93888137400007 501.63898334058
5.95017202300007 397.592345480173
5.96146267200007 294.26131057107
5.97275332100007 198.358434325523
5.98404397000007 116.163496787411
5.99533461900007 53.1181111425052
6.00662526800007 13.4714761684099
6.01791591700007 0.000323006141383149
6.02920656600007 13.8214943363753
6.04049721500007 54.3097687073954
6.05178786400007 119.126870882934
6.06307851300007 204.360513533485
6.07436916200007 304.765249146847
6.08565981100007 414.090327443615
6.09695046000007 525.47407847642
6.10824110900007 631.879944948172
6.11953175800007 726.546459329969
6.13082240700007 803.422393429471
6.14211305600007 857.559079693291
6.15340370500007 885.434476662011
6.16469435400007 885.187771684464
6.17598500300007 856.748921567619
6.18727565200007 801.854174976635
6.19856630100008 723.945879146106
6.20985695000008 627.962285756176
6.22114759900008 520.030161910597
6.23243824800008 407.079324985738
6.24372889700008 296.403344820305
6.25501954600008 195.194257177819
6.26631019500008 110.080968324548
6.27760084400008 46.7009734195979
6.28889149300008 9.33305343882683
6.30018214200008 0.614870738002363
6.31147279100008 21.3640816539732
6.32276344000008 70.5150566147934
6.33405408900008 145.175955632855
6.34534473800008 240.803216085582
6.35663538700008 351.48296177775
6.36792603600008 470.301922596108
6.37921668500008 589.784610333129
6.39050733400008 702.369109785519
6.40179798300008 800.891205061113
6.41308863200008 879.045848757281
6.42437928100008 931.796253299309
6.43566993000008 955.704069257046
6.44696057900008 949.159021667065
6.45825122800008 912.492697504542
6.46954187700008 847.96851806744
6.48083252600008 759.647824091478
6.49212317500008 653.139945640217
6.50341382400008 535.251613826955
6.51470447300008 413.557614380309
6.52599512200008 295.91975880468
6.53728577100008 189.984717553061
6.54857642000008 102.692788967141
6.55986706900008 39.8291586125252
6.57115771800008 5.64665773222869
6.58244836700008 2.58460871799319
6.59373901600008 31.102322775899
6.60502966500008 89.6385676801961
6.61632031400008 174.700309698204
6.62761096300008 281.075763208073
6.63890161200008 402.158783320835
6.65019226100008 530.364425533518
6.66148291000008 657.609539028444
6.67277355900008 775.827945783972
6.68406420800008 877.487372005096
6.69535485700008 956.075005181515
6.70664550600008 1006.52037965178
6.71793615500008 1025.52814019167
6.72922680400008 1011.79886116303
6.74051745300009 966.123156896117
6.75180810200009 891.342362312474
6.76309875100009 792.17758078458
6.77438940000009 674.937345111667
6.78568004900009 547.121975001283
6.79697069800009 416.949434611295
6.80826134700009 292.832659509614
6.81955199600009 182.841594200071
6.83084264500009 94.1843391696168
6.84213329400009 32.7407646992571
6.85342394300009 2.6787625463667
6.86471459200009 6.17816899992492
6.87600524100009 43.280622882472
6.88729589000009 111.875645365809
6.89858653900009 207.824550175942
6.90987718800009 325.214965739941
6.92116783700009 456.730340367164
6.93245848600009 594.111349192709
6.94374913500009 728.680110248285
6.95503978400009 851.893939658659
6.96633043300009 955.893309992863
6.97762108200009 1034.00886464492
6.98891173100009 1081.19478431452
7.00020238000009 1094.36035415025
7.01149302900009 1072.57796082002
7.02278367800009 1017.15355790312
7.03407432700009 931.554382117279
7.04536497600009 821.197826073927
7.05665562500009 693.11429243451
7.06794627400009 555.504996574163
7.07923692300009 417.222524132181
7.09052757200009 287.207041028678
7.10181822100009 173.914061405512
7.11310887000009 84.7704001803718
7.12439951900009 25.6933137812944
7.13569016800009 0.703957506801254
7.14698081700009 11.6603980637521
7.15827146600009 58.1278827865944
7.16956211500009 137.395357905756
7.18085276400009 244.637899592951
7.19214341300009 373.215368406067
7.20343406200009 515.08881972568
7.21472471100009 661.328565427781
7.22601536000009 802.68178060964
7.23730600900009 930.163576432549
7.24859665800009 1035.63378065418
7.25988730700009 1112.32240001691
7.27117795600009 1155.26984807001
7.2824686050001 1161.65332039048
7.2937592540001 1130.97785742016
7.3050499030001 1065.11920330918
7.3163405520001 968.215004732477
7.3276312010001 846.410595899505
7.3389218500001 707.47496420494
7.3502124990001 560.31088421177
7.3615031480001 414.390103327139
7.3727937970001 279.149411484816
7.3840844460001 163.386102930136
7.3953750950001 74.6915585652878
7.4066657440001 18.9594165733679
7.4179563930001 0.000190471397629577
7.4292470420001 19.2875217683896
7.4405376910001 75.8529370675157
7.4518283400001 166.336542230313
7.4631189890001 285.191128835195
7.4744096380001 425.027326461278
7.4857002870001 577.078339685648
7.4969909360001 731.755047491534
7.5082815850001 879.256318652414
7.5195722340001 1010.19569773118
7.5308628830001 1116.20438988517
7.5421535320001 1190.47180859593
7.5534441810001 1228.18877478768
7.5647348300001 1226.86453474491
7.5760254790001 1186.49671837738
7.5873161280001 1109.58268737564
7.5986067770001 1000.97083298805
7.6098974260001 867.560631059792
7.6211880750001 717.869991417666
7.6324787240001 561.497023768617
7.6437693730001 408.510227672955
7.6550600220001 268.805851005174
7.6663506710001 151.473436500895
7.6776413200001 64.2102327942236
7.6889319690001 12.8221952013496
7.7002226180001 0.84392004767571
7.7115132670001 29.302378768758
7.7228039160001 96.6402143660573
7.7340945650001 198.804209376568
7.7453852140001 329.493977433341
7.7566758630001 480.555644550117
7.7679665120001 642.495931807331
7.7792571610001 805.084231654823
7.7905478100001 958.004493306031
7.8018384590001 1091.51537766986
7.8131291080001 1197.0764343505
7.82441975700011 1267.90004915
7.83571040600011 1299.39349388775
7.84700105500011 1289.46229852554
7.85829170400011 1238.65492695995
7.86958235300011 1150.13881892772
7.88087300200011 1029.50862085637
7.89216365100011 884.438181531461
7.90345430000011 724.197945073261
7.91474494900011 559.068086585314
7.92603559800011 399.68454103074
7.93732624700011 256.359529383568
7.94861689600011 138.419992730137
7.95990754500011 53.6063780014521
7.97119819400011 7.57052886440721
7.98248884300011 3.50524717905824
7.99377949200011 41.929790540867
8.00507014100011 120.645682893813
8.01636079000011 234.866365099105
8.02765143900011 377.513091939902
8.03894208800011 539.658802744935
8.0502327370001 711.09214066393
8.0615233860001 880.965987223068
8.0728140350001 1038.48932148513
8.0841046840001 1173.61827208843
8.0953953330001 1277.7021046166
8.1066859820001 1344.04259553184
8.1179766310001 1368.3306250995
8.1292672800001 1348.93154126068
8.1405579290001 1287.00041901893
8.1518485780001 1186.41915967231
8.1631392270001 1053.55875289765
8.1744298760001 896.881235497108
8.1857205250001 726.406204648771
8.1970111740001 553.07551585806
8.2083018230001 388.056448385113
8.21959247200009 242.0277192319
8.23088312100009 124.493998275058
8.24217377000009 43.1729293608922
8.25346441900009 3.49418935317132
8.26475506800009 8.2430948391747
8.27604571700009 57.3721344643927
8.28733636600009 147.993140547487
8.29862701500009 274.551294004658
8.30991766400009 429.170516366585
8.32120831300009 602.148787022404
8.33249896200009 782.572240821636
8.34378961100009 959.009176169198
8.35508026000009 1120.23983904888
8.36637090900009 1255.97539057208
8.37766155800009 1357.51998271248
8.38895220700008 1418.33333693485
8.40024285600008 1434.45743226437
8.41153350500008 1404.77947533144
8.42282415400008 1331.11370515139
8.43411480300008 1218.0961217026
8.44540545200008 1072.89818508134
8.45669610100008 904.777146742624
8.46798675000008 724.491200838011
8.47927739900008 543.616403651494
8.49056804800008 373.80873500581
8.50185869700008 226.058347102689
8.51314934600008 109.983718320957
8.52443999500008 33.2110480339873
8.53573064400008 0.878934950982285
8.54702129300007 15.3005043275813
8.55831194200007 75.8051838215534
8.56960259100007 178.770904553549
8.58089324000007 317.845349484975
8.59218388900007 484.342761411811
8.60347453800007 667.791533483089
8.61476518700007 856.598062191371
8.62605583600007 1038.78477578328
8.63734648500007 1202.75535238389
8.64863713400007 1338.03823502314
8.65992778300007 1435.96076791055
8.67121843200007 1490.21055278331
8.68250908100007 1497.24769293017
8.69379973000007 1456.54101263916
8.70509037900007 1370.61251622822
8.71638102800006 1244.88657382286
8.72767167700006 1087.35281146186
8.73896232600006 908.063641924132
8.75025297500006 718.49803214991
8.76154362400006 530.831776121367
8.77283427300006 357.160666294017
8.78412492200006 208.726131171604
8.79541557100006 95.1929180008953
8.80670622000006 24.0252363058122
8.81799686900006 0.00163185968199741
8.82928751800006 24.9001151925457
8.84057816700006 97.374275118101
8.85186881600006 213.028950356283
8.86315946500006 364.691285091708
8.87445011400006 542.860471592703
8.88574076300005 736.307987515908
8.89703141200005 932.790406824468
8.90832206100005 1119.82953024611
8.91961271000005 1285.51012143548
8.93090335900005 1419.2442435904
8.94219400800005 1512.45316136493
8.95348465700005 1559.12288910564
8.96477530600005 1556.19741142392
8.97606595500005 1503.78387640324
8.98735660400005 1405.15601501862
8.99864725300005 1266.55491265111
9.00993790200005 1096.79922862558
9.02122855100005 906.729197272716
9.03251920000005 708.519463128422
9.04380984900004 514.904312263421
9.05510049800004 338.364609398215
9.06639114700004 190.328359520767
9.07768179600004 80.4361060925657
9.08897244500004 15.9183902882777
9.10026309400004 1.12547197671668
9.11155374300004 37.2398934360993
9.12284439200004 122.190858862277
9.13413504100004 250.776543572691
9.14542569000004 414.987155873447
9.15671633900004 604.508701504256
9.16800698800004 807.375770964657
9.17929763700004 1010.73203236027
9.19058828600004 1201.65008996388
9.20187893500004 1367.95841919845
9.21316958400003 1499.02247458774
9.22446023300003 1586.42983798098
9.23575088200003 1624.53526303657
9.24704153100003 1610.83030496397
9.25833218000003 1546.11334501814
9.26962282900003 1434.44852218149
9.28091347800003 1282.91556134694
9.29220412700003 1101.16587761852
9.30349477600003 900.81278249659
9.31478542500003 694.694320015442
9.32607607400003 496.055528908023
9.33736672300003 317.702223951274
9.34865737200003 171.180367788998
9.35994802100003 66.0336272112558
9.37123867000003 9.18685941489695
9.38252931900002 4.49535461059763
9.39381996800002 52.4891694146031
9.40511061700002 150.329484906807
9.41640126600002 291.980402348351
9.42769191500002 468.585810671922
9.43898256400002 669.027804363712
9.45027321300002 880.631442276354
9.46156386200002 1089.97116977114
9.47285451100002 1283.72759094875
9.48414516000002 1449.5399075663
9.49543580900002 1576.79946169548
9.50672645800002 1657.33343254712
9.51801710700002 1685.93462283645
9.52930775600002 1660.70299515411
9.54059840500001 1583.17656954155
9.55188905400001 1458.24271109867
9.56317970300001 1293.83486617589
9.57447035200001 1100.43355111109
9.58576100100001 890.402977848548
9.59705165000001 677.205307515789
9.60834229900001 474.542471638126
9.61963294800001 295.48027491032
9.63092359700001 151.61077889201
9.64221424600001 52.3066707080635
9.65350489500001 4.11558186841064
9.66479554400001 10.3334975734102
9.67608619300001 70.7850427772646
9.68737684200001 181.825267733884
9.69866749100001 336.563420444401
9.70995814 525.294988551126
9.721248789 736.11492786824
9.732539438 955.673326706313
9.743830087 1170.02553588903
9.755120736 1365.52262058204
9.766411385 1529.68526509254
9.777702034 1652.00516928394
9.788992683 1724.62246675776
9.800283332 1742.83549249598
9.811573981 1705.4098408583
9.82286463 1614.66641178165
9.834155279 1476.34223281343
9.845445928 1299.23236886315
9.856736577 1094.63526175071
9.868027226 875.636478442155
9.87931787499999 656.276277835871
9.89060852399999 450.653957732151
9.90189917299999 272.026125399408
9.91318982199999 131.956570612113
9.92448047099999 39.5722655588192
9.93577111999999 0.973364071831674
9.94706176899999 18.8353400604417
9.95835241799999 92.2292069392022
9.96964306699999 216.671870718904
9.98093371599999 384.403973960253
9.99222436499999 584.878024512917
10.003515014 805.426104305116
10.014805663 1032.06488602795
10.026096312 1250.38679453319
10.037386961 1446.48051083178
10.04867761 1607.82199869969
10.059968259 1724.07897515731
10.071258908 1787.77714429893
10.082549557 1794.78523258879
10.093840206 1744.58735293385
10.105130855 1640.32475602959
10.116421504 1488.60373962062
10.127712153 1299.08144070852
10.139002802 1083.85547588759
10.150293451 856.696007819222
10.1615841 632.168990257462
10.172874749 424.706423035882
10.184165398 247.682971597366
10.195456047 112.558039072748
10.206746696 28.1383306775535
10.218037345 0.00837044865343771
10.229327994 30.1657958581872
10.240618643 116.885240028674
10.251909292 254.820041529555
10.263199941 435.33582684704
10.27449059 647.055161541607
10.285781239 876.578913913148
10.297071888 1109.33858994685
10.308362537 1330.52541397763
10.319653186 1526.0368954836
10.330943835 1683.38036872456
10.342234484 1792.47560741412
10.353525133 1846.30494265131
10.364815782 1841.36895251004
10.376106431 1777.91813654959
10.38739708 1659.94525416433
10.398687729 1494.93828353995
10.409978378 1293.40927262429
10.421269027 1068.22872502658
10.432559676 833.807670387163
10.443850325 605.179406082291
10.455140974 397.03942977561
10.466431623 222.804885026011
10.477722272 93.7537274191632
10.489012921 18.2988493071614
10.50030357 1.44388684466941
10.511594219 44.4559107641934
10.522884868 144.776403053564
10.534175517 296.176723493373
10.545466166 489.148642395896
10.556756815 711.505457925261
10.568047464 949.15569280733
10.579338113 1187.00024464462
10.590628762 1409.89586308271
10.601919411 1603.62346424546
10.61321006 1755.79935495177
10.6245007089999 1856.67096246105
10.6357913579999 1899.74593266868
10.6470820069999 1882.21401355369
10.6583726559999 1805.13431276144
10.6696633049999 1673.3754710548
10.6809539539999 1495.31207388671
10.6922446029999 1282.29622351326
10.7035352519999 1047.93761535097
10.7148259009999 807.23777956064
10.7261165499999 575.633569755361
10.7374071989999 368.010896669459
10.7486978479999 197.75173003302
10.7599884969999 75.875389406241
10.7712791459999 10.3292344397004
10.7825697949999 5.47441733945555
10.7938604439999 61.7999727170751
10.8051510929999 175.883979281923
10.8164417419999 340.604760096017
10.8277323909999 545.589099798238
10.8390230399999 777.869270830033
10.8503136889999 1022.70724944722
10.8616043379999 1264.53372766924
10.8728949869999 1487.94208373668
10.8841856359999 1678.67384375055
10.8954762849999 1824.53259048177
10.9067669339999 1916.16773250154
10.9180575829999 1947.67776028304
10.9293482319999 1916.9940673737
10.9406388809999 1826.02037758598
10.9519295299999 1680.51840480285
10.9632201789999 1489.74658633397
10.9745108279999 1265.87453761514
10.9858014769999 1023.21026337869
10.9970921259999 777.289205161483
11.0083827749999 543.883132267387
11.0196734239999 337.992116219624
11.0309640729999 172.884025798412
11.0422547219999 59.2430570428023
11.0535453709999 4.48194962241605
11.0648360199999 12.2621697087034
11.0761266689999 82.2531170938958
11.0874173179999 210.146181614754
11.0987079669999 387.923201855776
11.1099986159999 604.362606779411
11.1212892649999 845.751289361606
11.1325799139999 1096.75704675
11.1438705629999 1341.40607282548
11.1551612119999 1564.10317337594
11.1664518609999 1750.62953354647
11.1777425099999 1889.05419041874
11.1890331589999 1970.50077302871
11.2003238079999 1989.72022882963
11.2116144569999 1945.43258018485
11.2229051059999 1840.4154639173
11.2341957549999 1681.3333643134
11.2454864039999 1478.31802412851
11.2567770529999 1244.32644951174
11.2680677019999 994.317193146325
11.2793583509999 744.297289767107
11.2906489999999 510.30057748057
