0 0
0.011290649 0
0.022581298 1.92831834096773e-006
0.033871947 3.04759214866772e-005
0.045162596 0.000187216205312713
0.056453245 0.00073239176000499
0.067743894 0.00218259648902387
0.079034543 0.00540949684371618
0.090325192 0.0117231144222173
0.101615841 0.0229232354705362
0.11290649 0.0413042831366882
0.124197139 0.0696024006680042
0.135487788 0.110878319445495
0.146778437 0.168335467215668
0.158069086 0.24507924753117
0.169359735 0.343829959211609
0.180650384 0.466607861841973
0.191941033 0.614413879657983
0.203231682 0.786932877294191
0.214522331 0.982287939028534
0.22581298 1.19687337186674
0.237103629 1.42529112299727
0.248394278 1.66041001755917
0.259684927 1.89355992313391
0.270975576 2.11486403936937
0.282266225 2.31370254586064
0.293556874 2.47929048157926
0.304847523 2.60134270652329
0.316138172 2.67078986253304
0.327428821 2.68050212442681
0.33871947 2.62597284875164
0.350010119 2.50591248578353
0.361300768 2.32270464603819
0.372591417 2.0826811242395
0.383882066 1.79618087555548
0.395172715 1.47736907654141
0.406463364 1.14380593512085
0.417754013 0.815770097895081
0.429044662 0.515357446502092
0.440335311 0.265391786499923
0.45162596 0.0881983831355613
0.462916609 0.00430348657957819
0.474207258 0.0311320066299052
0.485497907 0.181780591899805
0.496788556 0.463944001213526
0.508079205 0.879068540937082
0.519369854 1.42179748148344
0.530660503 2.07976005620708
0.541951152 2.83373847384223
0.553241801 3.65822719485426
0.56453245 4.52237660937655
0.575823099 5.39129045232927
0.587113747999999 6.22762413798981
0.598404396999999 6.99341104694949
0.609695045999999 7.65202694320783
0.620985694999999 8.17019028225031
0.632276343999999 8.51988911575221
0.643566992999999 8.68012424418795
0.654857641999999 8.63836352162812
0.666148290999999 8.39161372162595
0.677438939999999 7.94703370267583
0.688729588999999 7.32203498204426
0.700020237999999 6.54384213136994
0.711310886999999 5.64851427307741
0.722601535999999 4.679458816395
0.733892184999999 3.68549775138876
0.745182833999999 2.71857363258984
0.756473482999999 1.83120523034305
0.767764131999999 1.07382028964948
0.779054780999999 0.492103763885652
0.790345429999999 0.124503477975289
0.801636078999999 3.10139209158004e-005
0.812926727999999 0.136483723729306
0.824217376999999 0.539194623208911
0.835508025999999 1.20039139059292
0.846798674999999 2.09921505378381
0.858089323999999 3.20241478366294
0.869379972999999 4.46569933581587
0.880670621999999 5.83569005057091
0.891961270999999 7.2523869081759
0.903251919999999 8.65202983246685
0.914542568999999 9.97021393747164
0.925833217999999 11.1451011174673
0.937123866999999 12.1205623140732
0.948414515999999 12.8490855341231
0.959705164999999 13.2942943383621
0.970995813999999 13.4329396793205
0.982286462999999 13.2562537652688
0.993577111999999 12.7705867597843
1.004867761 11.9972839206287
1.01615841 10.9718002882335
1.027449059 9.7420901336386
1.038739708 8.36634689519225
1.050030357 6.91020416704231
1.061321006 5.44353753014391
1.072611655 4.03702901163066
1.083902304 2.75866948073924
1.095192953 1.67037855647267
1.106483602 0.824916334823315
1.117774251 0.263246684038672
1.1290649 0.0124887574234821
1.140355549 0.0845629566752763
1.151646198 0.475601470090015
1.162936847 1.1661536483071
1.174227496 2.12217501144889
1.185518145 3.29674783933258
1.196808794 4.63244327888703
1.208099443 6.06420175056665
1.219390092 7.52258191891246
1.230680741 8.93721001456584
1.24197139 10.2402518152136
1.253262039 11.3697295750867
1.264552688 12.2725155820046
1.275843337 12.9068522497966
1.287133986 13.2442746759104
1.298424635 13.2708439452173
1.309715284 12.9876363440211
1.321005933 12.410473034166
1.332296582 11.5689144799419
1.343587231 10.5045818769737
1.35487788 9.26890198072378
1.366168529 7.9204002830631
1.377459178 6.52168897778884
1.388749827 5.13630953491913
1.400040476 3.82559437319972
1.411331125 2.64570797057695
1.422621774 1.64501515872842
1.433912423 0.861904142463861
1.445203072 0.323165203882085
1.456493721 0.042994658756887
1.46778437 0.0226592282290315
1.479075019 0.250820502786284
1.490365668 0.704484558497623
1.501656317 1.35050989931853
1.512946966 2.14757941430398
1.524237615 3.04852034386303
1.535528264 4.00284138067698
1.546818913 4.95934862082985
1.558109562 5.86870233121065
1.569400211 6.68578418107067
1.58069086 7.37175906141093
1.591981509 7.89573588642636
1.603272158 8.23595654135484
1.614562807 8.38046990090739
1.625853456 8.32727695916484
1.637144105 8.08396192612303
1.648434754 7.66685106771986
1.659725403 7.09976466309259
1.671016052 6.41244652847879
1.682306701 5.63876921230989
1.69359735 4.81482064118612
1.704887999 3.97697949337123
1.716178648 3.16008205800435
1.727469297 2.39577330663361
1.738759946 1.71112015976002
1.750050595 1.12754651701607
1.761341244 0.660128749177318
1.772631893 0.317268331121003
1.783922542 0.100736448001715
1.795213191 0.0060649875507167
1.80650384 0.0232404569102528
1.817794489 0.137642950894782
1.829085138 0.331162021656905
1.840375787 0.583415552013211
1.851666436 0.872996621133966
1.862957085 1.17867669291933
1.874247734 1.48050081407277
1.885538383 1.76072121759435
1.896829032 2.00452895270607
1.908119681 2.20055795560741
1.91941033 2.34115133957703
1.930700979 2.42239463628085
1.941991628 2.44393435826589
1.953282277 2.40861180198873
1.964572926 2.32195087212185
1.975863575 2.19154448677182
1.987154224 2.02638664575635
1.998444873 1.8361965579355
2.009735522 1.6307775844431
2.021026171 1.41944759936316
2.03231682 1.21056927820729
2.043607469 1.01119947533958
2.054898118 0.826866969164907
2.066188767 0.661478158598402
2.077479416 0.517341452060295
2.088770065 0.39529366900834
2.100060714 0.294906208520019
2.111351363 0.214745306281342
2.122642012 0.152659506334223
2.133932661 0.10606845188959
2.14522331 0.0722300262643787
2.156513959 0.0484673904629596
2.167804608 0.0323431042592791
2.179095257 0.0217737540190742
2.190385906 0.0150847915517432
2.201676555 0.0110110830305153
2.212967204 0.00865350529059684
2.224257853 0.00740543412428474
2.235548502 0.00686489371686155
2.246839151 0.00674836611737566
2.2581298 0.00682082869598186
2.269420449 0.00685367102340755
2.280711098 0.00661804084071375
2.292001747 0.00591628191349216
2.303292396 0.00464892155968089
2.314583045 0.00290963819344734
2.325873694 0.00109627335066613
2.337164343 2.26810442256729e-005
2.348454992 0.0010143753831723
2.359745641 0.00597077388558367
2.37103629 0.0173784299986111
2.382326939 0.0382629472101456
2.39361758800001 0.0720720648250091
2.40490823700001 0.122488363013883
2.41619888600001 0.193176700968618
2.42748953500001 0.287478345533856
2.43878018400001 0.408070195865215
2.45007083300001 0.556612991723551
2.46136148200001 0.733416384463521
2.47265213100001 0.937150814742096
2.48394278000001 1.16463596938502
2.49523342900001 1.41073302660417
2.50652407800001 1.66836296256965
2.51781472700001 1.92866608257976
2.52910537600001 2.18130903077297
2.54039602500001 2.41493535335273
2.55168667400001 2.61774489659815
2.56297732300001 2.77817665167954
2.57426797200001 2.8856598883529
2.58555862100001 2.93139030654878
2.59684927000001 2.90908216496698
2.60813991900001 2.81564448268602
2.61943056800001 2.65172984951328
2.63072121700001 2.42210831625097
2.64201186600001 2.13582623395786
2.65330251500001 1.80612050332614
2.66459316400001 1.45007198473186
2.67588381300001 1.08799710330298
2.68717446200001 0.742593088823691
2.69846511100001 0.437868824606242
2.70975576000001 0.197908888847775
2.72104640900001 0.0455320074272095
2.73233705800001 0.000915822258425599
2.74362770700001 0.0802667765065991
2.75491835600001 0.294616387732255
2.76620900500001 0.64882283034276
2.77749965400001 1.14084947039144
2.78879030300001 1.76137998111487
2.80008095200001 2.49381341098413
2.81137160100001 3.31466285531039
2.82266225000001 4.19435922205868
2.83395289900001 5.09843820004637
2.84524354800001 5.98906527643228
2.85653419700001 6.82683190196554
2.86782484600001 7.57273702381292
2.87911549500001 8.19025343564437
2.89040614400001 8.64736877443352
2.90169679300001 8.91848729764976
2.91298744200001 8.98608125531108
2.92427809100001 8.84198982068471
2.93556874000001 8.48827887590219
2.94685938900002 7.93759580667903
2.95815003800002 7.21297884104526
2.96944068700002 6.34710907168498
2.98073133600002 5.38102360287304
2.99202198500002 4.36233858841222
3.00331263400002 3.34305955216412
3.01460328300002 2.37708163111101
3.02589393200002 1.517502722245
3.03718458100002 0.813886657876656
3.04847523000002 0.309620507911274
3.05976587900002 0.0395093246141174
3.07105652800002 0.0277429442347393
3.08234717700002 0.28635312487926
3.09363782600002 0.814256054397172
3.10492847500002 1.5969462357455
3.11621912400002 2.60687443077345
3.12750977300002 3.8045064700544
3.13880042200002 5.14002324798576
3.15009107100002 6.55558712232211
3.16138172000002 7.98806818835709
3.17267236900002 9.37209731030072
3.18396301800002 10.643292918792
3.19525366700002 11.7414966276656
3.20654431600002 12.6138494667638
3.21783496500002 13.2175462805293
3.22912561400002 13.5221204185785
3.24041626300002 13.5111335673765
3.25170691200002 13.1831753053795
3.26299756100002 12.552112170944
3.27428821000002 11.646564857685
3.28557885900002 10.5086325225445
3.29686950800002 9.1919229302905
3.30816015700002 7.75898410364832
3.31945080600002 6.27826527700748
3.33074145500002 4.82076049064116
3.34203210400002 3.45650568948645
3.35332275300002 2.25110871556095
3.36461340200002 1.26249060472714
3.37590405100002 0.538006134188788
3.38719470000002 0.112092153662751
3.39848534900002 0.00456489847204031
3.40977599800002 0.219653689634204
3.42106664700002 0.74581999154076
3.43235729600002 1.55636979309863
3.44364794500002 2.61082591345288
3.45493859400002 3.85698733553285
3.46622924300002 5.23356715997689
3.47751989200002 6.67327114515434
3.48881054100003 8.10615662476479
3.50010119000003 9.46309802812262
3.51139183900003 10.6791809494392
3.52268248800003 11.6968518901588
3.53397313700003 12.4686650845122
3.54526378600003 12.9594903702248
3.55655443500003 13.1480755966643
3.56784508400003 13.0278919149417
3.57913573300003 12.607228537039
3.59042638200003 11.908543087142
3.60171703100003 10.9671123536282
3.61300768000003 9.82906401205638
3.62429832900003 8.54890084131238
3.63558897800003 7.18665349835429
3.64687962700003 5.80481482661785
3.65817027600003 4.46521716023961
3.66946092500003 3.22601383595333
3.68075157400003 2.1389173063582
3.69204222300003 1.24682949927936
3.70333287200003 0.581976449558266
3.71462352100003 0.164630161279786
3.72591417000003 0.00246783211215183
3.73720481900003 0.090583852042139
3.74849546800003 0.412135306653365
3.75978611700003 0.939568956565552
3.77107676600003 1.63634856724674
3.78236741500003 2.45907752144874
3.79365806400003 3.35989403244793
3.80494871300003 4.28900578196042
3.81623936200003 5.19722780754805
3.82753001100003 6.03839190849579
3.83882066000003 6.77150726045757
3.85011130900003 7.36256948450037
3.86140195800003 7.78593794306092
3.87269260700003 8.02522712668153
3.88398325600003 8.07368608645418
3.89527390500003 7.93406832929132
3.90656455400003 7.61802182912491
3.91785520300003 7.14505334153526
3.92914585200003 6.54114176987552
3.94043650100003 5.83709091552951
3.95172715000003 5.06672187084228
3.96301779900003 4.26500924639254
3.97430844800003 3.46626338697154
3.98559909700003 2.70245308819926
3.99688974600003 2.00175075320827
4.00818039500003 1.38736536043867
4.01947104400003 0.876709178337515
4.03076169300004 0.48092311059785
4.04205234200004 0.204764178808666
4.05334299100004 0.046838204127255
4.06463364000004 0.000142382150520624
4.07592428900004 0.0528671276465211
4.08721493800004 0.189395044546619
4.09850558700004 0.391427636215293
4.10979623600004 0.639167615812014
4.12108688500004 0.912486329820739
4.13237753400004 1.19201152848611
4.14366818300004 1.46007993199565
4.15495883200004 1.7015109915639
4.16624948100004 1.90417204018903
4.17754013000004 2.05931970976468
4.18883077900004 2.16171709493911
4.20012142800004 2.2095397610298
4.21141207700004 2.20409552615931
4.22270272600004 2.14939235666736
4.23399337500004 2.05159525124131
4.24528402400004 1.91841641613329
4.25657467300004 1.7584833314401
4.26786532200004 1.58072666496751
4.27915597100004 1.39382477960831
4.29044662000004 1.20573432808692
4.30173726900004 1.02332776995254
4.31302791800004 0.852149274881457
4.32431856700004 0.696291098461504
4.33560921600004 0.558383796776048
4.34689986500004 0.439686164887558
4.35819051400004 0.340255000608106
4.36948116300004 0.259171018520092
4.38077181200004 0.194795614955521
4.39206246100004 0.145033689010372
4.40335311000004 0.107580174382749
4.41464375900004 0.0801320088423267
4.42593440800004 0.0605525292230671
4.43722505700004 0.0469812233328928
4.44851570600004 0.0378878572669529
4.45980635500004 0.0320756988823106
4.47109700400004 0.0286433984725267
4.48238765300004 0.0269186761641503
4.49367830200004 0.0263790286282303
4.50496895100004 0.0265750674471652
4.51625960000004 0.0270708445523263
4.52755024900004 0.0274127554137875
4.53884089800004 0.0271346158846553
4.55013154700004 0.0258016672250115
4.56142219600004 0.0230910336133119
4.57271284500005 0.0189010323013276
4.58400349400005 0.0134772103422531
4.59529414300005 0.00753950211820066
4.60658479200005 0.00239283681852588
4.61787544100005 3.13075703455298e-006
4.62916609000005 0.00302199700371586
4.64045673900005 0.0147466669687088
4.65174738800005 0.039006367721308
4.66303803700005 0.079972416555931
4.67432868600005 0.141896141941042
4.68561933500005 0.228785888757155
4.69690998400005 0.344041234762621
4.70820063300005 0.49006854451554
4.71949128200005 0.66790656248097
4.73078193100005 0.876893424597361
4.74207258000005 1.11440689241768
4.75336322900005 1.37570758293838
4.76465387800005 1.65391045114884
4.77594452700005 1.94010293637122
4.78723517600005 2.22361934486399
4.79852582500005 2.49247071371654
4.80981647400005 2.73391822708707
4.82110712300005 2.93516697724316
4.83239777200005 3.08414627362043
4.84368842100005 3.17033359608886
4.85497907000005 3.1855724003014
4.86626971900005 3.12482993979003
4.87756036800005 2.98684053924762
4.88885101700005 2.77458260586689
4.90014166600005 2.49554414425714
4.91143231500005 2.16174144883977
4.92272296400005 1.78946855077395
4.93401361300005 1.39877023838211
4.94530426200005 1.01264820644433
4.95659491100005 0.656027134488733
4.96788556000005 0.354524176925425
4.97917620900005 0.133080379242687
4.99046685800005 0.0145248754055187
5.00175750700005 0.018151451802103
5.01304815600005 0.158391444790035
5.02433880500005 0.443666471260008
5.03562945400005 0.875498952251517
5.04692010300005 1.44794786000661
5.05821075200005 2.14742199161633
5.06950140100005 2.95290403958843
5.08079205000005 3.83659675159057
5.09208269900005 4.76497872833168
5.10337334800005 5.70023323585769
5.11466399700006 6.60199022242451
5.12595464600006 7.42930094365279
5.13724529500006 8.14274753751392
5.14853594400006 8.70657770615561
5.15982659300006 9.0907482615905
5.17111724200006 9.27276127492505
5.18240789100006 9.23918317762077
5.19369854000006 8.98675026148443
5.20498918900006 8.52298309089166
5.21627983800006 7.86625649046558
5.22757048700006 7.04529979486392
5.23886113600006 6.0981324733821
5.25015178500006 5.07047141659899
5.26144243400006 4.01367634957151
5.27273308300006 2.98232727812293
5.28402373200006 2.03155095236194
5.29531438100006 1.21423062144404
5.30660503000006 0.578243725621485
5.31789567900006 0.163874860937084
5.32918632800006 0.00154601115220897
5.34047697700006 0.109992769997518
5.35176762600006 0.494994624431957
5.36305827500006 1.14874031444984
5.37434892400006 2.0498771862305
5.38563957300006 3.16425798306604
5.39693022200006 4.44636156410854
5.40822087100006 5.84132761426544
5.41951152000006 7.28751152550379
5.43080216900006 8.71943619868009
5.44209281800006 10.070994226914
5.45338346700006 11.2787381518837
5.46467411600006 12.2850892110323
5.47596476500006 13.0412967364811
5.48725541400006 13.5099911525258
5.49854606300006 13.6671928748895
5.50983671200006 13.5036663891068
5.52112736100006 13.0255419942728
5.53241801000006 12.2541654009692
5.54370865900006 11.2251755637305
5.55499930800006 9.9868516502096
5.56628995700006 8.59780870762535
5.57758060600006 7.12415627557717
5.58887125500006 5.63626301125375
5.60016190400006 4.205291748492
5.61145255300006 2.89968211773051
5.62274320200006 1.78176119050999
5.63403385100006 0.904656371368094
5.64532450000006 0.309669256949183
5.65661514900007 0.0242452392587801
5.66790579800007 0.0606425318432827
5.67919644700007 0.415367720207646
5.69048709600007 1.06940485542773
5.70177774500007 1.98922368603508
5.71306839400007 3.12851209014002
5.72435904300007 4.43054030495927
5.73564969200007 5.83103215691825
5.74694034100007 7.26139288960973
5.75823099000007 8.65212570745539
5.76952163900007 9.93626068720597
5.78081228800007 11.052620647091
5.79210293700007 11.9487587781845
5.80339358600007 12.5834217027502
5.81468423500007 12.928418031854
5.82597488400007 12.9698049495688
5.83726553300007 12.7083420387914
5.84855618200007 12.1592004578104
5.85984683100007 11.3509545541793
5.87113748000007 10.3239199618753
5.88242812900007 9.12793520606458
5.89371877800007 7.8197111192307
5.90500942700007 6.45989257259181
5.91630007600007 5.10998917663216
5.92759072500007 3.82933519052837
5.93888137400007 2.67223386741886
5.95017202300007 1.68542828905512
5.96146267200007 0.906020288216262
5.97275332100007 0.359932583072722
5.98404397000007 0.0609783234654655
5.99533461900007 0.0105686566272136
6.00662526800007 0.198054549844943
6.01791591700007 0.60166585123969
6.02920656600007 1.18998021300229
6.04049721500007 1.92382862628869
6.05178786400007 2.75852421773271
6.06307851300007 3.64628757407846
6.07436916200007 4.53873573480459
6.08565981100007 5.38930324421972
6.09695046000007 6.15547198991041
6.10824110900007 6.80070129088809
6.11953175800007 7.29596981451607
6.13082240700007 7.62086510301048
6.14211305600007 7.76418329470712
6.15340370500007 7.72402944948616
6.16469435400007 7.50743614298929
6.17598500300007 7.12954317745986
6.18727565200007 6.61240303474146
6.19856630100008 5.98349397702249
6.20985695000008 5.27403468791683
6.22114759900008 4.51720057811383
6.23243824800008 3.74634224257392
6.24372889700008 2.99330127984497
6.25501954600008 2.28690831601982
6.26631019500008 1.65173343768218
6.27760084400008 1.10714136694466
6.28889149300008 0.666683790402121
6.30018214200008 0.337840535633184
6.31147279100008 0.122101019457654
6.32276344000008 0.015358735360341
6.33405408900008 0.00857551858579301
6.34534473800008 0.0886597377349031
6.35663538700008 0.239493977824671
6.36792603600008 0.443043499205597
6.37921668500008 0.680476801098023
6.39050733400008 0.93323374412774
6.40179798300008 1.18398441079523
6.41308863200008 1.41743252593089
6.42437928100008 1.62092999390468
6.43566993000008 1.78488302082889
6.44696057900008 1.90294443747504
6.45825122800008 1.97200031666544
6.46954187700008 1.99197097380188
6.48083252600008 1.96545627730894
6.49212317500008 1.8972623807357
6.50341382400008 1.79385122514915
6.51470447300008 1.66275536568114
6.52599512200008 1.51199897293005
6.53728577100008 1.34956156038372
6.54857642000008 1.18291456380554
6.55986706900008 1.018652937353
6.57115771800008 0.86223509669213
6.58244836700008 0.717835517628092
6.59373901600008 0.588305750220077
6.60502966500008 0.475232122237925
6.61632031400008 0.379072461348948
6.62761096300008 0.299350102057001
6.63890161200008 0.23488144214738
6.65019226100008 0.184013390033165
6.66148291000008 0.1448490550129
6.67277355900008 0.115443690253139
6.68406420800008 0.0939578005659939
6.69535485700008 0.0787599897980575
6.70664550600008 0.0684780205805859
6.71793615500008 0.0620021677244199
6.72922680400008 0.0584497829180568
6.74051745300009 0.0571036488474248
6.75180810200009 0.0573388911980698
6.76309875100009 0.0585537743214973
6.77438940000009 0.0601186104591844
6.78568004900009 0.0613543861578565
6.79697069800009 0.061548807982207
6.80826134700009 0.060012659216445
6.81955199600009 0.0561740879548483
6.83084264500009 0.0497032083647226
6.84213329400009 0.0406546901964227
6.85342394300009 0.029612301071765
6.86471459200009 0.0178170425627532
6.87600524100009 0.00725986874773862
6.88729589000009 0.000721146678880495
6.89858653900009 0.00174201569253223
6.90987718800009 0.0145174773629843
6.92116783700009 0.0437071044398896
6.93245848600009 0.0941662713722689
6.94374913500009 0.170608257124225
6.95503978400009 0.277214865823541
6.96633043300009 0.41721974465449
6.97762108200009 0.5924937686098
6.98891173100009 0.80316519588144
7.00020238000009 1.04730837553915
7.01149302900009 1.32073335771086
7.02278367800009 1.61690473575506
7.03407432700009 1.92701154721377
7.04536497600009 2.24020137168084
7.05665562500009 2.54398136186891
7.06794627400009 2.82477745361949
7.07923692300009 3.06863116096413
7.09052757200009 3.26200198205538
7.10181822100009 3.39263334519412
7.11310887000009 3.45043199531874
7.12439951900009 3.42830544804826
7.13569016800009 3.32290016076035
7.14698081700009 3.1351847367245
7.15827146600009 2.87082791318762
7.16956211500009 2.54033016829945
7.18085276400009 2.15888014854026
7.19214341300009 1.74592216687754
7.20343406200009 1.32443794498971
7.21472471100009 0.919963600028301
7.22601536000009 0.559380529112036
7.23730600900009 0.269535201176439
7.24859665800009 0.0757568304500457
7.25988730700009 0.000352480390062825
7.27117795600009 0.0611654976061157
7.2824686050001 0.270284692292832
7.2937592540001 0.632988026581644
7.3050499030001 1.14699571022355
7.3163405520001 1.80209381729194
7.3276312010001 2.58017142429779
7.3389218500001 3.45569271381873
7.3502124990001 4.39660161824115
7.3615031480001 5.36563171072049
7.3727937970001 6.32196961250306
7.3840844460001 7.22319763480882
7.3953750950001 8.02742211018256
7.4066657440001 8.69547915032679
7.4179563930001 9.19310042972998
7.4292470420001 9.49291877976313
7.4405376910001 9.5761972838094
7.4518283400001 9.43417620815728
7.4631189890001 9.06894911128949
7.4744096380001 8.49380208943195
7.4857002870001 7.73297723390452
7.4969909360001 6.82085159748652
7.5082815850001 5.80055467426844
7.5195722340001 4.72207884036828
7.5308628830001 3.6399665982042
7.5421535320001 2.61068410071914
7.5534441810001 1.68981076001241
7.5647348300001 0.929188486257191
7.5760254790001 0.374180319378667
7.5873161280001 0.0611863737722662
7.5986067770001 0.0155550248826134
7.6098974260001 0.250009493075211
7.6211880750001 0.763685238206045
7.6324787240001 1.54184308908944
7.6437693730001 2.55628836337338
7.6550600220001 3.76648921620969
7.6663506710001 5.12135008566753
7.6776413200001 6.56156042803306
7.6889319690001 8.02240694482184
7.7002226180001 9.43691100923533
7.7115132670001 10.7391335378929
7.7228039160001 11.8674782901072
7.7340945650001 12.7678222388932
7.7453852140001 13.3963084874097
7.7566758630001 13.7216529396797
7.7679665120001 13.7268398186076
7.7792571610001 13.410111943704
7.7905478100001 12.7851978281383
7.8018384590001 11.880757215319
7.8131291080001 10.7390675318428
7.82441975700011 9.41401368295007
7.83571040600011 7.96848049099194
7.84700105500011 6.47127886595391
7.85829170400011 4.99376175808767
7.86958235300011 3.60630270147124
7.88087300200011 2.37481738378003
7.89216365100011 1.35750673904517
7.90345430000011 0.601988646474731
7.91474494900011 0.142965037464711
7.92603559800011 0.000543157489082707
7.93732624700011 0.179295416690826
7.94861689600011 0.66810354974557
7.95990754500011 1.44079178571423
7.97119819400011 2.45751261628622
7.98248884300011 3.66680975772443
7.99377949200011 5.0082481148434
8.00507014100011 6.41547182166718
8.01636079000011 7.81953025951345
8.02765143900011 9.1522994235083
8.03894208800011 10.3498227278882
8.0502327370001 11.355401404261
8.0615233860001 12.1222796397441
8.0728140350001 12.6157926243784
8.0841046840001 12.8148754007975
8.0953953330001 12.7128651534537
8.1066859820001 12.3175674045237
8.1179766310001 11.6505954188653
8.1292672800001 10.7460298532646
8.1405579290001 9.64848029746786
8.1518485780001 8.4106600282868
8.1631392270001 7.0906085141832
8.1744298760001 5.7487118256483
8.1857205250001 4.44467842217296
8.1970111740001 3.23462656398783
8.2083018230001 2.16843007414987
8.21959247200009 1.28745204433496
8.23088312100009 0.622772431683318
8.24217377000009 0.193986766601099
8.25346441900009 0.0086210646766911
8.26475506800009 0.0621743423894957
8.27604571700009 0.338766753072569
8.28733636600009 0.812340101643498
8.29862701500009 1.44833001620945
8.30991766400009 2.20570675196484
8.32120831300009 3.03926555291133
8.33249896200009 3.90203839701807
8.34378961100009 4.74769708984737
8.35508026000009 5.53282292610031
8.36637090900009 6.21892998815504
8.37766155800009 6.77414672058484
8.38895220700008 7.17448253983247
8.40024285600008 7.40463151897636
8.41153350500008 7.45829210568054
8.42282415400008 7.33800882186918
8.43411480300008 7.05456744092209
8.44540545200008 6.62599786229536
8.45669610100008 6.07625763558861
8.46798675000008 5.43368292936775
8.47927739900008 4.72930211271069
8.49056804800008 3.99510977585225
8.50185869700008 3.26239605736252
8.51314934600008 2.56021798851654
8.52443999500008 1.91408691643645
8.53573064400008 1.34492986533602
8.54702129300007 0.86836404777411
8.55831194200007 0.494303849474834
8.56960259100007 0.22689970656011
8.58089324000007 0.0647895433529485
8.59218388900007 0.00162688996041897
8.60347453800007 0.0268363181371421
8.61476518700007 0.126537061511213
8.62605583600007 0.28457000611745
8.63734648500007 0.483561764637669
8.64863713400007 0.705962133998053
8.65992778300007 0.934997489031638
8.67121843200007 1.15549198498645
8.68250908100007 1.35452006828031
8.69379973000007 1.52186686240868
8.70509037900007 1.65028659344188
8.71638102800006 1.73556245155196
8.72767167700006 1.77638332835061
8.73896232600006 1.77406302388092
8.75025297500006 1.7321352438675
8.76154362400006 1.65586265965945
8.77283427300006 1.55170033698673
8.78412492200006 1.42675301629426
8.79541557100006 1.28826229856634
8.80670622000006 1.14315417205815
8.81799686900006 0.997670051024702
8.82928751800006 0.857096215479239
8.84057816700006 0.725597905747094
8.85186881600006 0.606155989477324
8.86315946500006 0.500596676084587
8.87445011400006 0.40969870024347
8.88574076300005 0.333358097829328
8.89703141200005 0.270788368811691
8.90832206100005 0.220733514931853
8.91961271000005 0.181673049322103
8.93090335900005 0.152001349106215
8.94219400800005 0.130168287974028
8.95348465700005 0.114773482793572
8.96477530600005 0.104612205506847
8.97606595500005 0.0986765291623641
8.98735660400005 0.0961201078330231
8.99864725300005 0.0961987178417737
9.00993790200005 0.0982009984218793
9.02122855100005 0.101384536563578
9.03251920000005 0.1049314967775
9.04380984900004 0.107935498765729
9.05510049800004 0.109427626773498
9.06639114700004 0.108444662553145
9.07768179600004 0.104137307057791
9.08897244500004 0.0959107857508997
9.10026309400004 0.0835853248449203
9.11155374300004 0.0675600204957196
9.12284439200004 0.048961013663878
9.13413504100004 0.0297539426901309
9.14542569000004 0.012801557355374
9.15671633900004 0.00185017845949192
9.16800698800004 0.00143325655356571
9.17929763700004 0.0166863517023306
9.19058828600004 0.0530750163289821
9.20187893500004 0.11604479878906
9.21316958400003 0.210610305303321
9.22446023300003 0.340907338727683
9.23575088200003 0.5097379642289
9.24704153100003 0.718142384101997
9.25833218000003 0.965033290390548
9.26962282900003 1.24692760018627
9.28091347800003 1.55780703109898
9.29220412700003 1.88913289919562
9.30349477600003 2.23003206901924
9.31478542500003 2.56766059172906
9.32607607400003 2.88773983419191
9.33736672300003 3.17524756079915
9.34865737200003 3.41523429867584
9.35994802100003 3.59372424722356
9.37123867000003 3.69865081282047
9.38252931900002 3.72077030636199
9.39381996800002 3.65449404708729
9.40511061700002 3.49857949954083
9.41640126600002 3.25662533964295
9.42769191500002 2.93732346376025
9.43898256400002 2.55443263028347
9.45027321300002 2.12645311848627
9.46156386200002 1.67599874294755
9.47285451100002 1.22888082792626
9.48414516000002 0.812937247442372
9.49543580900002 0.456657227512163
9.50672645800002 0.187668142413096
9.51801710700002 0.0311629462616147
9.52930775600002 0.00835523822995288
9.54059840500001 0.135052546522392
9.55188905400001 0.420436776660798
9.56317970300001 0.866133748179278
9.57447035200001 1.46564150706328
9.58576100100001 2.20417014006661
9.59705165000001 3.05892492884792
9.60834229900001 3.99984093347662
9.61963294800001 4.99075176742279
9.63092359700001 5.99094984530131
9.64221424600001 6.95707123960976
9.65350489500001 7.84521693898172
9.66479554400001 8.6132051113369
9.67608619300001 9.2228370973345
9.68737684200001 9.64205417760024
9.69866749100001 9.84686322348606
9.70995814 9.82291733239221
9.721248789 9.56665224467376
9.732539438 9.08590012403003
9.743830087 8.39992817055073
9.755120736 7.53887921553649
9.766411385 6.54262335459361
9.777702034 5.45906207383168
9.788992683 4.34195740194282
9.800283332 3.2483865951828
9.811573981 2.23594608110854
9.82286463 1.35984542830072
9.834155279 0.670041867662248
9.845445928 0.208567647294294
9.856736577 0.00719597426388019
9.868027226 0.0855766602874074
9.87931787499999 0.449950481380532
9.89060852399999 1.09252275247673
9.90189917299999 1.99154315420661
9.91318982199999 3.11210218089036
9.92448047099999 4.40761666576619
9.93577111999999 5.82193974254706
9.94706176899999 7.29199636932993
9.95835241799999 8.75081609064949
9.96964306699999 10.1308117265595
9.98093371599999 11.3671374985695
9.99222436499999 12.4009536601543
10.003515014 13.1824274512567
10.014805663 13.6733120957981
10.026096312 13.8489660576004
10.037386961 13.6997028331257
10.04867761 13.2313957333722
10.059968259 12.4653005886507
10.071258908 11.4371000457006
10.082549557 10.1952139265795
10.093840206 8.79845877697128
10.105130855 7.31317414856479
10.116421504 5.80996146027009
10.127712153 4.36020191911157
10.139002802 3.03253182190759
10.150293451 1.88945595056936
10.1615841 0.984272580142847
10.172874749 0.358467226549403
10.184165398 0.0397075597596774
10.195456047 0.0405402401398689
10.206746696 0.35785352119384
10.218037345 0.973129303154125
10.229327994 1.85346709158484
10.240618643 2.95332223577972
10.251909292 4.21686404225978
10.263199941 5.58082783614135
10.27449059 6.97771043546394
10.285781239 8.33914207965281
10.297071888 9.59926042556449
10.308362537 10.6979141074401
10.319653186 11.5835343537502
10.330943835 12.2155325717385
10.342234484 12.5661085042677
10.353525133 12.621386003623
10.364815782 12.3818298281664
10.376106431 11.8619351342431
10.38739708 11.0892194151718
10.398687729 10.1025824797061
10.409978378 8.95013176634178
10.421269027 7.68659621682227
10.432559676 6.37047078637111
10.443850325 5.06104456499879
10.455140974 3.81546799286112
10.466431623 2.68600881206115
10.477722272 1.71763270564782
10.489012921 0.946023952700739
10.50030357 0.39613516003128
10.511594219 0.0813247835469829
10.522884868 0.00310848284984585
10.534175517 0.151517205244736
10.545466166 0.506023095348028
10.556756815 1.03696557807006
10.568047464 1.70738575560104
10.579338113 2.47515878944515
10.590628762 3.29530204904171
10.601919411 4.12233194921503
10.61321006 4.91254461219651
10.6245007089999 5.62610442005396
10.6357913579999 6.22883944652101
10.6470820069999 6.69366263459043
10.6583726559999 7.001561132451
10.6696633049999 7.14212196485739
10.6809539539999 7.113588672724
10.6922446029999 6.92246918761286
10.7035352519999 6.58273860804708
10.7148259009999 6.11470047930606
10.7261165499999 5.54358566115777
10.7374071989999 4.89797820717519
10.7486978479999 4.20816250805317
10.7599884969999 3.50448523767121
10.7712791459999 2.81581967697216
10.7825697949999 2.16820936455539
10.7938604439999 1.58375357069731
10.8051510929999 1.07977983929859
10.8164417419999 0.668329936614136
10.8277323909999 0.35596618002581
10.8390230399999 0.143886460949559
10.8503136889999 0.0283193928819007
10.8616043379999 0.00115682037715853
10.8728949869999 0.0507701221950286
10.8841856359999 0.162949795279434
10.8954762849999 0.321904919311042
10.9067669339999 0.5112602171536
10.9180575829999 0.714993241778856
10.9293482319999 0.918262216869071
10.9406388809999 1.10808554500395
10.9519295299999 1.27384616192485
10.9632201789999 1.40760688230751
10.9745108279999 1.50423577236067
10.9858014769999 1.5613525714237
10.9970921259999 1.57911754751212
11.0083827749999 1.55989233688846
11.0196734239999 1.50780789019779
11.0309640729999 1.42827742898481
11.0422547219999 1.32749230853228
11.0535453709999 1.21193607885806
11.0648360199999 1.08794719695503
11.0761266689999 0.961354267239426
11.0874173179999 0.837199965624134
11.0987079669999 0.719561576170626
11.1099986159999 0.611467979185761
11.1212892649999 0.514905571859039
11.1325799139999 0.430899486362513
11.1438705629999 0.35965198468614
11.1551612119999 0.300717298996505
11.1664518609999 0.253191538651367
11.1777425099999 0.215897530036801
11.1890331589999 0.1875473760103
11.2003238079999 0.16686977532198
11.2116144569999 0.152694291173998
11.2229051059999 0.143990305964979
11.2341957549999 0.139863832363349
11.2454864039999 0.139520178688892
11.2567770529999 0.142204260922493
11.2680677019999 0.147132782104963
11.2793583509999 0.153433351750515
11.2906489999999 0.160104820570049
